Log file open, 04/25/17 20:58:43
LogInit:Display: Running engine for game: ZadanieRekrutacyjne
LogPlatformFile: Not using cached read wrapper
LogInit:Display: RandInit(-1916549784) SRandInit(-1916549784).
LogTaskGraph: Started task graph with 5 named threads and 8 total threads with 1 sets of task threads.
LogStats: Stats thread started at 0.070731
LogInit: Using libcurl 7.47.1
LogInit:  - built for x86_64-pc-win32
LogInit:  - supports SSL with OpenSSL/1.0.2g
LogInit:  - supports HTTP deflate (compression) using libz 1.2.8
LogInit:  - other features:
LogInit:      CURL_VERSION_SSL
LogInit:      CURL_VERSION_LIBZ
LogInit:      CURL_VERSION_IPV6
LogInit:      CURL_VERSION_ASYNCHDNS
LogInit:      CURL_VERSION_LARGEFILE
LogInit:      CURL_VERSION_IDN
LogInit:  CurlRequestOptions (configurable via config and command line):
LogInit:  - bVerifyPeer = false  - Libcurl will NOT verify peer certificate
LogInit:  - bUseHttpProxy = false  - Libcurl will NOT use HTTP proxy
LogInit:  - bDontReuseConnections = false  - Libcurl will reuse connections
LogInit:  - CertBundlePath = nullptr  - Libcurl will use whatever was configured at build time.
LogInit: Build: ++UE4+Release-4.15-CL-3348071
LogInit: Engine Version: 4.15.1-3348071+++UE4+Release-4.15
LogInit: Compatible Engine Version: 4.15.0-3299760+++UE4+Release-4.15
LogInit: Net CL: 3299760
LogDevObjectVersion: Number of dev versions registered: 14
LogDevObjectVersion:   Dev-Blueprints (B0D832E4-1F89-4F0D-ACCF-7EB736FD4AA2): 8
LogDevObjectVersion:   Dev-Build (E1C64328-A22C-4D53-A36C-8E866417BD8C): 0
LogDevObjectVersion:   Dev-Core (375EC13C-06E4-48FB-B500-84F0262A717E): 2
LogDevObjectVersion:   Dev-Editor (E4B068ED-F494-42E9-A231-DA0B2E46BB41): 14
LogDevObjectVersion:   Dev-Framework (CFFC743F-43B0-4480-9391-14DF171D2073): 22
LogDevObjectVersion:   Dev-Mobile (B02B49B5-BB20-44E9-A304-32B752E40360): 0
LogDevObjectVersion:   Dev-Networking (A4E4105C-59A1-49B5-A7C5-40C4547EDFEE): 0
LogDevObjectVersion:   Dev-Online (39C831C9-5AE6-47DC-9A44-9C173E1C8E7C): 0
LogDevObjectVersion:   Dev-Physics (78F01B33-EBEA-4F98-B9B4-84EACCB95AA2): 0
LogDevObjectVersion:   Dev-Platform (6631380F-2D4D-43E0-8009-CF276956A95A): 0
LogDevObjectVersion:   Dev-Rendering (12F88B9F-8875-4AFC-A67C-D90C383ABD29): 12
LogDevObjectVersion:   Dev-Sequencer (7B5AE74C-D270-4C10-A958-57980B212A5A): 3
LogDevObjectVersion:   Dev-VR (D7296918-1DD6-4BDD-9DE2-64A83CC13884): 0
LogDevObjectVersion:   Dev-LoadTimes (C2A15278-BFE7-4AFE-6C17-90FF531DF755): 1
LogInit: Compiled (64-bit): Mar 15 2017 16:52:47
LogInit: Compiled with Visual C++: 19.00.23026.00
LogInit: Build Configuration: Development
LogInit: Branch Name: ++UE4+Release-4.15
LogInit: Command line:  
LogInit: Base directory: C:/Program Files/Epic Games/UE_4.15/Engine/Binaries/Win64/
LogInit: Installed Engine Build: 1
LogInit: Presizing for max 8388607 objects, including 0 objects not considered by GC, pre-allocating 0 bytes for permanent pool.
LogInit: Object subsystem initialized
[2017.04.25-18.58.44:504][  0]LogInit: Selected Device Profile: [Windows]
[2017.04.25-18.58.44:504][  0]LogInit: Applying CVar settings loaded from the selected device profile: [Windows]
[2017.04.25-18.58.44:515][  0]LogInit: Computer: DESKTOP-DOMINIK
[2017.04.25-18.58.44:515][  0]LogInit: User: Dominik
[2017.04.25-18.58.44:515][  0]LogInit: CPU Page size=65536, Cores=4
[2017.04.25-18.58.44:515][  0]LogInit: High frequency timer resolution =3.117191 MHz
[2017.04.25-18.58.44:515][  0]LogMemory: Memory total: Physical=8.0GB (8GB approx)
[2017.04.25-18.58.44:515][  0]LogMemory: Platform Memory Stats for Windows
[2017.04.25-18.58.44:515][  0]LogMemory: Process Physical Memory: 263.43 MB used, 263.43 MB peak
[2017.04.25-18.58.44:515][  0]LogMemory: Process Virtual Memory: 262.58 MB used, 262.58 MB peak
[2017.04.25-18.58.44:515][  0]LogMemory: Physical Memory: 6007.53 MB used,  2147.56 MB free, 8155.09 MB total
[2017.04.25-18.58.44:515][  0]LogMemory: Virtual Memory: 644.39 MB used,  2147.56 MB free, 134217728.00 MB total
[2017.04.25-18.58.44:587][  0]LogTextLocalizationManager: No translations for ('pl-PL') exist, falling back to 'en' for localization and internationalization data.
[2017.04.25-18.58.45:182][  0]LogD3D11RHI: D3D11 adapters:
[2017.04.25-18.58.45:220][  0]LogD3D11RHI:    0. 'NVIDIA GeForce GTX 1060 6GB' (Feature Level 11_0)
[2017.04.25-18.58.45:220][  0]LogD3D11RHI:       6084/0/4077 MB DedicatedVideo/DedicatedSystem/SharedSystem, Outputs:2, VendorId:0x10de
[2017.04.25-18.58.45:221][  0]LogD3D11RHI:    1. 'Microsoft Basic Render Driver' (Feature Level 11_0)
[2017.04.25-18.58.45:221][  0]LogD3D11RHI:       0/0/4077 MB DedicatedVideo/DedicatedSystem/SharedSystem, Outputs:0, VendorId:0x1414
[2017.04.25-18.58.45:221][  0]LogD3D11RHI: Chosen D3D11 Adapter: 0
[2017.04.25-18.58.45:226][  0]LogD3D11RHI: Creating new Direct3DDevice
[2017.04.25-18.58.45:226][  0]LogD3D11RHI:     GPU DeviceId: 0x1c03 (for the marketing name, search the web for "GPU Device Id")
[2017.04.25-18.58.45:226][  0]LogWindows: EnumDisplayDevices:
[2017.04.25-18.58.45:226][  0]LogWindows:    0. 'NVIDIA GeForce GTX 1060 6GB' (P:0 D:1)
[2017.04.25-18.58.45:226][  0]LogWindows:    1. 'NVIDIA GeForce GTX 1060 6GB' (P:1 D:1)
[2017.04.25-18.58.45:227][  0]LogWindows:    2. 'NVIDIA GeForce GTX 1060 6GB' (P:0 D:0)
[2017.04.25-18.58.45:227][  0]LogWindows:    3. 'NVIDIA GeForce GTX 1060 6GB' (P:0 D:0)
[2017.04.25-18.58.45:227][  0]LogWindows: DebugString: FoundDriverCount:4 
[2017.04.25-18.58.45:227][  0]LogD3D11RHI:     Adapter Name: NVIDIA GeForce GTX 1060 6GB
[2017.04.25-18.58.45:227][  0]LogD3D11RHI:   Driver Version: 381.89 (internal:22.21.13.8189, unified:381.89)
[2017.04.25-18.58.45:227][  0]LogD3D11RHI:      Driver Date: 4-19-2017
[2017.04.25-18.58.45:227][  0]LogRHI: Texture pool is 1361 MB (70% of 1945 MB)
[2017.04.25-18.58.45:253][  0]LogD3D11RHI: Async texture creation enabled
[2017.04.25-18.58.45:263][  0]LogD3D11RHI: GPU Timing Frequency: 1000.000000 (Debug: 2 1)
[2017.04.25-18.58.45:359][  0]LogShaderCompilers: Guid format shader working directory is 16 characters bigger than the processId version (F:/TheFarm51/ZadanieRekrutacyjne/Intermediate/Shaders/WorkingDirectory/3048/).
[2017.04.25-18.58.45:359][  0]LogShaderCompilers: Cleaned the shader compiler working directory 'C:/Users/Dominik/AppData/Local/Temp/UnrealShaderWorkingDir/1CB469A146C1234185F86696CFC0D9DD/'.
[2017.04.25-18.58.45:359][  0]LogShaderCompilers:Display: Using Local Shader Compiler.
[2017.04.25-18.58.46:338][  0]LogTemp:Display: Loaded TP AllDesktopTargetPlatform
[2017.04.25-18.58.46:393][  0]LogTemp:Display: Loaded TP MacClientTargetPlatform
[2017.04.25-18.58.46:442][  0]LogTemp:Display: Loaded TP MacNoEditorTargetPlatform
[2017.04.25-18.58.46:489][  0]LogTemp:Display: Loaded TP MacServerTargetPlatform
[2017.04.25-18.58.46:539][  0]LogTemp:Display: Loaded TP MacTargetPlatform
[2017.04.25-18.58.46:588][  0]LogTemp:Display: Loaded TP WindowsClientTargetPlatform
[2017.04.25-18.58.46:637][  0]LogTemp:Display: Loaded TP WindowsNoEditorTargetPlatform
[2017.04.25-18.58.46:686][  0]LogTemp:Display: Loaded TP WindowsServerTargetPlatform
[2017.04.25-18.58.46:729][  0]LogTemp:Display: Loaded TP WindowsTargetPlatform
[2017.04.25-18.58.46:778][  0]LogTemp:Display: Loaded TP AndroidTargetPlatform
[2017.04.25-18.58.46:830][  0]LogTemp:Display: Loaded TP Android_ASTCTargetPlatform
[2017.04.25-18.58.46:897][  0]LogTemp:Display: Loaded TP Android_ATCTargetPlatform
[2017.04.25-18.58.46:946][  0]LogTemp:Display: Loaded TP Android_DXTTargetPlatform
[2017.04.25-18.58.46:995][  0]LogTemp:Display: Loaded TP Android_ETC1TargetPlatform
[2017.04.25-18.58.47:044][  0]LogTemp:Display: Loaded TP Android_ETC2TargetPlatform
[2017.04.25-18.58.47:144][  0]LogTemp:Display: Loaded TP Android_MultiTargetPlatform
[2017.04.25-18.58.47:144][  0]LogTemp:Display: Loaded TP Android_PVRTCTargetPlatform
[2017.04.25-18.58.47:175][  0]LogTemp:Display: Loaded TP HTML5TargetPlatform
[2017.04.25-18.58.47:263][  0]LogTemp:Display: Loaded TP IOSTargetPlatform
[2017.04.25-18.58.47:295][  0]LogTemp:Display: Loaded TP TVOSTargetPlatform
[2017.04.25-18.58.47:342][  0]LogTemp:Display: Loaded TP LinuxClientTargetPlatform
[2017.04.25-18.58.47:391][  0]LogTemp:Display: Loaded TP LinuxNoEditorTargetPlatform
[2017.04.25-18.58.47:438][  0]LogTemp:Display: Loaded TP LinuxServerTargetPlatform
[2017.04.25-18.58.47:488][  0]LogTemp:Display: Loaded TP LinuxTargetPlatform
[2017.04.25-18.58.47:488][  0]LogTargetPlatformManager:Display: Building Assets For Windows
[2017.04.25-18.58.47:876][  0]LogDerivedDataCache:Display: Max Cache Size: 512 MB
[2017.04.25-18.58.47:945][  0]LogDerivedDataCache: Loaded boot cache 0.07s 50MB C:/Users/Dominik/AppData/Local/UnrealEngine/4.15/DerivedDataCache/Boot.ddc.
[2017.04.25-18.58.47:945][  0]LogDerivedDataCache:Display: Loaded Boot cache: C:/Users/Dominik/AppData/Local/UnrealEngine/4.15/DerivedDataCache/Boot.ddc
[2017.04.25-18.58.47:945][  0]LogDerivedDataCache: FDerivedDataBackendGraph:  Pak pak cache file F:/TheFarm51/ZadanieRekrutacyjne/DerivedDataCache/DDC.ddp not found, will not use a pak cache.
[2017.04.25-18.58.47:945][  0]LogDerivedDataCache: Unable to find inner node Pak for hierarchical cache Hierarchy.
[2017.04.25-18.58.47:945][  0]LogDerivedDataCache: FDerivedDataBackendGraph:  CompressedPak pak cache file F:/TheFarm51/ZadanieRekrutacyjne/DerivedDataCache/Compressed.ddp not found, will not use a pak cache.
[2017.04.25-18.58.47:945][  0]LogDerivedDataCache: Unable to find inner node CompressedPak for hierarchical cache Hierarchy.
[2017.04.25-18.58.47:964][  0]LogDerivedDataCache:Display: Pak cache opened for reading ../../../Engine/DerivedDataCache/Compressed.ddp.
[2017.04.25-18.58.47:976][  0]LogDerivedDataCache: Using Local data cache path C:/Users/Dominik/AppData/Local/UnrealEngine/Common/DerivedDataCache: Writable
[2017.04.25-18.58.47:986][  0]LogSlate: Using Freetype 2.6.0
[2017.04.25-18.58.47:987][  0]LogSlate: SlateFontCache - WITH_FREETYPE: 1, WITH_HARFBUZZ: 1
[2017.04.25-18.58.47:987][  0]LogSlate: SlateFontCache - WITH_FREETYPE: 1, WITH_HARFBUZZ: 1
[2017.04.25-18.58.48:272][  0]LogInit: Selected Device Profile: [Windows]
[2017.04.25-18.58.48:275][  0]LogContentStreaming: Texture pool size is 0.00 MB
[2017.04.25-18.58.48:514][  0]LogMeshUtilities: Using QuadricMeshReduction for automatic static mesh reduction
[2017.04.25-18.58.48:557][  0]LogSimplygon: Simplygon DLL not present - disabling.
[2017.04.25-18.58.48:603][  0]LogMeshUtilities: Using SimplygonSwarm for distributed automatic mesh merging
[2017.04.25-18.58.48:603][  0]LogMeshUtilities: No automatic skeletal mesh reduction module available
[2017.04.25-18.58.48:603][  0]LogMeshUtilities: No automatic mesh merging module available
[2017.04.25-18.58.49:764][  0]LogNetVersion: GetLocalNetworkVersion: CL: 3299760, ProjectName: zadanierekrutacyjne, ProjectVersion: , EngineNetworkVersion: 2, GameNetworkVersion: 0, NetworkChecksum: 2856567825
[2017.04.25-18.58.49:810][  0]LogAssetRegistry: FAssetRegistry took 0.0237 seconds to start up
[2017.04.25-18.58.49:841][  0]LogPackageLocalizationCache: Processed 3 localized package path(s) for 1 prioritized culture(s) in 0.012508 seconds
[2017.04.25-18.58.49:846][  0]LogUObjectArray: 32493 objects as part of root set at end of initial load.
[2017.04.25-18.58.49:846][  0]LogUObjectAllocator: 7077024 out of 0 bytes used by permanent object pool.
[2017.04.25-18.58.49:846][  0]LogUObjectArray: CloseDisregardForGC: 0/0 objects in disregard for GC pool
[2017.04.25-18.58.49:898][  0]LogInit: WinSock: version 1.1 (2.2), MaxSocks=32767, MaxUdp=65467
[2017.04.25-18.58.52:923][  0]LogTcpMessaging: Initializing TcpMessaging bridge
[2017.04.25-18.58.52:965][  0]LogUdpMessaging: Initializing bridge on interface 0.0.0.0:0 to multicast group 230.0.0.1:6666.
[2017.04.25-18.58.53:589][  0]LogMaterial: Uniform references updated for custom material expression Custom.
[2017.04.25-18.58.54:021][  0]SourceControl: Info Source control is disabled
[2017.04.25-18.58.54:112][  0]SourceControl: Info Source control is disabled
[2017.04.25-18.58.54:159][  0]SourceControl: Info Source control is disabled
[2017.04.25-18.58.54:201][  0]SourceControl: Info Source control is disabled
[2017.04.25-18.58.55:483][  0]LogEngine: Initializing Engine...
[2017.04.25-18.58.55:486][  0]LogHMD: Failed to initialize OpenVR with code 110
[2017.04.25-18.58.55:868][  0]LogAIModule: Creating AISystem for world Untitled
[2017.04.25-18.58.55:901][  0]LogInit: XAudio2 using 'Głośniki (Realtek High Definition Audio)' : 2 channels at 48 kHz using 32 bits per sample (channel mask 0x3)
[2017.04.25-18.58.55:926][  0]LogInit: FAudioDevice initialized.
[2017.04.25-18.58.55:958][  0]LogDerivedDataCache: Saved boot cache 0.03s 50MB C:/Users/Dominik/AppData/Local/UnrealEngine/4.15/DerivedDataCache/Boot.ddc.
[2017.04.25-18.58.55:968][  0]LogInit: Texture streaming: Enabled
[2017.04.25-18.58.56:063][  0]LogEngineSessionManager: EngineSessionManager initialized
[2017.04.25-18.58.56:063][  0]LogEngineSessionManager: EngineSessionManager sent abnormal shutdown report. Type=Crashed, SessionId={733F1165-487C-A2FD-ECDA-9D8E1EF122FA}
[2017.04.25-18.58.56:157][  0]LogInit: Transaction tracking system initialized
[2017.04.25-18.58.56:486][  0]BlueprintLog: New page: Editor Load
[2017.04.25-18.58.57:434][  0]LocalizationService: Info Localization service is disabled
[2017.04.25-18.58.58:114][  0]LogConsoleResponse:Display: 
[2017.04.25-18.58.58:465][  0]LogFileCache: Scanning file cache for directory 'F:/TheFarm51/ZadanieRekrutacyjne/Content/' took 0.02s
[2017.04.25-18.58.58:465][  0]LogCook:Display: Max memory allowance for cook 16384mb min free memory 0mb
[2017.04.25-18.58.58:466][  0]LogCook:Display: Mobile HDR setting 1
[2017.04.25-18.58.59:501][  0]SourceControl: Info Source control is disabled
[2017.04.25-18.58.59:504][  0]Cmd: MAP LOAD FILE="F:/TheFarm51/ZadanieRekrutacyjne/Content/StarterContent/Maps/Minimal_Default.umap" TEMPLATE=0 SHOWPROGRESS=1 FEATURELEVEL=3
[2017.04.25-18.58.59:555][  0]LightingResults: New page: Lighting Build
[2017.04.25-18.58.59:600][  0]MapCheck: New page: Map Check
[2017.04.25-18.58.59:600][  0]LightingResults: New page: Lighting Build
[2017.04.25-18.59.00:929][  0]LogAIModule: Creating AISystem for world Minimal_Default
[2017.04.25-18.59.00:984][  0]LogEditorServer: Finished looking for orphan Actors (0.000 secs)
[2017.04.25-18.59.00:988][  0]Cmd: MAP CHECKDEP NOCLEARLOG
[2017.04.25-18.59.01:025][  0]MapCheck: Info Map check complete: 0 Error(s), 0 Warning(s), took 37.854ms to complete.
[2017.04.25-18.59.01:025][  0]LogFileHelpers: Loading map 'Minimal_Default' took 1.523
[2017.04.25-18.59.01:374][  0]LogCollectionManager: Loaded 0 collections in 0.001490 seconds
[2017.04.25-18.59.01:476][  0]LogFileCache: Scanning file cache for directory 'F:/TheFarm51/ZadanieRekrutacyjne/Saved/Collections/' took 0.01s
[2017.04.25-18.59.01:476][  0]LogFileCache: Scanning file cache for directory 'F:/TheFarm51/ZadanieRekrutacyjne/Content/Developers/Dominik/Collections/' took 0.01s
[2017.04.25-18.59.01:476][  0]LogFileCache: Scanning file cache for directory 'F:/TheFarm51/ZadanieRekrutacyjne/Content/Collections/' took 0.01s
[2017.04.25-18.59.01:476][  0]LogCollectionManager: Rebuilt the GUID cache for 0 collections in 0.000001 seconds
[2017.04.25-18.59.01:490][  0]LogContentBrowser: Native class hierarchy populated in 0.0116 seconds. Added 2249 classes and 455 folders.
[2017.04.25-18.59.01:500][  0]LogStats: UGameplayTagsManager::ConstructGameplayTagTree: Construct from data asset -  0.000 s
[2017.04.25-18.59.01:500][  0]LogStats: UGameplayTagsManager::ConstructGameplayTagTree: GameplayTagTreeChangedEvent.Broadcast -  0.000 s
[2017.04.25-18.59.01:562][  0]LogContentBrowser: Native class hierarchy updated for 'WidgetCarousel' in 0.0010 seconds. Added 0 classes and 0 folders.
[2017.04.25-18.59.01:919][  0]LogContentBrowser: Native class hierarchy updated for 'AddContentDialog' in 0.0011 seconds. Added 0 classes and 0 folders.
[2017.04.25-18.59.01:985][  0]LogContentBrowser: Native class hierarchy updated for 'SceneOutliner' in 0.0012 seconds. Added 1 classes and 2 folders.
[2017.04.25-18.59.02:120][  0]LogCrashTracker: Crashtracker disabled due to settings.
[2017.04.25-18.59.02:146][  0]LogUObjectGlobals:Warning: Failed to find object 'Class None.'
[2017.04.25-18.59.02:226][  0]LogContentBrowser: Native class hierarchy updated for 'HierarchicalLODOutliner' in 0.0012 seconds. Added 1 classes and 2 folders.
[2017.04.25-18.59.02:226][  0]LogLoad: (Engine Initialization) Total time: 19.59 seconds
[2017.04.25-18.59.02:226][  0]LogLoad: (Engine Initialization) Total Blueprint compile time: 0.13 seconds
[2017.04.25-18.59.02:226][  0]LogExternalProfiler: Found external profiler: VSPerf
[2017.04.25-18.59.02:226][  0]LogExternalProfiler: Using external profiler: VSPerf
[2017.04.25-18.59.02:568][  0]LogOcInput: OculusInput pre-init called
[2017.04.25-18.59.02:609][  0]LogContentStreaming: Texture pool size now 1000 MB
[2017.04.25-18.59.02:628][  0]LogSlate: Took 0.004536 seconds to synchronously load lazily loaded font '../../../Engine/Content/Slate/Fonts/Roboto-Regular.ttf' (155K)
[2017.04.25-18.59.02:638][  0]LogSlate: Took 0.004485 seconds to synchronously load lazily loaded font '../../../Engine/Content/Slate/Fonts/Roboto-Bold.ttf' (160K)
[2017.04.25-18.59.02:652][  0]LogSlate: Took 0.005125 seconds to synchronously load lazily loaded font '../../../Engine/Content/Editor/Slate/Fonts/FontAwesome.ttf' (139K)
[2017.04.25-18.59.02:840][  0]LogSlate: Took 0.004455 seconds to synchronously load lazily loaded font '../../../Engine/Content/Slate/Fonts/Roboto-Light.ttf' (159K)
[2017.04.25-18.59.02:877][  0]LogRenderer: Reallocating scene render targets to support 1208x600 NumSamples 1 (Frame:2).
[2017.04.25-18.59.02:987][  1]LogAssetRegistry: Asset discovery search completed in 13.1996 seconds
[2017.04.25-18.59.02:988][  1]LogCollectionManager: Rebuilt the object cache for 0 collections in 0.000009 seconds (found 0 objects)
[2017.04.25-18.59.02:988][  1]LogCollectionManager: Fixed up redirectors for 0 collections in 0.000026 seconds (updated 0 objects)
[2017.04.25-18.59.27:580][377]LogTemp: Repeting last play command: Selected Viewport
[2017.04.25-18.59.27:598][377]LogBlueprintUserMessages: Early PlayInEditor Detection: Level '/Game/StarterContent/Maps/Minimal_Default.Minimal_Default:PersistentLevel' has LevelScriptBlueprint '/Game/StarterContent/Maps/Minimal_Default.Minimal_Default:PersistentLevel.Minimal_Default' with GeneratedClass '/Game/StarterContent/Maps/Minimal_Default.Minimal_Default_C' with ClassGeneratedBy '/Game/StarterContent/Maps/Minimal_Default.Minimal_Default:PersistentLevel.Minimal_Default'
[2017.04.25-18.59.27:599][377]LogPlayLevel: PlayLevel: No blueprints needed recompiling
[2017.04.25-18.59.27:603][377]PIE: New page: PIE session: Minimal_Default (Apr 25, 2017, 10:59:27 PM)
[2017.04.25-18.59.27:604][377]LogPlayLevel: Creating play world package: /Game/StarterContent/Maps/UEDPIE_0_Minimal_Default
[2017.04.25-18.59.27:614][377]LogPlayLevel: PIE: StaticDuplicateObject took: (0.010292s)
[2017.04.25-18.59.27:615][377]LogAIModule: Creating AISystem for world Minimal_Default
[2017.04.25-18.59.27:615][377]LogPlayLevel: PIE: World Init took: (0.000873s)
[2017.04.25-18.59.27:616][377]LogPlayLevel: PIE: Created PIE world by copying editor world from /Game/StarterContent/Maps/Minimal_Default.Minimal_Default to /Game/StarterContent/Maps/UEDPIE_0_Minimal_Default.Minimal_Default (0.012102s)
[2017.04.25-18.59.27:635][377]LogInit: XAudio2 using 'Głośniki (Realtek High Definition Audio)' : 2 channels at 48 kHz using 32 bits per sample (channel mask 0x3)
[2017.04.25-18.59.27:647][377]LogInit: FAudioDevice initialized.
[2017.04.25-18.59.27:712][377]LogUObjectGlobals:Warning: Failed to find object 'Class /Script/ZadanieRekrutacyjne.ZadanieRekrutacyjneGameMode'
[2017.04.25-18.59.27:712][377]LogLoad: Game class is 'GameModeBase'
[2017.04.25-18.59.27:725][377]LogWorld: Bringing World /Game/StarterContent/Maps/UEDPIE_0_Minimal_Default.Minimal_Default up for play (max tick rate 0) at 2017.04.25-20.59.27
[2017.04.25-18.59.27:729][377]LogWorld: Bringing up level for play took: 0.006010
[2017.04.25-18.59.27:782][377]LogContentBrowser: Native class hierarchy updated for 'MovieSceneCapture' in 0.0011 seconds. Added 11 classes and 0 folders.
[2017.04.25-18.59.27:790][377]PIE: Info Play in editor start time for /Game/StarterContent/Maps/UEDPIE_0_Minimal_Default 0.366
[2017.04.25-18.59.27:790][377]LogBlueprintUserMessages: Late PlayInEditor Detection: Level '/Game/StarterContent/Maps/Minimal_Default.Minimal_Default:PersistentLevel' has LevelScriptBlueprint '/Game/StarterContent/Maps/Minimal_Default.Minimal_Default:PersistentLevel.Minimal_Default' with GeneratedClass '/Game/StarterContent/Maps/Minimal_Default.Minimal_Default_C' with ClassGeneratedBy '/Game/StarterContent/Maps/Minimal_Default.Minimal_Default:PersistentLevel.Minimal_Default'
[2017.04.25-18.59.29:712][600]LogBlueprintUserMessages: Early EndPlayMap Detection: Level '/Game/StarterContent/Maps/Minimal_Default.Minimal_Default:PersistentLevel' has LevelScriptBlueprint '/Game/StarterContent/Maps/Minimal_Default.Minimal_Default:PersistentLevel.Minimal_Default' with GeneratedClass '/Game/StarterContent/Maps/Minimal_Default.Minimal_Default_C' with ClassGeneratedBy '/Game/StarterContent/Maps/Minimal_Default.Minimal_Default:PersistentLevel.Minimal_Default'
[2017.04.25-18.59.29:755][600]LogBlueprintUserMessages: Late EndPlayMap Detection: Level '/Game/StarterContent/Maps/Minimal_Default.Minimal_Default:PersistentLevel' has LevelScriptBlueprint '/Game/StarterContent/Maps/Minimal_Default.Minimal_Default:PersistentLevel.Minimal_Default' with GeneratedClass '/Game/StarterContent/Maps/Minimal_Default.Minimal_Default_C' with ClassGeneratedBy '/Game/StarterContent/Maps/Minimal_Default.Minimal_Default:PersistentLevel.Minimal_Default'
[2017.04.25-18.59.34:067][101]LogEditorViewport: Clicking on Actor (LMB): BP_Sky_Sphere_C (BP_Sky_Sphere)
[2017.04.25-18.59.36:999][423]LogEditor: Attempting to add actor of class 'Lamp' to level at 310.00,620.00,360.00
[2017.04.25-18.59.37:000][423]LogActor:Warning: Lamp /Game/StarterContent/Maps/Minimal_Default.Minimal_Default:PersistentLevel.Lamp_0 has natively added scene component(s), but none of them were set as the actor's RootComponent - picking one arbitrarily
[2017.04.25-18.59.37:697][498]LogEditor: Attempting to add actor of class 'Lamp' to level at -40.00,-360.00,470.00
[2017.04.25-18.59.37:698][498]LogActor:Warning: Lamp /Game/StarterContent/Maps/Minimal_Default.Minimal_Default:PersistentLevel.Lamp_1 has natively added scene component(s), but none of them were set as the actor's RootComponent - picking one arbitrarily
[2017.04.25-18.59.40:092][754]LogSlate: Took 0.000127 seconds to synchronously load lazily loaded font '../../../Engine/Content/Slate/Fonts/Roboto-Light.ttf' (159K)
[2017.04.25-18.59.40:154][754]LogSlate: Took 0.004636 seconds to synchronously load lazily loaded font '../../../Engine/Content/Editor/Slate/Fonts/Roboto-BoldCondensed.ttf' (158K)
[2017.04.25-18.59.43:084][ 36]LogContentBrowser: Native class hierarchy updated for 'BlueprintGraph' in 0.0014 seconds. Added 112 classes and 0 folders.
[2017.04.25-18.59.43:958][ 36]LogRenderer: Reallocating scene render targets to support 1208x940 NumSamples 1 (Frame:2328).
[2017.04.25-18.59.45:565][160]Cmd: OBJ SAVEPACKAGE PACKAGE="/Game/Blueprints/MyLampBody" FILE="F:/TheFarm51/ZadanieRekrutacyjne/Content/Blueprints/MyLampBody.uasset" SILENT=true
[2017.04.25-18.59.45:582][160]LogSavePackage: Save=13.79ms
[2017.04.25-18.59.45:582][160]LogSavePackage: Moving 'F:/TheFarm51/ZadanieRekrutacyjne/Saved/MyLampBody5FE49EC941E11999F913D88EB1949822.tmp' to 'F:/TheFarm51/ZadanieRekrutacyjne/Content/Blueprints/MyLampBody.uasset'
[2017.04.25-18.59.45:587][160]LogSavePackage:Display: Finished SavePackage F:/TheFarm51/ZadanieRekrutacyjne/Content/Blueprints/MyLampBody.uasset
[2017.04.25-18.59.56:840][336]LogEditorViewport: Clicking on Actor (LMB): BP_Sky_Sphere_C (BP_Sky_Sphere)
[2017.04.25-19.00.06:502][370]LogActor:Warning: MyLamp_C /Engine/Transient.World_3:PersistentLevel.MyLamp_C_0 has natively added scene component(s), but none of them were set as the actor's RootComponent - picking one arbitrarily
[2017.04.25-19.00.08:394][584]Cmd: OBJ SAVEPACKAGE PACKAGE="/Game/Blueprints/MyLamp" FILE="F:/TheFarm51/ZadanieRekrutacyjne/Content/Blueprints/MyLamp.uasset" SILENT=true
[2017.04.25-19.00.08:408][584]LogSavePackage: Save=12.16ms
[2017.04.25-19.00.08:408][584]LogSavePackage: Moving 'F:/TheFarm51/ZadanieRekrutacyjne/Saved/MyLamp063BCDB84B502AC083DBA9A0DD309461.tmp' to 'F:/TheFarm51/ZadanieRekrutacyjne/Content/Blueprints/MyLamp.uasset'
[2017.04.25-19.00.08:409][584]LogSavePackage:Display: Finished SavePackage F:/TheFarm51/ZadanieRekrutacyjne/Content/Blueprints/MyLamp.uasset
[2017.04.25-19.00.14:628][996]LogActor:Warning: MyLamp_C /Engine/Transient.World_4:PersistentLevel.MyLamp_C_1 has natively added scene component(s), but none of them were set as the actor's RootComponent - picking one arbitrarily
[2017.04.25-19.00.18:643][466]LogSlate: Took 0.000163 seconds to synchronously load lazily loaded font '../../../Engine/Content/Slate/Fonts/Roboto-Light.ttf' (159K)
[2017.04.25-19.00.23:744][ 59]Cmd: OBJ SAVEPACKAGE PACKAGE="/Game/Blueprints/MyLamp" FILE="F:/TheFarm51/ZadanieRekrutacyjne/Content/Blueprints/MyLamp.uasset" SILENT=true
[2017.04.25-19.00.23:809][ 59]LogSavePackage: Save=11.17ms
[2017.04.25-19.00.23:809][ 59]LogSavePackage: Moving 'F:/TheFarm51/ZadanieRekrutacyjne/Saved/MyLampC72BC6DC43CF9D67D908498EEF097C1B.tmp' to 'F:/TheFarm51/ZadanieRekrutacyjne/Content/Blueprints/MyLamp.uasset'
[2017.04.25-19.00.23:810][ 59]LogSavePackage:Display: Finished SavePackage F:/TheFarm51/ZadanieRekrutacyjne/Content/Blueprints/MyLamp.uasset
[2017.04.25-19.00.24:495][141]BlueprintLog: New page: Compile MyLamp
[2017.04.25-19.00.24:522][141]LogActor:Warning: MyLamp_C /Engine/Transient.World_4:PersistentLevel.MyLamp_C_1 has natively added scene component(s), but none of them were set as the actor's RootComponent - picking one arbitrarily
[2017.04.25-19.00.44:769][501]LogSavePackage: Save=93.98ms
[2017.04.25-19.00.44:769][501]LogSavePackage: Moving 'F:/TheFarm51/ZadanieRekrutacyjne/Saved/Minimal_Default0635837D4F32A1FDC9095099663C46BA.tmp' to 'F:/TheFarm51/ZadanieRekrutacyjne/Content/StarterContent/Maps/Minimal_Default.umap'
[2017.04.25-19.00.44:771][501]LogSavePackage:Display: Finished SavePackage F:/TheFarm51/ZadanieRekrutacyjne/Content/StarterContent/Maps/Minimal_Default.umap
[2017.04.25-19.00.44:808][501]Cmd: OBJ SAVEPACKAGE PACKAGE="/Game/StarterContent/Maps/Minimal_Default_BuiltData" FILE="F:/TheFarm51/ZadanieRekrutacyjne/Content/StarterContent/Maps/Minimal_Default_BuiltData.uasset" SILENT=true
[2017.04.25-19.00.44:960][501]LogSavePackage: Save=94.77ms
[2017.04.25-19.00.44:960][501]LogSavePackage: Moving 'F:/TheFarm51/ZadanieRekrutacyjne/Saved/Minimal_Default_BuiltData890DFAE04939A333218431BEE28AE98D.tmp' to 'F:/TheFarm51/ZadanieRekrutacyjne/Content/StarterContent/Maps/Minimal_Default_BuiltData.uasset'
[2017.04.25-19.00.44:961][501]LogSavePackage:Display: Finished SavePackage F:/TheFarm51/ZadanieRekrutacyjne/Content/StarterContent/Maps/Minimal_Default_BuiltData.uasset
[2017.04.25-19.00.46:667][684]LogActor:Warning: MyLamp_C /Game/StarterContent/Maps/Minimal_Default.Minimal_Default:PersistentLevel.MyLamp_C_0 has natively added scene component(s), but none of them were set as the actor's RootComponent - picking one arbitrarily
[2017.04.25-19.00.47:502][770]LogActor:Warning: MyLamp_C /Game/StarterContent/Maps/Minimal_Default.Minimal_Default:PersistentLevel.MyLamp_C_1 has natively added scene component(s), but none of them were set as the actor's RootComponent - picking one arbitrarily
[2017.04.25-19.00.50:643][131]LogTemp: Repeting last play command: Selected Viewport
[2017.04.25-19.00.50:696][131]LogBlueprintUserMessages: Early PlayInEditor Detection: Level '/Game/StarterContent/Maps/Minimal_Default.Minimal_Default:PersistentLevel' has LevelScriptBlueprint '/Game/StarterContent/Maps/Minimal_Default.Minimal_Default:PersistentLevel.Minimal_Default' with GeneratedClass '/Game/StarterContent/Maps/Minimal_Default.Minimal_Default_C' with ClassGeneratedBy '/Game/StarterContent/Maps/Minimal_Default.Minimal_Default:PersistentLevel.Minimal_Default'
[2017.04.25-19.00.50:696][131]LogPlayLevel: PlayLevel: No blueprints needed recompiling
[2017.04.25-19.00.50:696][131]PIE: New page: PIE session: Minimal_Default (Apr 25, 2017, 11:00:50 PM)
[2017.04.25-19.00.50:696][131]LogPlayLevel: Creating play world package: /Game/StarterContent/Maps/UEDPIE_0_Minimal_Default
[2017.04.25-19.00.50:714][131]LogPlayLevel: PIE: StaticDuplicateObject took: (0.017460s)
[2017.04.25-19.00.50:714][131]LogAIModule: Creating AISystem for world Minimal_Default
[2017.04.25-19.00.50:715][131]LogPlayLevel: PIE: World Init took: (0.000897s)
[2017.04.25-19.00.50:715][131]LogPlayLevel: PIE: Created PIE world by copying editor world from /Game/StarterContent/Maps/Minimal_Default.Minimal_Default to /Game/StarterContent/Maps/UEDPIE_0_Minimal_Default.Minimal_Default (0.018611s)
[2017.04.25-19.00.50:732][131]LogInit: XAudio2 using 'Głośniki (Realtek High Definition Audio)' : 2 channels at 48 kHz using 32 bits per sample (channel mask 0x3)
[2017.04.25-19.00.50:743][131]LogInit: FAudioDevice initialized.
[2017.04.25-19.00.50:771][131]LogLoad: Game class is 'GameModeBase'
[2017.04.25-19.00.50:784][131]LogWorld: Bringing World /Game/StarterContent/Maps/UEDPIE_0_Minimal_Default.Minimal_Default up for play (max tick rate 0) at 2017.04.25-21.00.50
[2017.04.25-19.00.50:785][131]LogWorld: Bringing up level for play took: 0.012402
[2017.04.25-19.00.50:786][131]PIE: Info Play in editor start time for /Game/StarterContent/Maps/UEDPIE_0_Minimal_Default -0.638
[2017.04.25-19.00.50:786][131]LogBlueprintUserMessages: Late PlayInEditor Detection: Level '/Game/StarterContent/Maps/Minimal_Default.Minimal_Default:PersistentLevel' has LevelScriptBlueprint '/Game/StarterContent/Maps/Minimal_Default.Minimal_Default:PersistentLevel.Minimal_Default' with GeneratedClass '/Game/StarterContent/Maps/Minimal_Default.Minimal_Default_C' with ClassGeneratedBy '/Game/StarterContent/Maps/Minimal_Default.Minimal_Default:PersistentLevel.Minimal_Default'
[2017.04.25-19.00.53:798][481]LogBlueprintUserMessages: Early EndPlayMap Detection: Level '/Game/StarterContent/Maps/Minimal_Default.Minimal_Default:PersistentLevel' has LevelScriptBlueprint '/Game/StarterContent/Maps/Minimal_Default.Minimal_Default:PersistentLevel.Minimal_Default' with GeneratedClass '/Game/StarterContent/Maps/Minimal_Default.Minimal_Default_C' with ClassGeneratedBy '/Game/StarterContent/Maps/Minimal_Default.Minimal_Default:PersistentLevel.Minimal_Default'
[2017.04.25-19.00.53:853][481]LogBlueprintUserMessages: Late EndPlayMap Detection: Level '/Game/StarterContent/Maps/Minimal_Default.Minimal_Default:PersistentLevel' has LevelScriptBlueprint '/Game/StarterContent/Maps/Minimal_Default.Minimal_Default:PersistentLevel.Minimal_Default' with GeneratedClass '/Game/StarterContent/Maps/Minimal_Default.Minimal_Default_C' with ClassGeneratedBy '/Game/StarterContent/Maps/Minimal_Default.Minimal_Default:PersistentLevel.Minimal_Default'
[2017.04.25-19.02.07:505][952]LogHotReload: New module detected: UE4Editor-ZadanieRekrutacyjne-5649.dll
[2017.04.25-19.02.08:172][955]LogHotReload: Starting Hot-Reload from IDE
[2017.04.25-19.02.08:447][955]LogContentBrowser: Native class hierarchy updated for 'ZadanieRekrutacyjne' in 0.0022 seconds. Added 4 classes and 2 folders.
[2017.04.25-19.02.08:449][955]Display: HotReload successful (0 functions remapped  0 scriptstructs remapped)
[2017.04.25-19.02.08:882][955]LogContentBrowser: Native class hierarchy populated in 0.0170 seconds. Added 2251 classes and 459 folders.
[2017.04.25-19.02.08:895][955]Display: HotReload took  0.7s.
[2017.04.25-19.02.13:951][182]LogTemp: Repeting last play command: Selected Viewport
[2017.04.25-19.02.13:976][182]LogBlueprintUserMessages: Early PlayInEditor Detection: Level '/Game/StarterContent/Maps/Minimal_Default.Minimal_Default:PersistentLevel' has LevelScriptBlueprint '/Game/StarterContent/Maps/Minimal_Default.Minimal_Default:PersistentLevel.Minimal_Default' with GeneratedClass '/Game/StarterContent/Maps/Minimal_Default.Minimal_Default_C' with ClassGeneratedBy '/Game/StarterContent/Maps/Minimal_Default.Minimal_Default:PersistentLevel.Minimal_Default'
[2017.04.25-19.02.13:976][182]LogPlayLevel: PlayLevel: No blueprints needed recompiling
[2017.04.25-19.02.13:976][182]PIE: New page: PIE session: Minimal_Default (Apr 25, 2017, 11:02:13 PM)
[2017.04.25-19.02.13:976][182]LogPlayLevel: Creating play world package: /Game/StarterContent/Maps/UEDPIE_0_Minimal_Default
[2017.04.25-19.02.14:090][182]LogPlayLevel: PIE: StaticDuplicateObject took: (0.113198s)
[2017.04.25-19.02.14:092][182]LogAIModule: Creating AISystem for world Minimal_Default
[2017.04.25-19.02.14:093][182]LogPlayLevel: PIE: World Init took: (0.003102s)
[2017.04.25-19.02.14:093][182]LogPlayLevel: PIE: Created PIE world by copying editor world from /Game/StarterContent/Maps/Minimal_Default.Minimal_Default to /Game/StarterContent/Maps/UEDPIE_0_Minimal_Default.Minimal_Default (0.116600s)
[2017.04.25-19.02.14:163][182]LogInit: XAudio2 using 'Głośniki (Realtek High Definition Audio)' : 2 channels at 48 kHz using 32 bits per sample (channel mask 0x3)
[2017.04.25-19.02.14:179][182]LogInit: FAudioDevice initialized.
[2017.04.25-19.02.14:215][182]LogLoad: Game class is 'GameModeBase'
[2017.04.25-19.02.14:217][182]LogWorld: Bringing World /Game/StarterContent/Maps/UEDPIE_0_Minimal_Default.Minimal_Default up for play (max tick rate 0) at 2017.04.25-21.02.14
[2017.04.25-19.02.14:218][182]LogWorld: Bringing up level for play took: 0.002234
[2017.04.25-19.02.14:219][182]PIE: Info Play in editor start time for /Game/StarterContent/Maps/UEDPIE_0_Minimal_Default 0.796
[2017.04.25-19.02.14:219][182]LogBlueprintUserMessages: Late PlayInEditor Detection: Level '/Game/StarterContent/Maps/Minimal_Default.Minimal_Default:PersistentLevel' has LevelScriptBlueprint '/Game/StarterContent/Maps/Minimal_Default.Minimal_Default:PersistentLevel.Minimal_Default' with GeneratedClass '/Game/StarterContent/Maps/Minimal_Default.Minimal_Default_C' with ClassGeneratedBy '/Game/StarterContent/Maps/Minimal_Default.Minimal_Default:PersistentLevel.Minimal_Default'
[2017.04.25-19.02.16:853][486]LogBlueprintUserMessages: Early EndPlayMap Detection: Level '/Game/StarterContent/Maps/Minimal_Default.Minimal_Default:PersistentLevel' has LevelScriptBlueprint '/Game/StarterContent/Maps/Minimal_Default.Minimal_Default:PersistentLevel.Minimal_Default' with GeneratedClass '/Game/StarterContent/Maps/Minimal_Default.Minimal_Default_C' with ClassGeneratedBy '/Game/StarterContent/Maps/Minimal_Default.Minimal_Default:PersistentLevel.Minimal_Default'
[2017.04.25-19.02.16:913][486]LogBlueprintUserMessages: Late EndPlayMap Detection: Level '/Game/StarterContent/Maps/Minimal_Default.Minimal_Default:PersistentLevel' has LevelScriptBlueprint '/Game/StarterContent/Maps/Minimal_Default.Minimal_Default:PersistentLevel.Minimal_Default' with GeneratedClass '/Game/StarterContent/Maps/Minimal_Default.Minimal_Default_C' with ClassGeneratedBy '/Game/StarterContent/Maps/Minimal_Default.Minimal_Default:PersistentLevel.Minimal_Default'
[2017.04.25-19.02.38:811][860]LogHotReload: New module detected: UE4Editor-ZadanieRekrutacyjne-8459.dll
[2017.04.25-19.02.39:484][863]LogHotReload: Starting Hot-Reload from IDE
[2017.04.25-19.02.39:569][863]LogHotReload: Re-instancing Lamp after hot-reload.
[2017.04.25-19.02.39:587][863]LogActor:Warning: Lamp /Game/StarterContent/Maps/Minimal_Default.Minimal_Default:PersistentLevel.Lamp_1 has natively added scene component(s), but none of them were set as the actor's RootComponent - picking one arbitrarily
[2017.04.25-19.02.39:587][863]LogUObjectGlobals:Warning: Guid referenced by DestructibleComponent /Game/StarterContent/Maps/Minimal_Default.Minimal_Default:PersistentLevel.Lamp_1.BulbDestructibleComponent is already used by DestructibleComponent /Game/StarterContent/Maps/Minimal_Default.Minimal_Default:PersistentLevel.Lamp_2.BulbDestructibleComponent, which should never happen in the editor but could happen at runtime with duplicate level loading or PIE
[2017.04.25-19.02.39:750][863]LogActor:Warning: MyLamp_C /Game/StarterContent/Maps/Minimal_Default.Minimal_Default:PersistentLevel.MyLamp_2 has natively added scene component(s), but none of them were set as the actor's RootComponent - picking one arbitrarily
[2017.04.25-19.02.39:751][863]LogUObjectGlobals:Warning: Guid referenced by DestructibleComponent /Game/StarterContent/Maps/Minimal_Default.Minimal_Default:PersistentLevel.MyLamp_2.BulbDestructibleComponent is already used by DestructibleComponent /Game/StarterContent/Maps/Minimal_Default.Minimal_Default:PersistentLevel.REINST_MyLamp_C_0.BulbDestructibleComponent, which should never happen in the editor but could happen at runtime with duplicate level loading or PIE
[2017.04.25-19.02.39:916][863]LogContentBrowser: Native class hierarchy updated for 'ZadanieRekrutacyjne' in 0.0012 seconds. Added 4 classes and 2 folders.
[2017.04.25-19.02.39:918][863]Display: HotReload successful (0 functions remapped  0 scriptstructs remapped)
[2017.04.25-19.02.40:183][863]LogContentBrowser: Native class hierarchy populated in 0.0095 seconds. Added 2251 classes and 459 folders.
[2017.04.25-19.02.40:191][863]Display: HotReload took  0.7s.
[2017.04.25-19.03.31:393][315]LogTemp: Repeting last play command: Selected Viewport
[2017.04.25-19.03.31:417][315]LogBlueprintUserMessages: Early PlayInEditor Detection: Level '/Game/StarterContent/Maps/Minimal_Default.Minimal_Default:PersistentLevel' has LevelScriptBlueprint '/Game/StarterContent/Maps/Minimal_Default.Minimal_Default:PersistentLevel.Minimal_Default' with GeneratedClass '/Game/StarterContent/Maps/Minimal_Default.Minimal_Default_C' with ClassGeneratedBy '/Game/StarterContent/Maps/Minimal_Default.Minimal_Default:PersistentLevel.Minimal_Default'
[2017.04.25-19.03.31:417][315]LogPlayLevel: PlayLevel: No blueprints needed recompiling
[2017.04.25-19.03.31:417][315]PIE: New page: PIE session: Minimal_Default (Apr 25, 2017, 11:03:31 PM)
[2017.04.25-19.03.31:417][315]LogPlayLevel: Creating play world package: /Game/StarterContent/Maps/UEDPIE_0_Minimal_Default
[2017.04.25-19.03.31:424][315]LogPlayLevel: PIE: StaticDuplicateObject took: (0.006413s)
[2017.04.25-19.03.31:425][315]LogAIModule: Creating AISystem for world Minimal_Default
[2017.04.25-19.03.31:425][315]LogPlayLevel: PIE: World Init took: (0.001153s)
[2017.04.25-19.03.31:425][315]LogPlayLevel: PIE: Created PIE world by copying editor world from /Game/StarterContent/Maps/Minimal_Default.Minimal_Default to /Game/StarterContent/Maps/UEDPIE_0_Minimal_Default.Minimal_Default (0.007922s)
[2017.04.25-19.03.31:474][315]LogInit: XAudio2 using 'Głośniki (Realtek High Definition Audio)' : 2 channels at 48 kHz using 32 bits per sample (channel mask 0x3)
[2017.04.25-19.03.31:484][315]LogInit: FAudioDevice initialized.
[2017.04.25-19.03.31:517][315]LogLoad: Game class is 'GameModeBase'
[2017.04.25-19.03.31:519][315]LogWorld: Bringing World /Game/StarterContent/Maps/UEDPIE_0_Minimal_Default.Minimal_Default up for play (max tick rate 0) at 2017.04.25-21.03.31
[2017.04.25-19.03.31:520][315]LogWorld: Bringing up level for play took: 0.001417
[2017.04.25-19.03.31:521][315]PIE: Info Play in editor start time for /Game/StarterContent/Maps/UEDPIE_0_Minimal_Default 0.097
[2017.04.25-19.03.31:521][315]LogBlueprintUserMessages: Late PlayInEditor Detection: Level '/Game/StarterContent/Maps/Minimal_Default.Minimal_Default:PersistentLevel' has LevelScriptBlueprint '/Game/StarterContent/Maps/Minimal_Default.Minimal_Default:PersistentLevel.Minimal_Default' with GeneratedClass '/Game/StarterContent/Maps/Minimal_Default.Minimal_Default_C' with ClassGeneratedBy '/Game/StarterContent/Maps/Minimal_Default.Minimal_Default:PersistentLevel.Minimal_Default'
[2017.04.25-19.03.33:095][485]LogBlueprintUserMessages: Early EndPlayMap Detection: Level '/Game/StarterContent/Maps/Minimal_Default.Minimal_Default:PersistentLevel' has LevelScriptBlueprint '/Game/StarterContent/Maps/Minimal_Default.Minimal_Default:PersistentLevel.Minimal_Default' with GeneratedClass '/Game/StarterContent/Maps/Minimal_Default.Minimal_Default_C' with ClassGeneratedBy '/Game/StarterContent/Maps/Minimal_Default.Minimal_Default:PersistentLevel.Minimal_Default'
[2017.04.25-19.03.33:152][485]LogBlueprintUserMessages: Late EndPlayMap Detection: Level '/Game/StarterContent/Maps/Minimal_Default.Minimal_Default:PersistentLevel' has LevelScriptBlueprint '/Game/StarterContent/Maps/Minimal_Default.Minimal_Default:PersistentLevel.Minimal_Default' with GeneratedClass '/Game/StarterContent/Maps/Minimal_Default.Minimal_Default_C' with ClassGeneratedBy '/Game/StarterContent/Maps/Minimal_Default.Minimal_Default:PersistentLevel.Minimal_Default'
[2017.04.25-19.03.35:197][689]LogSavePackage: Save=97.94ms
[2017.04.25-19.03.35:197][689]LogSavePackage: Moving 'F:/TheFarm51/ZadanieRekrutacyjne/Saved/Minimal_Default9AC73C7F4C33BE3BD2C4608A67CF50FF.tmp' to 'F:/TheFarm51/ZadanieRekrutacyjne/Content/StarterContent/Maps/Minimal_Default.umap'
[2017.04.25-19.03.35:205][689]LogSavePackage:Display: Finished SavePackage F:/TheFarm51/ZadanieRekrutacyjne/Content/StarterContent/Maps/Minimal_Default.umap
[2017.04.25-19.03.35:260][689]Cmd: OBJ SAVEPACKAGE PACKAGE="/Game/StarterContent/Maps/Minimal_Default_BuiltData" FILE="F:/TheFarm51/ZadanieRekrutacyjne/Content/StarterContent/Maps/Minimal_Default_BuiltData.uasset" SILENT=true
[2017.04.25-19.03.35:332][689]LogSavePackage: Save=69.49ms
[2017.04.25-19.03.35:333][689]LogSavePackage: Moving 'F:/TheFarm51/ZadanieRekrutacyjne/Saved/Minimal_Default_BuiltData48D9103B4D3BA764D5BA318AB672FD19.tmp' to 'F:/TheFarm51/ZadanieRekrutacyjne/Content/StarterContent/Maps/Minimal_Default_BuiltData.uasset'
[2017.04.25-19.03.35:333][689]LogSavePackage:Display: Finished SavePackage F:/TheFarm51/ZadanieRekrutacyjne/Content/StarterContent/Maps/Minimal_Default_BuiltData.uasset
[2017.04.25-19.03.37:605][893]LogActor:Warning: MyLamp_C /Engine/Transient.World_7:PersistentLevel.MyLamp_C_0 has natively added scene component(s), but none of them were set as the actor's RootComponent - picking one arbitrarily
[2017.04.25-19.03.48:085][142]BlueprintLog: New page: Compile MyLamp
[2017.04.25-19.03.48:109][142]LogActor:Warning: MyLamp_C /Engine/Transient.World_7:PersistentLevel.MyLamp_C_0 has natively added scene component(s), but none of them were set as the actor's RootComponent - picking one arbitrarily
[2017.04.25-19.03.48:110][142]LogActor:Warning: MyLamp_C /Game/StarterContent/Maps/Minimal_Default.Minimal_Default:PersistentLevel.MyLamp_2 has natively added scene component(s), but none of them were set as the actor's RootComponent - picking one arbitrarily
[2017.04.25-19.04.21:326][112]LogHotReload: New module detected: UE4Editor-ZadanieRekrutacyjne-2403.dll
[2017.04.25-19.04.22:332][116]LogHotReload: Starting Hot-Reload from IDE
[2017.04.25-19.04.22:415][116]LogContentBrowser: Native class hierarchy updated for 'ZadanieRekrutacyjne' in 0.0012 seconds. Added 4 classes and 2 folders.
[2017.04.25-19.04.22:417][116]Display: HotReload successful (0 functions remapped  0 scriptstructs remapped)
[2017.04.25-19.04.22:688][116]LogContentBrowser: Native class hierarchy populated in 0.0087 seconds. Added 2251 classes and 459 folders.
[2017.04.25-19.04.22:696][116]Display: HotReload took  0.4s.
[2017.04.25-19.04.33:057][ 98]LogActor:Warning: MyLamp_C /Engine/Transient.World_8:PersistentLevel.MyLamp_C_1 has natively added scene component(s), but none of them were set as the actor's RootComponent - picking one arbitrarily
[2017.04.25-19.04.34:762][296]Cmd: OBJ SAVEPACKAGE PACKAGE="/Game/Blueprints/MyLamp" FILE="F:/TheFarm51/ZadanieRekrutacyjne/Content/Blueprints/MyLamp.uasset" SILENT=true
[2017.04.25-19.04.34:779][296]LogSavePackage: Save=12.43ms
[2017.04.25-19.04.34:779][296]LogSavePackage: Moving 'F:/TheFarm51/ZadanieRekrutacyjne/Saved/MyLampD3B6F67D41D6DFF7EC5028A50A1A9C96.tmp' to 'F:/TheFarm51/ZadanieRekrutacyjne/Content/Blueprints/MyLamp.uasset'
[2017.04.25-19.04.34:781][296]LogSavePackage:Display: Finished SavePackage F:/TheFarm51/ZadanieRekrutacyjne/Content/Blueprints/MyLamp.uasset
[2017.04.25-19.04.35:421][373]BlueprintLog: New page: Compile MyLamp
[2017.04.25-19.04.50:242][124]BlueprintLog: New page: Compile MyLamp
[2017.04.25-19.04.52:549][361]LogTemp: Repeting last play command: Selected Viewport
[2017.04.25-19.04.52:567][361]LogBlueprintUserMessages: Early PlayInEditor Detection: Level '/Game/StarterContent/Maps/Minimal_Default.Minimal_Default:PersistentLevel' has LevelScriptBlueprint '/Game/StarterContent/Maps/Minimal_Default.Minimal_Default:PersistentLevel.Minimal_Default' with GeneratedClass '/Game/StarterContent/Maps/Minimal_Default.Minimal_Default_C' with ClassGeneratedBy '/Game/StarterContent/Maps/Minimal_Default.Minimal_Default:PersistentLevel.Minimal_Default'
[2017.04.25-19.04.52:567][361]LogPlayLevel: PlayLevel: No blueprints needed recompiling
[2017.04.25-19.04.52:567][361]PIE: New page: PIE session: Minimal_Default (Apr 25, 2017, 11:04:52 PM)
[2017.04.25-19.04.52:567][361]LogPlayLevel: Creating play world package: /Game/StarterContent/Maps/UEDPIE_0_Minimal_Default
[2017.04.25-19.04.52:574][361]LogPlayLevel: PIE: StaticDuplicateObject took: (0.006616s)
[2017.04.25-19.04.52:575][361]LogAIModule: Creating AISystem for world Minimal_Default
[2017.04.25-19.04.52:575][361]LogPlayLevel: PIE: World Init took: (0.001127s)
[2017.04.25-19.04.52:575][361]LogPlayLevel: PIE: Created PIE world by copying editor world from /Game/StarterContent/Maps/Minimal_Default.Minimal_Default to /Game/StarterContent/Maps/UEDPIE_0_Minimal_Default.Minimal_Default (0.008022s)
[2017.04.25-19.04.52:592][361]LogInit: XAudio2 using 'Głośniki (Realtek High Definition Audio)' : 2 channels at 48 kHz using 32 bits per sample (channel mask 0x3)
[2017.04.25-19.04.52:603][361]LogInit: FAudioDevice initialized.
[2017.04.25-19.04.52:634][361]LogLoad: Game class is 'GameModeBase'
[2017.04.25-19.04.52:636][361]LogWorld: Bringing World /Game/StarterContent/Maps/UEDPIE_0_Minimal_Default.Minimal_Default up for play (max tick rate 0) at 2017.04.25-21.04.52
[2017.04.25-19.04.52:636][361]LogWorld: Bringing up level for play took: 0.001546
[2017.04.25-19.04.52:638][361]PIE: Info Play in editor start time for /Game/StarterContent/Maps/UEDPIE_0_Minimal_Default -0.786
[2017.04.25-19.04.52:638][361]LogBlueprintUserMessages: Late PlayInEditor Detection: Level '/Game/StarterContent/Maps/Minimal_Default.Minimal_Default:PersistentLevel' has LevelScriptBlueprint '/Game/StarterContent/Maps/Minimal_Default.Minimal_Default:PersistentLevel.Minimal_Default' with GeneratedClass '/Game/StarterContent/Maps/Minimal_Default.Minimal_Default_C' with ClassGeneratedBy '/Game/StarterContent/Maps/Minimal_Default.Minimal_Default:PersistentLevel.Minimal_Default'
[2017.04.25-19.04.53:816][496]LogBlueprintUserMessages: Early EndPlayMap Detection: Level '/Game/StarterContent/Maps/Minimal_Default.Minimal_Default:PersistentLevel' has LevelScriptBlueprint '/Game/StarterContent/Maps/Minimal_Default.Minimal_Default:PersistentLevel.Minimal_Default' with GeneratedClass '/Game/StarterContent/Maps/Minimal_Default.Minimal_Default_C' with ClassGeneratedBy '/Game/StarterContent/Maps/Minimal_Default.Minimal_Default:PersistentLevel.Minimal_Default'
[2017.04.25-19.04.53:878][496]LogBlueprintUserMessages: Late EndPlayMap Detection: Level '/Game/StarterContent/Maps/Minimal_Default.Minimal_Default:PersistentLevel' has LevelScriptBlueprint '/Game/StarterContent/Maps/Minimal_Default.Minimal_Default:PersistentLevel.Minimal_Default' with GeneratedClass '/Game/StarterContent/Maps/Minimal_Default.Minimal_Default_C' with ClassGeneratedBy '/Game/StarterContent/Maps/Minimal_Default.Minimal_Default:PersistentLevel.Minimal_Default'
[2017.04.25-19.05.14:206][736]LogHotReload: New module detected: UE4Editor-ZadanieRekrutacyjne-2513.dll
[2017.04.25-19.05.15:213][740]LogHotReload: Starting Hot-Reload from IDE
[2017.04.25-19.05.15:310][740]LogContentBrowser: Native class hierarchy updated for 'ZadanieRekrutacyjne' in 0.0011 seconds. Added 4 classes and 2 folders.
[2017.04.25-19.05.15:313][740]Display: HotReload successful (0 functions remapped  0 scriptstructs remapped)
[2017.04.25-19.05.15:565][740]LogContentBrowser: Native class hierarchy populated in 0.0091 seconds. Added 2251 classes and 459 folders.
[2017.04.25-19.05.15:573][740]Display: HotReload took  0.4s.
[2017.04.25-19.05.21:111][907]LogTemp: Repeting last play command: Selected Viewport
[2017.04.25-19.05.21:130][907]LogBlueprintUserMessages: Early PlayInEditor Detection: Level '/Game/StarterContent/Maps/Minimal_Default.Minimal_Default:PersistentLevel' has LevelScriptBlueprint '/Game/StarterContent/Maps/Minimal_Default.Minimal_Default:PersistentLevel.Minimal_Default' with GeneratedClass '/Game/StarterContent/Maps/Minimal_Default.Minimal_Default_C' with ClassGeneratedBy '/Game/StarterContent/Maps/Minimal_Default.Minimal_Default:PersistentLevel.Minimal_Default'
[2017.04.25-19.05.21:130][907]LogPlayLevel: PlayLevel: No blueprints needed recompiling
[2017.04.25-19.05.21:130][907]PIE: New page: PIE session: Minimal_Default (Apr 25, 2017, 11:05:21 PM)
[2017.04.25-19.05.21:130][907]LogPlayLevel: Creating play world package: /Game/StarterContent/Maps/UEDPIE_0_Minimal_Default
[2017.04.25-19.05.21:137][907]LogPlayLevel: PIE: StaticDuplicateObject took: (0.007068s)
[2017.04.25-19.05.21:138][907]LogAIModule: Creating AISystem for world Minimal_Default
[2017.04.25-19.05.21:138][907]LogPlayLevel: PIE: World Init took: (0.000943s)
[2017.04.25-19.05.21:139][907]LogPlayLevel: PIE: Created PIE world by copying editor world from /Game/StarterContent/Maps/Minimal_Default.Minimal_Default to /Game/StarterContent/Maps/UEDPIE_0_Minimal_Default.Minimal_Default (0.008283s)
[2017.04.25-19.05.21:187][907]LogInit: XAudio2 using 'Głośniki (Realtek High Definition Audio)' : 2 channels at 48 kHz using 32 bits per sample (channel mask 0x3)
[2017.04.25-19.05.21:201][907]LogInit: FAudioDevice initialized.
[2017.04.25-19.05.21:235][907]LogLoad: Game class is 'GameModeBase'
[2017.04.25-19.05.21:237][907]LogWorld: Bringing World /Game/StarterContent/Maps/UEDPIE_0_Minimal_Default.Minimal_Default up for play (max tick rate 0) at 2017.04.25-21.05.21
[2017.04.25-19.05.21:237][907]LogWorld: Bringing up level for play took: 0.001674
[2017.04.25-19.05.21:239][907]PIE: Info Play in editor start time for /Game/StarterContent/Maps/UEDPIE_0_Minimal_Default -0.184
[2017.04.25-19.05.21:240][907]LogBlueprintUserMessages: Late PlayInEditor Detection: Level '/Game/StarterContent/Maps/Minimal_Default.Minimal_Default:PersistentLevel' has LevelScriptBlueprint '/Game/StarterContent/Maps/Minimal_Default.Minimal_Default:PersistentLevel.Minimal_Default' with GeneratedClass '/Game/StarterContent/Maps/Minimal_Default.Minimal_Default_C' with ClassGeneratedBy '/Game/StarterContent/Maps/Minimal_Default.Minimal_Default:PersistentLevel.Minimal_Default'
[2017.04.25-19.05.23:665][192]LogBlueprintUserMessages: Early EndPlayMap Detection: Level '/Game/StarterContent/Maps/Minimal_Default.Minimal_Default:PersistentLevel' has LevelScriptBlueprint '/Game/StarterContent/Maps/Minimal_Default.Minimal_Default:PersistentLevel.Minimal_Default' with GeneratedClass '/Game/StarterContent/Maps/Minimal_Default.Minimal_Default_C' with ClassGeneratedBy '/Game/StarterContent/Maps/Minimal_Default.Minimal_Default:PersistentLevel.Minimal_Default'
[2017.04.25-19.05.23:725][192]LogBlueprintUserMessages: Late EndPlayMap Detection: Level '/Game/StarterContent/Maps/Minimal_Default.Minimal_Default:PersistentLevel' has LevelScriptBlueprint '/Game/StarterContent/Maps/Minimal_Default.Minimal_Default:PersistentLevel.Minimal_Default' with GeneratedClass '/Game/StarterContent/Maps/Minimal_Default.Minimal_Default_C' with ClassGeneratedBy '/Game/StarterContent/Maps/Minimal_Default.Minimal_Default:PersistentLevel.Minimal_Default'
[2017.04.25-19.05.27:813][625]LogSavePackage: Save=93.65ms
[2017.04.25-19.05.27:813][625]LogSavePackage: Moving 'F:/TheFarm51/ZadanieRekrutacyjne/Saved/Minimal_DefaultAAD8634D402CCFBECA2CA8B396025E62.tmp' to 'F:/TheFarm51/ZadanieRekrutacyjne/Content/StarterContent/Maps/Minimal_Default.umap'
[2017.04.25-19.05.27:814][625]LogSavePackage:Display: Finished SavePackage F:/TheFarm51/ZadanieRekrutacyjne/Content/StarterContent/Maps/Minimal_Default.umap
[2017.04.25-19.05.27:849][625]Cmd: OBJ SAVEPACKAGE PACKAGE="/Game/StarterContent/Maps/Minimal_Default_BuiltData" FILE="F:/TheFarm51/ZadanieRekrutacyjne/Content/StarterContent/Maps/Minimal_Default_BuiltData.uasset" SILENT=true
[2017.04.25-19.05.27:917][625]LogSavePackage: Save=64.92ms
[2017.04.25-19.05.27:917][625]LogSavePackage: Moving 'F:/TheFarm51/ZadanieRekrutacyjne/Saved/Minimal_Default_BuiltData258A2EC54924008B50E109AE036B3DA1.tmp' to 'F:/TheFarm51/ZadanieRekrutacyjne/Content/StarterContent/Maps/Minimal_Default_BuiltData.uasset'
[2017.04.25-19.05.27:917][625]LogSavePackage:Display: Finished SavePackage F:/TheFarm51/ZadanieRekrutacyjne/Content/StarterContent/Maps/Minimal_Default_BuiltData.uasset
[2017.04.25-19.05.45:531][779]LogHotReload: New module detected: UE4Editor-ZadanieRekrutacyjne-9256.dll
[2017.04.25-19.05.46:203][782]LogHotReload: Starting Hot-Reload from IDE
[2017.04.25-19.05.46:355][782]LogContentBrowser: Native class hierarchy updated for 'ZadanieRekrutacyjne' in 0.0013 seconds. Added 4 classes and 2 folders.
[2017.04.25-19.05.46:357][782]Display: HotReload successful (0 functions remapped  0 scriptstructs remapped)
[2017.04.25-19.05.46:623][782]LogContentBrowser: Native class hierarchy populated in 0.0089 seconds. Added 2251 classes and 459 folders.
[2017.04.25-19.05.46:629][782]Display: HotReload took  0.4s.
[2017.04.25-19.05.49:296][961]LogTemp: Repeting last play command: Selected Viewport
[2017.04.25-19.05.49:315][961]LogBlueprintUserMessages: Early PlayInEditor Detection: Level '/Game/StarterContent/Maps/Minimal_Default.Minimal_Default:PersistentLevel' has LevelScriptBlueprint '/Game/StarterContent/Maps/Minimal_Default.Minimal_Default:PersistentLevel.Minimal_Default' with GeneratedClass '/Game/StarterContent/Maps/Minimal_Default.Minimal_Default_C' with ClassGeneratedBy '/Game/StarterContent/Maps/Minimal_Default.Minimal_Default:PersistentLevel.Minimal_Default'
[2017.04.25-19.05.49:316][961]LogPlayLevel: PlayLevel: No blueprints needed recompiling
[2017.04.25-19.05.49:316][961]PIE: New page: PIE session: Minimal_Default (Apr 25, 2017, 11:05:49 PM)
[2017.04.25-19.05.49:316][961]LogPlayLevel: Creating play world package: /Game/StarterContent/Maps/UEDPIE_0_Minimal_Default
[2017.04.25-19.05.49:323][961]LogPlayLevel: PIE: StaticDuplicateObject took: (0.007103s)
[2017.04.25-19.05.49:324][961]LogAIModule: Creating AISystem for world Minimal_Default
[2017.04.25-19.05.49:324][961]LogPlayLevel: PIE: World Init took: (0.001162s)
[2017.04.25-19.05.49:324][961]LogPlayLevel: PIE: Created PIE world by copying editor world from /Game/StarterContent/Maps/Minimal_Default.Minimal_Default to /Game/StarterContent/Maps/UEDPIE_0_Minimal_Default.Minimal_Default (0.008561s)
[2017.04.25-19.05.49:377][961]LogInit: XAudio2 using 'Głośniki (Realtek High Definition Audio)' : 2 channels at 48 kHz using 32 bits per sample (channel mask 0x3)
[2017.04.25-19.05.49:389][961]LogInit: FAudioDevice initialized.
[2017.04.25-19.05.49:422][961]LogLoad: Game class is 'GameModeBase'
[2017.04.25-19.05.49:425][961]LogWorld: Bringing World /Game/StarterContent/Maps/UEDPIE_0_Minimal_Default.Minimal_Default up for play (max tick rate 0) at 2017.04.25-21.05.49
[2017.04.25-19.05.49:425][961]LogWorld: Bringing up level for play took: 0.002146
[2017.04.25-19.05.49:427][961]PIE: Info Play in editor start time for /Game/StarterContent/Maps/UEDPIE_0_Minimal_Default 0.003
[2017.04.25-19.05.49:427][961]LogBlueprintUserMessages: Late PlayInEditor Detection: Level '/Game/StarterContent/Maps/Minimal_Default.Minimal_Default:PersistentLevel' has LevelScriptBlueprint '/Game/StarterContent/Maps/Minimal_Default.Minimal_Default:PersistentLevel.Minimal_Default' with GeneratedClass '/Game/StarterContent/Maps/Minimal_Default.Minimal_Default_C' with ClassGeneratedBy '/Game/StarterContent/Maps/Minimal_Default.Minimal_Default:PersistentLevel.Minimal_Default'
[2017.04.25-19.05.51:757][235]LogBlueprintUserMessages: Early EndPlayMap Detection: Level '/Game/StarterContent/Maps/Minimal_Default.Minimal_Default:PersistentLevel' has LevelScriptBlueprint '/Game/StarterContent/Maps/Minimal_Default.Minimal_Default:PersistentLevel.Minimal_Default' with GeneratedClass '/Game/StarterContent/Maps/Minimal_Default.Minimal_Default_C' with ClassGeneratedBy '/Game/StarterContent/Maps/Minimal_Default.Minimal_Default:PersistentLevel.Minimal_Default'
[2017.04.25-19.05.51:812][235]LogBlueprintUserMessages: Late EndPlayMap Detection: Level '/Game/StarterContent/Maps/Minimal_Default.Minimal_Default:PersistentLevel' has LevelScriptBlueprint '/Game/StarterContent/Maps/Minimal_Default.Minimal_Default:PersistentLevel.Minimal_Default' with GeneratedClass '/Game/StarterContent/Maps/Minimal_Default.Minimal_Default_C' with ClassGeneratedBy '/Game/StarterContent/Maps/Minimal_Default.Minimal_Default:PersistentLevel.Minimal_Default'
[2017.04.25-19.06.09:189][423]LogHotReload: New module detected: UE4Editor-ZadanieRekrutacyjne-7791.dll
[2017.04.25-19.06.09:871][426]LogHotReload: Starting Hot-Reload from IDE
[2017.04.25-19.06.10:052][426]LogContentBrowser: Native class hierarchy updated for 'ZadanieRekrutacyjne' in 0.0012 seconds. Added 4 classes and 2 folders.
[2017.04.25-19.06.10:054][426]Display: HotReload successful (0 functions remapped  0 scriptstructs remapped)
[2017.04.25-19.06.10:304][426]LogContentBrowser: Native class hierarchy populated in 0.0096 seconds. Added 2251 classes and 459 folders.
[2017.04.25-19.06.10:312][426]Display: HotReload took  0.4s.
[2017.04.25-19.06.12:476][538]LogTemp: Repeting last play command: Selected Viewport
[2017.04.25-19.06.12:496][538]LogBlueprintUserMessages: Early PlayInEditor Detection: Level '/Game/StarterContent/Maps/Minimal_Default.Minimal_Default:PersistentLevel' has LevelScriptBlueprint '/Game/StarterContent/Maps/Minimal_Default.Minimal_Default:PersistentLevel.Minimal_Default' with GeneratedClass '/Game/StarterContent/Maps/Minimal_Default.Minimal_Default_C' with ClassGeneratedBy '/Game/StarterContent/Maps/Minimal_Default.Minimal_Default:PersistentLevel.Minimal_Default'
[2017.04.25-19.06.12:496][538]LogPlayLevel: PlayLevel: No blueprints needed recompiling
[2017.04.25-19.06.12:496][538]PIE: New page: PIE session: Minimal_Default (Apr 25, 2017, 11:06:12 PM)
[2017.04.25-19.06.12:496][538]LogPlayLevel: Creating play world package: /Game/StarterContent/Maps/UEDPIE_0_Minimal_Default
[2017.04.25-19.06.12:521][538]LogPlayLevel: PIE: StaticDuplicateObject took: (0.024954s)
[2017.04.25-19.06.12:522][538]LogAIModule: Creating AISystem for world Minimal_Default
[2017.04.25-19.06.12:522][538]LogPlayLevel: PIE: World Init took: (0.001069s)
[2017.04.25-19.06.12:522][538]LogPlayLevel: PIE: Created PIE world by copying editor world from /Game/StarterContent/Maps/Minimal_Default.Minimal_Default to /Game/StarterContent/Maps/UEDPIE_0_Minimal_Default.Minimal_Default (0.026282s)
[2017.04.25-19.06.12:565][538]LogInit: XAudio2 using 'Głośniki (Realtek High Definition Audio)' : 2 channels at 48 kHz using 32 bits per sample (channel mask 0x3)
[2017.04.25-19.06.12:576][538]LogInit: FAudioDevice initialized.
[2017.04.25-19.06.12:613][538]LogLoad: Game class is 'GameModeBase'
[2017.04.25-19.06.12:615][538]LogWorld: Bringing World /Game/StarterContent/Maps/UEDPIE_0_Minimal_Default.Minimal_Default up for play (max tick rate 0) at 2017.04.25-21.06.12
[2017.04.25-19.06.12:615][538]LogWorld: Bringing up level for play took: 0.001731
[2017.04.25-19.06.12:617][538]PIE: Info Play in editor start time for /Game/StarterContent/Maps/UEDPIE_0_Minimal_Default -0.807
[2017.04.25-19.06.12:617][538]LogBlueprintUserMessages: Late PlayInEditor Detection: Level '/Game/StarterContent/Maps/Minimal_Default.Minimal_Default:PersistentLevel' has LevelScriptBlueprint '/Game/StarterContent/Maps/Minimal_Default.Minimal_Default:PersistentLevel.Minimal_Default' with GeneratedClass '/Game/StarterContent/Maps/Minimal_Default.Minimal_Default_C' with ClassGeneratedBy '/Game/StarterContent/Maps/Minimal_Default.Minimal_Default:PersistentLevel.Minimal_Default'
[2017.04.25-19.06.13:729][668]LogBlueprintUserMessages: Early EndPlayMap Detection: Level '/Game/StarterContent/Maps/Minimal_Default.Minimal_Default:PersistentLevel' has LevelScriptBlueprint '/Game/StarterContent/Maps/Minimal_Default.Minimal_Default:PersistentLevel.Minimal_Default' with GeneratedClass '/Game/StarterContent/Maps/Minimal_Default.Minimal_Default_C' with ClassGeneratedBy '/Game/StarterContent/Maps/Minimal_Default.Minimal_Default:PersistentLevel.Minimal_Default'
[2017.04.25-19.06.13:784][668]LogBlueprintUserMessages: Late EndPlayMap Detection: Level '/Game/StarterContent/Maps/Minimal_Default.Minimal_Default:PersistentLevel' has LevelScriptBlueprint '/Game/StarterContent/Maps/Minimal_Default.Minimal_Default:PersistentLevel.Minimal_Default' with GeneratedClass '/Game/StarterContent/Maps/Minimal_Default.Minimal_Default_C' with ClassGeneratedBy '/Game/StarterContent/Maps/Minimal_Default.Minimal_Default:PersistentLevel.Minimal_Default'
[2017.04.25-19.07.15:890][345]LogHotReload: New module detected: UE4Editor-ZadanieRekrutacyjne-9749.dll
[2017.04.25-19.07.16:562][348]LogHotReload: Starting Hot-Reload from IDE
[2017.04.25-19.07.16:682][348]LogClass: Could not find existing class Lamp in package /Script/ZadanieRekrutacyjne for HotReload, assuming new class
[2017.04.25-19.07.16:692][348]LogHotReload: Re-instancing Lamp after hot-reload.
