Log file open, 04/24/17 15:50:28
LogInit:Display: Running engine for game: ZadanieRekrutacyjne
LogPlatformFile: Not using cached read wrapper
LogInit:Display: RandInit(1808023527) SRandInit(1808023527).
LogTaskGraph: Started task graph with 5 named threads and 8 total threads with 1 sets of task threads.
LogStats: Stats thread started at 0.074200
LogInit: Using libcurl 7.47.1
LogInit:  - built for x86_64-pc-win32
LogInit:  - supports SSL with OpenSSL/1.0.2g
LogInit:  - supports HTTP deflate (compression) using libz 1.2.8
LogInit:  - other features:
LogInit:      CURL_VERSION_SSL
LogInit:      CURL_VERSION_LIBZ
LogInit:      CURL_VERSION_IPV6
LogInit:      CURL_VERSION_ASYNCHDNS
LogInit:      CURL_VERSION_LARGEFILE
LogInit:      CURL_VERSION_IDN
LogInit:  CurlRequestOptions (configurable via config and command line):
LogInit:  - bVerifyPeer = false  - Libcurl will NOT verify peer certificate
LogInit:  - bUseHttpProxy = false  - Libcurl will NOT use HTTP proxy
LogInit:  - bDontReuseConnections = false  - Libcurl will reuse connections
LogInit:  - CertBundlePath = nullptr  - Libcurl will use whatever was configured at build time.
LogInit: Build: ++UE4+Release-4.15-CL-3348071
LogInit: Engine Version: 4.15.1-3348071+++UE4+Release-4.15
LogInit: Compatible Engine Version: 4.15.0-3299760+++UE4+Release-4.15
LogInit: Net CL: 3299760
LogDevObjectVersion: Number of dev versions registered: 14
LogDevObjectVersion:   Dev-Blueprints (B0D832E4-1F89-4F0D-ACCF-7EB736FD4AA2): 8
LogDevObjectVersion:   Dev-Build (E1C64328-A22C-4D53-A36C-8E866417BD8C): 0
LogDevObjectVersion:   Dev-Core (375EC13C-06E4-48FB-B500-84F0262A717E): 2
LogDevObjectVersion:   Dev-Editor (E4B068ED-F494-42E9-A231-DA0B2E46BB41): 14
LogDevObjectVersion:   Dev-Framework (CFFC743F-43B0-4480-9391-14DF171D2073): 22
LogDevObjectVersion:   Dev-Mobile (B02B49B5-BB20-44E9-A304-32B752E40360): 0
LogDevObjectVersion:   Dev-Networking (A4E4105C-59A1-49B5-A7C5-40C4547EDFEE): 0
LogDevObjectVersion:   Dev-Online (39C831C9-5AE6-47DC-9A44-9C173E1C8E7C): 0
LogDevObjectVersion:   Dev-Physics (78F01B33-EBEA-4F98-B9B4-84EACCB95AA2): 0
LogDevObjectVersion:   Dev-Platform (6631380F-2D4D-43E0-8009-CF276956A95A): 0
LogDevObjectVersion:   Dev-Rendering (12F88B9F-8875-4AFC-A67C-D90C383ABD29): 12
LogDevObjectVersion:   Dev-Sequencer (7B5AE74C-D270-4C10-A958-57980B212A5A): 3
LogDevObjectVersion:   Dev-VR (D7296918-1DD6-4BDD-9DE2-64A83CC13884): 0
LogDevObjectVersion:   Dev-LoadTimes (C2A15278-BFE7-4AFE-6C17-90FF531DF755): 1
LogInit: Compiled (64-bit): Mar 15 2017 16:52:47
LogInit: Compiled with Visual C++: 19.00.23026.00
LogInit: Build Configuration: Development
LogInit: Branch Name: ++UE4+Release-4.15
LogInit: Command line:  
LogInit: Base directory: C:/Program Files/Epic Games/UE_4.15/Engine/Binaries/Win64/
LogInit: Installed Engine Build: 1
LogInit: Presizing for max 8388607 objects, including 0 objects not considered by GC, pre-allocating 0 bytes for permanent pool.
LogInit: Object subsystem initialized
[2017.04.24-13.50.29:477][  0]LogInit: Selected Device Profile: [Windows]
[2017.04.24-13.50.29:477][  0]LogInit: Applying CVar settings loaded from the selected device profile: [Windows]
[2017.04.24-13.50.29:487][  0]LogInit: Computer: DESKTOP-DOMINIK
[2017.04.24-13.50.29:487][  0]LogInit: User: Dominik
[2017.04.24-13.50.29:487][  0]LogInit: CPU Page size=65536, Cores=4
[2017.04.24-13.50.29:487][  0]LogInit: High frequency timer resolution =3.117191 MHz
[2017.04.24-13.50.29:487][  0]LogMemory: Memory total: Physical=8.0GB (8GB approx)
[2017.04.24-13.50.29:487][  0]LogMemory: Platform Memory Stats for Windows
[2017.04.24-13.50.29:487][  0]LogMemory: Process Physical Memory: 263.70 MB used, 263.70 MB peak
[2017.04.24-13.50.29:487][  0]LogMemory: Process Virtual Memory: 262.52 MB used, 262.52 MB peak
[2017.04.24-13.50.29:487][  0]LogMemory: Physical Memory: 5271.55 MB used,  2883.54 MB free, 8155.09 MB total
[2017.04.24-13.50.29:487][  0]LogMemory: Virtual Memory: 644.39 MB used,  2883.54 MB free, 134217728.00 MB total
[2017.04.24-13.50.29:562][  0]LogTextLocalizationManager: No translations for ('pl-PL') exist, falling back to 'en' for localization and internationalization data.
[2017.04.24-13.50.30:144][  0]LogD3D11RHI: D3D11 adapters:
[2017.04.24-13.50.30:185][  0]LogD3D11RHI:    0. 'NVIDIA GeForce GTX 1060 6GB' (Feature Level 11_0)
[2017.04.24-13.50.30:185][  0]LogD3D11RHI:       6084/0/4077 MB DedicatedVideo/DedicatedSystem/SharedSystem, Outputs:2, VendorId:0x10de
[2017.04.24-13.50.30:186][  0]LogD3D11RHI:    1. 'Microsoft Basic Render Driver' (Feature Level 11_0)
[2017.04.24-13.50.30:186][  0]LogD3D11RHI:       0/0/4077 MB DedicatedVideo/DedicatedSystem/SharedSystem, Outputs:0, VendorId:0x1414
[2017.04.24-13.50.30:186][  0]LogD3D11RHI: Chosen D3D11 Adapter: 0
[2017.04.24-13.50.30:190][  0]LogD3D11RHI: Creating new Direct3DDevice
[2017.04.24-13.50.30:190][  0]LogD3D11RHI:     GPU DeviceId: 0x1c03 (for the marketing name, search the web for "GPU Device Id")
[2017.04.24-13.50.30:190][  0]LogWindows: EnumDisplayDevices:
[2017.04.24-13.50.30:191][  0]LogWindows:    0. 'NVIDIA GeForce GTX 1060 6GB' (P:0 D:1)
[2017.04.24-13.50.30:191][  0]LogWindows:    1. 'NVIDIA GeForce GTX 1060 6GB' (P:1 D:1)
[2017.04.24-13.50.30:191][  0]LogWindows:    2. 'NVIDIA GeForce GTX 1060 6GB' (P:0 D:0)
[2017.04.24-13.50.30:191][  0]LogWindows:    3. 'NVIDIA GeForce GTX 1060 6GB' (P:0 D:0)
[2017.04.24-13.50.30:191][  0]LogWindows: DebugString: FoundDriverCount:4 
[2017.04.24-13.50.30:191][  0]LogD3D11RHI:     Adapter Name: NVIDIA GeForce GTX 1060 6GB
[2017.04.24-13.50.30:191][  0]LogD3D11RHI:   Driver Version: 381.65 (internal:22.21.13.8165, unified:381.65)
[2017.04.24-13.50.30:191][  0]LogD3D11RHI:      Driver Date: 3-31-2017
[2017.04.24-13.50.30:191][  0]LogRHI: Texture pool is 1361 MB (70% of 1945 MB)
[2017.04.24-13.50.30:213][  0]LogD3D11RHI: Async texture creation enabled
[2017.04.24-13.50.30:223][  0]LogD3D11RHI: GPU Timing Frequency: 1000.000000 (Debug: 2 1)
[2017.04.24-13.50.30:318][  0]LogShaderCompilers: Guid format shader working directory is 15 characters bigger than the processId version (F:/TheFarm51/ZadanieRekrutacyjne/Intermediate/Shaders/WorkingDirectory/13296/).
[2017.04.24-13.50.30:318][  0]LogShaderCompilers: Cleaned the shader compiler working directory 'C:/Users/Dominik/AppData/Local/Temp/UnrealShaderWorkingDir/7795018D490A3D83C6D0788C51B8A93F/'.
[2017.04.24-13.50.30:318][  0]LogShaderCompilers:Display: Using Local Shader Compiler.
[2017.04.24-13.50.31:257][  0]LogTemp:Display: Loaded TP AllDesktopTargetPlatform
[2017.04.24-13.50.31:304][  0]LogTemp:Display: Loaded TP MacClientTargetPlatform
[2017.04.24-13.50.31:351][  0]LogTemp:Display: Loaded TP MacNoEditorTargetPlatform
[2017.04.24-13.50.31:398][  0]LogTemp:Display: Loaded TP MacServerTargetPlatform
[2017.04.24-13.50.31:446][  0]LogTemp:Display: Loaded TP MacTargetPlatform
[2017.04.24-13.50.31:493][  0]LogTemp:Display: Loaded TP WindowsClientTargetPlatform
[2017.04.24-13.50.31:543][  0]LogTemp:Display: Loaded TP WindowsNoEditorTargetPlatform
[2017.04.24-13.50.31:592][  0]LogTemp:Display: Loaded TP WindowsServerTargetPlatform
[2017.04.24-13.50.31:632][  0]LogTemp:Display: Loaded TP WindowsTargetPlatform
[2017.04.24-13.50.31:677][  0]LogTemp:Display: Loaded TP AndroidTargetPlatform
[2017.04.24-13.50.31:724][  0]LogTemp:Display: Loaded TP Android_ASTCTargetPlatform
[2017.04.24-13.50.31:770][  0]LogTemp:Display: Loaded TP Android_ATCTargetPlatform
[2017.04.24-13.50.31:818][  0]LogTemp:Display: Loaded TP Android_DXTTargetPlatform
[2017.04.24-13.50.31:864][  0]LogTemp:Display: Loaded TP Android_ETC1TargetPlatform
[2017.04.24-13.50.31:909][  0]LogTemp:Display: Loaded TP Android_ETC2TargetPlatform
[2017.04.24-13.50.32:005][  0]LogTemp:Display: Loaded TP Android_MultiTargetPlatform
[2017.04.24-13.50.32:005][  0]LogTemp:Display: Loaded TP Android_PVRTCTargetPlatform
[2017.04.24-13.50.32:037][  0]LogTemp:Display: Loaded TP HTML5TargetPlatform
[2017.04.24-13.50.32:123][  0]LogTemp:Display: Loaded TP IOSTargetPlatform
[2017.04.24-13.50.32:154][  0]LogTemp:Display: Loaded TP TVOSTargetPlatform
[2017.04.24-13.50.32:200][  0]LogTemp:Display: Loaded TP LinuxClientTargetPlatform
[2017.04.24-13.50.32:247][  0]LogTemp:Display: Loaded TP LinuxNoEditorTargetPlatform
[2017.04.24-13.50.32:292][  0]LogTemp:Display: Loaded TP LinuxServerTargetPlatform
[2017.04.24-13.50.32:339][  0]LogTemp:Display: Loaded TP LinuxTargetPlatform
[2017.04.24-13.50.32:339][  0]LogTargetPlatformManager:Display: Building Assets For Windows
[2017.04.24-13.50.32:715][  0]LogDerivedDataCache:Display: Max Cache Size: 512 MB
[2017.04.24-13.50.32:767][  0]LogDerivedDataCache: Loaded boot cache 0.05s 50MB C:/Users/Dominik/AppData/Local/UnrealEngine/4.15/DerivedDataCache/Boot.ddc.
[2017.04.24-13.50.32:767][  0]LogDerivedDataCache:Display: Loaded Boot cache: C:/Users/Dominik/AppData/Local/UnrealEngine/4.15/DerivedDataCache/Boot.ddc
[2017.04.24-13.50.32:767][  0]LogDerivedDataCache: FDerivedDataBackendGraph:  Pak pak cache file F:/TheFarm51/ZadanieRekrutacyjne/DerivedDataCache/DDC.ddp not found, will not use a pak cache.
[2017.04.24-13.50.32:767][  0]LogDerivedDataCache: Unable to find inner node Pak for hierarchical cache Hierarchy.
[2017.04.24-13.50.32:767][  0]LogDerivedDataCache: FDerivedDataBackendGraph:  CompressedPak pak cache file F:/TheFarm51/ZadanieRekrutacyjne/DerivedDataCache/Compressed.ddp not found, will not use a pak cache.
[2017.04.24-13.50.32:767][  0]LogDerivedDataCache: Unable to find inner node CompressedPak for hierarchical cache Hierarchy.
[2017.04.24-13.50.32:785][  0]LogDerivedDataCache:Display: Pak cache opened for reading ../../../Engine/DerivedDataCache/Compressed.ddp.
[2017.04.24-13.50.32:797][  0]LogDerivedDataCache: Using Local data cache path C:/Users/Dominik/AppData/Local/UnrealEngine/Common/DerivedDataCache: Writable
[2017.04.24-13.50.32:805][  0]LogSlate: Using Freetype 2.6.0
[2017.04.24-13.50.32:805][  0]LogSlate: SlateFontCache - WITH_FREETYPE: 1, WITH_HARFBUZZ: 1
[2017.04.24-13.50.32:805][  0]LogSlate: SlateFontCache - WITH_FREETYPE: 1, WITH_HARFBUZZ: 1
[2017.04.24-13.50.33:038][  0]LogInit: Selected Device Profile: [Windows]
[2017.04.24-13.50.33:040][  0]LogContentStreaming: Texture pool size is 0.00 MB
[2017.04.24-13.50.33:219][  0]LogMeshUtilities: Using QuadricMeshReduction for automatic static mesh reduction
[2017.04.24-13.50.33:255][  0]LogSimplygon: Simplygon DLL not present - disabling.
[2017.04.24-13.50.33:294][  0]LogMeshUtilities: Using SimplygonSwarm for distributed automatic mesh merging
[2017.04.24-13.50.33:294][  0]LogMeshUtilities: No automatic skeletal mesh reduction module available
[2017.04.24-13.50.33:294][  0]LogMeshUtilities: No automatic mesh merging module available
[2017.04.24-13.50.33:780][  0]LogNetVersion: GetLocalNetworkVersion: CL: 3299760, ProjectName: zadanierekrutacyjne, ProjectVersion: , EngineNetworkVersion: 2, GameNetworkVersion: 0, NetworkChecksum: 2856567825
[2017.04.24-13.50.33:822][  0]LogAssetRegistry: FAssetRegistry took 0.0213 seconds to start up
[2017.04.24-13.50.33:850][  0]LogPackageLocalizationCache: Processed 3 localized package path(s) for 1 prioritized culture(s) in 0.009645 seconds
[2017.04.24-13.50.33:854][  0]LogUObjectArray: 32493 objects as part of root set at end of initial load.
[2017.04.24-13.50.33:854][  0]LogUObjectAllocator: 7077032 out of 0 bytes used by permanent object pool.
[2017.04.24-13.50.33:854][  0]LogUObjectArray: CloseDisregardForGC: 0/0 objects in disregard for GC pool
[2017.04.24-13.50.33:907][  0]LogInit: WinSock: version 1.1 (2.2), MaxSocks=32767, MaxUdp=65467
[2017.04.24-13.50.35:269][  0]LogTcpMessaging: Initializing TcpMessaging bridge
[2017.04.24-13.50.35:304][  0]LogUdpMessaging: Initializing bridge on interface 0.0.0.0:0 to multicast group 230.0.0.1:6666.
[2017.04.24-13.50.35:724][  0]LogMaterial: Uniform references updated for custom material expression Custom.
[2017.04.24-13.50.36:039][  0]SourceControl: Info Source control is disabled
[2017.04.24-13.50.36:077][  0]SourceControl: Info Source control is disabled
[2017.04.24-13.50.36:115][  0]SourceControl: Info Source control is disabled
[2017.04.24-13.50.36:152][  0]SourceControl: Info Source control is disabled
[2017.04.24-13.50.37:211][  0]LogEngine: Initializing Engine...
[2017.04.24-13.50.37:211][  0]LogHMD: Failed to initialize OpenVR with code 110
[2017.04.24-13.50.37:424][  0]LogAIModule: Creating AISystem for world Untitled
[2017.04.24-13.50.37:432][  0]LogInit: XAudio2 using 'Głośniki (Realtek High Definition Audio)' : 2 channels at 48 kHz using 32 bits per sample (channel mask 0x3)
[2017.04.24-13.50.37:444][  0]LogInit: FAudioDevice initialized.
[2017.04.24-13.50.37:476][  0]LogDerivedDataCache: Saved boot cache 0.03s 50MB C:/Users/Dominik/AppData/Local/UnrealEngine/4.15/DerivedDataCache/Boot.ddc.
[2017.04.24-13.50.37:487][  0]LogInit: Texture streaming: Enabled
[2017.04.24-13.50.37:569][  0]LogEngineSessionManager: EngineSessionManager initialized
[2017.04.24-13.50.37:569][  0]LogEngineSessionManager: EngineSessionManager sent abnormal shutdown report. Type=Crashed, SessionId={1F944420-4E5A-6A17-108D-249079908793}
[2017.04.24-13.50.37:645][  0]LogInit: Transaction tracking system initialized
[2017.04.24-13.50.37:934][  0]BlueprintLog: New page: Editor Load
[2017.04.24-13.50.38:685][  0]LocalizationService: Info Localization service is disabled
[2017.04.24-13.50.39:261][  0]LogConsoleResponse:Display: 
[2017.04.24-13.50.39:371][  0]LogCook:Display: Max memory allowance for cook 16384mb min free memory 0mb
[2017.04.24-13.50.39:371][  0]LogCook:Display: Mobile HDR setting 1
[2017.04.24-13.50.39:859][  0]LogFileCache: Scanning file cache for directory 'F:/TheFarm51/ZadanieRekrutacyjne/Content/' took 0.01s
[2017.04.24-13.50.40:250][  0]SourceControl: Info Source control is disabled
[2017.04.24-13.50.40:250][  0]Cmd: MAP LOAD FILE="F:/TheFarm51/ZadanieRekrutacyjne/Content/StarterContent/Maps/Minimal_Default.umap" TEMPLATE=0 SHOWPROGRESS=1 FEATURELEVEL=3
[2017.04.24-13.50.40:251][  0]LightingResults: New page: Lighting Build
[2017.04.24-13.50.40:287][  0]MapCheck: New page: Map Check
[2017.04.24-13.50.40:287][  0]LightingResults: New page: Lighting Build
[2017.04.24-13.50.40:625][  0]LogAIModule: Creating AISystem for world Minimal_Default
[2017.04.24-13.50.40:650][  0]LogEditorServer: Finished looking for orphan Actors (0.000 secs)
[2017.04.24-13.50.40:651][  0]Cmd: MAP CHECKDEP NOCLEARLOG
[2017.04.24-13.50.40:691][  0]MapCheck: Info Map check complete: 0 Error(s), 0 Warning(s), took 40.313ms to complete.
[2017.04.24-13.50.40:691][  0]LogFileHelpers: Loading map 'Minimal_Default' took 0.441
[2017.04.24-13.50.40:761][  0]LogWindowsTextInputMethodSystem:Display: IME system now deactivated.
[2017.04.24-13.50.40:879][  0]LogCollectionManager: Loaded 0 collections in 0.001375 seconds
[2017.04.24-13.50.40:954][  0]LogFileCache: Scanning file cache for directory 'F:/TheFarm51/ZadanieRekrutacyjne/Saved/Collections/' took 0.01s
[2017.04.24-13.50.40:954][  0]LogFileCache: Scanning file cache for directory 'F:/TheFarm51/ZadanieRekrutacyjne/Content/Developers/Dominik/Collections/' took 0.01s
[2017.04.24-13.50.40:954][  0]LogFileCache: Scanning file cache for directory 'F:/TheFarm51/ZadanieRekrutacyjne/Content/Collections/' took 0.01s
[2017.04.24-13.50.40:954][  0]LogCollectionManager: Rebuilt the GUID cache for 0 collections in 0.000001 seconds
[2017.04.24-13.50.40:964][  0]LogContentBrowser: Native class hierarchy populated in 0.0103 seconds. Added 2249 classes and 455 folders.
[2017.04.24-13.50.40:967][  0]LogStats: UGameplayTagsManager::ConstructGameplayTagTree: Construct from data asset -  0.000 s
[2017.04.24-13.50.40:967][  0]LogStats: UGameplayTagsManager::ConstructGameplayTagTree: GameplayTagTreeChangedEvent.Broadcast -  0.000 s
[2017.04.24-13.50.41:021][  0]LogContentBrowser: Native class hierarchy updated for 'WidgetCarousel' in 0.0009 seconds. Added 0 classes and 0 folders.
[2017.04.24-13.50.41:055][  0]LogContentBrowser: Native class hierarchy updated for 'AddContentDialog' in 0.0012 seconds. Added 0 classes and 0 folders.
[2017.04.24-13.50.41:103][  0]LogContentBrowser: Native class hierarchy updated for 'SceneOutliner' in 0.0012 seconds. Added 1 classes and 2 folders.
[2017.04.24-13.50.41:148][  0]LogCrashTracker: Crashtracker disabled due to settings.
[2017.04.24-13.50.41:157][  0]LogUObjectGlobals:Warning: Failed to find object 'Class None.'
[2017.04.24-13.50.41:217][  0]LogContentBrowser: Native class hierarchy updated for 'HierarchicalLODOutliner' in 0.0012 seconds. Added 1 classes and 2 folders.
[2017.04.24-13.50.41:217][  0]LogLoad: (Engine Initialization) Total time: 13.45 seconds
[2017.04.24-13.50.41:217][  0]LogLoad: (Engine Initialization) Total Blueprint compile time: 0.08 seconds
[2017.04.24-13.50.41:217][  0]LogExternalProfiler: Found external profiler: VSPerf
[2017.04.24-13.50.41:217][  0]LogExternalProfiler: Using external profiler: VSPerf
[2017.04.24-13.50.41:226][  0]LogOcInput: OculusInput pre-init called
[2017.04.24-13.50.41:247][  0]LogContentStreaming: Texture pool size now 1000 MB
[2017.04.24-13.50.41:248][  0]LogSlate: Took 0.000195 seconds to synchronously load lazily loaded font '../../../Engine/Content/Slate/Fonts/Roboto-Regular.ttf' (155K)
[2017.04.24-13.50.41:252][  0]LogSlate: Took 0.000275 seconds to synchronously load lazily loaded font '../../../Engine/Content/Slate/Fonts/Roboto-Bold.ttf' (160K)
[2017.04.24-13.50.41:257][  0]LogSlate: Took 0.000207 seconds to synchronously load lazily loaded font '../../../Engine/Content/Editor/Slate/Fonts/FontAwesome.ttf' (139K)
[2017.04.24-13.50.41:365][  0]LogSlate: Took 0.000159 seconds to synchronously load lazily loaded font '../../../Engine/Content/Slate/Fonts/Roboto-Light.ttf' (159K)
[2017.04.24-13.50.41:409][  0]LogRenderer: Reallocating scene render targets to support 1208x600 NumSamples 1 (Frame:2).
[2017.04.24-13.50.41:480][  1]LogAssetRegistry: Asset discovery search completed in 7.6791 seconds
[2017.04.24-13.50.41:480][  1]LogCollectionManager: Rebuilt the object cache for 0 collections in 0.000019 seconds (found 0 objects)
[2017.04.24-13.50.41:480][  1]LogCollectionManager: Fixed up redirectors for 0 collections in 0.000032 seconds (updated 0 objects)
[2017.04.24-13.50.42:249][ 75]LogSlate: Took 0.000191 seconds to synchronously load lazily loaded font '../../../Engine/Content/Slate/Fonts/Roboto-Light.ttf' (159K)
[2017.04.24-13.50.44:549][337]LogTemp: Repeting last play command: Selected Viewport
[2017.04.24-13.50.44:563][337]LogBlueprintUserMessages: Early PlayInEditor Detection: Level '/Game/StarterContent/Maps/Minimal_Default.Minimal_Default:PersistentLevel' has LevelScriptBlueprint '/Game/StarterContent/Maps/Minimal_Default.Minimal_Default:PersistentLevel.Minimal_Default' with GeneratedClass '/Game/StarterContent/Maps/Minimal_Default.Minimal_Default_C' with ClassGeneratedBy '/Game/StarterContent/Maps/Minimal_Default.Minimal_Default:PersistentLevel.Minimal_Default'
[2017.04.24-13.50.44:563][337]LogPlayLevel: PlayLevel: No blueprints needed recompiling
[2017.04.24-13.50.44:564][337]PIE: New page: PIE session: Minimal_Default (Apr 24, 2017, 5:50:44 PM)
[2017.04.24-13.50.44:564][337]LogPlayLevel: Creating play world package: /Game/StarterContent/Maps/UEDPIE_0_Minimal_Default
[2017.04.24-13.50.44:571][337]LogPlayLevel: PIE: StaticDuplicateObject took: (0.007336s)
[2017.04.24-13.50.44:572][337]LogAIModule: Creating AISystem for world Minimal_Default
[2017.04.24-13.50.44:572][337]LogPlayLevel: PIE: World Init took: (0.001032s)
[2017.04.24-13.50.44:572][337]LogPlayLevel: PIE: Created PIE world by copying editor world from /Game/StarterContent/Maps/Minimal_Default.Minimal_Default to /Game/StarterContent/Maps/UEDPIE_0_Minimal_Default.Minimal_Default (0.008626s)
[2017.04.24-13.50.44:587][337]LogInit: XAudio2 using 'Głośniki (Realtek High Definition Audio)' : 2 channels at 48 kHz using 32 bits per sample (channel mask 0x3)
[2017.04.24-13.50.44:597][337]LogInit: FAudioDevice initialized.
[2017.04.24-13.50.44:641][337]LogUObjectGlobals:Warning: Failed to find object 'Class /Script/ZadanieRekrutacyjne.ZadanieRekrutacyjneGameMode'
[2017.04.24-13.50.44:641][337]LogLoad: Game class is 'GameModeBase'
[2017.04.24-13.50.44:644][337]LogWorld: Bringing World /Game/StarterContent/Maps/UEDPIE_0_Minimal_Default.Minimal_Default up for play (max tick rate 0) at 2017.04.24-15.50.44
[2017.04.24-13.50.44:644][337]LogWorld: Bringing up level for play took: 0.002101
[2017.04.24-13.50.44:679][337]LogContentBrowser: Native class hierarchy updated for 'MovieSceneCapture' in 0.0010 seconds. Added 11 classes and 0 folders.
[2017.04.24-13.50.44:680][337]PIE: Info Play in editor start time for /Game/StarterContent/Maps/UEDPIE_0_Minimal_Default -0.132
[2017.04.24-13.50.44:680][337]LogBlueprintUserMessages: Late PlayInEditor Detection: Level '/Game/StarterContent/Maps/Minimal_Default.Minimal_Default:PersistentLevel' has LevelScriptBlueprint '/Game/StarterContent/Maps/Minimal_Default.Minimal_Default:PersistentLevel.Minimal_Default' with GeneratedClass '/Game/StarterContent/Maps/Minimal_Default.Minimal_Default_C' with ClassGeneratedBy '/Game/StarterContent/Maps/Minimal_Default.Minimal_Default:PersistentLevel.Minimal_Default'
[2017.04.24-13.50.46:578][559]LogBlueprintUserMessages: Early EndPlayMap Detection: Level '/Game/StarterContent/Maps/Minimal_Default.Minimal_Default:PersistentLevel' has LevelScriptBlueprint '/Game/StarterContent/Maps/Minimal_Default.Minimal_Default:PersistentLevel.Minimal_Default' with GeneratedClass '/Game/StarterContent/Maps/Minimal_Default.Minimal_Default_C' with ClassGeneratedBy '/Game/StarterContent/Maps/Minimal_Default.Minimal_Default:PersistentLevel.Minimal_Default'
[2017.04.24-13.50.46:610][559]LogBlueprintUserMessages: Late EndPlayMap Detection: Level '/Game/StarterContent/Maps/Minimal_Default.Minimal_Default:PersistentLevel' has LevelScriptBlueprint '/Game/StarterContent/Maps/Minimal_Default.Minimal_Default:PersistentLevel.Minimal_Default' with GeneratedClass '/Game/StarterContent/Maps/Minimal_Default.Minimal_Default_C' with ClassGeneratedBy '/Game/StarterContent/Maps/Minimal_Default.Minimal_Default:PersistentLevel.Minimal_Default'
[2017.04.24-14.23.16:008][115]LogHotReload: New module detected: UE4Editor-ZadanieRekrutacyjne-8380.dll
[2017.04.24-14.23.17:009][119]LogHotReload: Starting Hot-Reload from IDE
[2017.04.24-14.23.17:023][119]LogSlate: Took 0.000457 seconds to synchronously load lazily loaded font '../../../Engine/Content/Slate/Fonts/Roboto-Light.ttf' (159K)
[2017.04.24-14.23.17:144][119]LogClass: Could not find existing class LightBulb in package /Script/ZadanieRekrutacyjne for HotReload, assuming new class
[2017.04.24-14.23.17:148][119]LogHotReload: Re-instancing LightBulb after hot-reload.
[2017.04.24-14.23.17:209][119]LogContentBrowser: Native class hierarchy updated for 'ZadanieRekrutacyjne' in 0.0016 seconds. Added 4 classes and 2 folders.
[2017.04.24-14.23.17:211][119]Display: HotReload successful (0 functions remapped  0 scriptstructs remapped)
[2017.04.24-14.23.17:282][119]LogContentBrowser: Native class hierarchy populated in 0.0130 seconds. Added 2251 classes and 459 folders.
[2017.04.24-14.23.17:291][119]Display: HotReload took  0.3s.
[2017.04.24-14.23.28:389][ 99]LogSlate: Took 0.005521 seconds to synchronously load lazily loaded font '../../../Engine/Content/Editor/Slate/Fonts/Roboto-BoldCondensed.ttf' (158K)
[2017.04.24-14.23.31:140][372]LogContentBrowser: Native class hierarchy updated for 'BlueprintGraph' in 0.0017 seconds. Added 112 classes and 0 folders.
[2017.04.24-14.23.31:809][372]LogActor:Warning: MyLightBulb_C /Engine/Transient.World_3:PersistentLevel.MyLightBulb_C_0 has natively added scene component(s), but none of them were set as the actor's RootComponent - picking one arbitrarily
[2017.04.24-14.23.31:899][372]LogRenderer: Reallocating scene render targets to support 1208x940 NumSamples 1 (Frame:2412).
[2017.04.24-14.23.36:032][775]LogSlate: Took 0.005427 seconds to synchronously load lazily loaded font '../../../Engine/Content/Editor/Slate/Fonts/Roboto-Italic.ttf' (157K)
[2017.04.24-14.23.49:349][153]LogActor:Warning: MyLightBulb_C /Engine/Transient.World_4:PersistentLevel.MyLightBulb_C_1 has natively added scene component(s), but none of them were set as the actor's RootComponent - picking one arbitrarily
[2017.04.24-14.23.50:302][255]Cmd: OBJ SAVEPACKAGE PACKAGE="/Game/Blueprints/MyLightBulb" FILE="F:/TheFarm51/ZadanieRekrutacyjne/Content/Blueprints/MyLightBulb.uasset" SILENT=true
[2017.04.24-14.23.50:316][255]LogSavePackage: Save=11.32ms
[2017.04.24-14.23.50:316][255]LogSavePackage: Moving 'F:/TheFarm51/ZadanieRekrutacyjne/Saved/MyLightBulb331355E04EAE228B21F378A7367DF50D.tmp' to 'F:/TheFarm51/ZadanieRekrutacyjne/Content/Blueprints/MyLightBulb.uasset'
[2017.04.24-14.23.50:317][255]LogSavePackage:Display: Finished SavePackage F:/TheFarm51/ZadanieRekrutacyjne/Content/Blueprints/MyLightBulb.uasset
[2017.04.24-14.23.55:448][850]Cmd: OBJ SAVEPACKAGE PACKAGE="/Game/Blueprints/MyLightBulb" FILE="F:/TheFarm51/ZadanieRekrutacyjne/Content/Blueprints/MyLightBulb.uasset" SILENT=true
[2017.04.24-14.23.55:466][850]LogSavePackage: Save=11.28ms
[2017.04.24-14.23.55:466][850]LogSavePackage: Moving 'F:/TheFarm51/ZadanieRekrutacyjne/Saved/MyLightBulb5E5ED5DB44C6E84FFACBDCB44E6473A6.tmp' to 'F:/TheFarm51/ZadanieRekrutacyjne/Content/Blueprints/MyLightBulb.uasset'
[2017.04.24-14.23.55:468][850]LogSavePackage:Display: Finished SavePackage F:/TheFarm51/ZadanieRekrutacyjne/Content/Blueprints/MyLightBulb.uasset
[2017.04.24-14.23.56:368][956]BlueprintLog: New page: Compile MyLightBulb
[2017.04.24-14.23.56:390][956]LogActor:Warning: MyLightBulb_C /Engine/Transient.World_4:PersistentLevel.MyLightBulb_C_1 has natively added scene component(s), but none of them were set as the actor's RootComponent - picking one arbitrarily
[2017.04.24-14.26.05:205][812]LogContentBrowser: Native class hierarchy updated for 'DestructibleMeshEditor' in 0.0011 seconds. Added 1 classes and 2 folders.
[2017.04.24-14.26.05:304][812]LogRenderer: Reallocating scene render targets to support 1208x964 NumSamples 1 (Frame:13586).
[2017.04.24-14.28.04:216][533]Cmd: OBJ SAVEPACKAGE PACKAGE="/Game/Blueprints/Bulb_DM" FILE="F:/TheFarm51/ZadanieRekrutacyjne/Content/Blueprints/Bulb_DM.uasset" SILENT=true
[2017.04.24-14.28.04:319][533]LogSavePackage: Save=54.10ms
[2017.04.24-14.28.04:319][533]LogSavePackage: Moving 'F:/TheFarm51/ZadanieRekrutacyjne/Saved/Bulb_DMCFD670F548DC3218D74022B465CABC9F.tmp' to 'F:/TheFarm51/ZadanieRekrutacyjne/Content/Blueprints/Bulb_DM.uasset'
[2017.04.24-14.28.04:320][533]LogSavePackage:Display: Finished SavePackage F:/TheFarm51/ZadanieRekrutacyjne/Content/Blueprints/Bulb_DM.uasset
[2017.04.24-14.28.05:680][695]LogDestructible:Warning: MainMesh Tris: 960
[2017.04.24-14.28.12:258][695]LogApexDestructibleAssetImport:Warning: Using default materials for material slot
[2017.04.24-14.28.12:259][695]LogApexDestructibleAssetImport:Warning: Bones digested - 27  Depth of hierarchy - 2
[2017.04.24-14.28.12:301][695]LogSkeletalMesh: Section 0: 2477 vertices, 22 active bones
[2017.04.24-14.28.12:302][695]LogSkeletalMesh: Section 1: 2034 vertices, 25 active bones
[2017.04.24-14.28.12:308][695]LogSkeletalMesh: Section 0: Material=0, 3250 triangles
[2017.04.24-14.28.12:308][695]LogSkeletalMesh: Section 1: Material=1, 1460 triangles
[2017.04.24-14.28.16:875][239]Cmd: OBJ SAVEPACKAGE PACKAGE="/Game/Blueprints/Bulb_DM" FILE="F:/TheFarm51/ZadanieRekrutacyjne/Content/Blueprints/Bulb_DM.uasset" SILENT=true
[2017.04.24-14.28.16:930][239]LogSavePackage: Save=52.24ms
[2017.04.24-14.28.16:930][239]LogSavePackage: Moving 'F:/TheFarm51/ZadanieRekrutacyjne/Saved/Bulb_DMC22135454450A8B3544D0790ED85DF22.tmp' to 'F:/TheFarm51/ZadanieRekrutacyjne/Content/Blueprints/Bulb_DM.uasset'
[2017.04.24-14.28.16:931][239]LogSavePackage:Display: Finished SavePackage F:/TheFarm51/ZadanieRekrutacyjne/Content/Blueprints/Bulb_DM.uasset
[2017.04.24-14.28.23:362][982]Cmd: OBJ SAVEPACKAGE PACKAGE="/Game/Blueprints/LampBody_DM" FILE="F:/TheFarm51/ZadanieRekrutacyjne/Content/Blueprints/LampBody_DM.uasset" SILENT=true
[2017.04.24-14.28.23:448][982]LogSavePackage: Save=48.30ms
[2017.04.24-14.28.23:448][982]LogSavePackage: Moving 'F:/TheFarm51/ZadanieRekrutacyjne/Saved/LampBody_DM25EEC7AB42750D02154E31828C7870F1.tmp' to 'F:/TheFarm51/ZadanieRekrutacyjne/Content/Blueprints/LampBody_DM.uasset'
[2017.04.24-14.28.23:450][982]LogSavePackage:Display: Finished SavePackage F:/TheFarm51/ZadanieRekrutacyjne/Content/Blueprints/LampBody_DM.uasset
[2017.04.24-14.28.24:251][ 78]LogDestructible:Warning: MainMesh Tris: 284
[2017.04.24-14.28.24:460][ 78]LogApexDestructibleAssetImport:Warning: Using default materials for material slot
[2017.04.24-14.28.24:462][ 78]LogApexDestructibleAssetImport:Warning: Bones digested - 27  Depth of hierarchy - 2
[2017.04.24-14.28.24:509][ 78]LogSkeletalMesh: Section 0: 2208 vertices, 25 active bones
[2017.04.24-14.28.24:509][ 78]LogSkeletalMesh: Section 1: 3382 vertices, 25 active bones
[2017.04.24-14.28.24:517][ 78]LogSkeletalMesh: Section 0: Material=0, 2482 triangles
[2017.04.24-14.28.24:517][ 78]LogSkeletalMesh: Section 1: Material=1, 3100 triangles
[2017.04.24-14.28.25:900][240]Cmd: OBJ SAVEPACKAGE PACKAGE="/Game/Blueprints/LampBody_DM" FILE="F:/TheFarm51/ZadanieRekrutacyjne/Content/Blueprints/LampBody_DM.uasset" SILENT=true
[2017.04.24-14.28.25:950][240]LogSavePackage: Save=48.06ms
[2017.04.24-14.28.25:950][240]LogSavePackage: Moving 'F:/TheFarm51/ZadanieRekrutacyjne/Saved/LampBody_DM28BF377E4821DB38032A56B6C4B0ACF9.tmp' to 'F:/TheFarm51/ZadanieRekrutacyjne/Content/Blueprints/LampBody_DM.uasset'
[2017.04.24-14.28.25:951][240]LogSavePackage:Display: Finished SavePackage F:/TheFarm51/ZadanieRekrutacyjne/Content/Blueprints/LampBody_DM.uasset
[2017.04.24-14.30.41:774][476]LogHotReload: New module detected: UE4Editor-ZadanieRekrutacyjne-3519.dll
[2017.04.24-14.30.42:778][480]LogHotReload: Starting Hot-Reload from IDE
[2017.04.24-14.30.42:878][480]LogClass: Could not find existing class LightBulb in package /Script/ZadanieRekrutacyjne for HotReload, assuming new class
[2017.04.24-14.30.42:884][480]LogHotReload: Re-instancing LightBulb after hot-reload.
[2017.04.24-14.30.43:048][480]LogActor:Warning: MyLightBulb_C /Engine/Transient.World_4:PersistentLevel.MyLightBulb_C_1 has natively added scene component(s), but none of them were set as the actor's RootComponent - picking one arbitrarily
[2017.04.24-14.30.43:167][480]LogContentBrowser: Native class hierarchy updated for 'ZadanieRekrutacyjne' in 0.0013 seconds. Added 4 classes and 2 folders.
[2017.04.24-14.30.43:169][480]Display: HotReload successful (0 functions remapped  0 scriptstructs remapped)
[2017.04.24-14.30.43:432][480]LogContentBrowser: Native class hierarchy populated in 0.0090 seconds. Added 2252 classes and 461 folders.
[2017.04.24-14.30.43:439][480]Display: HotReload took  0.7s.
[2017.04.24-14.31.03:017][931]LogActor:Warning: MyLightBulb_C /Engine/Transient.World_8:PersistentLevel.MyLightBulb_C_0 has natively added scene component(s), but none of them were set as the actor's RootComponent - picking one arbitrarily
[2017.04.24-14.31.34:037][475]LogActor:Warning: MyLightBulb_C /Engine/Transient.World_9:PersistentLevel.MyLightBulb_C_1 has natively added scene component(s), but none of them were set as the actor's RootComponent - picking one arbitrarily
[2017.04.24-14.32.05:617][580]LogHotReload: New module detected: UE4Editor-ZadanieRekrutacyjne-8466.dll
[2017.04.24-14.32.06:289][583]LogHotReload: Starting Hot-Reload from IDE
[2017.04.24-14.32.06:439][583]LogContentBrowser: Native class hierarchy updated for 'ZadanieRekrutacyjne' in 0.0011 seconds. Added 4 classes and 2 folders.
[2017.04.24-14.32.06:441][583]Display: HotReload successful (0 functions remapped  0 scriptstructs remapped)
[2017.04.24-14.32.06:700][583]LogContentBrowser: Native class hierarchy populated in 0.0093 seconds. Added 2252 classes and 461 folders.
[2017.04.24-14.32.06:707][583]Display: HotReload took  0.4s.
[2017.04.24-14.33.16:382][792]LogHotReload: New module detected: UE4Editor-ZadanieRekrutacyjne-6211.dll
[2017.04.24-14.33.17:387][796]LogHotReload: Starting Hot-Reload from IDE
[2017.04.24-14.33.17:516][796]LogClass: Could not find existing class LightBulb in package /Script/ZadanieRekrutacyjne for HotReload, assuming new class
[2017.04.24-14.33.17:523][796]LogHotReload: Re-instancing LightBulb after hot-reload.
[2017.04.24-14.33.17:705][796]LogActor:Warning: MyLightBulb_C /Engine/Transient.World_9:PersistentLevel.MyLightBulb_C_1 has natively added scene component(s), but none of them were set as the actor's RootComponent - picking one arbitrarily
