Log file open, 04/25/17 22:15:01
LogInit:Display: Running engine for game: ZadanieRekrutacyjne
LogPlatformFile: Not using cached read wrapper
LogInit:Display: RandInit(-539704879) SRandInit(-539704878).
LogTaskGraph: Started task graph with 5 named threads and 8 total threads with 1 sets of task threads.
LogStats: Stats thread started at 0.261941
LogInit: Using libcurl 7.47.1
LogInit:  - built for x86_64-pc-win32
LogInit:  - supports SSL with OpenSSL/1.0.2g
LogInit:  - supports HTTP deflate (compression) using libz 1.2.8
LogInit:  - other features:
LogInit:      CURL_VERSION_SSL
LogInit:      CURL_VERSION_LIBZ
LogInit:      CURL_VERSION_IPV6
LogInit:      CURL_VERSION_ASYNCHDNS
LogInit:      CURL_VERSION_LARGEFILE
LogInit:      CURL_VERSION_IDN
LogInit:  CurlRequestOptions (configurable via config and command line):
LogInit:  - bVerifyPeer = false  - Libcurl will NOT verify peer certificate
LogInit:  - bUseHttpProxy = false  - Libcurl will NOT use HTTP proxy
LogInit:  - bDontReuseConnections = false  - Libcurl will reuse connections
LogInit:  - CertBundlePath = nullptr  - Libcurl will use whatever was configured at build time.
LogInit: Build: ++UE4+Release-4.15-CL-3348071
LogInit: Engine Version: 4.15.1-3348071+++UE4+Release-4.15
LogInit: Compatible Engine Version: 4.15.0-3299760+++UE4+Release-4.15
LogInit: Net CL: 3299760
LogDevObjectVersion: Number of dev versions registered: 14
LogDevObjectVersion:   Dev-Blueprints (B0D832E4-1F89-4F0D-ACCF-7EB736FD4AA2): 8
LogDevObjectVersion:   Dev-Build (E1C64328-A22C-4D53-A36C-8E866417BD8C): 0
LogDevObjectVersion:   Dev-Core (375EC13C-06E4-48FB-B500-84F0262A717E): 2
LogDevObjectVersion:   Dev-Editor (E4B068ED-F494-42E9-A231-DA0B2E46BB41): 14
LogDevObjectVersion:   Dev-Framework (CFFC743F-43B0-4480-9391-14DF171D2073): 22
LogDevObjectVersion:   Dev-Mobile (B02B49B5-BB20-44E9-A304-32B752E40360): 0
LogDevObjectVersion:   Dev-Networking (A4E4105C-59A1-49B5-A7C5-40C4547EDFEE): 0
LogDevObjectVersion:   Dev-Online (39C831C9-5AE6-47DC-9A44-9C173E1C8E7C): 0
LogDevObjectVersion:   Dev-Physics (78F01B33-EBEA-4F98-B9B4-84EACCB95AA2): 0
LogDevObjectVersion:   Dev-Platform (6631380F-2D4D-43E0-8009-CF276956A95A): 0
LogDevObjectVersion:   Dev-Rendering (12F88B9F-8875-4AFC-A67C-D90C383ABD29): 12
LogDevObjectVersion:   Dev-Sequencer (7B5AE74C-D270-4C10-A958-57980B212A5A): 3
LogDevObjectVersion:   Dev-VR (D7296918-1DD6-4BDD-9DE2-64A83CC13884): 0
LogDevObjectVersion:   Dev-LoadTimes (C2A15278-BFE7-4AFE-6C17-90FF531DF755): 1
LogInit: Compiled (64-bit): Mar 15 2017 16:52:47
LogInit: Compiled with Visual C++: 19.00.23026.00
LogInit: Build Configuration: Development
LogInit: Branch Name: ++UE4+Release-4.15
LogInit: Command line:  
LogInit: Base directory: C:/Program Files/Epic Games/UE_4.15/Engine/Binaries/Win64/
LogInit: Installed Engine Build: 1
LogInit: Presizing for max 8388607 objects, including 0 objects not considered by GC, pre-allocating 0 bytes for permanent pool.
LogInit: Object subsystem initialized
[2017.04.25-20.15.03:315][  0]LogInit: Selected Device Profile: [Windows]
[2017.04.25-20.15.03:315][  0]LogInit: Applying CVar settings loaded from the selected device profile: [Windows]
[2017.04.25-20.15.03:361][  0]LogInit: Computer: DESKTOP-DOMINIK
[2017.04.25-20.15.03:361][  0]LogInit: User: Dominik
[2017.04.25-20.15.03:361][  0]LogInit: CPU Page size=65536, Cores=4
[2017.04.25-20.15.03:361][  0]LogInit: High frequency timer resolution =3.117191 MHz
[2017.04.25-20.15.03:362][  0]LogMemory: Memory total: Physical=8.0GB (8GB approx)
[2017.04.25-20.15.03:362][  0]LogMemory: Platform Memory Stats for Windows
[2017.04.25-20.15.03:362][  0]LogMemory: Process Physical Memory: 263.37 MB used, 263.37 MB peak
[2017.04.25-20.15.03:362][  0]LogMemory: Process Virtual Memory: 262.46 MB used, 262.46 MB peak
[2017.04.25-20.15.03:362][  0]LogMemory: Physical Memory: 4101.40 MB used,  4053.69 MB free, 8155.09 MB total
[2017.04.25-20.15.03:362][  0]LogMemory: Virtual Memory: 644.39 MB used,  4053.69 MB free, 134217728.00 MB total
[2017.04.25-20.15.03:846][  0]LogTextLocalizationManager: No translations for ('pl-PL') exist, falling back to 'en' for localization and internationalization data.
[2017.04.25-20.15.07:288][  0]LogD3D11RHI: D3D11 adapters:
[2017.04.25-20.15.07:352][  0]LogD3D11RHI:    0. 'NVIDIA GeForce GTX 1060 6GB' (Feature Level 11_0)
[2017.04.25-20.15.07:352][  0]LogD3D11RHI:       6084/0/4077 MB DedicatedVideo/DedicatedSystem/SharedSystem, Outputs:2, VendorId:0x10de
[2017.04.25-20.15.07:353][  0]LogD3D11RHI:    1. 'Microsoft Basic Render Driver' (Feature Level 11_0)
[2017.04.25-20.15.07:353][  0]LogD3D11RHI:       0/0/4077 MB DedicatedVideo/DedicatedSystem/SharedSystem, Outputs:0, VendorId:0x1414
[2017.04.25-20.15.07:353][  0]LogD3D11RHI: Chosen D3D11 Adapter: 0
[2017.04.25-20.15.07:361][  0]LogD3D11RHI: Creating new Direct3DDevice
[2017.04.25-20.15.07:361][  0]LogD3D11RHI:     GPU DeviceId: 0x1c03 (for the marketing name, search the web for "GPU Device Id")
[2017.04.25-20.15.07:361][  0]LogWindows: EnumDisplayDevices:
[2017.04.25-20.15.07:361][  0]LogWindows:    0. 'NVIDIA GeForce GTX 1060 6GB' (P:0 D:1)
[2017.04.25-20.15.07:361][  0]LogWindows:    1. 'NVIDIA GeForce GTX 1060 6GB' (P:1 D:1)
[2017.04.25-20.15.07:361][  0]LogWindows:    2. 'NVIDIA GeForce GTX 1060 6GB' (P:0 D:0)
[2017.04.25-20.15.07:361][  0]LogWindows:    3. 'NVIDIA GeForce GTX 1060 6GB' (P:0 D:0)
[2017.04.25-20.15.07:361][  0]LogWindows: DebugString: FoundDriverCount:4 
[2017.04.25-20.15.07:361][  0]LogD3D11RHI:     Adapter Name: NVIDIA GeForce GTX 1060 6GB
[2017.04.25-20.15.07:362][  0]LogD3D11RHI:   Driver Version: 381.89 (internal:22.21.13.8189, unified:381.89)
[2017.04.25-20.15.07:362][  0]LogD3D11RHI:      Driver Date: 4-19-2017
[2017.04.25-20.15.07:362][  0]LogRHI: Texture pool is 1361 MB (70% of 1945 MB)
[2017.04.25-20.15.07:387][  0]LogD3D11RHI: Async texture creation enabled
[2017.04.25-20.15.07:430][  0]LogD3D11RHI: GPU Timing Frequency: 1000.000000 (Debug: 2 1)
[2017.04.25-20.15.07:539][  0]LogShaderCompilers: Guid format shader working directory is 15 characters bigger than the processId version (F:/TheFarm51/ZadanieRekrutacyjne/Intermediate/Shaders/WorkingDirectory/11516/).
[2017.04.25-20.15.07:539][  0]LogShaderCompilers: Cleaned the shader compiler working directory 'C:/Users/Dominik/AppData/Local/Temp/UnrealShaderWorkingDir/F54FC39B42A10E1B6AAAE0A4CFAAC16B/'.
[2017.04.25-20.15.07:539][  0]LogShaderCompilers:Display: Using Local Shader Compiler.
[2017.04.25-20.15.10:481][  0]LogTemp:Display: Loaded TP AllDesktopTargetPlatform
[2017.04.25-20.15.10:562][  0]LogTemp:Display: Loaded TP MacClientTargetPlatform
[2017.04.25-20.15.10:628][  0]LogTemp:Display: Loaded TP MacNoEditorTargetPlatform
[2017.04.25-20.15.10:721][  0]LogTemp:Display: Loaded TP MacServerTargetPlatform
[2017.04.25-20.15.10:826][  0]LogTemp:Display: Loaded TP MacTargetPlatform
[2017.04.25-20.15.10:901][  0]LogTemp:Display: Loaded TP WindowsClientTargetPlatform
[2017.04.25-20.15.10:976][  0]LogTemp:Display: Loaded TP WindowsNoEditorTargetPlatform
[2017.04.25-20.15.11:038][  0]LogTemp:Display: Loaded TP WindowsServerTargetPlatform
[2017.04.25-20.15.11:090][  0]LogTemp:Display: Loaded TP WindowsTargetPlatform
[2017.04.25-20.15.11:166][  0]LogTemp:Display: Loaded TP AndroidTargetPlatform
[2017.04.25-20.15.11:225][  0]LogTemp:Display: Loaded TP Android_ASTCTargetPlatform
[2017.04.25-20.15.11:293][  0]LogTemp:Display: Loaded TP Android_ATCTargetPlatform
[2017.04.25-20.15.11:370][  0]LogTemp:Display: Loaded TP Android_DXTTargetPlatform
[2017.04.25-20.15.11:437][  0]LogTemp:Display: Loaded TP Android_ETC1TargetPlatform
[2017.04.25-20.15.11:509][  0]LogTemp:Display: Loaded TP Android_ETC2TargetPlatform
[2017.04.25-20.15.11:668][  0]LogTemp:Display: Loaded TP Android_MultiTargetPlatform
[2017.04.25-20.15.11:668][  0]LogTemp:Display: Loaded TP Android_PVRTCTargetPlatform
[2017.04.25-20.15.11:724][  0]LogTemp:Display: Loaded TP HTML5TargetPlatform
[2017.04.25-20.15.11:900][  0]LogTemp:Display: Loaded TP IOSTargetPlatform
[2017.04.25-20.15.11:948][  0]LogTemp:Display: Loaded TP TVOSTargetPlatform
[2017.04.25-20.15.12:040][  0]LogTemp:Display: Loaded TP LinuxClientTargetPlatform
[2017.04.25-20.15.12:109][  0]LogTemp:Display: Loaded TP LinuxNoEditorTargetPlatform
[2017.04.25-20.15.12:177][  0]LogTemp:Display: Loaded TP LinuxServerTargetPlatform
[2017.04.25-20.15.12:248][  0]LogTemp:Display: Loaded TP LinuxTargetPlatform
[2017.04.25-20.15.12:248][  0]LogTargetPlatformManager:Display: Building Assets For Windows
[2017.04.25-20.15.13:037][  0]LogDerivedDataCache:Display: Max Cache Size: 512 MB
[2017.04.25-20.15.13:288][  0]LogDerivedDataCache: Loaded boot cache 0.25s 50MB C:/Users/Dominik/AppData/Local/UnrealEngine/4.15/DerivedDataCache/Boot.ddc.
[2017.04.25-20.15.13:288][  0]LogDerivedDataCache:Display: Loaded Boot cache: C:/Users/Dominik/AppData/Local/UnrealEngine/4.15/DerivedDataCache/Boot.ddc
[2017.04.25-20.15.13:288][  0]LogDerivedDataCache: FDerivedDataBackendGraph:  Pak pak cache file F:/TheFarm51/ZadanieRekrutacyjne/DerivedDataCache/DDC.ddp not found, will not use a pak cache.
[2017.04.25-20.15.13:288][  0]LogDerivedDataCache: Unable to find inner node Pak for hierarchical cache Hierarchy.
[2017.04.25-20.15.13:288][  0]LogDerivedDataCache: FDerivedDataBackendGraph:  CompressedPak pak cache file F:/TheFarm51/ZadanieRekrutacyjne/DerivedDataCache/Compressed.ddp not found, will not use a pak cache.
[2017.04.25-20.15.13:288][  0]LogDerivedDataCache: Unable to find inner node CompressedPak for hierarchical cache Hierarchy.
[2017.04.25-20.15.13:316][  0]LogDerivedDataCache:Display: Pak cache opened for reading ../../../Engine/DerivedDataCache/Compressed.ddp.
[2017.04.25-20.15.13:328][  0]LogDerivedDataCache: Using Local data cache path C:/Users/Dominik/AppData/Local/UnrealEngine/Common/DerivedDataCache: Writable
[2017.04.25-20.15.13:362][  0]LogSlate: Using Freetype 2.6.0
[2017.04.25-20.15.13:379][  0]LogSlate: SlateFontCache - WITH_FREETYPE: 1, WITH_HARFBUZZ: 1
[2017.04.25-20.15.13:380][  0]LogSlate: SlateFontCache - WITH_FREETYPE: 1, WITH_HARFBUZZ: 1
[2017.04.25-20.15.17:324][  0]LogInit: Selected Device Profile: [Windows]
[2017.04.25-20.15.17:359][  0]LogContentStreaming: Texture pool size is 0.00 MB
[2017.04.25-20.15.17:898][  0]LogMeshUtilities: Using QuadricMeshReduction for automatic static mesh reduction
[2017.04.25-20.15.17:967][  0]LogSimplygon: Simplygon DLL not present - disabling.
[2017.04.25-20.15.18:056][  0]LogMeshUtilities: Using SimplygonSwarm for distributed automatic mesh merging
[2017.04.25-20.15.18:056][  0]LogMeshUtilities: No automatic skeletal mesh reduction module available
[2017.04.25-20.15.18:056][  0]LogMeshUtilities: No automatic mesh merging module available
[2017.04.25-20.15.20:324][  0]LogNetVersion: GetLocalNetworkVersion: CL: 3299760, ProjectName: zadanierekrutacyjne, ProjectVersion: , EngineNetworkVersion: 2, GameNetworkVersion: 0, NetworkChecksum: 2856567825
[2017.04.25-20.15.20:391][  0]LogAssetRegistry: FAssetRegistry took 0.0250 seconds to start up
[2017.04.25-20.15.20:435][  0]LogPackageLocalizationCache: Processed 3 localized package path(s) for 1 prioritized culture(s) in 0.017689 seconds
[2017.04.25-20.15.20:442][  0]LogUObjectArray: 32493 objects as part of root set at end of initial load.
[2017.04.25-20.15.20:442][  0]LogUObjectAllocator: 7077024 out of 0 bytes used by permanent object pool.
[2017.04.25-20.15.20:442][  0]LogUObjectArray: CloseDisregardForGC: 0/0 objects in disregard for GC pool
[2017.04.25-20.15.20:532][  0]LogInit: WinSock: version 1.1 (2.2), MaxSocks=32767, MaxUdp=65467
[2017.04.25-20.15.25:030][  0]LogTcpMessaging: Initializing TcpMessaging bridge
[2017.04.25-20.15.25:089][  0]LogUdpMessaging: Initializing bridge on interface 0.0.0.0:0 to multicast group 230.0.0.1:6666.
[2017.04.25-20.15.25:956][  0]LogMaterial: Uniform references updated for custom material expression Custom.
[2017.04.25-20.15.26:582][  0]SourceControl: Info Source control is disabled
[2017.04.25-20.15.26:627][  0]SourceControl: Info Source control is disabled
[2017.04.25-20.15.26:690][  0]SourceControl: Info Source control is disabled
[2017.04.25-20.15.26:750][  0]SourceControl: Info Source control is disabled
[2017.04.25-20.15.28:749][  0]LogEngine: Initializing Engine...
[2017.04.25-20.15.28:751][  0]LogHMD: Failed to initialize OpenVR with code 110
[2017.04.25-20.15.29:232][  0]LogAIModule: Creating AISystem for world Untitled
[2017.04.25-20.15.29:255][  0]LogInit: XAudio2 using 'Głośniki (Realtek High Definition Audio)' : 2 channels at 48 kHz using 32 bits per sample (channel mask 0x3)
[2017.04.25-20.15.29:281][  0]LogInit: FAudioDevice initialized.
[2017.04.25-20.15.29:314][  0]LogDerivedDataCache: Saved boot cache 0.03s 50MB C:/Users/Dominik/AppData/Local/UnrealEngine/4.15/DerivedDataCache/Boot.ddc.
[2017.04.25-20.15.29:329][  0]LogInit: Texture streaming: Enabled
[2017.04.25-20.15.29:504][  0]LogEngineSessionManager: EngineSessionManager initialized
[2017.04.25-20.15.29:626][  0]LogInit: Transaction tracking system initialized
[2017.04.25-20.15.30:138][  0]BlueprintLog: New page: Editor Load
[2017.04.25-20.15.31:516][  0]LocalizationService: Info Localization service is disabled
[2017.04.25-20.15.32:489][  0]LogConsoleResponse:Display: 
[2017.04.25-20.15.32:865][  0]LogFileCache: Scanning file cache for directory 'F:/TheFarm51/ZadanieRekrutacyjne/Content/' took 0.02s
[2017.04.25-20.15.32:865][  0]LogCook:Display: Max memory allowance for cook 16384mb min free memory 0mb
[2017.04.25-20.15.32:866][  0]LogCook:Display: Mobile HDR setting 1
[2017.04.25-20.15.34:445][  0]SourceControl: Info Source control is disabled
[2017.04.25-20.15.34:448][  0]Cmd: MAP LOAD FILE="F:/TheFarm51/ZadanieRekrutacyjne/Content/StarterContent/Maps/Minimal_Default.umap" TEMPLATE=0 SHOWPROGRESS=1 FEATURELEVEL=3
[2017.04.25-20.15.34:656][  0]LightingResults: New page: Lighting Build
[2017.04.25-20.15.34:715][  0]MapCheck: New page: Map Check
[2017.04.25-20.15.34:715][  0]LightingResults: New page: Lighting Build
[2017.04.25-20.15.39:252][  0]LogAIModule: Creating AISystem for world Minimal_Default
[2017.04.25-20.15.39:337][  0]LogEditorServer: Finished looking for orphan Actors (0.000 secs)
[2017.04.25-20.15.39:343][  0]Cmd: MAP CHECKDEP NOCLEARLOG
[2017.04.25-20.15.39:384][  0]MapCheck: Info Map check complete: 0 Error(s), 0 Warning(s), took 40.575ms to complete.
[2017.04.25-20.15.39:385][  0]LogFileHelpers: Loading map 'Minimal_Default' took 4.937
[2017.04.25-20.15.39:728][  0]LogCollectionManager: Loaded 0 collections in 0.001493 seconds
[2017.04.25-20.15.39:832][  0]LogFileCache: Scanning file cache for directory 'F:/TheFarm51/ZadanieRekrutacyjne/Saved/Collections/' took 0.01s
[2017.04.25-20.15.39:832][  0]LogFileCache: Scanning file cache for directory 'F:/TheFarm51/ZadanieRekrutacyjne/Content/Developers/Dominik/Collections/' took 0.01s
[2017.04.25-20.15.39:832][  0]LogFileCache: Scanning file cache for directory 'F:/TheFarm51/ZadanieRekrutacyjne/Content/Collections/' took 0.01s
[2017.04.25-20.15.39:832][  0]LogCollectionManager: Rebuilt the GUID cache for 0 collections in 0.000004 seconds
[2017.04.25-20.15.39:847][  0]LogContentBrowser: Native class hierarchy populated in 0.0119 seconds. Added 2249 classes and 455 folders.
[2017.04.25-20.15.39:933][  0]LogStats: UGameplayTagsManager::ConstructGameplayTagTree: Construct from data asset -  0.000 s
[2017.04.25-20.15.39:933][  0]LogStats: UGameplayTagsManager::ConstructGameplayTagTree: GameplayTagTreeChangedEvent.Broadcast -  0.000 s
[2017.04.25-20.15.39:997][  0]LogContentBrowser: Native class hierarchy updated for 'WidgetCarousel' in 0.0009 seconds. Added 0 classes and 0 folders.
[2017.04.25-20.15.40:349][  0]LogContentBrowser: Native class hierarchy updated for 'AddContentDialog' in 0.0010 seconds. Added 0 classes and 0 folders.
[2017.04.25-20.15.40:423][  0]LogContentBrowser: Native class hierarchy updated for 'SceneOutliner' in 0.0011 seconds. Added 1 classes and 2 folders.
[2017.04.25-20.15.40:574][  0]LogCrashTracker: Crashtracker disabled due to settings.
[2017.04.25-20.15.40:603][  0]LogUObjectGlobals:Warning: Failed to find object 'Class None.'
[2017.04.25-20.15.40:697][  0]LogContentBrowser: Native class hierarchy updated for 'HierarchicalLODOutliner' in 0.0014 seconds. Added 1 classes and 2 folders.
[2017.04.25-20.15.40:697][  0]LogLoad: (Engine Initialization) Total time: 43.06 seconds
[2017.04.25-20.15.40:697][  0]LogLoad: (Engine Initialization) Total Blueprint compile time: 0.20 seconds
[2017.04.25-20.15.40:698][  0]LogExternalProfiler: Found external profiler: VSPerf
[2017.04.25-20.15.40:698][  0]LogExternalProfiler: Using external profiler: VSPerf
[2017.04.25-20.15.41:041][  0]LogOcInput: OculusInput pre-init called
[2017.04.25-20.15.41:095][  0]LogContentStreaming: Texture pool size now 1000 MB
[2017.04.25-20.15.41:112][  0]LogSlate: Took 0.004900 seconds to synchronously load lazily loaded font '../../../Engine/Content/Slate/Fonts/Roboto-Regular.ttf' (155K)
[2017.04.25-20.15.41:121][  0]LogSlate: Took 0.004380 seconds to synchronously load lazily loaded font '../../../Engine/Content/Slate/Fonts/Roboto-Bold.ttf' (160K)
[2017.04.25-20.15.41:134][  0]LogSlate: Took 0.005008 seconds to synchronously load lazily loaded font '../../../Engine/Content/Editor/Slate/Fonts/FontAwesome.ttf' (139K)
[2017.04.25-20.15.41:325][  0]LogSlate: Took 0.004724 seconds to synchronously load lazily loaded font '../../../Engine/Content/Slate/Fonts/Roboto-Light.ttf' (159K)
[2017.04.25-20.15.41:381][  0]LogRenderer: Reallocating scene render targets to support 1208x600 NumSamples 1 (Frame:2).
[2017.04.25-20.15.41:882][  2]LogAssetRegistry: Asset discovery search completed in 21.5144 seconds
[2017.04.25-20.15.41:882][  2]LogCollectionManager: Rebuilt the object cache for 0 collections in 0.000012 seconds (found 0 objects)
[2017.04.25-20.15.41:882][  2]LogCollectionManager: Fixed up redirectors for 0 collections in 0.000028 seconds (updated 0 objects)
[2017.04.25-20.15.55:279][183]LogTemp: Repeting last play command: Selected Viewport
[2017.04.25-20.15.55:299][183]LogBlueprintUserMessages: Early PlayInEditor Detection: Level '/Game/StarterContent/Maps/Minimal_Default.Minimal_Default:PersistentLevel' has LevelScriptBlueprint '/Game/StarterContent/Maps/Minimal_Default.Minimal_Default:PersistentLevel.Minimal_Default' with GeneratedClass '/Game/StarterContent/Maps/Minimal_Default.Minimal_Default_C' with ClassGeneratedBy '/Game/StarterContent/Maps/Minimal_Default.Minimal_Default:PersistentLevel.Minimal_Default'
[2017.04.25-20.15.55:300][183]LogPlayLevel: PlayLevel: No blueprints needed recompiling
[2017.04.25-20.15.55:304][183]PIE: New page: PIE session: Minimal_Default (Apr 26, 2017, 12:15:55 AM)
[2017.04.25-20.15.55:306][183]LogPlayLevel: Creating play world package: /Game/StarterContent/Maps/UEDPIE_0_Minimal_Default
[2017.04.25-20.15.55:332][183]LogPlayLevel: PIE: StaticDuplicateObject took: (0.025982s)
[2017.04.25-20.15.55:332][183]LogAIModule: Creating AISystem for world Minimal_Default
[2017.04.25-20.15.55:332][183]LogPlayLevel: PIE: World Init took: (0.000749s)
[2017.04.25-20.15.55:333][183]LogPlayLevel: PIE: Created PIE world by copying editor world from /Game/StarterContent/Maps/Minimal_Default.Minimal_Default to /Game/StarterContent/Maps/UEDPIE_0_Minimal_Default.Minimal_Default (0.027724s)
[2017.04.25-20.15.55:351][183]LogInit: XAudio2 using 'Głośniki (Realtek High Definition Audio)' : 2 channels at 48 kHz using 32 bits per sample (channel mask 0x3)
[2017.04.25-20.15.55:363][183]LogInit: FAudioDevice initialized.
[2017.04.25-20.15.55:421][183]LogUObjectGlobals:Warning: Failed to find object 'Class /Script/ZadanieRekrutacyjne.ZadanieRekrutacyjneGameMode'
[2017.04.25-20.15.55:421][183]LogLoad: Game class is 'GameModeBase'
[2017.04.25-20.15.55:432][183]LogWorld: Bringing World /Game/StarterContent/Maps/UEDPIE_0_Minimal_Default.Minimal_Default up for play (max tick rate 0) at 2017.04.25-22.15.55
[2017.04.25-20.15.55:436][183]LogWorld: Bringing up level for play took: 0.004520
[2017.04.25-20.15.55:571][183]LogContentBrowser: Native class hierarchy updated for 'MovieSceneCapture' in 0.0011 seconds. Added 11 classes and 0 folders.
[2017.04.25-20.15.55:579][183]PIE: Info Play in editor start time for /Game/StarterContent/Maps/UEDPIE_0_Minimal_Default 0.156
[2017.04.25-20.15.55:579][183]LogBlueprintUserMessages: Late PlayInEditor Detection: Level '/Game/StarterContent/Maps/Minimal_Default.Minimal_Default:PersistentLevel' has LevelScriptBlueprint '/Game/StarterContent/Maps/Minimal_Default.Minimal_Default:PersistentLevel.Minimal_Default' with GeneratedClass '/Game/StarterContent/Maps/Minimal_Default.Minimal_Default_C' with ClassGeneratedBy '/Game/StarterContent/Maps/Minimal_Default.Minimal_Default:PersistentLevel.Minimal_Default'
[2017.04.25-20.15.58:558][535]LogBlueprintUserMessages: Early EndPlayMap Detection: Level '/Game/StarterContent/Maps/Minimal_Default.Minimal_Default:PersistentLevel' has LevelScriptBlueprint '/Game/StarterContent/Maps/Minimal_Default.Minimal_Default:PersistentLevel.Minimal_Default' with GeneratedClass '/Game/StarterContent/Maps/Minimal_Default.Minimal_Default_C' with ClassGeneratedBy '/Game/StarterContent/Maps/Minimal_Default.Minimal_Default:PersistentLevel.Minimal_Default'
[2017.04.25-20.15.58:606][535]LogBlueprintUserMessages: Late EndPlayMap Detection: Level '/Game/StarterContent/Maps/Minimal_Default.Minimal_Default:PersistentLevel' has LevelScriptBlueprint '/Game/StarterContent/Maps/Minimal_Default.Minimal_Default:PersistentLevel.Minimal_Default' with GeneratedClass '/Game/StarterContent/Maps/Minimal_Default.Minimal_Default_C' with ClassGeneratedBy '/Game/StarterContent/Maps/Minimal_Default.Minimal_Default:PersistentLevel.Minimal_Default'
[2017.04.25-20.19.34:770][323]LogSlate: Took 0.005784 seconds to synchronously load lazily loaded font '../../../Engine/Content/Slate/Fonts/Roboto-Light.ttf' (159K)
[2017.04.25-20.19.34:883][323]LogSlate: Took 0.005739 seconds to synchronously load lazily loaded font '../../../Engine/Content/Editor/Slate/Fonts/Roboto-BoldCondensed.ttf' (158K)
[2017.04.25-20.19.47:352][766]Running C:/Program Files/Epic Games/UE_4.15/Engine/Binaries/DotNET/UnrealBuildTool.exe ZadanieRekrutacyjne Win64 Development -editorrecompile "F:/TheFarm51/ZadanieRekrutacyjne/ZadanieRekrutacyjne.uproject" -invalidatemakefilesonly
[2017.04.25-20.19.47:858][766]Invalidating makefiles only in this run.
[2017.04.25-20.19.47:969][766]LogSlate: Took 0.005585 seconds to synchronously load lazily loaded font '../../../Engine/Content/Slate/Fonts/Roboto-Regular.ttf' (155K)
[2017.04.25-20.19.47:999][766]Recompiling ZadanieRekrutacyjne...
[2017.04.25-20.19.47:999][766]Launching UnrealBuildTool... [C:/Program Files/Epic Games/UE_4.15/Engine/Binaries/DotNET/UnrealBuildTool.exe ZadanieRekrutacyjne -ModuleWithSuffix ZadanieRekrutacyjne 5238 Win64 Development -editorrecompile -canskiplink "F:/TheFarm51/ZadanieRekrutacyjne/ZadanieRekrutacyjne.uproject" ]
[2017.04.25-20.20.04:141][766]CompilerResultsLog: New page: Compilation - Apr 26, 2017, 12:20:04 AM
[2017.04.25-20.20.04:141][766]CompilerResultsLog: Info Compiling game modules for hot reload
[2017.04.25-20.20.04:141][766]CompilerResultsLog: Info Parsing headers for ZadanieRekrutacyjneEditor
[2017.04.25-20.20.04:141][766]CompilerResultsLog: Info   Running UnrealHeaderTool "F:\TheFarm51\ZadanieRekrutacyjne\ZadanieRekrutacyjne.uproject" "F:\TheFarm51\ZadanieRekrutacyjne\Intermediate\Build\Win64\ZadanieRekrutacyjneEditor\Development\ZadanieRekrutacyjneEditor.uhtmanifest" -LogCmds="loginit warning, logexit warning, logdatabase error" -Unattended -WarningsAsErrors -installed
[2017.04.25-20.20.04:141][766]CompilerResultsLog: Info Reflection code generated for ZadanieRekrutacyjneEditor in 3,6921898 seconds
[2017.04.25-20.20.04:141][766]CompilerResultsLog: Info Performing 4 actions (4 in parallel)
[2017.04.25-20.20.04:141][766]CompilerResultsLog: Info ZadanieRekrutacyjne.generated.cpp
[2017.04.25-20.20.04:141][766]CompilerResultsLog: Info Spawner.cpp
[2017.04.25-20.20.04:141][766]CompilerResultsLog: Info [3/4] Link UE4Editor-ZadanieRekrutacyjne-5238.dll
[2017.04.25-20.20.04:141][766]CompilerResultsLog: Info [4/4] Link UE4Editor-ZadanieRekrutacyjne-5238.lib
[2017.04.25-20.20.04:141][766]CompilerResultsLog: Info    Creating library F:\TheFarm51\ZadanieRekrutacyjne\Intermediate\Build\Win64\UE4Editor\Development\UE4Editor-ZadanieRekrutacyjne-5238.lib and object F:\TheFarm51\ZadanieRekrutacyjne\Intermediate\Build\Win64\UE4Editor\Development\UE4Editor-ZadanieRekrutacyjne-5238.exp
[2017.04.25-20.20.04:141][766]CompilerResultsLog: Info    Creating library F:\TheFarm51\ZadanieRekrutacyjne\Intermediate\Build\Win64\UE4Editor\Development\UE4Editor-ZadanieRekrutacyjne-5238.suppressed.lib and object F:\TheFarm51\ZadanieRekrutacyjne\Intermediate\Build\Win64\UE4Editor\Development\UE4Editor-ZadanieRekrutacyjne-5238.suppressed.exp
[2017.04.25-20.20.04:141][766]CompilerResultsLog: Info Total build time: 15,89 seconds (Local executor: 3,49 seconds)
[2017.04.25-20.20.04:142][766]LogMainFrame: MainFrame: Module compiling took 16.152 seconds
[2017.04.25-20.20.04:329][766]LogClass: Could not find existing class LightBulb in package /Script/ZadanieRekrutacyjne for HotReload, assuming new class
[2017.04.25-20.20.04:329][766]LogClass: Could not find existing class Spawner in package /Script/ZadanieRekrutacyjne for HotReload, assuming new class
[2017.04.25-20.20.04:335][766]LogHotReload: Re-instancing LightBulb after hot-reload.
[2017.04.25-20.20.04:590][766]LogContentBrowser: Native class hierarchy updated for 'ZadanieRekrutacyjne' in 0.0013 seconds. Added 5 classes and 2 folders.
[2017.04.25-20.20.04:591][766]Display: HotReload successful (0 functions remapped  0 scriptstructs remapped)
[2017.04.25-20.20.04:656][766]LogContentBrowser: Native class hierarchy populated in 0.0113 seconds. Added 2252 classes and 459 folders.
[2017.04.25-20.20.04:660][766]Display: HotReload took 16.7s.
[2017.04.25-20.20.04:662][766]Warning: HotReload operation took 16.7s.
[2017.04.25-20.20.04:964][766]LogVSAccessor:Warning: Couldn't goto line number '0' in 'F:/TheFarm51/ZadanieRekrutacyjne/Source/ZadanieRekrutacyjne/Spawner.h'
[2017.04.25-20.20.05:089][766]LogVSAccessor:Warning: Couldn't goto line number '0' in 'F:/TheFarm51/ZadanieRekrutacyjne/Source/ZadanieRekrutacyjne/Spawner.cpp'
[2017.04.25-20.20.05:118][766]LogHotReload: New module detected: UE4Editor-ZadanieRekrutacyjne-5238.dll
[2017.04.25-20.20.05:170][767]LogHotReload: Starting Hot-Reload from IDE
[2017.04.25-20.20.05:286][767]LogContentBrowser: Native class hierarchy updated for 'ZadanieRekrutacyjne' in 0.0023 seconds. Added 5 classes and 2 folders.
[2017.04.25-20.20.05:289][767]Display: HotReload successful (0 functions remapped  0 scriptstructs remapped)
[2017.04.25-20.20.05:305][767]LogContentBrowser: Native class hierarchy populated in 0.0130 seconds. Added 2252 classes and 459 folders.
[2017.04.25-20.20.05:312][767]Display: HotReload took  0.1s.
[2017.04.25-20.24.12:080][732]LogSavePackage: Save=120.17ms
[2017.04.25-20.24.12:081][732]LogSavePackage: Moving 'F:/TheFarm51/ZadanieRekrutacyjne/Saved/Minimal_Default3CCF8CD84B5BC396A29660AEC2DEA807.tmp' to 'F:/TheFarm51/ZadanieRekrutacyjne/Content/StarterContent/Maps/Minimal_Default.umap'
[2017.04.25-20.24.12:082][732]LogSavePackage:Display: Finished SavePackage F:/TheFarm51/ZadanieRekrutacyjne/Content/StarterContent/Maps/Minimal_Default.umap
[2017.04.25-20.24.12:127][732]Cmd: OBJ SAVEPACKAGE PACKAGE="/Game/StarterContent/Maps/Minimal_Default_BuiltData" FILE="F:/TheFarm51/ZadanieRekrutacyjne/Content/StarterContent/Maps/Minimal_Default_BuiltData.uasset" SILENT=true
[2017.04.25-20.24.12:237][732]LogSavePackage: Save=101.31ms
[2017.04.25-20.24.12:237][732]LogSavePackage: Moving 'F:/TheFarm51/ZadanieRekrutacyjne/Saved/Minimal_Default_BuiltData40EDD41F455DB3280080248D331757A2.tmp' to 'F:/TheFarm51/ZadanieRekrutacyjne/Content/StarterContent/Maps/Minimal_Default_BuiltData.uasset'
[2017.04.25-20.24.12:238][732]LogSavePackage:Display: Finished SavePackage F:/TheFarm51/ZadanieRekrutacyjne/Content/StarterContent/Maps/Minimal_Default_BuiltData.uasset
[2017.04.25-20.24.14:290][972]LogTemp: Repeting last play command: Selected Viewport
[2017.04.25-20.24.14:316][972]LogBlueprintUserMessages: Early PlayInEditor Detection: Level '/Game/StarterContent/Maps/Minimal_Default.Minimal_Default:PersistentLevel' has LevelScriptBlueprint '/Game/StarterContent/Maps/Minimal_Default.Minimal_Default:PersistentLevel.Minimal_Default' with GeneratedClass '/Game/StarterContent/Maps/Minimal_Default.Minimal_Default_C' with ClassGeneratedBy '/Game/StarterContent/Maps/Minimal_Default.Minimal_Default:PersistentLevel.Minimal_Default'
[2017.04.25-20.24.14:316][972]LogPlayLevel: PlayLevel: No blueprints needed recompiling
[2017.04.25-20.24.14:317][972]PIE: New page: PIE session: Minimal_Default (Apr 26, 2017, 12:24:14 AM)
[2017.04.25-20.24.14:317][972]LogPlayLevel: Creating play world package: /Game/StarterContent/Maps/UEDPIE_0_Minimal_Default
[2017.04.25-20.24.14:358][972]LogPlayLevel: PIE: StaticDuplicateObject took: (0.041258s)
[2017.04.25-20.24.14:366][972]LogAIModule: Creating AISystem for world Minimal_Default
[2017.04.25-20.24.14:370][972]LogPlayLevel: PIE: World Init took: (0.011403s)
[2017.04.25-20.24.14:370][972]LogPlayLevel: PIE: Created PIE world by copying editor world from /Game/StarterContent/Maps/Minimal_Default.Minimal_Default to /Game/StarterContent/Maps/UEDPIE_0_Minimal_Default.Minimal_Default (0.053460s)
[2017.04.25-20.24.14:384][972]LogInit: XAudio2 using 'Głośniki (Realtek High Definition Audio)' : 2 channels at 48 kHz using 32 bits per sample (channel mask 0x3)
[2017.04.25-20.24.14:399][972]LogInit: FAudioDevice initialized.
[2017.04.25-20.24.14:430][972]LogLoad: Game class is 'GameModeBase'
[2017.04.25-20.24.14:433][972]LogWorld: Bringing World /Game/StarterContent/Maps/UEDPIE_0_Minimal_Default.Minimal_Default up for play (max tick rate 0) at 2017.04.25-22.24.14
[2017.04.25-20.24.14:435][972]LogWorld: Bringing up level for play took: 0.003234
[2017.04.25-20.24.14:440][972]PIE: Info Play in editor start time for /Game/StarterContent/Maps/UEDPIE_0_Minimal_Default 1.017
[2017.04.25-20.24.14:441][972]LogBlueprintUserMessages: Late PlayInEditor Detection: Level '/Game/StarterContent/Maps/Minimal_Default.Minimal_Default:PersistentLevel' has LevelScriptBlueprint '/Game/StarterContent/Maps/Minimal_Default.Minimal_Default:PersistentLevel.Minimal_Default' with GeneratedClass '/Game/StarterContent/Maps/Minimal_Default.Minimal_Default_C' with ClassGeneratedBy '/Game/StarterContent/Maps/Minimal_Default.Minimal_Default:PersistentLevel.Minimal_Default'
[2017.04.25-20.24.18:024][397]LogBlueprintUserMessages: Early EndPlayMap Detection: Level '/Game/StarterContent/Maps/Minimal_Default.Minimal_Default:PersistentLevel' has LevelScriptBlueprint '/Game/StarterContent/Maps/Minimal_Default.Minimal_Default:PersistentLevel.Minimal_Default' with GeneratedClass '/Game/StarterContent/Maps/Minimal_Default.Minimal_Default_C' with ClassGeneratedBy '/Game/StarterContent/Maps/Minimal_Default.Minimal_Default:PersistentLevel.Minimal_Default'
[2017.04.25-20.24.18:061][397]LogBlueprintUserMessages: Late EndPlayMap Detection: Level '/Game/StarterContent/Maps/Minimal_Default.Minimal_Default:PersistentLevel' has LevelScriptBlueprint '/Game/StarterContent/Maps/Minimal_Default.Minimal_Default:PersistentLevel.Minimal_Default' with GeneratedClass '/Game/StarterContent/Maps/Minimal_Default.Minimal_Default_C' with ClassGeneratedBy '/Game/StarterContent/Maps/Minimal_Default.Minimal_Default:PersistentLevel.Minimal_Default'
[2017.04.25-20.24.19:248][535]LogEditorViewport: Clicking on Actor (LMB): MyLightBulb_C (MyLightBulb)
[2017.04.25-20.24.22:916][836]LogContentBrowser: Native class hierarchy updated for 'BlueprintGraph' in 0.0019 seconds. Added 112 classes and 0 folders.
[2017.04.25-20.24.26:644][121]LogRenderer: Reallocating scene render targets to support 1208x940 NumSamples 1 (Frame:4345).
[2017.04.25-20.24.28:319][319]LogSlate: Took 0.005669 seconds to synchronously load lazily loaded font '../../../Engine/Content/Editor/Slate/Fonts/Roboto-Italic.ttf' (157K)
[2017.04.25-20.24.42:995][961]BlueprintLog: New page: Compile MyLightBulb
[2017.04.25-20.24.43:796][  3]Cmd: OBJ SAVEPACKAGE PACKAGE="/Game/Blueprints/MyLightBulb" FILE="F:/TheFarm51/ZadanieRekrutacyjne/Content/Blueprints/MyLightBulb.uasset" SILENT=true
[2017.04.25-20.24.43:829][  3]LogSavePackage: Save=23.80ms
[2017.04.25-20.24.43:829][  3]LogSavePackage: Moving 'F:/TheFarm51/ZadanieRekrutacyjne/Saved/MyLightBulbA3945EB142A4F0150BF082A0C29AD2EF.tmp' to 'F:/TheFarm51/ZadanieRekrutacyjne/Content/Blueprints/MyLightBulb.uasset'
[2017.04.25-20.24.43:831][  3]LogSavePackage:Display: Finished SavePackage F:/TheFarm51/ZadanieRekrutacyjne/Content/Blueprints/MyLightBulb.uasset
[2017.04.25-20.24.49:332][637]LogSlate: Took 0.004879 seconds to synchronously load lazily loaded font '../../../Engine/Content/Slate/Fonts/Roboto-Light.ttf' (159K)
[2017.04.25-20.24.58:614][545]LogRenderer: Reallocating scene render targets to support 1432x964 NumSamples 1 (Frame:8419).
[2017.04.25-20.25.07:552][523]Cmd: OBJ SAVEPACKAGE PACKAGE="/Game/Blueprints/Bulb" FILE="F:/TheFarm51/ZadanieRekrutacyjne/Content/Blueprints/Bulb.uasset" SILENT=true
[2017.04.25-20.25.07:577][523]LogSavePackage: Save=14.75ms
[2017.04.25-20.25.07:577][523]LogSavePackage: Moving 'F:/TheFarm51/ZadanieRekrutacyjne/Saved/Bulb153A7C5B4FE1D4CCDEDFAE80DC352668.tmp' to 'F:/TheFarm51/ZadanieRekrutacyjne/Content/Blueprints/Bulb.uasset'
[2017.04.25-20.25.07:580][523]LogSavePackage:Display: Finished SavePackage F:/TheFarm51/ZadanieRekrutacyjne/Content/Blueprints/Bulb.uasset
[2017.04.25-20.25.38:766][ 95]BlueprintLog: New page: Compile MyLightBulb
[2017.04.25-20.25.40:115][196]Cmd: OBJ SAVEPACKAGE PACKAGE="/Game/Blueprints/MyLightBulb" FILE="F:/TheFarm51/ZadanieRekrutacyjne/Content/Blueprints/MyLightBulb.uasset" SILENT=true
[2017.04.25-20.25.40:139][196]LogSavePackage: Save=18.75ms
[2017.04.25-20.25.40:139][196]LogSavePackage: Moving 'F:/TheFarm51/ZadanieRekrutacyjne/Saved/MyLightBulbA513EA19452B5C6D2C9D52BAF704934C.tmp' to 'F:/TheFarm51/ZadanieRekrutacyjne/Content/Blueprints/MyLightBulb.uasset'
[2017.04.25-20.25.40:141][196]LogSavePackage:Display: Finished SavePackage F:/TheFarm51/ZadanieRekrutacyjne/Content/Blueprints/MyLightBulb.uasset
[2017.04.25-20.25.42:082][405]LogSavePackage: Save=93.22ms
[2017.04.25-20.25.42:082][405]LogSavePackage: Moving 'F:/TheFarm51/ZadanieRekrutacyjne/Saved/Minimal_Default4235424D4F84006F91D485BA1154F5E0.tmp' to 'F:/TheFarm51/ZadanieRekrutacyjne/Content/StarterContent/Maps/Minimal_Default.umap'
[2017.04.25-20.25.42:083][405]LogSavePackage:Display: Finished SavePackage F:/TheFarm51/ZadanieRekrutacyjne/Content/StarterContent/Maps/Minimal_Default.umap
[2017.04.25-20.25.42:122][405]Cmd: OBJ SAVEPACKAGE PACKAGE="/Game/StarterContent/Maps/Minimal_Default_BuiltData" FILE="F:/TheFarm51/ZadanieRekrutacyjne/Content/StarterContent/Maps/Minimal_Default_BuiltData.uasset" SILENT=true
[2017.04.25-20.25.42:196][405]LogSavePackage: Save=69.78ms
[2017.04.25-20.25.42:196][405]LogSavePackage: Moving 'F:/TheFarm51/ZadanieRekrutacyjne/Saved/Minimal_Default_BuiltData71EB37F048065B05F8F6B2A7710ABF88.tmp' to 'F:/TheFarm51/ZadanieRekrutacyjne/Content/StarterContent/Maps/Minimal_Default_BuiltData.uasset'
[2017.04.25-20.25.42:196][405]LogSavePackage:Display: Finished SavePackage F:/TheFarm51/ZadanieRekrutacyjne/Content/StarterContent/Maps/Minimal_Default_BuiltData.uasset
[2017.04.25-20.25.43:744][565]LogTemp: Repeting last play command: Selected Viewport
[2017.04.25-20.25.43:766][565]LogBlueprintUserMessages: Early PlayInEditor Detection: Level '/Game/StarterContent/Maps/Minimal_Default.Minimal_Default:PersistentLevel' has LevelScriptBlueprint '/Game/StarterContent/Maps/Minimal_Default.Minimal_Default:PersistentLevel.Minimal_Default' with GeneratedClass '/Game/StarterContent/Maps/Minimal_Default.Minimal_Default_C' with ClassGeneratedBy '/Game/StarterContent/Maps/Minimal_Default.Minimal_Default:PersistentLevel.Minimal_Default'
[2017.04.25-20.25.43:766][565]LogPlayLevel: PlayLevel: No blueprints needed recompiling
[2017.04.25-20.25.43:767][565]PIE: New page: PIE session: Minimal_Default (Apr 26, 2017, 12:25:43 AM)
[2017.04.25-20.25.43:767][565]LogPlayLevel: Creating play world package: /Game/StarterContent/Maps/UEDPIE_0_Minimal_Default
[2017.04.25-20.25.43:792][565]LogPlayLevel: PIE: StaticDuplicateObject took: (0.025748s)
[2017.04.25-20.25.43:793][565]LogAIModule: Creating AISystem for world Minimal_Default
[2017.04.25-20.25.43:794][565]LogPlayLevel: PIE: World Init took: (0.000959s)
[2017.04.25-20.25.43:794][565]LogPlayLevel: PIE: Created PIE world by copying editor world from /Game/StarterContent/Maps/Minimal_Default.Minimal_Default to /Game/StarterContent/Maps/UEDPIE_0_Minimal_Default.Minimal_Default (0.027071s)
[2017.04.25-20.25.43:815][565]LogInit: XAudio2 using 'Głośniki (Realtek High Definition Audio)' : 2 channels at 48 kHz using 32 bits per sample (channel mask 0x3)
[2017.04.25-20.25.43:828][565]LogInit: FAudioDevice initialized.
[2017.04.25-20.25.43:861][565]LogLoad: Game class is 'GameModeBase'
[2017.04.25-20.25.43:863][565]LogWorld: Bringing World /Game/StarterContent/Maps/UEDPIE_0_Minimal_Default.Minimal_Default up for play (max tick rate 0) at 2017.04.25-22.25.43
[2017.04.25-20.25.43:864][565]LogWorld: Bringing up level for play took: 0.001597
[2017.04.25-20.25.43:865][565]PIE: Info Play in editor start time for /Game/StarterContent/Maps/UEDPIE_0_Minimal_Default 0.442
[2017.04.25-20.25.43:865][565]LogBlueprintUserMessages: Late PlayInEditor Detection: Level '/Game/StarterContent/Maps/Minimal_Default.Minimal_Default:PersistentLevel' has LevelScriptBlueprint '/Game/StarterContent/Maps/Minimal_Default.Minimal_Default:PersistentLevel.Minimal_Default' with GeneratedClass '/Game/StarterContent/Maps/Minimal_Default.Minimal_Default_C' with ClassGeneratedBy '/Game/StarterContent/Maps/Minimal_Default.Minimal_Default:PersistentLevel.Minimal_Default'
[2017.04.25-20.25.47:686][ 16]LogBlueprintUserMessages: Early EndPlayMap Detection: Level '/Game/StarterContent/Maps/Minimal_Default.Minimal_Default:PersistentLevel' has LevelScriptBlueprint '/Game/StarterContent/Maps/Minimal_Default.Minimal_Default:PersistentLevel.Minimal_Default' with GeneratedClass '/Game/StarterContent/Maps/Minimal_Default.Minimal_Default_C' with ClassGeneratedBy '/Game/StarterContent/Maps/Minimal_Default.Minimal_Default:PersistentLevel.Minimal_Default'
[2017.04.25-20.25.47:754][ 16]LogBlueprintUserMessages: Late EndPlayMap Detection: Level '/Game/StarterContent/Maps/Minimal_Default.Minimal_Default:PersistentLevel' has LevelScriptBlueprint '/Game/StarterContent/Maps/Minimal_Default.Minimal_Default:PersistentLevel.Minimal_Default' with GeneratedClass '/Game/StarterContent/Maps/Minimal_Default.Minimal_Default_C' with ClassGeneratedBy '/Game/StarterContent/Maps/Minimal_Default.Minimal_Default:PersistentLevel.Minimal_Default'
[2017.04.25-20.25.57:174][125]BlueprintLog: New page: Compile MyLightBulb
[2017.04.25-20.26.00:572][431]LogSavePackage: Save=97.44ms
[2017.04.25-20.26.00:572][431]LogSavePackage: Moving 'F:/TheFarm51/ZadanieRekrutacyjne/Saved/Minimal_DefaultCD2F0EFE4393B53EAD9A87B594092A30.tmp' to 'F:/TheFarm51/ZadanieRekrutacyjne/Content/StarterContent/Maps/Minimal_Default.umap'
[2017.04.25-20.26.00:573][431]LogSavePackage:Display: Finished SavePackage F:/TheFarm51/ZadanieRekrutacyjne/Content/StarterContent/Maps/Minimal_Default.umap
[2017.04.25-20.26.00:618][431]Cmd: OBJ SAVEPACKAGE PACKAGE="/Game/StarterContent/Maps/Minimal_Default_BuiltData" FILE="F:/TheFarm51/ZadanieRekrutacyjne/Content/StarterContent/Maps/Minimal_Default_BuiltData.uasset" SILENT=true
[2017.04.25-20.26.00:689][431]LogSavePackage: Save=67.20ms
[2017.04.25-20.26.00:689][431]LogSavePackage: Moving 'F:/TheFarm51/ZadanieRekrutacyjne/Saved/Minimal_Default_BuiltData95CEA3D64762C15547181BA2D29890C5.tmp' to 'F:/TheFarm51/ZadanieRekrutacyjne/Content/StarterContent/Maps/Minimal_Default_BuiltData.uasset'
[2017.04.25-20.26.00:690][431]LogSavePackage:Display: Finished SavePackage F:/TheFarm51/ZadanieRekrutacyjne/Content/StarterContent/Maps/Minimal_Default_BuiltData.uasset
[2017.04.25-20.26.01:556][529]LogTemp: Repeting last play command: Selected Viewport
[2017.04.25-20.26.01:575][529]LogBlueprintUserMessages: Early PlayInEditor Detection: Level '/Game/StarterContent/Maps/Minimal_Default.Minimal_Default:PersistentLevel' has LevelScriptBlueprint '/Game/StarterContent/Maps/Minimal_Default.Minimal_Default:PersistentLevel.Minimal_Default' with GeneratedClass '/Game/StarterContent/Maps/Minimal_Default.Minimal_Default_C' with ClassGeneratedBy '/Game/StarterContent/Maps/Minimal_Default.Minimal_Default:PersistentLevel.Minimal_Default'
[2017.04.25-20.26.01:575][529]LogPlayLevel: PlayLevel: No blueprints needed recompiling
[2017.04.25-20.26.01:576][529]PIE: New page: PIE session: Minimal_Default (Apr 26, 2017, 12:26:01 AM)
[2017.04.25-20.26.01:576][529]LogPlayLevel: Creating play world package: /Game/StarterContent/Maps/UEDPIE_0_Minimal_Default
[2017.04.25-20.26.01:581][529]LogPlayLevel: PIE: StaticDuplicateObject took: (0.005635s)
[2017.04.25-20.26.01:582][529]LogAIModule: Creating AISystem for world Minimal_Default
[2017.04.25-20.26.01:582][529]LogPlayLevel: PIE: World Init took: (0.000880s)
[2017.04.25-20.26.01:582][529]LogPlayLevel: PIE: Created PIE world by copying editor world from /Game/StarterContent/Maps/Minimal_Default.Minimal_Default to /Game/StarterContent/Maps/UEDPIE_0_Minimal_Default.Minimal_Default (0.006737s)
[2017.04.25-20.26.01:599][529]LogInit: XAudio2 using 'Głośniki (Realtek High Definition Audio)' : 2 channels at 48 kHz using 32 bits per sample (channel mask 0x3)
[2017.04.25-20.26.01:609][529]LogInit: FAudioDevice initialized.
[2017.04.25-20.26.01:638][529]LogLoad: Game class is 'GameModeBase'
[2017.04.25-20.26.01:640][529]LogWorld: Bringing World /Game/StarterContent/Maps/UEDPIE_0_Minimal_Default.Minimal_Default up for play (max tick rate 0) at 2017.04.25-22.26.01
[2017.04.25-20.26.01:640][529]LogWorld: Bringing up level for play took: 0.001076
[2017.04.25-20.26.01:641][529]PIE: Info Play in editor start time for /Game/StarterContent/Maps/UEDPIE_0_Minimal_Default 0.218
[2017.04.25-20.26.01:641][529]LogBlueprintUserMessages: Late PlayInEditor Detection: Level '/Game/StarterContent/Maps/Minimal_Default.Minimal_Default:PersistentLevel' has LevelScriptBlueprint '/Game/StarterContent/Maps/Minimal_Default.Minimal_Default:PersistentLevel.Minimal_Default' with GeneratedClass '/Game/StarterContent/Maps/Minimal_Default.Minimal_Default_C' with ClassGeneratedBy '/Game/StarterContent/Maps/Minimal_Default.Minimal_Default:PersistentLevel.Minimal_Default'
[2017.04.25-20.26.09:650][453]LogBlueprintUserMessages: Early EndPlayMap Detection: Level '/Game/StarterContent/Maps/Minimal_Default.Minimal_Default:PersistentLevel' has LevelScriptBlueprint '/Game/StarterContent/Maps/Minimal_Default.Minimal_Default:PersistentLevel.Minimal_Default' with GeneratedClass '/Game/StarterContent/Maps/Minimal_Default.Minimal_Default_C' with ClassGeneratedBy '/Game/StarterContent/Maps/Minimal_Default.Minimal_Default:PersistentLevel.Minimal_Default'
[2017.04.25-20.26.09:721][453]LogBlueprintUserMessages: Late EndPlayMap Detection: Level '/Game/StarterContent/Maps/Minimal_Default.Minimal_Default:PersistentLevel' has LevelScriptBlueprint '/Game/StarterContent/Maps/Minimal_Default.Minimal_Default:PersistentLevel.Minimal_Default' with GeneratedClass '/Game/StarterContent/Maps/Minimal_Default.Minimal_Default_C' with ClassGeneratedBy '/Game/StarterContent/Maps/Minimal_Default.Minimal_Default:PersistentLevel.Minimal_Default'
[2017.04.25-20.26.12:809][801]BlueprintLog: New page: Compile MyLightBulb
[2017.04.25-20.26.15:422][ 31]Cmd: OBJ SAVEPACKAGE PACKAGE="/Game/Blueprints/MyLightBulb" FILE="F:/TheFarm51/ZadanieRekrutacyjne/Content/Blueprints/MyLightBulb.uasset" SILENT=true
[2017.04.25-20.26.15:450][ 31]LogSavePackage: Save=21.50ms
[2017.04.25-20.26.15:450][ 31]LogSavePackage: Moving 'F:/TheFarm51/ZadanieRekrutacyjne/Saved/MyLightBulb3A20F3E14A6C9466128DB69B41EA4283.tmp' to 'F:/TheFarm51/ZadanieRekrutacyjne/Content/Blueprints/MyLightBulb.uasset'
[2017.04.25-20.26.15:451][ 31]LogSavePackage:Display: Finished SavePackage F:/TheFarm51/ZadanieRekrutacyjne/Content/Blueprints/MyLightBulb.uasset
[2017.04.25-20.26.17:167][213]LogSavePackage: Save=94.02ms
[2017.04.25-20.26.17:167][213]LogSavePackage: Moving 'F:/TheFarm51/ZadanieRekrutacyjne/Saved/Minimal_Default2ABF987842347EA3FE024A822FEDE5C6.tmp' to 'F:/TheFarm51/ZadanieRekrutacyjne/Content/StarterContent/Maps/Minimal_Default.umap'
[2017.04.25-20.26.17:168][213]LogSavePackage:Display: Finished SavePackage F:/TheFarm51/ZadanieRekrutacyjne/Content/StarterContent/Maps/Minimal_Default.umap
[2017.04.25-20.26.17:226][213]Cmd: OBJ SAVEPACKAGE PACKAGE="/Game/StarterContent/Maps/Minimal_Default_BuiltData" FILE="F:/TheFarm51/ZadanieRekrutacyjne/Content/StarterContent/Maps/Minimal_Default_BuiltData.uasset" SILENT=true
[2017.04.25-20.26.17:296][213]LogSavePackage: Save=66.50ms
[2017.04.25-20.26.17:296][213]LogSavePackage: Moving 'F:/TheFarm51/ZadanieRekrutacyjne/Saved/Minimal_Default_BuiltData388BDD0A494869F60FF5D5A0BC9839CA.tmp' to 'F:/TheFarm51/ZadanieRekrutacyjne/Content/StarterContent/Maps/Minimal_Default_BuiltData.uasset'
[2017.04.25-20.26.17:297][213]LogSavePackage:Display: Finished SavePackage F:/TheFarm51/ZadanieRekrutacyjne/Content/StarterContent/Maps/Minimal_Default_BuiltData.uasset
[2017.04.25-20.26.18:694][374]LogTemp: Repeting last play command: Selected Viewport
[2017.04.25-20.26.18:715][374]LogBlueprintUserMessages: Early PlayInEditor Detection: Level '/Game/StarterContent/Maps/Minimal_Default.Minimal_Default:PersistentLevel' has LevelScriptBlueprint '/Game/StarterContent/Maps/Minimal_Default.Minimal_Default:PersistentLevel.Minimal_Default' with GeneratedClass '/Game/StarterContent/Maps/Minimal_Default.Minimal_Default_C' with ClassGeneratedBy '/Game/StarterContent/Maps/Minimal_Default.Minimal_Default:PersistentLevel.Minimal_Default'
[2017.04.25-20.26.18:715][374]LogPlayLevel: PlayLevel: No blueprints needed recompiling
[2017.04.25-20.26.18:715][374]PIE: New page: PIE session: Minimal_Default (Apr 26, 2017, 12:26:18 AM)
[2017.04.25-20.26.18:715][374]LogPlayLevel: Creating play world package: /Game/StarterContent/Maps/UEDPIE_0_Minimal_Default
[2017.04.25-20.26.18:726][374]LogPlayLevel: PIE: StaticDuplicateObject took: (0.010490s)
[2017.04.25-20.26.18:727][374]LogAIModule: Creating AISystem for world Minimal_Default
[2017.04.25-20.26.18:727][374]LogPlayLevel: PIE: World Init took: (0.001295s)
[2017.04.25-20.26.18:727][374]LogPlayLevel: PIE: Created PIE world by copying editor world from /Game/StarterContent/Maps/Minimal_Default.Minimal_Default to /Game/StarterContent/Maps/UEDPIE_0_Minimal_Default.Minimal_Default (0.012114s)
[2017.04.25-20.26.18:749][374]LogInit: XAudio2 using 'Głośniki (Realtek High Definition Audio)' : 2 channels at 48 kHz using 32 bits per sample (channel mask 0x3)
[2017.04.25-20.26.18:767][374]LogInit: FAudioDevice initialized.
[2017.04.25-20.26.18:802][374]LogLoad: Game class is 'GameModeBase'
[2017.04.25-20.26.18:804][374]LogWorld: Bringing World /Game/StarterContent/Maps/UEDPIE_0_Minimal_Default.Minimal_Default up for play (max tick rate 0) at 2017.04.25-22.26.18
[2017.04.25-20.26.18:805][374]LogWorld: Bringing up level for play took: 0.001355
[2017.04.25-20.26.18:806][374]PIE: Info Play in editor start time for /Game/StarterContent/Maps/UEDPIE_0_Minimal_Default -0.618
[2017.04.25-20.26.18:806][374]LogBlueprintUserMessages: Late PlayInEditor Detection: Level '/Game/StarterContent/Maps/Minimal_Default.Minimal_Default:PersistentLevel' has LevelScriptBlueprint '/Game/StarterContent/Maps/Minimal_Default.Minimal_Default:PersistentLevel.Minimal_Default' with GeneratedClass '/Game/StarterContent/Maps/Minimal_Default.Minimal_Default_C' with ClassGeneratedBy '/Game/StarterContent/Maps/Minimal_Default.Minimal_Default:PersistentLevel.Minimal_Default'
[2017.04.25-20.26.22:470][804]LogBlueprintUserMessages: Early EndPlayMap Detection: Level '/Game/StarterContent/Maps/Minimal_Default.Minimal_Default:PersistentLevel' has LevelScriptBlueprint '/Game/StarterContent/Maps/Minimal_Default.Minimal_Default:PersistentLevel.Minimal_Default' with GeneratedClass '/Game/StarterContent/Maps/Minimal_Default.Minimal_Default_C' with ClassGeneratedBy '/Game/StarterContent/Maps/Minimal_Default.Minimal_Default:PersistentLevel.Minimal_Default'
[2017.04.25-20.26.22:538][804]LogBlueprintUserMessages: Late EndPlayMap Detection: Level '/Game/StarterContent/Maps/Minimal_Default.Minimal_Default:PersistentLevel' has LevelScriptBlueprint '/Game/StarterContent/Maps/Minimal_Default.Minimal_Default:PersistentLevel.Minimal_Default' with GeneratedClass '/Game/StarterContent/Maps/Minimal_Default.Minimal_Default_C' with ClassGeneratedBy '/Game/StarterContent/Maps/Minimal_Default.Minimal_Default:PersistentLevel.Minimal_Default'
[2017.04.25-20.26.29:698][237]LogObjectTools:Warning: ForceReplaceReferences replaced references for a transient object 'DEADCLASS_MyLightBulb_C_0' or package '/Engine/Transient'.
[2017.04.25-20.26.29:698][237]LogObjectTools:Warning: ForceReplaceReferences replaced references for a transient object 'SimpleConstructionScript_0' or package '/Engine/Transient'.
[2017.04.25-20.26.29:698][237]LogObjectTools:Warning: ForceReplaceReferences replaced references for a transient object 'DefaultSceneRoot_GEN_VARIABLE' or package '/Engine/Transient'.
[2017.04.25-20.26.29:698][237]LogObjectTools:Warning: ForceReplaceReferences replaced references for a transient object 'DEADCLASS_MyLightBulb_C_1' or package '/Engine/Transient'.
[2017.04.25-20.26.29:698][237]LogObjectTools:Warning: ForceReplaceReferences replaced references for a transient object 'UserConstructionScript' or package '/Engine/Transient'.
[2017.04.25-20.26.29:698][237]LogObjectTools:Warning: ForceReplaceReferences replaced references for a transient object 'REINST_SKEL_MyLightBulb_C_64' or package '/Engine/Transient'.
[2017.04.25-20.26.29:698][237]LogObjectTools:Warning: ForceReplaceReferences replaced references for a transient object 'REINST_MyLightBulb_C_63' or package '/Engine/Transient'.
[2017.04.25-20.26.38:004][124]Cmd: OBJ SAVEPACKAGE PACKAGE="/Game/Blueprints/MyLightBulb" FILE="F:/TheFarm51/ZadanieRekrutacyjne/Content/Blueprints/MyLightBulb.uasset" SILENT=true
[2017.04.25-20.26.38:018][124]LogSavePackage: Save=12.93ms
[2017.04.25-20.26.38:018][124]LogSavePackage: Moving 'F:/TheFarm51/ZadanieRekrutacyjne/Saved/MyLightBulb2AC104FD4B444A9043DE4E9CE170DF0C.tmp' to 'F:/TheFarm51/ZadanieRekrutacyjne/Content/Blueprints/MyLightBulb.uasset'
[2017.04.25-20.26.38:020][124]LogSavePackage:Display: Finished SavePackage F:/TheFarm51/ZadanieRekrutacyjne/Content/Blueprints/MyLightBulb.uasset
[2017.04.25-20.26.44:392][784]BlueprintLog: New page: Compile MyLightBulb
[2017.04.25-20.26.47:625][ 71]Cmd: OBJ SAVEPACKAGE PACKAGE="/Game/Blueprints/MyLightBulb" FILE="F:/TheFarm51/ZadanieRekrutacyjne/Content/Blueprints/MyLightBulb.uasset" SILENT=true
[2017.04.25-20.26.47:650][ 71]LogSavePackage: Save=19.56ms
[2017.04.25-20.26.47:650][ 71]LogSavePackage: Moving 'F:/TheFarm51/ZadanieRekrutacyjne/Saved/MyLightBulbBBD49AE84CA04D03E224A2A4F72423BA.tmp' to 'F:/TheFarm51/ZadanieRekrutacyjne/Content/Blueprints/MyLightBulb.uasset'
[2017.04.25-20.26.47:651][ 71]LogSavePackage:Display: Finished SavePackage F:/TheFarm51/ZadanieRekrutacyjne/Content/Blueprints/MyLightBulb.uasset
[2017.04.25-20.26.49:484][266]LogSavePackage: Save=89.19ms
[2017.04.25-20.26.49:484][266]LogSavePackage: Moving 'F:/TheFarm51/ZadanieRekrutacyjne/Saved/Minimal_Default325464E94C12B3E27F08ABAFA08F153E.tmp' to 'F:/TheFarm51/ZadanieRekrutacyjne/Content/StarterContent/Maps/Minimal_Default.umap'
[2017.04.25-20.26.49:486][266]LogSavePackage:Display: Finished SavePackage F:/TheFarm51/ZadanieRekrutacyjne/Content/StarterContent/Maps/Minimal_Default.umap
[2017.04.25-20.26.49:526][266]Cmd: OBJ SAVEPACKAGE PACKAGE="/Game/StarterContent/Maps/Minimal_Default_BuiltData" FILE="F:/TheFarm51/ZadanieRekrutacyjne/Content/StarterContent/Maps/Minimal_Default_BuiltData.uasset" SILENT=true
[2017.04.25-20.26.49:596][266]LogSavePackage: Save=65.95ms
[2017.04.25-20.26.49:596][266]LogSavePackage: Moving 'F:/TheFarm51/ZadanieRekrutacyjne/Saved/Minimal_Default_BuiltData48CFDE7047A41C2A4AD4D68B4EE212D7.tmp' to 'F:/TheFarm51/ZadanieRekrutacyjne/Content/StarterContent/Maps/Minimal_Default_BuiltData.uasset'
[2017.04.25-20.26.49:597][266]LogSavePackage:Display: Finished SavePackage F:/TheFarm51/ZadanieRekrutacyjne/Content/StarterContent/Maps/Minimal_Default_BuiltData.uasset
[2017.04.25-20.26.55:142][877]LogTemp: Repeting last play command: Selected Viewport
[2017.04.25-20.26.55:165][877]LogBlueprintUserMessages: Early PlayInEditor Detection: Level '/Game/StarterContent/Maps/Minimal_Default.Minimal_Default:PersistentLevel' has LevelScriptBlueprint '/Game/StarterContent/Maps/Minimal_Default.Minimal_Default:PersistentLevel.Minimal_Default' with GeneratedClass '/Game/StarterContent/Maps/Minimal_Default.Minimal_Default_C' with ClassGeneratedBy '/Game/StarterContent/Maps/Minimal_Default.Minimal_Default:PersistentLevel.Minimal_Default'
[2017.04.25-20.26.55:165][877]LogPlayLevel: PlayLevel: No blueprints needed recompiling
[2017.04.25-20.26.55:166][877]PIE: New page: PIE session: Minimal_Default (Apr 26, 2017, 12:26:55 AM)
[2017.04.25-20.26.55:166][877]LogPlayLevel: Creating play world package: /Game/StarterContent/Maps/UEDPIE_0_Minimal_Default
[2017.04.25-20.26.55:172][877]LogPlayLevel: PIE: StaticDuplicateObject took: (0.006106s)
[2017.04.25-20.26.55:173][877]LogAIModule: Creating AISystem for world Minimal_Default
[2017.04.25-20.26.55:173][877]LogPlayLevel: PIE: World Init took: (0.001000s)
[2017.04.25-20.26.55:173][877]LogPlayLevel: PIE: Created PIE world by copying editor world from /Game/StarterContent/Maps/Minimal_Default.Minimal_Default to /Game/StarterContent/Maps/UEDPIE_0_Minimal_Default.Minimal_Default (0.007379s)
[2017.04.25-20.26.55:191][877]LogInit: XAudio2 using 'Głośniki (Realtek High Definition Audio)' : 2 channels at 48 kHz using 32 bits per sample (channel mask 0x3)
[2017.04.25-20.26.55:202][877]LogInit: FAudioDevice initialized.
[2017.04.25-20.26.55:235][877]LogLoad: Game class is 'GameModeBase'
[2017.04.25-20.26.55:236][877]LogWorld: Bringing World /Game/StarterContent/Maps/UEDPIE_0_Minimal_Default.Minimal_Default up for play (max tick rate 0) at 2017.04.25-22.26.55
[2017.04.25-20.26.55:237][877]LogWorld: Bringing up level for play took: 0.001140
[2017.04.25-20.26.55:238][877]PIE: Info Play in editor start time for /Game/StarterContent/Maps/UEDPIE_0_Minimal_Default -0.185
[2017.04.25-20.26.55:239][877]LogBlueprintUserMessages: Late PlayInEditor Detection: Level '/Game/StarterContent/Maps/Minimal_Default.Minimal_Default:PersistentLevel' has LevelScriptBlueprint '/Game/StarterContent/Maps/Minimal_Default.Minimal_Default:PersistentLevel.Minimal_Default' with GeneratedClass '/Game/StarterContent/Maps/Minimal_Default.Minimal_Default_C' with ClassGeneratedBy '/Game/StarterContent/Maps/Minimal_Default.Minimal_Default:PersistentLevel.Minimal_Default'
[2017.04.25-20.26.57:423][131]LogBlueprintUserMessages: Early EndPlayMap Detection: Level '/Game/StarterContent/Maps/Minimal_Default.Minimal_Default:PersistentLevel' has LevelScriptBlueprint '/Game/StarterContent/Maps/Minimal_Default.Minimal_Default:PersistentLevel.Minimal_Default' with GeneratedClass '/Game/StarterContent/Maps/Minimal_Default.Minimal_Default_C' with ClassGeneratedBy '/Game/StarterContent/Maps/Minimal_Default.Minimal_Default:PersistentLevel.Minimal_Default'
[2017.04.25-20.26.57:490][131]LogBlueprintUserMessages: Late EndPlayMap Detection: Level '/Game/StarterContent/Maps/Minimal_Default.Minimal_Default:PersistentLevel' has LevelScriptBlueprint '/Game/StarterContent/Maps/Minimal_Default.Minimal_Default:PersistentLevel.Minimal_Default' with GeneratedClass '/Game/StarterContent/Maps/Minimal_Default.Minimal_Default_C' with ClassGeneratedBy '/Game/StarterContent/Maps/Minimal_Default.Minimal_Default:PersistentLevel.Minimal_Default'
[2017.04.25-20.29.00:735][637]LogHotReload: New module detected: UE4Editor-ZadanieRekrutacyjne-7031.dll
[2017.04.25-20.29.01:782][641]LogHotReload: Starting Hot-Reload from IDE
[2017.04.25-20.29.01:912][641]LogClass: Could not find existing class Spawner in package /Script/ZadanieRekrutacyjne for HotReload, assuming new class
[2017.04.25-20.29.01:913][641]LogClass: Function GetRandomPointInVolume is new.
[2017.04.25-20.29.01:913][641]LogClass: Function SetSpawningActive is new.
[2017.04.25-20.29.01:922][641]LogHotReload: Re-instancing Spawner after hot-reload.
[2017.04.25-20.29.01:983][641]LogContentBrowser: Native class hierarchy updated for 'ZadanieRekrutacyjne' in 0.0012 seconds. Added 5 classes and 2 folders.
[2017.04.25-20.29.01:985][641]Display: HotReload successful (0 functions remapped  0 scriptstructs remapped)
[2017.04.25-20.29.02:334][641]LogContentBrowser: Native class hierarchy populated in 0.0107 seconds. Added 2252 classes and 459 folders.
[2017.04.25-20.29.02:343][641]Display: HotReload took  0.6s.
[2017.04.25-20.31.20:095][ 54]LogHotReload: New module detected: UE4Editor-ZadanieRekrutacyjne-655.dll
[2017.04.25-20.31.20:771][ 57]LogHotReload: Starting Hot-Reload from IDE
[2017.04.25-20.31.21:018][ 57]LogClass: Could not find existing class LightBulb in package /Script/ZadanieRekrutacyjne for HotReload, assuming new class
[2017.04.25-20.31.21:024][ 57]LogHotReload: Re-instancing LightBulb after hot-reload.
[2017.04.25-20.31.21:166][ 57]LogUObjectGlobals:Warning: Guid referenced by PointLightComponent /Game/StarterContent/Maps/Minimal_Default.Minimal_Default:PersistentLevel.MyLightBulb_2.LightSource is already used by PointLightComponent /Game/StarterContent/Maps/Minimal_Default.Minimal_Default:PersistentLevel.REINST_MyLightBulb_C_0.LightSource, which should never happen in the editor but could happen at runtime with duplicate level loading or PIE
[2017.04.25-20.31.21:166][ 57]LogUObjectGlobals:Warning: Guid referenced by StaticMeshComponent /Game/StarterContent/Maps/Minimal_Default.Minimal_Default:PersistentLevel.MyLightBulb_2.staticbulbmesh is already used by StaticMeshComponent /Game/StarterContent/Maps/Minimal_Default.Minimal_Default:PersistentLevel.REINST_MyLightBulb_C_0.staticbulbmesh, which should never happen in the editor but could happen at runtime with duplicate level loading or PIE
