Log file open, 04/24/17 14:04:23
LogInit:Display: Running engine for game: ZadanieRekrutacyjne
LogPlatformFile: Not using cached read wrapper
LogInit:Display: RandInit(-853081717) SRandInit(-853081717).
LogTaskGraph: Started task graph with 5 named threads and 8 total threads with 1 sets of task threads.
LogStats: Stats thread started at 0.074814
LogInit: Using libcurl 7.47.1
LogInit:  - built for x86_64-pc-win32
LogInit:  - supports SSL with OpenSSL/1.0.2g
LogInit:  - supports HTTP deflate (compression) using libz 1.2.8
LogInit:  - other features:
LogInit:      CURL_VERSION_SSL
LogInit:      CURL_VERSION_LIBZ
LogInit:      CURL_VERSION_IPV6
LogInit:      CURL_VERSION_ASYNCHDNS
LogInit:      CURL_VERSION_LARGEFILE
LogInit:      CURL_VERSION_IDN
LogInit:  CurlRequestOptions (configurable via config and command line):
LogInit:  - bVerifyPeer = false  - Libcurl will NOT verify peer certificate
LogInit:  - bUseHttpProxy = false  - Libcurl will NOT use HTTP proxy
LogInit:  - bDontReuseConnections = false  - Libcurl will reuse connections
LogInit:  - CertBundlePath = nullptr  - Libcurl will use whatever was configured at build time.
LogInit: Build: ++UE4+Release-4.15-CL-3348071
LogInit: Engine Version: 4.15.1-3348071+++UE4+Release-4.15
LogInit: Compatible Engine Version: 4.15.0-3299760+++UE4+Release-4.15
LogInit: Net CL: 3299760
LogDevObjectVersion: Number of dev versions registered: 14
LogDevObjectVersion:   Dev-Blueprints (B0D832E4-1F89-4F0D-ACCF-7EB736FD4AA2): 8
LogDevObjectVersion:   Dev-Build (E1C64328-A22C-4D53-A36C-8E866417BD8C): 0
LogDevObjectVersion:   Dev-Core (375EC13C-06E4-48FB-B500-84F0262A717E): 2
LogDevObjectVersion:   Dev-Editor (E4B068ED-F494-42E9-A231-DA0B2E46BB41): 14
LogDevObjectVersion:   Dev-Framework (CFFC743F-43B0-4480-9391-14DF171D2073): 22
LogDevObjectVersion:   Dev-Mobile (B02B49B5-BB20-44E9-A304-32B752E40360): 0
LogDevObjectVersion:   Dev-Networking (A4E4105C-59A1-49B5-A7C5-40C4547EDFEE): 0
LogDevObjectVersion:   Dev-Online (39C831C9-5AE6-47DC-9A44-9C173E1C8E7C): 0
LogDevObjectVersion:   Dev-Physics (78F01B33-EBEA-4F98-B9B4-84EACCB95AA2): 0
LogDevObjectVersion:   Dev-Platform (6631380F-2D4D-43E0-8009-CF276956A95A): 0
LogDevObjectVersion:   Dev-Rendering (12F88B9F-8875-4AFC-A67C-D90C383ABD29): 12
LogDevObjectVersion:   Dev-Sequencer (7B5AE74C-D270-4C10-A958-57980B212A5A): 3
LogDevObjectVersion:   Dev-VR (D7296918-1DD6-4BDD-9DE2-64A83CC13884): 0
LogDevObjectVersion:   Dev-LoadTimes (C2A15278-BFE7-4AFE-6C17-90FF531DF755): 1
LogInit: Compiled (64-bit): Mar 15 2017 16:52:47
LogInit: Compiled with Visual C++: 19.00.23026.00
LogInit: Build Configuration: Development
LogInit: Branch Name: ++UE4+Release-4.15
LogInit: Command line: -EpicPortal 
LogInit: Base directory: C:/Program Files/Epic Games/UE_4.15/Engine/Binaries/Win64/
LogInit: Installed Engine Build: 1
LogInit: Presizing for max 8388607 objects, including 0 objects not considered by GC, pre-allocating 0 bytes for permanent pool.
LogInit: Object subsystem initialized
[2017.04.24-12.04.24:475][  0]LogInit: Selected Device Profile: [Windows]
[2017.04.24-12.04.24:475][  0]LogInit: Applying CVar settings loaded from the selected device profile: [Windows]
[2017.04.24-12.04.24:484][  0]LogInit: Computer: DESKTOP-DOMINIK
[2017.04.24-12.04.24:484][  0]LogInit: User: Dominik
[2017.04.24-12.04.24:484][  0]LogInit: CPU Page size=65536, Cores=4
[2017.04.24-12.04.24:484][  0]LogInit: High frequency timer resolution =3.117191 MHz
[2017.04.24-12.04.24:484][  0]LogMemory: Memory total: Physical=8.0GB (8GB approx)
[2017.04.24-12.04.24:484][  0]LogMemory: Platform Memory Stats for Windows
[2017.04.24-12.04.24:484][  0]LogMemory: Process Physical Memory: 263.48 MB used, 263.48 MB peak
[2017.04.24-12.04.24:484][  0]LogMemory: Process Virtual Memory: 262.45 MB used, 262.45 MB peak
[2017.04.24-12.04.24:484][  0]LogMemory: Physical Memory: 5651.93 MB used,  2503.16 MB free, 8155.09 MB total
[2017.04.24-12.04.24:484][  0]LogMemory: Virtual Memory: 644.39 MB used,  2503.16 MB free, 134217728.00 MB total
[2017.04.24-12.04.24:554][  0]LogTextLocalizationManager: No translations for ('pl-PL') exist, falling back to 'en' for localization and internationalization data.
[2017.04.24-12.04.25:154][  0]LogD3D11RHI: D3D11 adapters:
[2017.04.24-12.04.25:201][  0]LogD3D11RHI:    0. 'NVIDIA GeForce GTX 1060 6GB' (Feature Level 11_0)
[2017.04.24-12.04.25:201][  0]LogD3D11RHI:       6084/0/4077 MB DedicatedVideo/DedicatedSystem/SharedSystem, Outputs:2, VendorId:0x10de
[2017.04.24-12.04.25:202][  0]LogD3D11RHI:    1. 'Microsoft Basic Render Driver' (Feature Level 11_0)
[2017.04.24-12.04.25:202][  0]LogD3D11RHI:       0/0/4077 MB DedicatedVideo/DedicatedSystem/SharedSystem, Outputs:0, VendorId:0x1414
[2017.04.24-12.04.25:202][  0]LogD3D11RHI: Chosen D3D11 Adapter: 0
[2017.04.24-12.04.25:207][  0]LogD3D11RHI: Creating new Direct3DDevice
[2017.04.24-12.04.25:207][  0]LogD3D11RHI:     GPU DeviceId: 0x1c03 (for the marketing name, search the web for "GPU Device Id")
[2017.04.24-12.04.25:207][  0]LogWindows: EnumDisplayDevices:
[2017.04.24-12.04.25:207][  0]LogWindows:    0. 'NVIDIA GeForce GTX 1060 6GB' (P:0 D:1)
[2017.04.24-12.04.25:208][  0]LogWindows:    1. 'NVIDIA GeForce GTX 1060 6GB' (P:1 D:1)
[2017.04.24-12.04.25:208][  0]LogWindows:    2. 'NVIDIA GeForce GTX 1060 6GB' (P:0 D:0)
[2017.04.24-12.04.25:208][  0]LogWindows:    3. 'NVIDIA GeForce GTX 1060 6GB' (P:0 D:0)
[2017.04.24-12.04.25:208][  0]LogWindows: DebugString: FoundDriverCount:4 
[2017.04.24-12.04.25:208][  0]LogD3D11RHI:     Adapter Name: NVIDIA GeForce GTX 1060 6GB
[2017.04.24-12.04.25:208][  0]LogD3D11RHI:   Driver Version: 381.65 (internal:22.21.13.8165, unified:381.65)
[2017.04.24-12.04.25:208][  0]LogD3D11RHI:      Driver Date: 3-31-2017
[2017.04.24-12.04.25:208][  0]LogRHI: Texture pool is 1361 MB (70% of 1945 MB)
[2017.04.24-12.04.25:229][  0]LogD3D11RHI: Async texture creation enabled
[2017.04.24-12.04.25:240][  0]LogD3D11RHI: GPU Timing Frequency: 1000.000000 (Debug: 2 1)
[2017.04.24-12.04.25:335][  0]LogShaderCompilers: Guid format shader working directory is 16 characters bigger than the processId version (F:/TheFarm51/ZadanieRekrutacyjne/Intermediate/Shaders/WorkingDirectory/2272/).
[2017.04.24-12.04.25:335][  0]LogShaderCompilers: Cleaned the shader compiler working directory 'C:/Users/Dominik/AppData/Local/Temp/UnrealShaderWorkingDir/1C239BCB455C13D3D141D6956B01EE13/'.
[2017.04.24-12.04.25:335][  0]LogShaderCompilers:Display: Using Local Shader Compiler.
[2017.04.24-12.04.26:284][  0]LogTemp:Display: Loaded TP AllDesktopTargetPlatform
[2017.04.24-12.04.26:336][  0]LogTemp:Display: Loaded TP MacClientTargetPlatform
[2017.04.24-12.04.26:392][  0]LogTemp:Display: Loaded TP MacNoEditorTargetPlatform
[2017.04.24-12.04.26:442][  0]LogTemp:Display: Loaded TP MacServerTargetPlatform
[2017.04.24-12.04.26:490][  0]LogTemp:Display: Loaded TP MacTargetPlatform
[2017.04.24-12.04.26:537][  0]LogTemp:Display: Loaded TP WindowsClientTargetPlatform
[2017.04.24-12.04.26:584][  0]LogTemp:Display: Loaded TP WindowsNoEditorTargetPlatform
[2017.04.24-12.04.26:632][  0]LogTemp:Display: Loaded TP WindowsServerTargetPlatform
[2017.04.24-12.04.26:670][  0]LogTemp:Display: Loaded TP WindowsTargetPlatform
[2017.04.24-12.04.26:718][  0]LogTemp:Display: Loaded TP AndroidTargetPlatform
[2017.04.24-12.04.26:767][  0]LogTemp:Display: Loaded TP Android_ASTCTargetPlatform
[2017.04.24-12.04.26:815][  0]LogTemp:Display: Loaded TP Android_ATCTargetPlatform
[2017.04.24-12.04.26:862][  0]LogTemp:Display: Loaded TP Android_DXTTargetPlatform
[2017.04.24-12.04.26:910][  0]LogTemp:Display: Loaded TP Android_ETC1TargetPlatform
[2017.04.24-12.04.26:956][  0]LogTemp:Display: Loaded TP Android_ETC2TargetPlatform
[2017.04.24-12.04.27:048][  0]LogTemp:Display: Loaded TP Android_MultiTargetPlatform
[2017.04.24-12.04.27:048][  0]LogTemp:Display: Loaded TP Android_PVRTCTargetPlatform
[2017.04.24-12.04.27:081][  0]LogTemp:Display: Loaded TP HTML5TargetPlatform
[2017.04.24-12.04.27:167][  0]LogTemp:Display: Loaded TP IOSTargetPlatform
[2017.04.24-12.04.27:198][  0]LogTemp:Display: Loaded TP TVOSTargetPlatform
[2017.04.24-12.04.27:244][  0]LogTemp:Display: Loaded TP LinuxClientTargetPlatform
[2017.04.24-12.04.27:290][  0]LogTemp:Display: Loaded TP LinuxNoEditorTargetPlatform
[2017.04.24-12.04.27:335][  0]LogTemp:Display: Loaded TP LinuxServerTargetPlatform
[2017.04.24-12.04.27:381][  0]LogTemp:Display: Loaded TP LinuxTargetPlatform
[2017.04.24-12.04.27:382][  0]LogTargetPlatformManager:Display: Building Assets For Windows
[2017.04.24-12.04.27:770][  0]LogDerivedDataCache:Display: Max Cache Size: 512 MB
[2017.04.24-12.04.27:861][  0]LogDerivedDataCache: Loaded boot cache 0.05s 50MB C:/Users/Dominik/AppData/Local/UnrealEngine/4.15/DerivedDataCache/Boot.ddc.
[2017.04.24-12.04.27:861][  0]LogDerivedDataCache:Display: Loaded Boot cache: C:/Users/Dominik/AppData/Local/UnrealEngine/4.15/DerivedDataCache/Boot.ddc
[2017.04.24-12.04.27:861][  0]LogDerivedDataCache: FDerivedDataBackendGraph:  Pak pak cache file F:/TheFarm51/ZadanieRekrutacyjne/DerivedDataCache/DDC.ddp not found, will not use a pak cache.
[2017.04.24-12.04.27:861][  0]LogDerivedDataCache: Unable to find inner node Pak for hierarchical cache Hierarchy.
[2017.04.24-12.04.27:861][  0]LogDerivedDataCache: FDerivedDataBackendGraph:  CompressedPak pak cache file F:/TheFarm51/ZadanieRekrutacyjne/DerivedDataCache/Compressed.ddp not found, will not use a pak cache.
[2017.04.24-12.04.27:861][  0]LogDerivedDataCache: Unable to find inner node CompressedPak for hierarchical cache Hierarchy.
[2017.04.24-12.04.27:878][  0]LogDerivedDataCache:Display: Pak cache opened for reading ../../../Engine/DerivedDataCache/Compressed.ddp.
[2017.04.24-12.04.27:891][  0]LogDerivedDataCache: Using Local data cache path C:/Users/Dominik/AppData/Local/UnrealEngine/Common/DerivedDataCache: Writable
[2017.04.24-12.04.27:899][  0]LogSlate: Using Freetype 2.6.0
[2017.04.24-12.04.27:900][  0]LogSlate: SlateFontCache - WITH_FREETYPE: 1, WITH_HARFBUZZ: 1
[2017.04.24-12.04.27:900][  0]LogSlate: SlateFontCache - WITH_FREETYPE: 1, WITH_HARFBUZZ: 1
[2017.04.24-12.04.28:131][  0]LogInit: Selected Device Profile: [Windows]
[2017.04.24-12.04.28:133][  0]LogContentStreaming: Texture pool size is 0.00 MB
[2017.04.24-12.04.28:311][  0]LogMeshUtilities: Using QuadricMeshReduction for automatic static mesh reduction
[2017.04.24-12.04.28:347][  0]LogSimplygon: Simplygon DLL not present - disabling.
[2017.04.24-12.04.28:385][  0]LogMeshUtilities: Using SimplygonSwarm for distributed automatic mesh merging
[2017.04.24-12.04.28:385][  0]LogMeshUtilities: No automatic skeletal mesh reduction module available
[2017.04.24-12.04.28:385][  0]LogMeshUtilities: No automatic mesh merging module available
[2017.04.24-12.04.28:882][  0]LogNetVersion: GetLocalNetworkVersion: CL: 3299760, ProjectName: zadanierekrutacyjne, ProjectVersion: , EngineNetworkVersion: 2, GameNetworkVersion: 0, NetworkChecksum: 2856567825
[2017.04.24-12.04.28:925][  0]LogAssetRegistry: FAssetRegistry took 0.0218 seconds to start up
[2017.04.24-12.04.28:954][  0]LogPackageLocalizationCache: Processed 3 localized package path(s) for 1 prioritized culture(s) in 0.010103 seconds
[2017.04.24-12.04.28:959][  0]LogUObjectArray: 32493 objects as part of root set at end of initial load.
[2017.04.24-12.04.28:959][  0]LogUObjectAllocator: 7077024 out of 0 bytes used by permanent object pool.
[2017.04.24-12.04.28:959][  0]LogUObjectArray: CloseDisregardForGC: 0/0 objects in disregard for GC pool
[2017.04.24-12.04.29:012][  0]LogInit: WinSock: version 1.1 (2.2), MaxSocks=32767, MaxUdp=65467
[2017.04.24-12.04.30:339][  0]LogTcpMessaging: Initializing TcpMessaging bridge
[2017.04.24-12.04.30:376][  0]LogUdpMessaging: Initializing bridge on interface 0.0.0.0:0 to multicast group 230.0.0.1:6666.
[2017.04.24-12.04.30:809][  0]LogMaterial: Uniform references updated for custom material expression Custom.
[2017.04.24-12.04.31:124][  0]SourceControl: Info Source control is disabled
[2017.04.24-12.04.31:159][  0]SourceControl: Info Source control is disabled
[2017.04.24-12.04.31:197][  0]SourceControl: Info Source control is disabled
[2017.04.24-12.04.31:235][  0]SourceControl: Info Source control is disabled
[2017.04.24-12.04.32:251][  0]LogEngine: Initializing Engine...
[2017.04.24-12.04.32:251][  0]LogHMD: Failed to initialize OpenVR with code 110
[2017.04.24-12.04.32:459][  0]LogAIModule: Creating AISystem for world Untitled
[2017.04.24-12.04.32:466][  0]LogInit: XAudio2 using 'Głośniki (Realtek High Definition Audio)' : 2 channels at 48 kHz using 32 bits per sample (channel mask 0x3)
[2017.04.24-12.04.32:478][  0]LogInit: FAudioDevice initialized.
[2017.04.24-12.04.32:506][  0]LogDerivedDataCache: Saved boot cache 0.03s 50MB C:/Users/Dominik/AppData/Local/UnrealEngine/4.15/DerivedDataCache/Boot.ddc.
[2017.04.24-12.04.32:516][  0]LogInit: Texture streaming: Enabled
[2017.04.24-12.04.32:605][  0]LogEngineSessionManager: EngineSessionManager initialized
[2017.04.24-12.04.32:686][  0]LogInit: Transaction tracking system initialized
[2017.04.24-12.04.32:993][  0]BlueprintLog: New page: Editor Load
[2017.04.24-12.04.33:762][  0]LocalizationService: Info Localization service is disabled
[2017.04.24-12.04.34:327][  0]LogConsoleResponse:Display: 
[2017.04.24-12.04.34:440][  0]LogCook:Display: Max memory allowance for cook 16384mb min free memory 0mb
[2017.04.24-12.04.34:440][  0]LogCook:Display: Mobile HDR setting 1
[2017.04.24-12.04.35:283][  0]LogFileCache: Scanning file cache for directory 'F:/TheFarm51/ZadanieRekrutacyjne/Content/' took 0.01s
[2017.04.24-12.04.35:283][  0]SourceControl: Info Source control is disabled
[2017.04.24-12.04.35:283][  0]Cmd: MAP LOAD FILE="F:/TheFarm51/ZadanieRekrutacyjne/Content/StarterContent/Maps/Minimal_Default.umap" TEMPLATE=0 SHOWPROGRESS=1 FEATURELEVEL=3
[2017.04.24-12.04.35:283][  0]LightingResults: New page: Lighting Build
[2017.04.24-12.04.35:318][  0]MapCheck: New page: Map Check
[2017.04.24-12.04.35:318][  0]LightingResults: New page: Lighting Build
[2017.04.24-12.04.35:590][  0]LogAIModule: Creating AISystem for world Minimal_Default
[2017.04.24-12.04.35:613][  0]LogEditorServer: Finished looking for orphan Actors (0.000 secs)
[2017.04.24-12.04.35:613][  0]Cmd: MAP CHECKDEP NOCLEARLOG
[2017.04.24-12.04.35:648][  0]MapCheck: Info Map check complete: 0 Error(s), 0 Warning(s), took 34.777ms to complete.
[2017.04.24-12.04.35:648][  0]LogFileHelpers: Loading map 'Minimal_Default' took 0.365
[2017.04.24-12.04.35:724][  0]LogWindowsTextInputMethodSystem:Display: IME system now deactivated.
[2017.04.24-12.04.35:837][  0]LogCollectionManager: Loaded 0 collections in 0.001166 seconds
[2017.04.24-12.04.35:910][  0]LogFileCache: Scanning file cache for directory 'F:/TheFarm51/ZadanieRekrutacyjne/Saved/Collections/' took 0.01s
[2017.04.24-12.04.35:910][  0]LogFileCache: Scanning file cache for directory 'F:/TheFarm51/ZadanieRekrutacyjne/Content/Developers/Dominik/Collections/' took 0.01s
[2017.04.24-12.04.35:910][  0]LogFileCache: Scanning file cache for directory 'F:/TheFarm51/ZadanieRekrutacyjne/Content/Collections/' took 0.01s
[2017.04.24-12.04.35:910][  0]LogCollectionManager: Rebuilt the GUID cache for 0 collections in 0.000001 seconds
[2017.04.24-12.04.35:918][  0]LogContentBrowser: Native class hierarchy populated in 0.0081 seconds. Added 2247 classes and 455 folders.
[2017.04.24-12.04.35:921][  0]LogStats: UGameplayTagsManager::ConstructGameplayTagTree: Construct from data asset -  0.000 s
[2017.04.24-12.04.35:921][  0]LogStats: UGameplayTagsManager::ConstructGameplayTagTree: GameplayTagTreeChangedEvent.Broadcast -  0.000 s
[2017.04.24-12.04.35:973][  0]LogContentBrowser: Native class hierarchy updated for 'WidgetCarousel' in 0.0009 seconds. Added 0 classes and 0 folders.
[2017.04.24-12.04.36:004][  0]LogContentBrowser: Native class hierarchy updated for 'AddContentDialog' in 0.0009 seconds. Added 0 classes and 0 folders.
[2017.04.24-12.04.36:050][  0]LogContentBrowser: Native class hierarchy updated for 'SceneOutliner' in 0.0009 seconds. Added 1 classes and 2 folders.
[2017.04.24-12.04.36:092][  0]LogCrashTracker: Crashtracker disabled due to settings.
[2017.04.24-12.04.36:101][  0]LogUObjectGlobals:Warning: Failed to find object 'Class None.'
[2017.04.24-12.04.36:161][  0]LogContentBrowser: Native class hierarchy updated for 'HierarchicalLODOutliner' in 0.0009 seconds. Added 1 classes and 2 folders.
[2017.04.24-12.04.36:161][  0]LogLoad: (Engine Initialization) Total time: 13.41 seconds
[2017.04.24-12.04.36:161][  0]LogLoad: (Engine Initialization) Total Blueprint compile time: 0.08 seconds
[2017.04.24-12.04.36:161][  0]LogExternalProfiler: Found external profiler: VSPerf
[2017.04.24-12.04.36:161][  0]LogExternalProfiler: Using external profiler: VSPerf
[2017.04.24-12.04.36:170][  0]LogOcInput: OculusInput pre-init called
[2017.04.24-12.04.36:191][  0]LogContentStreaming: Texture pool size now 1000 MB
[2017.04.24-12.04.36:192][  0]LogSlate: Took 0.000186 seconds to synchronously load lazily loaded font '../../../Engine/Content/Slate/Fonts/Roboto-Regular.ttf' (155K)
[2017.04.24-12.04.36:195][  0]LogSlate: Took 0.000179 seconds to synchronously load lazily loaded font '../../../Engine/Content/Slate/Fonts/Roboto-Bold.ttf' (160K)
[2017.04.24-12.04.36:200][  0]LogSlate: Took 0.000146 seconds to synchronously load lazily loaded font '../../../Engine/Content/Editor/Slate/Fonts/FontAwesome.ttf' (139K)
[2017.04.24-12.04.36:303][  0]LogSlate: Took 0.000202 seconds to synchronously load lazily loaded font '../../../Engine/Content/Slate/Fonts/Roboto-Light.ttf' (159K)
[2017.04.24-12.04.36:347][  0]LogRenderer: Reallocating scene render targets to support 1208x600 NumSamples 1 (Frame:2).
[2017.04.24-12.04.36:413][  1]LogAssetRegistry: Asset discovery search completed in 7.5100 seconds
[2017.04.24-12.04.36:413][  1]LogCollectionManager: Rebuilt the object cache for 0 collections in 0.000005 seconds (found 0 objects)
[2017.04.24-12.04.36:413][  1]LogCollectionManager: Fixed up redirectors for 0 collections in 0.000021 seconds (updated 0 objects)
[2017.04.24-12.04.37:192][ 73]LogSlate: Took 0.000191 seconds to synchronously load lazily loaded font '../../../Engine/Content/Slate/Fonts/Roboto-Light.ttf' (159K)
[2017.04.24-12.04.39:754][368]LogSlate: Took 0.000123 seconds to synchronously load lazily loaded font '../../../Engine/Content/Slate/Fonts/Roboto-Light.ttf' (159K)
[2017.04.24-12.04.40:150][368]LogContentBrowser: Native class hierarchy updated for 'BlueprintGraph' in 0.0013 seconds. Added 112 classes and 0 folders.
[2017.04.24-12.04.40:679][368]LogSlate: Took 0.000180 seconds to synchronously load lazily loaded font '../../../Engine/Content/Slate/Fonts/Roboto-Regular.ttf' (155K)
[2017.04.24-12.04.40:724][368]LogActor:Warning: MyLamp_C /Engine/Transient.World_0:PersistentLevel.MyLamp_C_0 has natively added scene component(s), but none of them were set as the actor's RootComponent - picking one arbitrarily
