Log file open, 04/24/17 13:29:57
LogInit:Display: Running engine for game: ZadanieRekrutacyjne
LogPlatformFile: Not using cached read wrapper
LogInit:Display: RandInit(1295270584) SRandInit(1295270584).
LogTaskGraph: Started task graph with 5 named threads and 8 total threads with 1 sets of task threads.
LogStats: Stats thread started at 0.076215
LogInit: Using libcurl 7.47.1
LogInit:  - built for x86_64-pc-win32
LogInit:  - supports SSL with OpenSSL/1.0.2g
LogInit:  - supports HTTP deflate (compression) using libz 1.2.8
LogInit:  - other features:
LogInit:      CURL_VERSION_SSL
LogInit:      CURL_VERSION_LIBZ
LogInit:      CURL_VERSION_IPV6
LogInit:      CURL_VERSION_ASYNCHDNS
LogInit:      CURL_VERSION_LARGEFILE
LogInit:      CURL_VERSION_IDN
LogInit:  CurlRequestOptions (configurable via config and command line):
LogInit:  - bVerifyPeer = false  - Libcurl will NOT verify peer certificate
LogInit:  - bUseHttpProxy = false  - Libcurl will NOT use HTTP proxy
LogInit:  - bDontReuseConnections = false  - Libcurl will reuse connections
LogInit:  - CertBundlePath = nullptr  - Libcurl will use whatever was configured at build time.
LogInit: Build: ++UE4+Release-4.15-CL-3348071
LogInit: Engine Version: 4.15.1-3348071+++UE4+Release-4.15
LogInit: Compatible Engine Version: 4.15.0-3299760+++UE4+Release-4.15
LogInit: Net CL: 3299760
LogDevObjectVersion: Number of dev versions registered: 14
LogDevObjectVersion:   Dev-Blueprints (B0D832E4-1F89-4F0D-ACCF-7EB736FD4AA2): 8
LogDevObjectVersion:   Dev-Build (E1C64328-A22C-4D53-A36C-8E866417BD8C): 0
LogDevObjectVersion:   Dev-Core (375EC13C-06E4-48FB-B500-84F0262A717E): 2
LogDevObjectVersion:   Dev-Editor (E4B068ED-F494-42E9-A231-DA0B2E46BB41): 14
LogDevObjectVersion:   Dev-Framework (CFFC743F-43B0-4480-9391-14DF171D2073): 22
LogDevObjectVersion:   Dev-Mobile (B02B49B5-BB20-44E9-A304-32B752E40360): 0
LogDevObjectVersion:   Dev-Networking (A4E4105C-59A1-49B5-A7C5-40C4547EDFEE): 0
LogDevObjectVersion:   Dev-Online (39C831C9-5AE6-47DC-9A44-9C173E1C8E7C): 0
LogDevObjectVersion:   Dev-Physics (78F01B33-EBEA-4F98-B9B4-84EACCB95AA2): 0
LogDevObjectVersion:   Dev-Platform (6631380F-2D4D-43E0-8009-CF276956A95A): 0
LogDevObjectVersion:   Dev-Rendering (12F88B9F-8875-4AFC-A67C-D90C383ABD29): 12
LogDevObjectVersion:   Dev-Sequencer (7B5AE74C-D270-4C10-A958-57980B212A5A): 3
LogDevObjectVersion:   Dev-VR (D7296918-1DD6-4BDD-9DE2-64A83CC13884): 0
LogDevObjectVersion:   Dev-LoadTimes (C2A15278-BFE7-4AFE-6C17-90FF531DF755): 1
LogInit: Compiled (64-bit): Mar 15 2017 16:52:47
LogInit: Compiled with Visual C++: 19.00.23026.00
LogInit: Build Configuration: Development
LogInit: Branch Name: ++UE4+Release-4.15
LogInit: Command line: -EpicPortal 
LogInit: Base directory: C:/Program Files/Epic Games/UE_4.15/Engine/Binaries/Win64/
LogInit: Installed Engine Build: 1
LogInit: Presizing for max 8388607 objects, including 0 objects not considered by GC, pre-allocating 0 bytes for permanent pool.
LogInit: Object subsystem initialized
[2017.04.24-11.29.58:150][  0]LogInit: Selected Device Profile: [Windows]
[2017.04.24-11.29.58:150][  0]LogInit: Applying CVar settings loaded from the selected device profile: [Windows]
[2017.04.24-11.29.58:177][  0]LogInit: Computer: DESKTOP-DOMINIK
[2017.04.24-11.29.58:177][  0]LogInit: User: Dominik
[2017.04.24-11.29.58:177][  0]LogInit: CPU Page size=65536, Cores=4
[2017.04.24-11.29.58:177][  0]LogInit: High frequency timer resolution =3.117191 MHz
[2017.04.24-11.29.58:178][  0]LogMemory: Memory total: Physical=8.0GB (8GB approx)
[2017.04.24-11.29.58:178][  0]LogMemory: Platform Memory Stats for Windows
[2017.04.24-11.29.58:178][  0]LogMemory: Process Physical Memory: 263.29 MB used, 263.29 MB peak
[2017.04.24-11.29.58:178][  0]LogMemory: Process Virtual Memory: 262.44 MB used, 262.44 MB peak
[2017.04.24-11.29.58:178][  0]LogMemory: Physical Memory: 5421.86 MB used,  2733.23 MB free, 8155.09 MB total
[2017.04.24-11.29.58:178][  0]LogMemory: Virtual Memory: 644.39 MB used,  2733.23 MB free, 134217728.00 MB total
[2017.04.24-11.29.58:246][  0]LogTextLocalizationManager: No translations for ('pl-PL') exist, falling back to 'en' for localization and internationalization data.
[2017.04.24-11.29.58:823][  0]LogD3D11RHI: D3D11 adapters:
[2017.04.24-11.29.58:864][  0]LogD3D11RHI:    0. 'NVIDIA GeForce GTX 1060 6GB' (Feature Level 11_0)
[2017.04.24-11.29.58:864][  0]LogD3D11RHI:       6084/0/4077 MB DedicatedVideo/DedicatedSystem/SharedSystem, Outputs:2, VendorId:0x10de
[2017.04.24-11.29.58:865][  0]LogD3D11RHI:    1. 'Microsoft Basic Render Driver' (Feature Level 11_0)
[2017.04.24-11.29.58:865][  0]LogD3D11RHI:       0/0/4077 MB DedicatedVideo/DedicatedSystem/SharedSystem, Outputs:0, VendorId:0x1414
[2017.04.24-11.29.58:865][  0]LogD3D11RHI: Chosen D3D11 Adapter: 0
[2017.04.24-11.29.58:869][  0]LogD3D11RHI: Creating new Direct3DDevice
[2017.04.24-11.29.58:869][  0]LogD3D11RHI:     GPU DeviceId: 0x1c03 (for the marketing name, search the web for "GPU Device Id")
[2017.04.24-11.29.58:869][  0]LogWindows: EnumDisplayDevices:
[2017.04.24-11.29.58:869][  0]LogWindows:    0. 'NVIDIA GeForce GTX 1060 6GB' (P:0 D:1)
[2017.04.24-11.29.58:869][  0]LogWindows:    1. 'NVIDIA GeForce GTX 1060 6GB' (P:1 D:1)
[2017.04.24-11.29.58:870][  0]LogWindows:    2. 'NVIDIA GeForce GTX 1060 6GB' (P:0 D:0)
[2017.04.24-11.29.58:870][  0]LogWindows:    3. 'NVIDIA GeForce GTX 1060 6GB' (P:0 D:0)
[2017.04.24-11.29.58:870][  0]LogWindows: DebugString: FoundDriverCount:4 
[2017.04.24-11.29.58:870][  0]LogD3D11RHI:     Adapter Name: NVIDIA GeForce GTX 1060 6GB
[2017.04.24-11.29.58:870][  0]LogD3D11RHI:   Driver Version: 381.65 (internal:22.21.13.8165, unified:381.65)
[2017.04.24-11.29.58:870][  0]LogD3D11RHI:      Driver Date: 3-31-2017
[2017.04.24-11.29.58:870][  0]LogRHI: Texture pool is 1361 MB (70% of 1945 MB)
[2017.04.24-11.29.58:891][  0]LogD3D11RHI: Async texture creation enabled
[2017.04.24-11.29.58:901][  0]LogD3D11RHI: GPU Timing Frequency: 1000.000000 (Debug: 2 1)
[2017.04.24-11.29.58:996][  0]LogShaderCompilers: Guid format shader working directory is 15 characters bigger than the processId version (F:/TheFarm51/ZadanieRekrutacyjne/Intermediate/Shaders/WorkingDirectory/10516/).
[2017.04.24-11.29.58:996][  0]LogShaderCompilers: Cleaned the shader compiler working directory 'C:/Users/Dominik/AppData/Local/Temp/UnrealShaderWorkingDir/97C577B444DB4D9C085649A3845024CB/'.
[2017.04.24-11.29.58:996][  0]LogShaderCompilers:Display: Using Local Shader Compiler.
[2017.04.24-11.29.59:925][  0]LogTemp:Display: Loaded TP AllDesktopTargetPlatform
[2017.04.24-11.29.59:977][  0]LogTemp:Display: Loaded TP MacClientTargetPlatform
[2017.04.24-11.30.00:025][  0]LogTemp:Display: Loaded TP MacNoEditorTargetPlatform
[2017.04.24-11.30.00:073][  0]LogTemp:Display: Loaded TP MacServerTargetPlatform
[2017.04.24-11.30.00:124][  0]LogTemp:Display: Loaded TP MacTargetPlatform
[2017.04.24-11.30.00:186][  0]LogTemp:Display: Loaded TP WindowsClientTargetPlatform
[2017.04.24-11.30.00:235][  0]LogTemp:Display: Loaded TP WindowsNoEditorTargetPlatform
[2017.04.24-11.30.00:283][  0]LogTemp:Display: Loaded TP WindowsServerTargetPlatform
[2017.04.24-11.30.00:322][  0]LogTemp:Display: Loaded TP WindowsTargetPlatform
[2017.04.24-11.30.00:369][  0]LogTemp:Display: Loaded TP AndroidTargetPlatform
[2017.04.24-11.30.00:415][  0]LogTemp:Display: Loaded TP Android_ASTCTargetPlatform
[2017.04.24-11.30.00:462][  0]LogTemp:Display: Loaded TP Android_ATCTargetPlatform
[2017.04.24-11.30.00:508][  0]LogTemp:Display: Loaded TP Android_DXTTargetPlatform
[2017.04.24-11.30.00:558][  0]LogTemp:Display: Loaded TP Android_ETC1TargetPlatform
[2017.04.24-11.30.00:605][  0]LogTemp:Display: Loaded TP Android_ETC2TargetPlatform
[2017.04.24-11.30.00:697][  0]LogTemp:Display: Loaded TP Android_MultiTargetPlatform
[2017.04.24-11.30.00:697][  0]LogTemp:Display: Loaded TP Android_PVRTCTargetPlatform
[2017.04.24-11.30.00:728][  0]LogTemp:Display: Loaded TP HTML5TargetPlatform
[2017.04.24-11.30.00:813][  0]LogTemp:Display: Loaded TP IOSTargetPlatform
[2017.04.24-11.30.00:844][  0]LogTemp:Display: Loaded TP TVOSTargetPlatform
[2017.04.24-11.30.00:890][  0]LogTemp:Display: Loaded TP LinuxClientTargetPlatform
[2017.04.24-11.30.00:938][  0]LogTemp:Display: Loaded TP LinuxNoEditorTargetPlatform
[2017.04.24-11.30.00:984][  0]LogTemp:Display: Loaded TP LinuxServerTargetPlatform
[2017.04.24-11.30.01:030][  0]LogTemp:Display: Loaded TP LinuxTargetPlatform
[2017.04.24-11.30.01:030][  0]LogTargetPlatformManager:Display: Building Assets For Windows
[2017.04.24-11.30.01:405][  0]LogDerivedDataCache:Display: Max Cache Size: 512 MB
[2017.04.24-11.30.01:457][  0]LogDerivedDataCache: Loaded boot cache 0.05s 51MB C:/Users/Dominik/AppData/Local/UnrealEngine/4.15/DerivedDataCache/Boot.ddc.
[2017.04.24-11.30.01:457][  0]LogDerivedDataCache:Display: Loaded Boot cache: C:/Users/Dominik/AppData/Local/UnrealEngine/4.15/DerivedDataCache/Boot.ddc
[2017.04.24-11.30.01:457][  0]LogDerivedDataCache: FDerivedDataBackendGraph:  Pak pak cache file F:/TheFarm51/ZadanieRekrutacyjne/DerivedDataCache/DDC.ddp not found, will not use a pak cache.
[2017.04.24-11.30.01:457][  0]LogDerivedDataCache: Unable to find inner node Pak for hierarchical cache Hierarchy.
[2017.04.24-11.30.01:457][  0]LogDerivedDataCache: FDerivedDataBackendGraph:  CompressedPak pak cache file F:/TheFarm51/ZadanieRekrutacyjne/DerivedDataCache/Compressed.ddp not found, will not use a pak cache.
[2017.04.24-11.30.01:457][  0]LogDerivedDataCache: Unable to find inner node CompressedPak for hierarchical cache Hierarchy.
[2017.04.24-11.30.01:474][  0]LogDerivedDataCache:Display: Pak cache opened for reading ../../../Engine/DerivedDataCache/Compressed.ddp.
[2017.04.24-11.30.01:486][  0]LogDerivedDataCache: Using Local data cache path C:/Users/Dominik/AppData/Local/UnrealEngine/Common/DerivedDataCache: Writable
[2017.04.24-11.30.01:494][  0]LogSlate: Using Freetype 2.6.0
[2017.04.24-11.30.01:494][  0]LogSlate: SlateFontCache - WITH_FREETYPE: 1, WITH_HARFBUZZ: 1
[2017.04.24-11.30.01:494][  0]LogSlate: SlateFontCache - WITH_FREETYPE: 1, WITH_HARFBUZZ: 1
[2017.04.24-11.30.02:117][  0]LogInit: Selected Device Profile: [Windows]
[2017.04.24-11.30.02:120][  0]LogContentStreaming: Texture pool size is 0.00 MB
[2017.04.24-11.30.02:297][  0]LogMeshUtilities: Using QuadricMeshReduction for automatic static mesh reduction
[2017.04.24-11.30.02:333][  0]LogSimplygon: Simplygon DLL not present - disabling.
[2017.04.24-11.30.02:374][  0]LogMeshUtilities: Using SimplygonSwarm for distributed automatic mesh merging
[2017.04.24-11.30.02:374][  0]LogMeshUtilities: No automatic skeletal mesh reduction module available
[2017.04.24-11.30.02:374][  0]LogMeshUtilities: No automatic mesh merging module available
[2017.04.24-11.30.02:864][  0]LogNetVersion: GetLocalNetworkVersion: CL: 3299760, ProjectName: zadanierekrutacyjne, ProjectVersion: , EngineNetworkVersion: 2, GameNetworkVersion: 0, NetworkChecksum: 2856567825
[2017.04.24-11.30.02:907][  0]LogAssetRegistry: FAssetRegistry took 0.0214 seconds to start up
[2017.04.24-11.30.02:971][  0]LogPackageLocalizationCache: Processed 3 localized package path(s) for 1 prioritized culture(s) in 0.045271 seconds
[2017.04.24-11.30.02:976][  0]LogUObjectArray: 32493 objects as part of root set at end of initial load.
[2017.04.24-11.30.02:976][  0]LogUObjectAllocator: 7077024 out of 0 bytes used by permanent object pool.
[2017.04.24-11.30.02:976][  0]LogUObjectArray: CloseDisregardForGC: 0/0 objects in disregard for GC pool
[2017.04.24-11.30.03:029][  0]LogInit: WinSock: version 1.1 (2.2), MaxSocks=32767, MaxUdp=65467
[2017.04.24-11.30.04:378][  0]LogTcpMessaging: Initializing TcpMessaging bridge
[2017.04.24-11.30.04:412][  0]LogUdpMessaging: Initializing bridge on interface 0.0.0.0:0 to multicast group 230.0.0.1:6666.
[2017.04.24-11.30.04:838][  0]LogMaterial: Uniform references updated for custom material expression Custom.
[2017.04.24-11.30.05:148][  0]SourceControl: Info Source control is disabled
[2017.04.24-11.30.05:184][  0]SourceControl: Info Source control is disabled
[2017.04.24-11.30.05:222][  0]SourceControl: Info Source control is disabled
[2017.04.24-11.30.05:260][  0]SourceControl: Info Source control is disabled
[2017.04.24-11.30.06:276][  0]LogEngine: Initializing Engine...
[2017.04.24-11.30.06:276][  0]LogHMD: Failed to initialize OpenVR with code 110
[2017.04.24-11.30.06:483][  0]LogAIModule: Creating AISystem for world Untitled
[2017.04.24-11.30.06:490][  0]LogInit: XAudio2 using 'Głośniki (Realtek High Definition Audio)' : 2 channels at 48 kHz using 32 bits per sample (channel mask 0x3)
[2017.04.24-11.30.06:501][  0]LogInit: FAudioDevice initialized.
[2017.04.24-11.30.06:528][  0]LogDerivedDataCache: Saved boot cache 0.03s 50MB C:/Users/Dominik/AppData/Local/UnrealEngine/4.15/DerivedDataCache/Boot.ddc.
[2017.04.24-11.30.06:538][  0]LogInit: Texture streaming: Enabled
[2017.04.24-11.30.06:615][  0]LogEngineSessionManager: EngineSessionManager initialized
[2017.04.24-11.30.06:693][  0]LogInit: Transaction tracking system initialized
[2017.04.24-11.30.06:981][  0]BlueprintLog: New page: Editor Load
[2017.04.24-11.30.07:710][  0]LocalizationService: Info Localization service is disabled
[2017.04.24-11.30.08:270][  0]LogConsoleResponse:Display: 
[2017.04.24-11.30.08:385][  0]LogCook:Display: Max memory allowance for cook 16384mb min free memory 0mb
[2017.04.24-11.30.08:385][  0]LogCook:Display: Mobile HDR setting 1
[2017.04.24-11.30.08:864][  0]LogFileCache: Scanning file cache for directory 'F:/TheFarm51/ZadanieRekrutacyjne/Content/' took 0.01s
[2017.04.24-11.30.09:241][  0]SourceControl: Info Source control is disabled
[2017.04.24-11.30.09:241][  0]Cmd: MAP LOAD FILE="F:/TheFarm51/ZadanieRekrutacyjne/Content/StarterContent/Maps/Minimal_Default.umap" TEMPLATE=0 SHOWPROGRESS=1 FEATURELEVEL=3
[2017.04.24-11.30.09:242][  0]LightingResults: New page: Lighting Build
[2017.04.24-11.30.09:276][  0]MapCheck: New page: Map Check
[2017.04.24-11.30.09:276][  0]LightingResults: New page: Lighting Build
[2017.04.24-11.30.09:616][  0]LogAIModule: Creating AISystem for world Minimal_Default
[2017.04.24-11.30.09:638][  0]LogEditorServer: Finished looking for orphan Actors (0.000 secs)
[2017.04.24-11.30.09:638][  0]Cmd: MAP CHECKDEP NOCLEARLOG
[2017.04.24-11.30.09:674][  0]MapCheck: Info Map check complete: 0 Error(s), 0 Warning(s), took 36.212ms to complete.
[2017.04.24-11.30.09:674][  0]LogFileHelpers: Loading map 'Minimal_Default' took 0.433
[2017.04.24-11.30.09:749][  0]LogWindowsTextInputMethodSystem:Display: IME system now deactivated.
[2017.04.24-11.30.09:876][  0]LogCollectionManager: Loaded 0 collections in 0.001546 seconds
[2017.04.24-11.30.09:950][  0]LogFileCache: Scanning file cache for directory 'F:/TheFarm51/ZadanieRekrutacyjne/Saved/Collections/' took 0.01s
[2017.04.24-11.30.09:950][  0]LogFileCache: Scanning file cache for directory 'F:/TheFarm51/ZadanieRekrutacyjne/Content/Developers/Dominik/Collections/' took 0.01s
[2017.04.24-11.30.09:950][  0]LogFileCache: Scanning file cache for directory 'F:/TheFarm51/ZadanieRekrutacyjne/Content/Collections/' took 0.01s
[2017.04.24-11.30.09:950][  0]LogCollectionManager: Rebuilt the GUID cache for 0 collections in 0.000002 seconds
[2017.04.24-11.30.09:959][  0]LogContentBrowser: Native class hierarchy populated in 0.0082 seconds. Added 2247 classes and 455 folders.
[2017.04.24-11.30.09:961][  0]LogStats: UGameplayTagsManager::ConstructGameplayTagTree: Construct from data asset -  0.000 s
[2017.04.24-11.30.09:961][  0]LogStats: UGameplayTagsManager::ConstructGameplayTagTree: GameplayTagTreeChangedEvent.Broadcast -  0.000 s
[2017.04.24-11.30.10:013][  0]LogContentBrowser: Native class hierarchy updated for 'WidgetCarousel' in 0.0010 seconds. Added 0 classes and 0 folders.
[2017.04.24-11.30.10:347][  0]LogContentBrowser: Native class hierarchy updated for 'AddContentDialog' in 0.0010 seconds. Added 0 classes and 0 folders.
[2017.04.24-11.30.10:398][  0]LogContentBrowser: Native class hierarchy updated for 'SceneOutliner' in 0.0010 seconds. Added 1 classes and 2 folders.
[2017.04.24-11.30.10:441][  0]LogCrashTracker: Crashtracker disabled due to settings.
[2017.04.24-11.30.10:450][  0]LogUObjectGlobals:Warning: Failed to find object 'Class None.'
[2017.04.24-11.30.10:508][  0]LogContentBrowser: Native class hierarchy updated for 'HierarchicalLODOutliner' in 0.0009 seconds. Added 1 classes and 2 folders.
[2017.04.24-11.30.10:508][  0]LogLoad: (Engine Initialization) Total time: 14.23 seconds
[2017.04.24-11.30.10:508][  0]LogLoad: (Engine Initialization) Total Blueprint compile time: 0.08 seconds
[2017.04.24-11.30.10:508][  0]LogExternalProfiler: Found external profiler: VSPerf
[2017.04.24-11.30.10:508][  0]LogExternalProfiler: Using external profiler: VSPerf
[2017.04.24-11.30.10:518][  0]LogOcInput: OculusInput pre-init called
[2017.04.24-11.30.10:539][  0]LogContentStreaming: Texture pool size now 1000 MB
[2017.04.24-11.30.10:540][  0]LogSlate: Took 0.000196 seconds to synchronously load lazily loaded font '../../../Engine/Content/Slate/Fonts/Roboto-Regular.ttf' (155K)
[2017.04.24-11.30.10:543][  0]LogSlate: Took 0.000148 seconds to synchronously load lazily loaded font '../../../Engine/Content/Slate/Fonts/Roboto-Bold.ttf' (160K)
[2017.04.24-11.30.10:553][  0]LogSlate: Took 0.005824 seconds to synchronously load lazily loaded font '../../../Engine/Content/Editor/Slate/Fonts/FontAwesome.ttf' (139K)
[2017.04.24-11.30.10:688][  0]LogSlate: Took 0.005003 seconds to synchronously load lazily loaded font '../../../Engine/Content/Slate/Fonts/Roboto-Light.ttf' (159K)
[2017.04.24-11.30.10:728][  0]LogRenderer: Reallocating scene render targets to support 1208x600 NumSamples 1 (Frame:2).
[2017.04.24-11.30.10:792][  1]LogAssetRegistry: Asset discovery search completed in 7.9068 seconds
[2017.04.24-11.30.10:792][  1]LogCollectionManager: Rebuilt the object cache for 0 collections in 0.000015 seconds (found 0 objects)
[2017.04.24-11.30.10:792][  1]LogCollectionManager: Fixed up redirectors for 0 collections in 0.000041 seconds (updated 0 objects)
[2017.04.24-11.30.15:096][489]LogSlate: Took 0.000127 seconds to synchronously load lazily loaded font '../../../Engine/Content/Slate/Fonts/Roboto-Light.ttf' (159K)
[2017.04.24-11.30.15:673][489]LogRenderer: Reallocating scene render targets to support 1432x964 NumSamples 1 (Frame:476).
[2017.04.24-11.30.41:141][397]LogSlate: Took 0.004177 seconds to synchronously load lazily loaded font '../../../Engine/Content/Editor/Slate/Fonts/Roboto-BoldCondensed.ttf' (158K)
[2017.04.24-11.30.44:198][712]LogContentBrowser: Native class hierarchy updated for 'BlueprintGraph' in 0.0012 seconds. Added 112 classes and 0 folders.
[2017.04.24-11.30.44:766][712]LogActor:Warning: MyLamp_C /Engine/Transient.World_3:PersistentLevel.MyLamp_C_0 has natively added scene component(s), but none of them were set as the actor's RootComponent - picking one arbitrarily
[2017.04.24-11.30.46:120][842]LogSlate: Took 0.006400 seconds to synchronously load lazily loaded font '../../../Engine/Content/Editor/Slate/Fonts/Roboto-Italic.ttf' (157K)
[2017.04.24-11.30.50:315][266]Cmd: OBJ SAVEPACKAGE PACKAGE="/Game/MyLamp" FILE="F:/TheFarm51/ZadanieRekrutacyjne/Content/MyLamp.uasset" SILENT=true
[2017.04.24-11.30.50:327][266]LogSavePackage: Save=9.22ms
[2017.04.24-11.30.50:327][266]LogSavePackage: Moving 'F:/TheFarm51/ZadanieRekrutacyjne/Saved/MyLamp71DCAECD4171A5454331CAB1EECE1184.tmp' to 'F:/TheFarm51/ZadanieRekrutacyjne/Content/MyLamp.uasset'
[2017.04.24-11.30.50:328][266]LogSavePackage:Display: Finished SavePackage F:/TheFarm51/ZadanieRekrutacyjne/Content/MyLamp.uasset
[2017.04.24-11.31.01:872][600]LogMetaData: Removing '/Game/Blueprints/MyLamp.MyLamp:UserConstructionScript.K2Node_FunctionEntry_0' ref from Metadata '/Game/MyLamp.PackageMetaData'
[2017.04.24-11.31.01:872][600]LogMetaData: Removing '/Game/Blueprints/MyLamp.SKEL_MyLamp_C:UserConstructionScript' ref from Metadata '/Game/MyLamp.PackageMetaData'
[2017.04.24-11.31.01:872][600]LogMetaData: Removing '/Game/Blueprints/MyLamp.SKEL_MyLamp_C' ref from Metadata '/Game/MyLamp.PackageMetaData'
[2017.04.24-11.31.01:872][600]LogMetaData: Removing '/Game/Blueprints/MyLamp.MyLamp_C:UserConstructionScript' ref from Metadata '/Game/MyLamp.PackageMetaData'
[2017.04.24-11.31.01:872][600]LogMetaData: Removing '/Game/Blueprints/MyLamp.MyLamp_C' ref from Metadata '/Game/MyLamp.PackageMetaData'
[2017.04.24-11.31.01:872][600]LogMetaData: Removing '/Game/Blueprints/MyLamp.MyLamp:EventGraph.K2Node_Event_0' ref from Metadata '/Game/MyLamp.PackageMetaData'
[2017.04.24-11.31.01:872][600]LogMetaData: Removing '/Game/Blueprints/MyLamp.MyLamp:EventGraph.K2Node_Event_1' ref from Metadata '/Game/MyLamp.PackageMetaData'
[2017.04.24-11.31.01:872][600]LogMetaData: Removing '/Game/Blueprints/MyLamp.MyLamp:EventGraph.K2Node_Event_2' ref from Metadata '/Game/MyLamp.PackageMetaData'
[2017.04.24-11.31.01:893][600]Cmd: OBJ SAVEPACKAGE PACKAGE="/Game/Blueprints/MyLamp" FILE="F:/TheFarm51/ZadanieRekrutacyjne/Content/Blueprints/MyLamp.uasset" SILENT=true
[2017.04.24-11.31.01:902][600]LogSavePackage: Save=8.54ms
[2017.04.24-11.31.01:902][600]LogSavePackage: Moving 'F:/TheFarm51/ZadanieRekrutacyjne/Saved/MyLampA3D40A4745AFB805B329C79F2B76E158.tmp' to 'F:/TheFarm51/ZadanieRekrutacyjne/Content/Blueprints/MyLamp.uasset'
[2017.04.24-11.31.01:903][600]LogSavePackage:Display: Finished SavePackage F:/TheFarm51/ZadanieRekrutacyjne/Content/Blueprints/MyLamp.uasset
[2017.04.24-11.31.03:710][758]LogActor:Warning: MyLamp_C /Engine/Transient.World_4:PersistentLevel.MyLamp_C_1 has natively added scene component(s), but none of them were set as the actor's RootComponent - picking one arbitrarily
[2017.04.24-11.31.21:590][858]LogSavePackage: Save=98.12ms
[2017.04.24-11.31.21:590][858]LogSavePackage: Moving 'F:/TheFarm51/ZadanieRekrutacyjne/Saved/Minimal_Default580B946C498E24460324259A01E260A4.tmp' to 'F:/TheFarm51/ZadanieRekrutacyjne/Content/StarterContent/Maps/Minimal_Default.umap'
[2017.04.24-11.31.21:591][858]LogSavePackage:Display: Finished SavePackage F:/TheFarm51/ZadanieRekrutacyjne/Content/StarterContent/Maps/Minimal_Default.umap
[2017.04.24-11.31.21:617][858]Cmd: OBJ SAVEPACKAGE PACKAGE="/Game/StarterContent/Maps/Minimal_Default_BuiltData" FILE="F:/TheFarm51/ZadanieRekrutacyjne/Content/StarterContent/Maps/Minimal_Default_BuiltData.uasset" SILENT=true
[2017.04.24-11.31.21:666][858]LogSavePackage: Save=42.53ms
[2017.04.24-11.31.21:666][858]LogSavePackage: Moving 'F:/TheFarm51/ZadanieRekrutacyjne/Saved/Minimal_Default_BuiltData6119567D4D26578CA5D77286215862D7.tmp' to 'F:/TheFarm51/ZadanieRekrutacyjne/Content/StarterContent/Maps/Minimal_Default_BuiltData.uasset'
[2017.04.24-11.31.21:667][858]LogSavePackage:Display: Finished SavePackage F:/TheFarm51/ZadanieRekrutacyjne/Content/StarterContent/Maps/Minimal_Default_BuiltData.uasset
[2017.04.24-11.35.17:521][363]Cmd: OBJ SAVEPACKAGE PACKAGE="/Game/Blueprints/MyLamp" FILE="F:/TheFarm51/ZadanieRekrutacyjne/Content/Blueprints/MyLamp.uasset" SILENT=true
[2017.04.24-11.35.17:538][363]LogSavePackage: Save=9.58ms
[2017.04.24-11.35.17:538][363]LogSavePackage: Moving 'F:/TheFarm51/ZadanieRekrutacyjne/Saved/MyLamp0D714F0D49493198D2FE60B76AEC13E9.tmp' to 'F:/TheFarm51/ZadanieRekrutacyjne/Content/Blueprints/MyLamp.uasset'
[2017.04.24-11.35.17:538][363]LogSavePackage:Display: Finished SavePackage F:/TheFarm51/ZadanieRekrutacyjne/Content/Blueprints/MyLamp.uasset
[2017.04.24-11.35.19:880][608]LogActor:Warning: MyLamp_C /Engine/Transient.World_5:PersistentLevel.MyLamp_C_2 has natively added scene component(s), but none of them were set as the actor's RootComponent - picking one arbitrarily
[2017.04.24-11.36.33:928][331]Recompiling ZadanieRekrutacyjne...
[2017.04.24-11.36.33:928][331]Launching UnrealBuildTool... [C:/Program Files/Epic Games/UE_4.15/Engine/Binaries/DotNET/UnrealBuildTool.exe ZadanieRekrutacyjne -ModuleWithSuffix ZadanieRekrutacyjne 2763 Win64 Development -editorrecompile -canskiplink "F:/TheFarm51/ZadanieRekrutacyjne/ZadanieRekrutacyjne.uproject" ]
[2017.04.24-11.36.33:930][331]Warning: Starting HotReload took  0.0s.
[2017.04.24-11.36.41:506][233]CompilerResultsLog: New page: Compilation - Apr 24, 2017, 3:36:41 PM
[2017.04.24-11.36.41:506][233]CompilerResultsLog: Info Compiling game modules for hot reload
[2017.04.24-11.36.41:506][233]CompilerResultsLog: Info Parsing headers for ZadanieRekrutacyjneEditor
[2017.04.24-11.36.41:506][233]CompilerResultsLog: Info   Running UnrealHeaderTool "F:\TheFarm51\ZadanieRekrutacyjne\ZadanieRekrutacyjne.uproject" "F:\TheFarm51\ZadanieRekrutacyjne\Intermediate\Build\Win64\ZadanieRekrutacyjneEditor\Development\ZadanieRekrutacyjneEditor.uhtmanifest" -LogCmds="loginit warning, logexit warning, logdatabase error" -Unattended -WarningsAsErrors -installed
[2017.04.24-11.36.41:506][233]CompilerResultsLog: Info Reflection code generated for ZadanieRekrutacyjneEditor in 3,2561075 seconds
[2017.04.24-11.36.41:506][233]CompilerResultsLog: Info Performing 3 actions (4 in parallel)
[2017.04.24-11.36.41:506][233]CompilerResultsLog: Info Lamp.cpp
[2017.04.24-11.36.41:506][233]CompilerResultsLog:Error: Error c:\program files\epic games\ue_4.15\engine\source\runtime\coreuobject\public\UObject/Object.h(86) : error C2027: use of undefined type 'UDestructibleMesh'
[2017.04.24-11.36.41:506][233]CompilerResultsLog:Error: Error C:\Program Files\Epic Games\UE_4.15\Engine\Intermediate\Build\Win64\UE4Editor\Inc\Engine\DestructibleComponent.generated.h(10) : note: see declaration of 'UDestructibleMesh'
[2017.04.24-11.36.41:506][233]CompilerResultsLog:Error: Error F:\TheFarm51\ZadanieRekrutacyjne\Source\ZadanieRekrutacyjne\Lamp.cpp(15) : note: see reference to function template instantiation 'TReturnType *UObject::CreateDefaultSubobject<UDestructibleMesh>(FName,bool)' being compiled
[2017.04.24-11.36.41:507][233]CompilerResultsLog: Info         with
[2017.04.24-11.36.41:507][233]CompilerResultsLog: Info         [
[2017.04.24-11.36.41:507][233]CompilerResultsLog: Info             TReturnType=UDestructibleMesh
[2017.04.24-11.36.41:507][233]CompilerResultsLog: Info         ]
[2017.04.24-11.36.41:507][233]CompilerResultsLog:Error: Error c:\program files\epic games\ue_4.15\engine\source\runtime\coreuobject\public\UObject/Object.h(87) : error C2440: 'static_cast': cannot convert from 'UObject *' to 'UDestructibleMesh *'
[2017.04.24-11.36.41:507][233]CompilerResultsLog:Error: Error c:\program files\epic games\ue_4.15\engine\source\runtime\coreuobject\public\UObject/Object.h(87) : note: Types pointed to are unrelated; conversion requires reinterpret_cast, C-style cast or function-style cast
[2017.04.24-11.36.41:507][233]CompilerResultsLog: Info ERROR: UBT ERROR: Failed to produce item: F:\TheFarm51\ZadanieRekrutacyjne\Binaries\Win64\UE4Editor-ZadanieRekrutacyjne-2763.dll
[2017.04.24-11.36.41:507][233]CompilerResultsLog: Info Total build time: 7,26 seconds (Local executor: 0,00 seconds)
[2017.04.24-11.36.41:507][233]LogMainFrame: MainFrame: Module compiling took 7.591 seconds
[2017.04.24-11.36.41:507][233]Warning: HotReload failed, recompile failed
[2017.04.24-11.38.07:548][513]LogActor:Warning: MyLamp_C /Engine/Transient.World_6:PersistentLevel.MyLamp_C_3 has natively added scene component(s), but none of them were set as the actor's RootComponent - picking one arbitrarily
[2017.04.24-11.40.24:946][689]Recompiling ZadanieRekrutacyjne...
[2017.04.24-11.40.24:946][689]Launching UnrealBuildTool... [C:/Program Files/Epic Games/UE_4.15/Engine/Binaries/DotNET/UnrealBuildTool.exe ZadanieRekrutacyjne -ModuleWithSuffix ZadanieRekrutacyjne 9425 Win64 Development -editorrecompile -canskiplink "F:/TheFarm51/ZadanieRekrutacyjne/ZadanieRekrutacyjne.uproject" ]
[2017.04.24-11.40.24:948][689]Warning: Starting HotReload took  0.0s.
[2017.04.24-11.40.33:312][675]CompilerResultsLog: New page: Compilation - Apr 24, 2017, 3:40:33 PM
[2017.04.24-11.40.33:313][675]CompilerResultsLog: Info Compiling game modules for hot reload
[2017.04.24-11.40.33:313][675]CompilerResultsLog: Info Parsing headers for ZadanieRekrutacyjneEditor
[2017.04.24-11.40.33:313][675]CompilerResultsLog: Info   Running UnrealHeaderTool "F:\TheFarm51\ZadanieRekrutacyjne\ZadanieRekrutacyjne.uproject" "F:\TheFarm51\ZadanieRekrutacyjne\Intermediate\Build\Win64\ZadanieRekrutacyjneEditor\Development\ZadanieRekrutacyjneEditor.uhtmanifest" -LogCmds="loginit warning, logexit warning, logdatabase error" -Unattended -WarningsAsErrors -installed
[2017.04.24-11.40.33:313][675]CompilerResultsLog: Info Reflection code generated for ZadanieRekrutacyjneEditor in 3,5143098 seconds
[2017.04.24-11.40.33:313][675]CompilerResultsLog: Info Performing 4 actions (4 in parallel)
[2017.04.24-11.40.33:313][675]CompilerResultsLog: Info Lamp.cpp
[2017.04.24-11.40.33:313][675]CompilerResultsLog: Info ZadanieRekrutacyjne.generated.cpp
[2017.04.24-11.40.33:313][675]CompilerResultsLog:Error: Error c:\program files\epic games\ue_4.15\engine\source\runtime\coreuobject\public\UObject/Object.h(86) : error C2027: use of undefined type 'UDestructibleMesh'
[2017.04.24-11.40.33:313][675]CompilerResultsLog:Error: Error C:\Program Files\Epic Games\UE_4.15\Engine\Intermediate\Build\Win64\UE4Editor\Inc\Engine\DestructibleComponent.generated.h(10) : note: see declaration of 'UDestructibleMesh'
[2017.04.24-11.40.33:313][675]CompilerResultsLog:Error: Error F:\TheFarm51\ZadanieRekrutacyjne\Source\ZadanieRekrutacyjne\Lamp.cpp(15) : note: see reference to function template instantiation 'TReturnType *UObject::CreateDefaultSubobject<UDestructibleMesh>(FName,bool)' being compiled
[2017.04.24-11.40.33:313][675]CompilerResultsLog: Info         with
[2017.04.24-11.40.33:313][675]CompilerResultsLog: Info         [
[2017.04.24-11.40.33:313][675]CompilerResultsLog: Info             TReturnType=UDestructibleMesh
[2017.04.24-11.40.33:313][675]CompilerResultsLog: Info         ]
[2017.04.24-11.40.33:313][675]CompilerResultsLog:Error: Error c:\program files\epic games\ue_4.15\engine\source\runtime\coreuobject\public\UObject/Object.h(87) : error C2440: 'static_cast': cannot convert from 'UObject *' to 'UDestructibleMesh *'
[2017.04.24-11.40.33:313][675]CompilerResultsLog:Error: Error c:\program files\epic games\ue_4.15\engine\source\runtime\coreuobject\public\UObject/Object.h(87) : note: Types pointed to are unrelated; conversion requires reinterpret_cast, C-style cast or function-style cast
[2017.04.24-11.40.33:313][675]CompilerResultsLog: Info ERROR: UBT ERROR: Failed to produce item: F:\TheFarm51\ZadanieRekrutacyjne\Binaries\Win64\UE4Editor-ZadanieRekrutacyjne-9425.dll
[2017.04.24-11.40.33:313][675]CompilerResultsLog: Info Total build time: 8,05 seconds (Local executor: 0,00 seconds)
[2017.04.24-11.40.33:313][675]LogMainFrame: MainFrame: Module compiling took 8.376 seconds
[2017.04.24-11.40.33:313][675]Warning: HotReload failed, recompile failed
[2017.04.24-11.41.49:918][504]LogActor:Warning: MyLamp_C /Engine/Transient.World_7:PersistentLevel.MyLamp_C_4 has natively added scene component(s), but none of them were set as the actor's RootComponent - picking one arbitrarily
[2017.04.24-11.58.09:220][693]LogActor:Warning: MyLamp_C /Engine/Transient.World_8:PersistentLevel.MyLamp_C_5 has natively added scene component(s), but none of them were set as the actor's RootComponent - picking one arbitrarily
[2017.04.24-11.58.12:367][ 58]Recompiling ZadanieRekrutacyjne...
[2017.04.24-11.58.12:367][ 58]Launching UnrealBuildTool... [C:/Program Files/Epic Games/UE_4.15/Engine/Binaries/DotNET/UnrealBuildTool.exe ZadanieRekrutacyjne -ModuleWithSuffix ZadanieRekrutacyjne 6223 Win64 Development -editorrecompile -canskiplink "F:/TheFarm51/ZadanieRekrutacyjne/ZadanieRekrutacyjne.uproject" ]
[2017.04.24-11.58.12:368][ 58]Warning: Starting HotReload took  0.0s.
[2017.04.24-11.58.14:766][340]CompilerResultsLog: New page: Compilation - Apr 24, 2017, 3:58:14 PM
[2017.04.24-11.58.14:766][340]CompilerResultsLog: Info Compiling game modules for hot reload
[2017.04.24-11.58.14:766][340]CompilerResultsLog: Info Target is up to date
[2017.04.24-11.58.14:766][340]CompilerResultsLog: Info Total build time: 2,11 seconds (NoActionsToExecute executor: 0,00 seconds)
[2017.04.24-11.58.14:766][340]LogMainFrame: MainFrame: Module compiling took 2.410 seconds
[2017.04.24-11.58.15:073][340]LogContentBrowser: Native class hierarchy populated in 0.0117 seconds. Added 2249 classes and 459 folders.
[2017.04.24-11.58.15:074][340]Display: HotReload took  2.7s.
[2017.04.24-11.58.17:316][560]LogActor:Warning: MyLamp_C /Engine/Transient.World_9:PersistentLevel.MyLamp_C_6 has natively added scene component(s), but none of them were set as the actor's RootComponent - picking one arbitrarily
[2017.04.24-11.59.33:327][859]LogHotReload: New module detected: UE4Editor-ZadanieRekrutacyjne-1067.dll
[2017.04.24-11.59.33:999][862]LogHotReload: Starting Hot-Reload from IDE
[2017.04.24-11.59.34:136][862]LogClass: Could not find existing class Lamp in package /Script/ZadanieRekrutacyjne for HotReload, assuming new class
[2017.04.24-11.59.34:143][862]LogHotReload: Re-instancing Lamp after hot-reload.
[2017.04.24-11.59.34:366][862]LogContentBrowser: Native class hierarchy updated for 'ZadanieRekrutacyjne' in 0.0010 seconds. Added 2 classes and 2 folders.
[2017.04.24-11.59.34:368][862]Display: HotReload successful (0 functions remapped  0 scriptstructs remapped)
[2017.04.24-11.59.34:654][862]LogContentBrowser: Native class hierarchy populated in 0.0103 seconds. Added 2249 classes and 459 folders.
[2017.04.24-11.59.34:663][862]Display: HotReload took  0.7s.
[2017.04.24-11.59.38:174][ 29]LogActor:Warning: MyLamp_C /Engine/Transient.World_10:PersistentLevel.MyLamp_C_0 has natively added scene component(s), but none of them were set as the actor's RootComponent - picking one arbitrarily
[2017.04.24-12.00.19:180][479]LogHotReload: New module detected: UE4Editor-ZadanieRekrutacyjne-8841.dll
[2017.04.24-12.00.19:888][482]LogHotReload: Starting Hot-Reload from IDE
[2017.04.24-12.00.20:002][482]LogClass: Could not find existing class Lamp in package /Script/ZadanieRekrutacyjne for HotReload, assuming new class
[2017.04.24-12.00.20:008][482]LogHotReload: Re-instancing Lamp after hot-reload.
[2017.04.24-12.00.20:222][482]LogContentBrowser: Native class hierarchy updated for 'ZadanieRekrutacyjne' in 0.0010 seconds. Added 2 classes and 2 folders.
[2017.04.24-12.00.20:224][482]Display: HotReload successful (0 functions remapped  0 scriptstructs remapped)
[2017.04.24-12.00.20:488][482]LogContentBrowser: Native class hierarchy populated in 0.0098 seconds. Added 2249 classes and 459 folders.
[2017.04.24-12.00.20:497][482]Display: HotReload took  0.6s.
[2017.04.24-12.00.24:403][707]LogActor:Warning: MyLamp_C /Engine/Transient.World_11:PersistentLevel.MyLamp_C_0 has natively added scene component(s), but none of them were set as the actor's RootComponent - picking one arbitrarily
[2017.04.24-12.00.31:451][523]LogSavePackage: Save=111.40ms
[2017.04.24-12.00.31:451][523]LogSavePackage: Moving 'F:/TheFarm51/ZadanieRekrutacyjne/Saved/Minimal_Default8664B3F6414FA8DAC78B5098AA0E7E75.tmp' to 'F:/TheFarm51/ZadanieRekrutacyjne/Content/StarterContent/Maps/Minimal_Default.umap'
[2017.04.24-12.00.31:452][523]LogSavePackage:Display: Finished SavePackage F:/TheFarm51/ZadanieRekrutacyjne/Content/StarterContent/Maps/Minimal_Default.umap
[2017.04.24-12.00.31:475][523]Cmd: OBJ SAVEPACKAGE PACKAGE="/Game/StarterContent/Maps/Minimal_Default_BuiltData" FILE="F:/TheFarm51/ZadanieRekrutacyjne/Content/StarterContent/Maps/Minimal_Default_BuiltData.uasset" SILENT=true
[2017.04.24-12.00.31:513][523]LogSavePackage: Save=32.33ms
[2017.04.24-12.00.31:513][523]LogSavePackage: Moving 'F:/TheFarm51/ZadanieRekrutacyjne/Saved/Minimal_Default_BuiltDataEC002F89418528F2FF7D67808FB1C2D3.tmp' to 'F:/TheFarm51/ZadanieRekrutacyjne/Content/StarterContent/Maps/Minimal_Default_BuiltData.uasset'
[2017.04.24-12.00.31:514][523]LogSavePackage:Display: Finished SavePackage F:/TheFarm51/ZadanieRekrutacyjne/Content/StarterContent/Maps/Minimal_Default_BuiltData.uasset
[2017.04.24-12.00.33:761][781]Recompiling ZadanieRekrutacyjne...
[2017.04.24-12.00.33:761][781]Launching UnrealBuildTool... [C:/Program Files/Epic Games/UE_4.15/Engine/Binaries/DotNET/UnrealBuildTool.exe ZadanieRekrutacyjne -ModuleWithSuffix ZadanieRekrutacyjne 79 Win64 Development -editorrecompile -canskiplink "F:/TheFarm51/ZadanieRekrutacyjne/ZadanieRekrutacyjne.uproject" ]
[2017.04.24-12.00.33:762][781]Warning: Starting HotReload took  0.0s.
[2017.04.24-12.00.36:239][ 71]CompilerResultsLog: New page: Compilation - Apr 24, 2017, 4:00:36 PM
[2017.04.24-12.00.36:239][ 71]CompilerResultsLog: Info Compiling game modules for hot reload
[2017.04.24-12.00.36:239][ 71]CompilerResultsLog: Info Target is up to date
[2017.04.24-12.00.36:239][ 71]CompilerResultsLog: Info Total build time: 2,19 seconds (NoActionsToExecute executor: 0,00 seconds)
[2017.04.24-12.00.36:239][ 71]LogMainFrame: MainFrame: Module compiling took 2.488 seconds
[2017.04.24-12.00.36:483][ 71]LogContentBrowser: Native class hierarchy populated in 0.0090 seconds. Added 2249 classes and 459 folders.
[2017.04.24-12.00.36:483][ 71]Display: HotReload took  2.7s.
[2017.04.24-12.00.37:871][195]LogActor:Warning: MyLamp_C /Engine/Transient.World_12:PersistentLevel.MyLamp_C_1 has natively added scene component(s), but none of them were set as the actor's RootComponent - picking one arbitrarily
[2017.04.24-12.00.58:207][590]LogActor:Warning: MyLamp_C /Engine/Transient.World_13:PersistentLevel.MyLamp_C_2 has natively added scene component(s), but none of them were set as the actor's RootComponent - picking one arbitrarily
[2017.04.24-12.01.14:774][550]Cmd: OBJ SAVEPACKAGE PACKAGE="/Game/Blueprints/MyLamp" FILE="F:/TheFarm51/ZadanieRekrutacyjne/Content/Blueprints/MyLamp.uasset" SILENT=true
[2017.04.24-12.01.14:790][550]LogSavePackage: Save=10.43ms
[2017.04.24-12.01.14:791][550]LogSavePackage: Moving 'F:/TheFarm51/ZadanieRekrutacyjne/Saved/MyLamp2685E32A4D21A363B710D5B52A2C9451.tmp' to 'F:/TheFarm51/ZadanieRekrutacyjne/Content/Blueprints/MyLamp.uasset'
[2017.04.24-12.01.14:792][550]LogSavePackage:Display: Finished SavePackage F:/TheFarm51/ZadanieRekrutacyjne/Content/Blueprints/MyLamp.uasset
[2017.04.24-12.01.16:167][714]BlueprintLog: New page: Compile MyLamp
[2017.04.24-12.01.50:592][764]LogActor:Warning: MyLamp_C /Engine/Transient.World_14:PersistentLevel.MyLamp_C_0 has natively added scene component(s), but none of them were set as the actor's RootComponent - picking one arbitrarily
[2017.04.24-12.02.01:101][991]LogContentBrowser: Native class hierarchy updated for 'DestructibleMeshEditor' in 0.0010 seconds. Added 1 classes and 2 folders.
[2017.04.24-12.03.54:279][ 79]LogHotReload: New module detected: UE4Editor-ZadanieRekrutacyjne-4302.dll
[2017.04.24-12.03.54:956][ 82]LogHotReload: Starting Hot-Reload from IDE
[2017.04.24-12.03.55:082][ 82]LogHotReload: Re-instancing Lamp after hot-reload.
[2017.04.24-12.03.55:230][ 82]LogActor:Warning: MyLamp_C /Engine/Transient.World_14:PersistentLevel.MyLamp_C_0 has natively added scene component(s), but none of them were set as the actor's RootComponent - picking one arbitrarily
[2017.04.24-12.03.55:347][ 82]LogContentBrowser: Native class hierarchy updated for 'ZadanieRekrutacyjne' in 0.0011 seconds. Added 2 classes and 2 folders.
[2017.04.24-12.03.55:350][ 82]Display: HotReload successful (0 functions remapped  0 scriptstructs remapped)
[2017.04.24-12.03.55:592][ 82]LogContentBrowser: Native class hierarchy populated in 0.0086 seconds. Added 2250 classes and 461 folders.
[2017.04.24-12.03.55:602][ 82]Display: HotReload took  0.6s.
