Log file open, 04/24/17 15:33:48
LogInit:Display: Running engine for game: ZadanieRekrutacyjne
LogPlatformFile: Not using cached read wrapper
LogInit:Display: RandInit(-1311409479) SRandInit(-1311409479).
LogTaskGraph: Started task graph with 5 named threads and 8 total threads with 1 sets of task threads.
LogStats: Stats thread started at 0.075288
LogInit: Using libcurl 7.47.1
LogInit:  - built for x86_64-pc-win32
LogInit:  - supports SSL with OpenSSL/1.0.2g
LogInit:  - supports HTTP deflate (compression) using libz 1.2.8
LogInit:  - other features:
LogInit:      CURL_VERSION_SSL
LogInit:      CURL_VERSION_LIBZ
LogInit:      CURL_VERSION_IPV6
LogInit:      CURL_VERSION_ASYNCHDNS
LogInit:      CURL_VERSION_LARGEFILE
LogInit:      CURL_VERSION_IDN
LogInit:  CurlRequestOptions (configurable via config and command line):
LogInit:  - bVerifyPeer = false  - Libcurl will NOT verify peer certificate
LogInit:  - bUseHttpProxy = false  - Libcurl will NOT use HTTP proxy
LogInit:  - bDontReuseConnections = false  - Libcurl will reuse connections
LogInit:  - CertBundlePath = nullptr  - Libcurl will use whatever was configured at build time.
LogInit: Build: ++UE4+Release-4.15-CL-3348071
LogInit: Engine Version: 4.15.1-3348071+++UE4+Release-4.15
LogInit: Compatible Engine Version: 4.15.0-3299760+++UE4+Release-4.15
LogInit: Net CL: 3299760
LogDevObjectVersion: Number of dev versions registered: 14
LogDevObjectVersion:   Dev-Blueprints (B0D832E4-1F89-4F0D-ACCF-7EB736FD4AA2): 8
LogDevObjectVersion:   Dev-Build (E1C64328-A22C-4D53-A36C-8E866417BD8C): 0
LogDevObjectVersion:   Dev-Core (375EC13C-06E4-48FB-B500-84F0262A717E): 2
LogDevObjectVersion:   Dev-Editor (E4B068ED-F494-42E9-A231-DA0B2E46BB41): 14
LogDevObjectVersion:   Dev-Framework (CFFC743F-43B0-4480-9391-14DF171D2073): 22
LogDevObjectVersion:   Dev-Mobile (B02B49B5-BB20-44E9-A304-32B752E40360): 0
LogDevObjectVersion:   Dev-Networking (A4E4105C-59A1-49B5-A7C5-40C4547EDFEE): 0
LogDevObjectVersion:   Dev-Online (39C831C9-5AE6-47DC-9A44-9C173E1C8E7C): 0
LogDevObjectVersion:   Dev-Physics (78F01B33-EBEA-4F98-B9B4-84EACCB95AA2): 0
LogDevObjectVersion:   Dev-Platform (6631380F-2D4D-43E0-8009-CF276956A95A): 0
LogDevObjectVersion:   Dev-Rendering (12F88B9F-8875-4AFC-A67C-D90C383ABD29): 12
LogDevObjectVersion:   Dev-Sequencer (7B5AE74C-D270-4C10-A958-57980B212A5A): 3
LogDevObjectVersion:   Dev-VR (D7296918-1DD6-4BDD-9DE2-64A83CC13884): 0
LogDevObjectVersion:   Dev-LoadTimes (C2A15278-BFE7-4AFE-6C17-90FF531DF755): 1
LogInit: Compiled (64-bit): Mar 15 2017 16:52:47
LogInit: Compiled with Visual C++: 19.00.23026.00
LogInit: Build Configuration: Development
LogInit: Branch Name: ++UE4+Release-4.15
LogInit: Command line: -EpicPortal 
LogInit: Base directory: C:/Program Files/Epic Games/UE_4.15/Engine/Binaries/Win64/
LogInit: Installed Engine Build: 1
LogInit: Presizing for max 8388607 objects, including 0 objects not considered by GC, pre-allocating 0 bytes for permanent pool.
LogInit: Object subsystem initialized
[2017.04.24-13.33.48:962][  0]LogInit: Selected Device Profile: [Windows]
[2017.04.24-13.33.48:962][  0]LogInit: Applying CVar settings loaded from the selected device profile: [Windows]
[2017.04.24-13.33.48:997][  0]LogInit: Computer: DESKTOP-DOMINIK
[2017.04.24-13.33.48:997][  0]LogInit: User: Dominik
[2017.04.24-13.33.48:997][  0]LogInit: CPU Page size=65536, Cores=4
[2017.04.24-13.33.48:997][  0]LogInit: High frequency timer resolution =3.117191 MHz
[2017.04.24-13.33.48:997][  0]LogMemory: Memory total: Physical=8.0GB (8GB approx)
[2017.04.24-13.33.48:997][  0]LogMemory: Platform Memory Stats for Windows
[2017.04.24-13.33.48:997][  0]LogMemory: Process Physical Memory: 262.98 MB used, 262.98 MB peak
[2017.04.24-13.33.48:997][  0]LogMemory: Process Virtual Memory: 262.52 MB used, 262.52 MB peak
[2017.04.24-13.33.48:997][  0]LogMemory: Physical Memory: 5793.16 MB used,  2361.93 MB free, 8155.09 MB total
[2017.04.24-13.33.48:997][  0]LogMemory: Virtual Memory: 644.39 MB used,  2361.93 MB free, 134217728.00 MB total
[2017.04.24-13.33.49:077][  0]LogTextLocalizationManager: No translations for ('pl-PL') exist, falling back to 'en' for localization and internationalization data.
[2017.04.24-13.33.49:668][  0]LogD3D11RHI: D3D11 adapters:
[2017.04.24-13.33.49:714][  0]LogD3D11RHI:    0. 'NVIDIA GeForce GTX 1060 6GB' (Feature Level 11_0)
[2017.04.24-13.33.49:714][  0]LogD3D11RHI:       6084/0/4077 MB DedicatedVideo/DedicatedSystem/SharedSystem, Outputs:2, VendorId:0x10de
[2017.04.24-13.33.49:715][  0]LogD3D11RHI:    1. 'Microsoft Basic Render Driver' (Feature Level 11_0)
[2017.04.24-13.33.49:715][  0]LogD3D11RHI:       0/0/4077 MB DedicatedVideo/DedicatedSystem/SharedSystem, Outputs:0, VendorId:0x1414
[2017.04.24-13.33.49:715][  0]LogD3D11RHI: Chosen D3D11 Adapter: 0
[2017.04.24-13.33.49:720][  0]LogD3D11RHI: Creating new Direct3DDevice
[2017.04.24-13.33.49:720][  0]LogD3D11RHI:     GPU DeviceId: 0x1c03 (for the marketing name, search the web for "GPU Device Id")
[2017.04.24-13.33.49:720][  0]LogWindows: EnumDisplayDevices:
[2017.04.24-13.33.49:720][  0]LogWindows:    0. 'NVIDIA GeForce GTX 1060 6GB' (P:0 D:1)
[2017.04.24-13.33.49:720][  0]LogWindows:    1. 'NVIDIA GeForce GTX 1060 6GB' (P:1 D:1)
[2017.04.24-13.33.49:721][  0]LogWindows:    2. 'NVIDIA GeForce GTX 1060 6GB' (P:0 D:0)
[2017.04.24-13.33.49:721][  0]LogWindows:    3. 'NVIDIA GeForce GTX 1060 6GB' (P:0 D:0)
[2017.04.24-13.33.49:721][  0]LogWindows: DebugString: FoundDriverCount:4 
[2017.04.24-13.33.49:721][  0]LogD3D11RHI:     Adapter Name: NVIDIA GeForce GTX 1060 6GB
[2017.04.24-13.33.49:721][  0]LogD3D11RHI:   Driver Version: 381.65 (internal:22.21.13.8165, unified:381.65)
[2017.04.24-13.33.49:721][  0]LogD3D11RHI:      Driver Date: 3-31-2017
[2017.04.24-13.33.49:721][  0]LogRHI: Texture pool is 1361 MB (70% of 1945 MB)
[2017.04.24-13.33.49:740][  0]LogD3D11RHI: Async texture creation enabled
[2017.04.24-13.33.49:750][  0]LogD3D11RHI: GPU Timing Frequency: 1000.000000 (Debug: 2 1)
[2017.04.24-13.33.49:844][  0]LogShaderCompilers: Guid format shader working directory is 15 characters bigger than the processId version (F:/TheFarm51/ZadanieRekrutacyjne/Intermediate/Shaders/WorkingDirectory/12344/).
[2017.04.24-13.33.49:844][  0]LogShaderCompilers: Cleaned the shader compiler working directory 'C:/Users/Dominik/AppData/Local/Temp/UnrealShaderWorkingDir/DCEC0AC44E4911C03A32BD9D9311CF17/'.
[2017.04.24-13.33.49:844][  0]LogShaderCompilers:Display: Using Local Shader Compiler.
[2017.04.24-13.33.50:812][  0]LogTemp:Display: Loaded TP AllDesktopTargetPlatform
[2017.04.24-13.33.50:860][  0]LogTemp:Display: Loaded TP MacClientTargetPlatform
[2017.04.24-13.33.50:909][  0]LogTemp:Display: Loaded TP MacNoEditorTargetPlatform
[2017.04.24-13.33.50:959][  0]LogTemp:Display: Loaded TP MacServerTargetPlatform
[2017.04.24-13.33.51:008][  0]LogTemp:Display: Loaded TP MacTargetPlatform
[2017.04.24-13.33.51:056][  0]LogTemp:Display: Loaded TP WindowsClientTargetPlatform
[2017.04.24-13.33.51:108][  0]LogTemp:Display: Loaded TP WindowsNoEditorTargetPlatform
[2017.04.24-13.33.51:158][  0]LogTemp:Display: Loaded TP WindowsServerTargetPlatform
[2017.04.24-13.33.51:197][  0]LogTemp:Display: Loaded TP WindowsTargetPlatform
[2017.04.24-13.33.51:245][  0]LogTemp:Display: Loaded TP AndroidTargetPlatform
[2017.04.24-13.33.51:294][  0]LogTemp:Display: Loaded TP Android_ASTCTargetPlatform
[2017.04.24-13.33.51:342][  0]LogTemp:Display: Loaded TP Android_ATCTargetPlatform
[2017.04.24-13.33.51:389][  0]LogTemp:Display: Loaded TP Android_DXTTargetPlatform
[2017.04.24-13.33.51:437][  0]LogTemp:Display: Loaded TP Android_ETC1TargetPlatform
[2017.04.24-13.33.51:484][  0]LogTemp:Display: Loaded TP Android_ETC2TargetPlatform
[2017.04.24-13.33.51:581][  0]LogTemp:Display: Loaded TP Android_MultiTargetPlatform
[2017.04.24-13.33.51:581][  0]LogTemp:Display: Loaded TP Android_PVRTCTargetPlatform
[2017.04.24-13.33.51:614][  0]LogTemp:Display: Loaded TP HTML5TargetPlatform
[2017.04.24-13.33.51:702][  0]LogTemp:Display: Loaded TP IOSTargetPlatform
[2017.04.24-13.33.51:734][  0]LogTemp:Display: Loaded TP TVOSTargetPlatform
[2017.04.24-13.33.51:781][  0]LogTemp:Display: Loaded TP LinuxClientTargetPlatform
[2017.04.24-13.33.51:830][  0]LogTemp:Display: Loaded TP LinuxNoEditorTargetPlatform
[2017.04.24-13.33.51:877][  0]LogTemp:Display: Loaded TP LinuxServerTargetPlatform
[2017.04.24-13.33.51:927][  0]LogTemp:Display: Loaded TP LinuxTargetPlatform
[2017.04.24-13.33.51:927][  0]LogTargetPlatformManager:Display: Building Assets For Windows
[2017.04.24-13.33.52:316][  0]LogDerivedDataCache:Display: Max Cache Size: 512 MB
[2017.04.24-13.33.52:370][  0]LogDerivedDataCache: Loaded boot cache 0.05s 50MB C:/Users/Dominik/AppData/Local/UnrealEngine/4.15/DerivedDataCache/Boot.ddc.
[2017.04.24-13.33.52:370][  0]LogDerivedDataCache:Display: Loaded Boot cache: C:/Users/Dominik/AppData/Local/UnrealEngine/4.15/DerivedDataCache/Boot.ddc
[2017.04.24-13.33.52:370][  0]LogDerivedDataCache: FDerivedDataBackendGraph:  Pak pak cache file F:/TheFarm51/ZadanieRekrutacyjne/DerivedDataCache/DDC.ddp not found, will not use a pak cache.
[2017.04.24-13.33.52:370][  0]LogDerivedDataCache: Unable to find inner node Pak for hierarchical cache Hierarchy.
[2017.04.24-13.33.52:370][  0]LogDerivedDataCache: FDerivedDataBackendGraph:  CompressedPak pak cache file F:/TheFarm51/ZadanieRekrutacyjne/DerivedDataCache/Compressed.ddp not found, will not use a pak cache.
[2017.04.24-13.33.52:370][  0]LogDerivedDataCache: Unable to find inner node CompressedPak for hierarchical cache Hierarchy.
[2017.04.24-13.33.52:386][  0]LogDerivedDataCache:Display: Pak cache opened for reading ../../../Engine/DerivedDataCache/Compressed.ddp.
[2017.04.24-13.33.52:398][  0]LogDerivedDataCache: Using Local data cache path C:/Users/Dominik/AppData/Local/UnrealEngine/Common/DerivedDataCache: Writable
[2017.04.24-13.33.52:406][  0]LogSlate: Using Freetype 2.6.0
[2017.04.24-13.33.52:407][  0]LogSlate: SlateFontCache - WITH_FREETYPE: 1, WITH_HARFBUZZ: 1
[2017.04.24-13.33.52:407][  0]LogSlate: SlateFontCache - WITH_FREETYPE: 1, WITH_HARFBUZZ: 1
[2017.04.24-13.33.52:631][  0]LogInit: Selected Device Profile: [Windows]
[2017.04.24-13.33.52:633][  0]LogContentStreaming: Texture pool size is 0.00 MB
[2017.04.24-13.33.52:816][  0]LogMeshUtilities: Using QuadricMeshReduction for automatic static mesh reduction
[2017.04.24-13.33.52:853][  0]LogSimplygon: Simplygon DLL not present - disabling.
[2017.04.24-13.33.52:894][  0]LogMeshUtilities: Using SimplygonSwarm for distributed automatic mesh merging
[2017.04.24-13.33.52:894][  0]LogMeshUtilities: No automatic skeletal mesh reduction module available
[2017.04.24-13.33.52:894][  0]LogMeshUtilities: No automatic mesh merging module available
[2017.04.24-13.33.53:395][  0]LogNetVersion: GetLocalNetworkVersion: CL: 3299760, ProjectName: zadanierekrutacyjne, ProjectVersion: , EngineNetworkVersion: 2, GameNetworkVersion: 0, NetworkChecksum: 2856567825
[2017.04.24-13.33.53:438][  0]LogAssetRegistry: FAssetRegistry took 0.0213 seconds to start up
[2017.04.24-13.33.53:467][  0]LogPackageLocalizationCache: Processed 3 localized package path(s) for 1 prioritized culture(s) in 0.009418 seconds
[2017.04.24-13.33.53:472][  0]LogUObjectArray: 32493 objects as part of root set at end of initial load.
[2017.04.24-13.33.53:472][  0]LogUObjectAllocator: 7077024 out of 0 bytes used by permanent object pool.
[2017.04.24-13.33.53:472][  0]LogUObjectArray: CloseDisregardForGC: 0/0 objects in disregard for GC pool
[2017.04.24-13.33.53:528][  0]LogInit: WinSock: version 1.1 (2.2), MaxSocks=32767, MaxUdp=65467
[2017.04.24-13.33.54:923][  0]LogTcpMessaging: Initializing TcpMessaging bridge
[2017.04.24-13.33.54:959][  0]LogUdpMessaging: Initializing bridge on interface 0.0.0.0:0 to multicast group 230.0.0.1:6666.
[2017.04.24-13.33.55:396][  0]LogMaterial: Uniform references updated for custom material expression Custom.
[2017.04.24-13.33.55:723][  0]SourceControl: Info Source control is disabled
[2017.04.24-13.33.55:756][  0]SourceControl: Info Source control is disabled
[2017.04.24-13.33.55:796][  0]SourceControl: Info Source control is disabled
[2017.04.24-13.33.55:836][  0]SourceControl: Info Source control is disabled
[2017.04.24-13.33.56:907][  0]LogEngine: Initializing Engine...
[2017.04.24-13.33.56:907][  0]LogHMD: Failed to initialize OpenVR with code 110
[2017.04.24-13.33.57:115][  0]LogAIModule: Creating AISystem for world Untitled
[2017.04.24-13.33.57:123][  0]LogInit: XAudio2 using 'Głośniki (Realtek High Definition Audio)' : 2 channels at 48 kHz using 32 bits per sample (channel mask 0x3)
[2017.04.24-13.33.57:134][  0]LogInit: FAudioDevice initialized.
[2017.04.24-13.33.57:160][  0]LogDerivedDataCache: Saved boot cache 0.03s 50MB C:/Users/Dominik/AppData/Local/UnrealEngine/4.15/DerivedDataCache/Boot.ddc.
[2017.04.24-13.33.57:169][  0]LogInit: Texture streaming: Enabled
[2017.04.24-13.33.57:252][  0]LogEngineSessionManager: EngineSessionManager initialized
[2017.04.24-13.33.57:328][  0]LogInit: Transaction tracking system initialized
[2017.04.24-13.33.57:625][  0]BlueprintLog: New page: Editor Load
[2017.04.24-13.33.58:392][  0]LocalizationService: Info Localization service is disabled
[2017.04.24-13.33.58:966][  0]LogConsoleResponse:Display: 
[2017.04.24-13.33.59:080][  0]LogCook:Display: Max memory allowance for cook 16384mb min free memory 0mb
[2017.04.24-13.33.59:080][  0]LogCook:Display: Mobile HDR setting 1
[2017.04.24-13.33.59:574][  0]LogFileCache: Scanning file cache for directory 'F:/TheFarm51/ZadanieRekrutacyjne/Content/' took 0.01s
[2017.04.24-13.33.59:974][  0]SourceControl: Info Source control is disabled
[2017.04.24-13.33.59:974][  0]Cmd: MAP LOAD FILE="F:/TheFarm51/ZadanieRekrutacyjne/Content/StarterContent/Maps/Minimal_Default.umap" TEMPLATE=0 SHOWPROGRESS=1 FEATURELEVEL=3
[2017.04.24-13.33.59:974][  0]LightingResults: New page: Lighting Build
[2017.04.24-13.34.00:012][  0]MapCheck: New page: Map Check
[2017.04.24-13.34.00:012][  0]LightingResults: New page: Lighting Build
[2017.04.24-13.34.00:333][  0]LogAIModule: Creating AISystem for world Minimal_Default
[2017.04.24-13.34.00:357][  0]LogEditorServer: Finished looking for orphan Actors (0.000 secs)
[2017.04.24-13.34.00:358][  0]Cmd: MAP CHECKDEP NOCLEARLOG
[2017.04.24-13.34.00:396][  0]MapCheck: Info Map check complete: 0 Error(s), 0 Warning(s), took 37.745ms to complete.
[2017.04.24-13.34.00:396][  0]LogFileHelpers: Loading map 'Minimal_Default' took 0.421
[2017.04.24-13.34.00:485][  0]LogWindowsTextInputMethodSystem:Display: IME system now deactivated.
[2017.04.24-13.34.00:601][  0]LogCollectionManager: Loaded 0 collections in 0.001202 seconds
[2017.04.24-13.34.00:679][  0]LogFileCache: Scanning file cache for directory 'F:/TheFarm51/ZadanieRekrutacyjne/Saved/Collections/' took 0.01s
[2017.04.24-13.34.00:679][  0]LogFileCache: Scanning file cache for directory 'F:/TheFarm51/ZadanieRekrutacyjne/Content/Developers/Dominik/Collections/' took 0.01s
[2017.04.24-13.34.00:679][  0]LogFileCache: Scanning file cache for directory 'F:/TheFarm51/ZadanieRekrutacyjne/Content/Collections/' took 0.01s
[2017.04.24-13.34.00:679][  0]LogCollectionManager: Rebuilt the GUID cache for 0 collections in 0.000002 seconds
[2017.04.24-13.34.00:688][  0]LogContentBrowser: Native class hierarchy populated in 0.0090 seconds. Added 2249 classes and 455 folders.
[2017.04.24-13.34.00:691][  0]LogStats: UGameplayTagsManager::ConstructGameplayTagTree: Construct from data asset -  0.000 s
[2017.04.24-13.34.00:691][  0]LogStats: UGameplayTagsManager::ConstructGameplayTagTree: GameplayTagTreeChangedEvent.Broadcast -  0.000 s
[2017.04.24-13.34.00:748][  0]LogContentBrowser: Native class hierarchy updated for 'WidgetCarousel' in 0.0013 seconds. Added 0 classes and 0 folders.
[2017.04.24-13.34.00:782][  0]LogContentBrowser: Native class hierarchy updated for 'AddContentDialog' in 0.0011 seconds. Added 0 classes and 0 folders.
[2017.04.24-13.34.00:836][  0]LogContentBrowser: Native class hierarchy updated for 'SceneOutliner' in 0.0010 seconds. Added 1 classes and 2 folders.
[2017.04.24-13.34.00:882][  0]LogCrashTracker: Crashtracker disabled due to settings.
[2017.04.24-13.34.00:892][  0]LogUObjectGlobals:Warning: Failed to find object 'Class None.'
[2017.04.24-13.34.00:957][  0]LogContentBrowser: Native class hierarchy updated for 'HierarchicalLODOutliner' in 0.0012 seconds. Added 1 classes and 2 folders.
[2017.04.24-13.34.00:957][  0]LogLoad: (Engine Initialization) Total time: 13.91 seconds
[2017.04.24-13.34.00:957][  0]LogLoad: (Engine Initialization) Total Blueprint compile time: 0.08 seconds
[2017.04.24-13.34.00:957][  0]LogExternalProfiler: Found external profiler: VSPerf
[2017.04.24-13.34.00:957][  0]LogExternalProfiler: Using external profiler: VSPerf
[2017.04.24-13.34.00:967][  0]LogOcInput: OculusInput pre-init called
[2017.04.24-13.34.00:988][  0]LogContentStreaming: Texture pool size now 1000 MB
[2017.04.24-13.34.00:989][  0]LogSlate: Took 0.000223 seconds to synchronously load lazily loaded font '../../../Engine/Content/Slate/Fonts/Roboto-Regular.ttf' (155K)
[2017.04.24-13.34.00:992][  0]LogSlate: Took 0.000239 seconds to synchronously load lazily loaded font '../../../Engine/Content/Slate/Fonts/Roboto-Bold.ttf' (160K)
[2017.04.24-13.34.00:998][  0]LogSlate: Took 0.000224 seconds to synchronously load lazily loaded font '../../../Engine/Content/Editor/Slate/Fonts/FontAwesome.ttf' (139K)
[2017.04.24-13.34.01:104][  0]LogSlate: Took 0.000174 seconds to synchronously load lazily loaded font '../../../Engine/Content/Slate/Fonts/Roboto-Light.ttf' (159K)
[2017.04.24-13.34.01:148][  0]LogRenderer: Reallocating scene render targets to support 1208x600 NumSamples 1 (Frame:2).
[2017.04.24-13.34.01:226][  1]LogAssetRegistry: Asset discovery search completed in 7.8086 seconds
[2017.04.24-13.34.01:226][  1]LogCollectionManager: Rebuilt the object cache for 0 collections in 0.000012 seconds (found 0 objects)
[2017.04.24-13.34.01:226][  1]LogCollectionManager: Fixed up redirectors for 0 collections in 0.000028 seconds (updated 0 objects)
[2017.04.24-13.34.04:432][352]LogSlate: Took 0.000136 seconds to synchronously load lazily loaded font '../../../Engine/Content/Slate/Fonts/Roboto-Light.ttf' (159K)
[2017.04.24-13.34.04:832][352]LogContentBrowser: Native class hierarchy updated for 'BlueprintGraph' in 0.0015 seconds. Added 112 classes and 0 folders.
[2017.04.24-13.34.05:377][352]LogSlate: Took 0.000185 seconds to synchronously load lazily loaded font '../../../Engine/Content/Slate/Fonts/Roboto-Regular.ttf' (155K)
[2017.04.24-13.38.14:891][ 37]LogHotReload: New module detected: UE4Editor-ZadanieRekrutacyjne-2853.dll
[2017.04.24-13.38.15:563][ 40]LogHotReload: Starting Hot-Reload from IDE
[2017.04.24-13.38.15:699][ 40]LogHotReload: Re-instancing Lamp after hot-reload.
[2017.04.24-13.38.15:887][ 40]LogUObjectGlobals:Warning: Guid referenced by DestructibleComponent /Game/StarterContent/Maps/Minimal_Default.Minimal_Default:PersistentLevel.MyLamp_2.BulbDestructibleComponent is already used by DestructibleComponent /Game/StarterContent/Maps/Minimal_Default.Minimal_Default:PersistentLevel.REINST_MyLamp_C_0.BulbDestructibleComponent, which should never happen in the editor but could happen at runtime with duplicate level loading or PIE
[2017.04.24-13.38.15:887][ 40]LogUObjectGlobals:Warning: Guid referenced by DestructibleComponent /Game/StarterContent/Maps/Minimal_Default.Minimal_Default:PersistentLevel.MyLamp_2.BodyDestructibleComponent is already used by DestructibleComponent /Game/StarterContent/Maps/Minimal_Default.Minimal_Default:PersistentLevel.REINST_MyLamp_C_0.BodyDestructibleComponent, which should never happen in the editor but could happen at runtime with duplicate level loading or PIE
[2017.04.24-13.38.15:887][ 40]LogUObjectGlobals:Warning: Guid referenced by PointLightComponent /Game/StarterContent/Maps/Minimal_Default.Minimal_Default:PersistentLevel.MyLamp_2.LightSource is already used by PointLightComponent /Game/StarterContent/Maps/Minimal_Default.Minimal_Default:PersistentLevel.REINST_MyLamp_C_0.LightSource, which should never happen in the editor but could happen at runtime with duplicate level loading or PIE
[2017.04.24-13.38.16:068][ 40]LogContentBrowser: Native class hierarchy updated for 'ZadanieRekrutacyjne' in 0.0010 seconds. Added 4 classes and 2 folders.
[2017.04.24-13.38.16:071][ 40]Display: HotReload successful (0 functions remapped  0 scriptstructs remapped)
[2017.04.24-13.38.16:373][ 40]LogContentBrowser: Native class hierarchy populated in 0.0093 seconds. Added 2251 classes and 459 folders.
[2017.04.24-13.38.16:383][ 40]Display: HotReload took  0.8s.
[2017.04.24-13.38.39:294][717]BlueprintLog: New page: Compile MyLamp
[2017.04.24-13.38.42:017][995]Cmd: OBJ SAVEPACKAGE PACKAGE="/Game/Blueprints/MyLamp" FILE="F:/TheFarm51/ZadanieRekrutacyjne/Content/Blueprints/MyLamp.uasset" SILENT=true
[2017.04.24-13.38.42:037][995]LogSavePackage: Save=11.97ms
[2017.04.24-13.38.42:037][995]LogSavePackage: Moving 'F:/TheFarm51/ZadanieRekrutacyjne/Saved/MyLamp84EC1F394B82A0DDC81D009D7D57B558.tmp' to 'F:/TheFarm51/ZadanieRekrutacyjne/Content/Blueprints/MyLamp.uasset'
[2017.04.24-13.38.42:041][995]LogSavePackage:Display: Finished SavePackage F:/TheFarm51/ZadanieRekrutacyjne/Content/Blueprints/MyLamp.uasset
[2017.04.24-13.38.45:014][346]LogEditorViewport: Clicking on Actor (LMB): MyLamp_C (MyLamp)
[2017.04.24-13.38.47:330][597]LogEditorActor: Deleted Actor: MyLamp_C
[2017.04.24-13.38.47:348][597]LogEditorActor: Deleted 1 Actors (0.018 secs)
[2017.04.24-13.39.25:292][237]LogHotReload: New module detected: UE4Editor-ZadanieRekrutacyjne-9375.dll
[2017.04.24-13.39.25:966][240]LogHotReload: Starting Hot-Reload from IDE
[2017.04.24-13.39.26:067][240]LogHotReload: Re-instancing Lamp after hot-reload.
[2017.04.24-13.39.26:291][240]LogUObjectGlobals:Warning: Guid referenced by DestructibleComponent /Game/StarterContent/Maps/Minimal_Default.Minimal_Default:PersistentLevel.MyLamp_3.BulbDestructibleComponent is already used by DestructibleComponent /Game/StarterContent/Maps/Minimal_Default.Minimal_Default:PersistentLevel.REINST_MyLamp_C_0.BulbDestructibleComponent, which should never happen in the editor but could happen at runtime with duplicate level loading or PIE
[2017.04.24-13.39.26:291][240]LogUObjectGlobals:Warning: Guid referenced by DestructibleComponent /Game/StarterContent/Maps/Minimal_Default.Minimal_Default:PersistentLevel.MyLamp_3.BodyDestructibleComponent is already used by DestructibleComponent /Game/StarterContent/Maps/Minimal_Default.Minimal_Default:PersistentLevel.REINST_MyLamp_C_0.BodyDestructibleComponent, which should never happen in the editor but could happen at runtime with duplicate level loading or PIE
[2017.04.24-13.39.26:291][240]LogUObjectGlobals:Warning: Guid referenced by PointLightComponent /Game/StarterContent/Maps/Minimal_Default.Minimal_Default:PersistentLevel.MyLamp_3.LightSource is already used by PointLightComponent /Game/StarterContent/Maps/Minimal_Default.Minimal_Default:PersistentLevel.REINST_MyLamp_C_0.LightSource, which should never happen in the editor but could happen at runtime with duplicate level loading or PIE
[2017.04.24-13.39.26:594][240]LogContentBrowser: Native class hierarchy updated for 'ZadanieRekrutacyjne' in 0.0010 seconds. Added 4 classes and 2 folders.
[2017.04.24-13.39.26:597][240]Display: HotReload successful (0 functions remapped  0 scriptstructs remapped)
[2017.04.24-13.39.26:860][240]LogContentBrowser: Native class hierarchy populated in 0.0096 seconds. Added 2251 classes and 459 folders.
[2017.04.24-13.39.26:872][240]Display: HotReload took  0.9s.
[2017.04.24-13.39.30:881][545]LogSavePackage: Save=109.66ms
[2017.04.24-13.39.30:881][545]LogSavePackage: Moving 'F:/TheFarm51/ZadanieRekrutacyjne/Saved/Minimal_Default492B1A1C4DAA49D4926BB98B29DD9E88.tmp' to 'F:/TheFarm51/ZadanieRekrutacyjne/Content/StarterContent/Maps/Minimal_Default.umap'
[2017.04.24-13.39.30:883][545]LogSavePackage:Display: Finished SavePackage F:/TheFarm51/ZadanieRekrutacyjne/Content/StarterContent/Maps/Minimal_Default.umap
[2017.04.24-13.39.30:920][545]Cmd: OBJ SAVEPACKAGE PACKAGE="/Game/StarterContent/Maps/Minimal_Default_BuiltData" FILE="F:/TheFarm51/ZadanieRekrutacyjne/Content/StarterContent/Maps/Minimal_Default_BuiltData.uasset" SILENT=true
[2017.04.24-13.39.30:968][545]LogSavePackage: Save=41.79ms
[2017.04.24-13.39.30:968][545]LogSavePackage: Moving 'F:/TheFarm51/ZadanieRekrutacyjne/Saved/Minimal_Default_BuiltData91F9AC2C4BCFEC18C0E71582963FBB54.tmp' to 'F:/TheFarm51/ZadanieRekrutacyjne/Content/StarterContent/Maps/Minimal_Default_BuiltData.uasset'
[2017.04.24-13.39.30:968][545]LogSavePackage:Display: Finished SavePackage F:/TheFarm51/ZadanieRekrutacyjne/Content/StarterContent/Maps/Minimal_Default_BuiltData.uasset
[2017.04.24-13.39.35:541][ 37]BlueprintLog: New page: Compile MyLamp
[2017.04.24-13.39.36:625][103]Cmd: OBJ SAVEPACKAGE PACKAGE="/Game/Blueprints/MyLamp" FILE="F:/TheFarm51/ZadanieRekrutacyjne/Content/Blueprints/MyLamp.uasset" SILENT=true
[2017.04.24-13.39.36:639][103]LogSavePackage: Save=11.73ms
[2017.04.24-13.39.36:639][103]LogSavePackage: Moving 'F:/TheFarm51/ZadanieRekrutacyjne/Saved/MyLampE68C58664A81F2E69B8D2BB10363FF9B.tmp' to 'F:/TheFarm51/ZadanieRekrutacyjne/Content/Blueprints/MyLamp.uasset'
[2017.04.24-13.39.36:640][103]LogSavePackage:Display: Finished SavePackage F:/TheFarm51/ZadanieRekrutacyjne/Content/Blueprints/MyLamp.uasset
[2017.04.24-13.39.39:677][453]LogTemp: Repeting last play command: Selected Viewport
[2017.04.24-13.39.39:697][453]LogBlueprintUserMessages: Early PlayInEditor Detection: Level '/Game/StarterContent/Maps/Minimal_Default.Minimal_Default:PersistentLevel' has LevelScriptBlueprint '/Game/StarterContent/Maps/Minimal_Default.Minimal_Default:PersistentLevel.Minimal_Default' with GeneratedClass '/Game/StarterContent/Maps/Minimal_Default.Minimal_Default_C' with ClassGeneratedBy '/Game/StarterContent/Maps/Minimal_Default.Minimal_Default:PersistentLevel.Minimal_Default'
[2017.04.24-13.39.39:697][453]LogPlayLevel: PlayLevel: No blueprints needed recompiling
[2017.04.24-13.39.39:697][453]PIE: New page: PIE session: Minimal_Default (Apr 24, 2017, 5:39:39 PM)
[2017.04.24-13.39.39:697][453]LogPlayLevel: Creating play world package: /Game/StarterContent/Maps/UEDPIE_0_Minimal_Default
[2017.04.24-13.39.39:703][453]LogPlayLevel: PIE: StaticDuplicateObject took: (0.005727s)
[2017.04.24-13.39.39:704][453]LogAIModule: Creating AISystem for world Minimal_Default
[2017.04.24-13.39.39:704][453]LogPlayLevel: PIE: World Init took: (0.000741s)
[2017.04.24-13.39.39:704][453]LogPlayLevel: PIE: Created PIE world by copying editor world from /Game/StarterContent/Maps/Minimal_Default.Minimal_Default to /Game/StarterContent/Maps/UEDPIE_0_Minimal_Default.Minimal_Default (0.006660s)
[2017.04.24-13.39.39:720][453]LogInit: XAudio2 using 'Głośniki (Realtek High Definition Audio)' : 2 channels at 48 kHz using 32 bits per sample (channel mask 0x3)
[2017.04.24-13.39.39:730][453]LogInit: FAudioDevice initialized.
[2017.04.24-13.39.39:773][453]LogUObjectGlobals:Warning: Failed to find object 'Class /Script/ZadanieRekrutacyjne.ZadanieRekrutacyjneGameMode'
[2017.04.24-13.39.39:773][453]LogLoad: Game class is 'GameModeBase'
[2017.04.24-13.39.39:777][453]LogWorld: Bringing World /Game/StarterContent/Maps/UEDPIE_0_Minimal_Default.Minimal_Default up for play (max tick rate 0) at 2017.04.24-15.39.39
[2017.04.24-13.39.39:777][453]LogWorld: Bringing up level for play took: 0.001703
[2017.04.24-13.39.39:819][453]LogContentBrowser: Native class hierarchy updated for 'MovieSceneCapture' in 0.0010 seconds. Added 11 classes and 0 folders.
[2017.04.24-13.39.39:820][453]PIE: Info Play in editor start time for /Game/StarterContent/Maps/UEDPIE_0_Minimal_Default 1.008
[2017.04.24-13.39.39:820][453]LogBlueprintUserMessages: Late PlayInEditor Detection: Level '/Game/StarterContent/Maps/Minimal_Default.Minimal_Default:PersistentLevel' has LevelScriptBlueprint '/Game/StarterContent/Maps/Minimal_Default.Minimal_Default:PersistentLevel.Minimal_Default' with GeneratedClass '/Game/StarterContent/Maps/Minimal_Default.Minimal_Default_C' with ClassGeneratedBy '/Game/StarterContent/Maps/Minimal_Default.Minimal_Default:PersistentLevel.Minimal_Default'
[2017.04.24-13.39.45:474][127]LogBlueprintUserMessages: Early EndPlayMap Detection: Level '/Game/StarterContent/Maps/Minimal_Default.Minimal_Default:PersistentLevel' has LevelScriptBlueprint '/Game/StarterContent/Maps/Minimal_Default.Minimal_Default:PersistentLevel.Minimal_Default' with GeneratedClass '/Game/StarterContent/Maps/Minimal_Default.Minimal_Default_C' with ClassGeneratedBy '/Game/StarterContent/Maps/Minimal_Default.Minimal_Default:PersistentLevel.Minimal_Default'
[2017.04.24-13.39.45:552][127]LogBlueprintUserMessages: Late EndPlayMap Detection: Level '/Game/StarterContent/Maps/Minimal_Default.Minimal_Default:PersistentLevel' has LevelScriptBlueprint '/Game/StarterContent/Maps/Minimal_Default.Minimal_Default:PersistentLevel.Minimal_Default' with GeneratedClass '/Game/StarterContent/Maps/Minimal_Default.Minimal_Default_C' with ClassGeneratedBy '/Game/StarterContent/Maps/Minimal_Default.Minimal_Default:PersistentLevel.Minimal_Default'
[2017.04.24-13.39.52:211][559]LogSavePackage: Save=96.29ms
[2017.04.24-13.39.52:211][559]LogSavePackage: Moving 'F:/TheFarm51/ZadanieRekrutacyjne/Saved/Minimal_DefaultB13BAC664CEAEEF9023CD7B2DCC497D9.tmp' to 'F:/TheFarm51/ZadanieRekrutacyjne/Content/StarterContent/Maps/Minimal_Default.umap'
[2017.04.24-13.39.52:212][559]LogSavePackage:Display: Finished SavePackage F:/TheFarm51/ZadanieRekrutacyjne/Content/StarterContent/Maps/Minimal_Default.umap
[2017.04.24-13.39.52:240][559]Cmd: OBJ SAVEPACKAGE PACKAGE="/Game/StarterContent/Maps/Minimal_Default_BuiltData" FILE="F:/TheFarm51/ZadanieRekrutacyjne/Content/StarterContent/Maps/Minimal_Default_BuiltData.uasset" SILENT=true
[2017.04.24-13.39.52:273][559]LogSavePackage: Save=30.27ms
[2017.04.24-13.39.52:273][559]LogSavePackage: Moving 'F:/TheFarm51/ZadanieRekrutacyjne/Saved/Minimal_Default_BuiltData734E5EB142186F7063C82786ACE511D7.tmp' to 'F:/TheFarm51/ZadanieRekrutacyjne/Content/StarterContent/Maps/Minimal_Default_BuiltData.uasset'
[2017.04.24-13.39.52:274][559]LogSavePackage:Display: Finished SavePackage F:/TheFarm51/ZadanieRekrutacyjne/Content/StarterContent/Maps/Minimal_Default_BuiltData.uasset
[2017.04.24-13.40.51:655][858]LogHotReload: New module detected: UE4Editor-ZadanieRekrutacyjne-5801.dll
[2017.04.24-13.40.52:326][861]LogHotReload: Starting Hot-Reload from IDE
