Log file open, 04/25/17 21:31:29
LogInit:Display: Running engine for game: ZadanieRekrutacyjne
LogPlatformFile: Not using cached read wrapper
LogInit:Display: RandInit(-83654438) SRandInit(-83654438).
LogTaskGraph: Started task graph with 5 named threads and 8 total threads with 1 sets of task threads.
LogStats: Stats thread started at 0.073792
LogInit: Using libcurl 7.47.1
LogInit:  - built for x86_64-pc-win32
LogInit:  - supports SSL with OpenSSL/1.0.2g
LogInit:  - supports HTTP deflate (compression) using libz 1.2.8
LogInit:  - other features:
LogInit:      CURL_VERSION_SSL
LogInit:      CURL_VERSION_LIBZ
LogInit:      CURL_VERSION_IPV6
LogInit:      CURL_VERSION_ASYNCHDNS
LogInit:      CURL_VERSION_LARGEFILE
LogInit:      CURL_VERSION_IDN
LogInit:  CurlRequestOptions (configurable via config and command line):
LogInit:  - bVerifyPeer = false  - Libcurl will NOT verify peer certificate
LogInit:  - bUseHttpProxy = false  - Libcurl will NOT use HTTP proxy
LogInit:  - bDontReuseConnections = false  - Libcurl will reuse connections
LogInit:  - CertBundlePath = nullptr  - Libcurl will use whatever was configured at build time.
LogInit: Build: ++UE4+Release-4.15-CL-3348071
LogInit: Engine Version: 4.15.1-3348071+++UE4+Release-4.15
LogInit: Compatible Engine Version: 4.15.0-3299760+++UE4+Release-4.15
LogInit: Net CL: 3299760
LogDevObjectVersion: Number of dev versions registered: 14
LogDevObjectVersion:   Dev-Blueprints (B0D832E4-1F89-4F0D-ACCF-7EB736FD4AA2): 8
LogDevObjectVersion:   Dev-Build (E1C64328-A22C-4D53-A36C-8E866417BD8C): 0
LogDevObjectVersion:   Dev-Core (375EC13C-06E4-48FB-B500-84F0262A717E): 2
LogDevObjectVersion:   Dev-Editor (E4B068ED-F494-42E9-A231-DA0B2E46BB41): 14
LogDevObjectVersion:   Dev-Framework (CFFC743F-43B0-4480-9391-14DF171D2073): 22
LogDevObjectVersion:   Dev-Mobile (B02B49B5-BB20-44E9-A304-32B752E40360): 0
LogDevObjectVersion:   Dev-Networking (A4E4105C-59A1-49B5-A7C5-40C4547EDFEE): 0
LogDevObjectVersion:   Dev-Online (39C831C9-5AE6-47DC-9A44-9C173E1C8E7C): 0
LogDevObjectVersion:   Dev-Physics (78F01B33-EBEA-4F98-B9B4-84EACCB95AA2): 0
LogDevObjectVersion:   Dev-Platform (6631380F-2D4D-43E0-8009-CF276956A95A): 0
LogDevObjectVersion:   Dev-Rendering (12F88B9F-8875-4AFC-A67C-D90C383ABD29): 12
LogDevObjectVersion:   Dev-Sequencer (7B5AE74C-D270-4C10-A958-57980B212A5A): 3
LogDevObjectVersion:   Dev-VR (D7296918-1DD6-4BDD-9DE2-64A83CC13884): 0
LogDevObjectVersion:   Dev-LoadTimes (C2A15278-BFE7-4AFE-6C17-90FF531DF755): 1
LogInit: Compiled (64-bit): Mar 15 2017 16:52:47
LogInit: Compiled with Visual C++: 19.00.23026.00
LogInit: Build Configuration: Development
LogInit: Branch Name: ++UE4+Release-4.15
LogInit: Command line:  
LogInit: Base directory: C:/Program Files/Epic Games/UE_4.15/Engine/Binaries/Win64/
LogInit: Installed Engine Build: 1
LogInit: Presizing for max 8388607 objects, including 0 objects not considered by GC, pre-allocating 0 bytes for permanent pool.
LogInit: Object subsystem initialized
[2017.04.25-19.31.30:444][  0]LogInit: Selected Device Profile: [Windows]
[2017.04.25-19.31.30:444][  0]LogInit: Applying CVar settings loaded from the selected device profile: [Windows]
[2017.04.25-19.31.30:462][  0]LogInit: Computer: DESKTOP-DOMINIK
[2017.04.25-19.31.30:462][  0]LogInit: User: Dominik
[2017.04.25-19.31.30:462][  0]LogInit: CPU Page size=65536, Cores=4
[2017.04.25-19.31.30:462][  0]LogInit: High frequency timer resolution =3.117191 MHz
[2017.04.25-19.31.30:462][  0]LogMemory: Memory total: Physical=8.0GB (8GB approx)
[2017.04.25-19.31.30:462][  0]LogMemory: Platform Memory Stats for Windows
[2017.04.25-19.31.30:462][  0]LogMemory: Process Physical Memory: 263.86 MB used, 263.86 MB peak
[2017.04.25-19.31.30:462][  0]LogMemory: Process Virtual Memory: 262.54 MB used, 262.54 MB peak
[2017.04.25-19.31.30:462][  0]LogMemory: Physical Memory: 5504.43 MB used,  2650.66 MB free, 8155.09 MB total
[2017.04.25-19.31.30:462][  0]LogMemory: Virtual Memory: 644.39 MB used,  2650.66 MB free, 134217728.00 MB total
[2017.04.25-19.31.30:571][  0]LogTextLocalizationManager: No translations for ('pl-PL') exist, falling back to 'en' for localization and internationalization data.
[2017.04.25-19.31.32:797][  0]LogD3D11RHI: D3D11 adapters:
[2017.04.25-19.31.32:827][  0]LogD3D11RHI:    0. 'NVIDIA GeForce GTX 1060 6GB' (Feature Level 11_0)
[2017.04.25-19.31.32:827][  0]LogD3D11RHI:       6084/0/4077 MB DedicatedVideo/DedicatedSystem/SharedSystem, Outputs:2, VendorId:0x10de
[2017.04.25-19.31.32:828][  0]LogD3D11RHI:    1. 'Microsoft Basic Render Driver' (Feature Level 11_0)
[2017.04.25-19.31.32:828][  0]LogD3D11RHI:       0/0/4077 MB DedicatedVideo/DedicatedSystem/SharedSystem, Outputs:0, VendorId:0x1414
[2017.04.25-19.31.32:828][  0]LogD3D11RHI: Chosen D3D11 Adapter: 0
[2017.04.25-19.31.32:834][  0]LogD3D11RHI: Creating new Direct3DDevice
[2017.04.25-19.31.32:834][  0]LogD3D11RHI:     GPU DeviceId: 0x1c03 (for the marketing name, search the web for "GPU Device Id")
[2017.04.25-19.31.32:834][  0]LogWindows: EnumDisplayDevices:
[2017.04.25-19.31.32:834][  0]LogWindows:    0. 'NVIDIA GeForce GTX 1060 6GB' (P:0 D:1)
[2017.04.25-19.31.32:834][  0]LogWindows:    1. 'NVIDIA GeForce GTX 1060 6GB' (P:1 D:1)
[2017.04.25-19.31.32:834][  0]LogWindows:    2. 'NVIDIA GeForce GTX 1060 6GB' (P:0 D:0)
[2017.04.25-19.31.32:835][  0]LogWindows:    3. 'NVIDIA GeForce GTX 1060 6GB' (P:0 D:0)
[2017.04.25-19.31.32:835][  0]LogWindows: DebugString: FoundDriverCount:4 
[2017.04.25-19.31.32:835][  0]LogD3D11RHI:     Adapter Name: NVIDIA GeForce GTX 1060 6GB
[2017.04.25-19.31.32:835][  0]LogD3D11RHI:   Driver Version: 381.89 (internal:22.21.13.8189, unified:381.89)
[2017.04.25-19.31.32:835][  0]LogD3D11RHI:      Driver Date: 4-19-2017
[2017.04.25-19.31.32:835][  0]LogRHI: Texture pool is 1361 MB (70% of 1945 MB)
[2017.04.25-19.31.32:850][  0]LogD3D11RHI: Async texture creation enabled
[2017.04.25-19.31.32:860][  0]LogD3D11RHI: GPU Timing Frequency: 1000.000000 (Debug: 2 1)
[2017.04.25-19.31.32:954][  0]LogShaderCompilers: Guid format shader working directory is 15 characters bigger than the processId version (F:/TheFarm51/ZadanieRekrutacyjne/Intermediate/Shaders/WorkingDirectory/11708/).
[2017.04.25-19.31.32:954][  0]LogShaderCompilers: Cleaned the shader compiler working directory 'C:/Users/Dominik/AppData/Local/Temp/UnrealShaderWorkingDir/71F0F183402F14448C891AA2C716473D/'.
[2017.04.25-19.31.32:954][  0]LogShaderCompilers:Display: Using Local Shader Compiler.
[2017.04.25-19.31.34:800][  0]LogTemp:Display: Loaded TP AllDesktopTargetPlatform
[2017.04.25-19.31.34:848][  0]LogTemp:Display: Loaded TP MacClientTargetPlatform
[2017.04.25-19.31.34:895][  0]LogTemp:Display: Loaded TP MacNoEditorTargetPlatform
[2017.04.25-19.31.34:944][  0]LogTemp:Display: Loaded TP MacServerTargetPlatform
[2017.04.25-19.31.34:996][  0]LogTemp:Display: Loaded TP MacTargetPlatform
[2017.04.25-19.31.35:045][  0]LogTemp:Display: Loaded TP WindowsClientTargetPlatform
[2017.04.25-19.31.35:094][  0]LogTemp:Display: Loaded TP WindowsNoEditorTargetPlatform
[2017.04.25-19.31.35:143][  0]LogTemp:Display: Loaded TP WindowsServerTargetPlatform
[2017.04.25-19.31.35:183][  0]LogTemp:Display: Loaded TP WindowsTargetPlatform
[2017.04.25-19.31.35:235][  0]LogTemp:Display: Loaded TP AndroidTargetPlatform
[2017.04.25-19.31.35:284][  0]LogTemp:Display: Loaded TP Android_ASTCTargetPlatform
[2017.04.25-19.31.35:332][  0]LogTemp:Display: Loaded TP Android_ATCTargetPlatform
[2017.04.25-19.31.35:379][  0]LogTemp:Display: Loaded TP Android_DXTTargetPlatform
[2017.04.25-19.31.35:427][  0]LogTemp:Display: Loaded TP Android_ETC1TargetPlatform
[2017.04.25-19.31.35:476][  0]LogTemp:Display: Loaded TP Android_ETC2TargetPlatform
[2017.04.25-19.31.35:575][  0]LogTemp:Display: Loaded TP Android_MultiTargetPlatform
[2017.04.25-19.31.35:575][  0]LogTemp:Display: Loaded TP Android_PVRTCTargetPlatform
[2017.04.25-19.31.35:610][  0]LogTemp:Display: Loaded TP HTML5TargetPlatform
[2017.04.25-19.31.35:703][  0]LogTemp:Display: Loaded TP IOSTargetPlatform
[2017.04.25-19.31.35:735][  0]LogTemp:Display: Loaded TP TVOSTargetPlatform
[2017.04.25-19.31.35:783][  0]LogTemp:Display: Loaded TP LinuxClientTargetPlatform
[2017.04.25-19.31.35:829][  0]LogTemp:Display: Loaded TP LinuxNoEditorTargetPlatform
[2017.04.25-19.31.35:875][  0]LogTemp:Display: Loaded TP LinuxServerTargetPlatform
[2017.04.25-19.31.35:928][  0]LogTemp:Display: Loaded TP LinuxTargetPlatform
[2017.04.25-19.31.35:928][  0]LogTargetPlatformManager:Display: Building Assets For Windows
[2017.04.25-19.31.36:325][  0]LogDerivedDataCache:Display: Max Cache Size: 512 MB
[2017.04.25-19.31.36:536][  0]LogDerivedDataCache: Loaded boot cache 0.21s 50MB C:/Users/Dominik/AppData/Local/UnrealEngine/4.15/DerivedDataCache/Boot.ddc.
[2017.04.25-19.31.36:536][  0]LogDerivedDataCache:Display: Loaded Boot cache: C:/Users/Dominik/AppData/Local/UnrealEngine/4.15/DerivedDataCache/Boot.ddc
[2017.04.25-19.31.36:536][  0]LogDerivedDataCache: FDerivedDataBackendGraph:  Pak pak cache file F:/TheFarm51/ZadanieRekrutacyjne/DerivedDataCache/DDC.ddp not found, will not use a pak cache.
[2017.04.25-19.31.36:536][  0]LogDerivedDataCache: Unable to find inner node Pak for hierarchical cache Hierarchy.
[2017.04.25-19.31.36:536][  0]LogDerivedDataCache: FDerivedDataBackendGraph:  CompressedPak pak cache file F:/TheFarm51/ZadanieRekrutacyjne/DerivedDataCache/Compressed.ddp not found, will not use a pak cache.
[2017.04.25-19.31.36:536][  0]LogDerivedDataCache: Unable to find inner node CompressedPak for hierarchical cache Hierarchy.
[2017.04.25-19.31.36:556][  0]LogDerivedDataCache:Display: Pak cache opened for reading ../../../Engine/DerivedDataCache/Compressed.ddp.
[2017.04.25-19.31.36:567][  0]LogDerivedDataCache: Using Local data cache path C:/Users/Dominik/AppData/Local/UnrealEngine/Common/DerivedDataCache: Writable
[2017.04.25-19.31.36:577][  0]LogSlate: Using Freetype 2.6.0
[2017.04.25-19.31.36:578][  0]LogSlate: SlateFontCache - WITH_FREETYPE: 1, WITH_HARFBUZZ: 1
[2017.04.25-19.31.36:578][  0]LogSlate: SlateFontCache - WITH_FREETYPE: 1, WITH_HARFBUZZ: 1
[2017.04.25-19.31.37:786][  0]LogInit: Selected Device Profile: [Windows]
[2017.04.25-19.31.37:789][  0]LogContentStreaming: Texture pool size is 0.00 MB
[2017.04.25-19.31.37:975][  0]LogMeshUtilities: Using QuadricMeshReduction for automatic static mesh reduction
[2017.04.25-19.31.38:013][  0]LogSimplygon: Simplygon DLL not present - disabling.
[2017.04.25-19.31.38:052][  0]LogMeshUtilities: Using SimplygonSwarm for distributed automatic mesh merging
[2017.04.25-19.31.38:052][  0]LogMeshUtilities: No automatic skeletal mesh reduction module available
[2017.04.25-19.31.38:052][  0]LogMeshUtilities: No automatic mesh merging module available
[2017.04.25-19.31.38:595][  0]LogNetVersion: GetLocalNetworkVersion: CL: 3299760, ProjectName: zadanierekrutacyjne, ProjectVersion: , EngineNetworkVersion: 2, GameNetworkVersion: 0, NetworkChecksum: 2856567825
[2017.04.25-19.31.38:644][  0]LogAssetRegistry: FAssetRegistry took 0.0219 seconds to start up
[2017.04.25-19.31.38:677][  0]LogPackageLocalizationCache: Processed 3 localized package path(s) for 1 prioritized culture(s) in 0.011931 seconds
[2017.04.25-19.31.38:682][  0]LogUObjectArray: 32493 objects as part of root set at end of initial load.
[2017.04.25-19.31.38:682][  0]LogUObjectAllocator: 7077032 out of 0 bytes used by permanent object pool.
[2017.04.25-19.31.38:682][  0]LogUObjectArray: CloseDisregardForGC: 0/0 objects in disregard for GC pool
[2017.04.25-19.31.38:744][  0]LogInit: WinSock: version 1.1 (2.2), MaxSocks=32767, MaxUdp=65467
[2017.04.25-19.31.41:804][  0]LogTcpMessaging: Initializing TcpMessaging bridge
[2017.04.25-19.31.41:839][  0]LogUdpMessaging: Initializing bridge on interface 0.0.0.0:0 to multicast group 230.0.0.1:6666.
[2017.04.25-19.31.42:304][  0]LogMaterial: Uniform references updated for custom material expression Custom.
[2017.04.25-19.31.42:650][  0]SourceControl: Info Source control is disabled
[2017.04.25-19.31.42:723][  0]SourceControl: Info Source control is disabled
[2017.04.25-19.31.42:765][  0]SourceControl: Info Source control is disabled
[2017.04.25-19.31.42:805][  0]SourceControl: Info Source control is disabled
[2017.04.25-19.31.43:974][  0]LogEngine: Initializing Engine...
[2017.04.25-19.31.43:974][  0]LogHMD: Failed to initialize OpenVR with code 110
[2017.04.25-19.31.44:199][  0]LogAIModule: Creating AISystem for world Untitled
[2017.04.25-19.31.44:208][  0]LogInit: XAudio2 using 'Głośniki (Realtek High Definition Audio)' : 2 channels at 48 kHz using 32 bits per sample (channel mask 0x3)
[2017.04.25-19.31.44:231][  0]LogInit: FAudioDevice initialized.
[2017.04.25-19.31.44:259][  0]LogDerivedDataCache: Saved boot cache 0.03s 50MB C:/Users/Dominik/AppData/Local/UnrealEngine/4.15/DerivedDataCache/Boot.ddc.
[2017.04.25-19.31.44:269][  0]LogInit: Texture streaming: Enabled
[2017.04.25-19.31.44:350][  0]LogEngineSessionManager: EngineSessionManager initialized
[2017.04.25-19.31.44:350][  0]LogEngineSessionManager: EngineSessionManager sent abnormal shutdown report. Type=Crashed, SessionId={16AEC82E-4ADF-19D9-EB97-DEBB81F530FD}
[2017.04.25-19.31.44:426][  0]LogInit: Transaction tracking system initialized
[2017.04.25-19.31.44:727][  0]BlueprintLog: New page: Editor Load
[2017.04.25-19.31.45:495][  0]LocalizationService: Info Localization service is disabled
[2017.04.25-19.31.46:080][  0]LogConsoleResponse:Display: 
[2017.04.25-19.31.46:202][  0]LogCook:Display: Max memory allowance for cook 16384mb min free memory 0mb
[2017.04.25-19.31.46:202][  0]LogCook:Display: Mobile HDR setting 1
[2017.04.25-19.31.46:423][  0]LogFileCache: Scanning file cache for directory 'F:/TheFarm51/ZadanieRekrutacyjne/Content/' took 0.02s
[2017.04.25-19.31.47:131][  0]SourceControl: Info Source control is disabled
[2017.04.25-19.31.47:132][  0]Cmd: MAP LOAD FILE="F:/TheFarm51/ZadanieRekrutacyjne/Content/StarterContent/Maps/Minimal_Default.umap" TEMPLATE=0 SHOWPROGRESS=1 FEATURELEVEL=3
[2017.04.25-19.31.47:132][  0]LightingResults: New page: Lighting Build
[2017.04.25-19.31.47:168][  0]MapCheck: New page: Map Check
[2017.04.25-19.31.47:168][  0]LightingResults: New page: Lighting Build
[2017.04.25-19.31.47:552][  0]LogAIModule: Creating AISystem for world Minimal_Default
[2017.04.25-19.31.47:580][  0]LogEditorServer: Finished looking for orphan Actors (0.000 secs)
[2017.04.25-19.31.47:581][  0]Cmd: MAP CHECKDEP NOCLEARLOG
[2017.04.25-19.31.47:618][  0]MapCheck: Info Map check complete: 0 Error(s), 0 Warning(s), took 37.157ms to complete.
[2017.04.25-19.31.47:618][  0]LogFileHelpers: Loading map 'Minimal_Default' took 0.486
[2017.04.25-19.31.47:685][  0]LogWindowsTextInputMethodSystem:Display: IME system now deactivated.
[2017.04.25-19.31.47:816][  0]LogCollectionManager: Loaded 0 collections in 0.001229 seconds
[2017.04.25-19.31.47:892][  0]LogFileCache: Scanning file cache for directory 'F:/TheFarm51/ZadanieRekrutacyjne/Saved/Collections/' took 0.01s
[2017.04.25-19.31.47:892][  0]LogFileCache: Scanning file cache for directory 'F:/TheFarm51/ZadanieRekrutacyjne/Content/Developers/Dominik/Collections/' took 0.01s
[2017.04.25-19.31.47:892][  0]LogFileCache: Scanning file cache for directory 'F:/TheFarm51/ZadanieRekrutacyjne/Content/Collections/' took 0.01s
[2017.04.25-19.31.47:892][  0]LogCollectionManager: Rebuilt the GUID cache for 0 collections in 0.000002 seconds
[2017.04.25-19.31.47:901][  0]LogContentBrowser: Native class hierarchy populated in 0.0087 seconds. Added 2249 classes and 455 folders.
[2017.04.25-19.31.47:904][  0]LogStats: UGameplayTagsManager::ConstructGameplayTagTree: Construct from data asset -  0.000 s
[2017.04.25-19.31.47:904][  0]LogStats: UGameplayTagsManager::ConstructGameplayTagTree: GameplayTagTreeChangedEvent.Broadcast -  0.000 s
[2017.04.25-19.31.47:960][  0]LogContentBrowser: Native class hierarchy updated for 'WidgetCarousel' in 0.0010 seconds. Added 0 classes and 0 folders.
[2017.04.25-19.31.48:388][  0]LogContentBrowser: Native class hierarchy updated for 'AddContentDialog' in 0.0011 seconds. Added 0 classes and 0 folders.
[2017.04.25-19.31.48:443][  0]LogContentBrowser: Native class hierarchy updated for 'SceneOutliner' in 0.0010 seconds. Added 1 classes and 2 folders.
[2017.04.25-19.31.48:489][  0]LogCrashTracker: Crashtracker disabled due to settings.
[2017.04.25-19.31.48:495][  0]LogUObjectGlobals:Warning: Failed to find object 'Class None.'
[2017.04.25-19.31.48:558][  0]LogContentBrowser: Native class hierarchy updated for 'HierarchicalLODOutliner' in 0.0011 seconds. Added 1 classes and 2 folders.
[2017.04.25-19.31.48:559][  0]LogLoad: (Engine Initialization) Total time: 20.09 seconds
[2017.04.25-19.31.48:559][  0]LogLoad: (Engine Initialization) Total Blueprint compile time: 0.10 seconds
[2017.04.25-19.31.48:559][  0]LogExternalProfiler: Found external profiler: VSPerf
[2017.04.25-19.31.48:559][  0]LogExternalProfiler: Using external profiler: VSPerf
[2017.04.25-19.31.48:568][  0]LogOcInput: OculusInput pre-init called
[2017.04.25-19.31.48:589][  0]LogContentStreaming: Texture pool size now 1000 MB
[2017.04.25-19.31.48:590][  0]LogSlate: Took 0.000254 seconds to synchronously load lazily loaded font '../../../Engine/Content/Slate/Fonts/Roboto-Regular.ttf' (155K)
[2017.04.25-19.31.48:594][  0]LogSlate: Took 0.000278 seconds to synchronously load lazily loaded font '../../../Engine/Content/Slate/Fonts/Roboto-Bold.ttf' (160K)
[2017.04.25-19.31.48:605][  0]LogSlate: Took 0.005956 seconds to synchronously load lazily loaded font '../../../Engine/Content/Editor/Slate/Fonts/FontAwesome.ttf' (139K)
[2017.04.25-19.31.48:750][  0]LogSlate: Took 0.004859 seconds to synchronously load lazily loaded font '../../../Engine/Content/Slate/Fonts/Roboto-Light.ttf' (159K)
[2017.04.25-19.31.48:812][  0]LogRenderer: Reallocating scene render targets to support 1208x600 NumSamples 1 (Frame:2).
[2017.04.25-19.31.48:961][  1]LogAssetRegistry: Asset discovery search completed in 10.3389 seconds
[2017.04.25-19.31.48:961][  1]LogCollectionManager: Rebuilt the object cache for 0 collections in 0.000006 seconds (found 0 objects)
[2017.04.25-19.31.48:961][  1]LogCollectionManager: Fixed up redirectors for 0 collections in 0.000019 seconds (updated 0 objects)
[2017.04.25-19.31.49:617][ 47]LogSlate: Took 0.000200 seconds to synchronously load lazily loaded font '../../../Engine/Content/Slate/Fonts/Roboto-Light.ttf' (159K)
[2017.04.25-19.31.54:612][608]LogTemp: Repeting last play command: Selected Viewport
[2017.04.25-19.31.54:630][608]LogBlueprintUserMessages: Early PlayInEditor Detection: Level '/Game/StarterContent/Maps/Minimal_Default.Minimal_Default:PersistentLevel' has LevelScriptBlueprint '/Game/StarterContent/Maps/Minimal_Default.Minimal_Default:PersistentLevel.Minimal_Default' with GeneratedClass '/Game/StarterContent/Maps/Minimal_Default.Minimal_Default_C' with ClassGeneratedBy '/Game/StarterContent/Maps/Minimal_Default.Minimal_Default:PersistentLevel.Minimal_Default'
[2017.04.25-19.31.54:630][608]LogPlayLevel: PlayLevel: No blueprints needed recompiling
[2017.04.25-19.31.54:927][608]PIE: New page: PIE session: Minimal_Default (Apr 25, 2017, 11:31:54 PM)
[2017.04.25-19.31.54:927][608]LogPlayLevel: Creating play world package: /Game/StarterContent/Maps/UEDPIE_0_Minimal_Default
[2017.04.25-19.31.54:933][608]LogPlayLevel: PIE: StaticDuplicateObject took: (0.005844s)
[2017.04.25-19.31.54:934][608]LogAIModule: Creating AISystem for world Minimal_Default
[2017.04.25-19.31.54:934][608]LogPlayLevel: PIE: World Init took: (0.001035s)
[2017.04.25-19.31.54:934][608]LogPlayLevel: PIE: Created PIE world by copying editor world from /Game/StarterContent/Maps/Minimal_Default.Minimal_Default to /Game/StarterContent/Maps/UEDPIE_0_Minimal_Default.Minimal_Default (0.007237s)
[2017.04.25-19.31.54:951][608]LogInit: XAudio2 using 'Głośniki (Realtek High Definition Audio)' : 2 channels at 48 kHz using 32 bits per sample (channel mask 0x3)
[2017.04.25-19.31.54:966][608]LogInit: FAudioDevice initialized.
[2017.04.25-19.31.55:015][608]LogUObjectGlobals:Warning: Failed to find object 'Class /Script/ZadanieRekrutacyjne.ZadanieRekrutacyjneGameMode'
[2017.04.25-19.31.55:015][608]LogLoad: Game class is 'GameModeBase'
[2017.04.25-19.31.55:018][608]LogWorld: Bringing World /Game/StarterContent/Maps/UEDPIE_0_Minimal_Default.Minimal_Default up for play (max tick rate 0) at 2017.04.25-21.31.55
[2017.04.25-19.31.55:019][608]LogWorld: Bringing up level for play took: 0.002246
[2017.04.25-19.31.55:056][608]LogContentBrowser: Native class hierarchy updated for 'MovieSceneCapture' in 0.0011 seconds. Added 11 classes and 0 folders.
[2017.04.25-19.31.55:057][608]PIE: Info Play in editor start time for /Game/StarterContent/Maps/UEDPIE_0_Minimal_Default -0.366
[2017.04.25-19.31.55:057][608]LogBlueprintUserMessages: Late PlayInEditor Detection: Level '/Game/StarterContent/Maps/Minimal_Default.Minimal_Default:PersistentLevel' has LevelScriptBlueprint '/Game/StarterContent/Maps/Minimal_Default.Minimal_Default:PersistentLevel.Minimal_Default' with GeneratedClass '/Game/StarterContent/Maps/Minimal_Default.Minimal_Default_C' with ClassGeneratedBy '/Game/StarterContent/Maps/Minimal_Default.Minimal_Default:PersistentLevel.Minimal_Default'
[2017.04.25-19.31.57:506][898]LogBlueprintUserMessages: Early EndPlayMap Detection: Level '/Game/StarterContent/Maps/Minimal_Default.Minimal_Default:PersistentLevel' has LevelScriptBlueprint '/Game/StarterContent/Maps/Minimal_Default.Minimal_Default:PersistentLevel.Minimal_Default' with GeneratedClass '/Game/StarterContent/Maps/Minimal_Default.Minimal_Default_C' with ClassGeneratedBy '/Game/StarterContent/Maps/Minimal_Default.Minimal_Default:PersistentLevel.Minimal_Default'
[2017.04.25-19.31.57:540][898]LogBlueprintUserMessages: Late EndPlayMap Detection: Level '/Game/StarterContent/Maps/Minimal_Default.Minimal_Default:PersistentLevel' has LevelScriptBlueprint '/Game/StarterContent/Maps/Minimal_Default.Minimal_Default:PersistentLevel.Minimal_Default' with GeneratedClass '/Game/StarterContent/Maps/Minimal_Default.Minimal_Default_C' with ClassGeneratedBy '/Game/StarterContent/Maps/Minimal_Default.Minimal_Default:PersistentLevel.Minimal_Default'
[2017.04.25-19.32.02:228][240]LogSlate: Took 0.000179 seconds to synchronously load lazily loaded font '../../../Engine/Content/Slate/Fonts/Roboto-Light.ttf' (159K)
[2017.04.25-19.32.03:082][240]LogObjectTools:Warning: ForceReplaceReferences replaced references for a transient object 'DEADCLASS_MyLamp_C_0' or package '/Engine/Transient'.
[2017.04.25-19.32.03:082][240]LogObjectTools:Warning: ForceReplaceReferences replaced references for a transient object 'SimpleConstructionScript_0' or package '/Engine/Transient'.
[2017.04.25-19.32.03:082][240]LogObjectTools:Warning: ForceReplaceReferences replaced references for a transient object 'DefaultSceneRoot_GEN_VARIABLE' or package '/Engine/Transient'.
[2017.04.25-19.32.03:082][240]LogObjectTools:Warning: ForceReplaceReferences replaced references for a transient object 'DEADCLASS_MyLamp_C_1' or package '/Engine/Transient'.
[2017.04.25-19.32.03:082][240]LogObjectTools:Warning: ForceReplaceReferences replaced references for a transient object 'REINST_MyLamp_C_16' or package '/Engine/Transient'.
[2017.04.25-19.32.03:082][240]LogObjectTools:Warning: ForceReplaceReferences replaced references for a transient object 'REINST_SKEL_MyLamp_C_17' or package '/Engine/Transient'.
[2017.04.25-19.32.05:021][425]LogEditorViewport: Clicking on Actor (LMB): StaticMeshActor (Floor_400x402)
[2017.04.25-19.32.11:951][208]LogSlate: Took 0.006648 seconds to synchronously load lazily loaded font '../../../Engine/Content/Editor/Slate/Fonts/Roboto-BoldCondensed.ttf' (158K)
[2017.04.25-19.32.15:340][536]LogContentBrowser: Native class hierarchy updated for 'BlueprintGraph' in 0.0014 seconds. Added 112 classes and 0 folders.
[2017.04.25-19.32.16:043][537]LogRenderer: Reallocating scene render targets to support 1208x940 NumSamples 1 (Frame:4108).
[2017.04.25-19.32.17:765][732]LogSlate: Took 0.004591 seconds to synchronously load lazily loaded font '../../../Engine/Content/Editor/Slate/Fonts/Roboto-Italic.ttf' (157K)
[2017.04.25-19.32.19:136][891]Cmd: OBJ SAVEPACKAGE PACKAGE="/Game/Blueprints/MyLamp" FILE="F:/TheFarm51/ZadanieRekrutacyjne/Content/Blueprints/MyLamp.uasset" SILENT=true
[2017.04.25-19.32.19:159][891]LogSavePackage: Save=19.49ms
[2017.04.25-19.32.19:159][891]LogSavePackage: Moving 'F:/TheFarm51/ZadanieRekrutacyjne/Saved/MyLamp0AC1B0604C9C2A6E6515F3B787761F6B.tmp' to 'F:/TheFarm51/ZadanieRekrutacyjne/Content/Blueprints/MyLamp.uasset'
[2017.04.25-19.32.19:161][891]LogSavePackage:Display: Finished SavePackage F:/TheFarm51/ZadanieRekrutacyjne/Content/Blueprints/MyLamp.uasset
[2017.04.25-19.33.08:396][583]BlueprintLog: New page: Compile MyLamp
[2017.04.25-19.33.08:458][583]LogUObjectGlobals:Warning: Guid referenced by PointLightComponent /Game/StarterContent/Maps/Minimal_Default.Minimal_Default:PersistentLevel.MyLamp_2.LightSource is already used by PointLightComponent /Game/StarterContent/Maps/Minimal_Default.Minimal_Default:PersistentLevel.REINST_MyLamp_C_0.LightSource, which should never happen in the editor but could happen at runtime with duplicate level loading or PIE
[2017.04.25-19.33.08:458][583]LogUObjectGlobals:Warning: Guid referenced by DestructibleComponent /Game/StarterContent/Maps/Minimal_Default.Minimal_Default:PersistentLevel.MyLamp_2.BulbDestructibleComponent is already used by DestructibleComponent /Game/StarterContent/Maps/Minimal_Default.Minimal_Default:PersistentLevel.REINST_MyLamp_C_0.BulbDestructibleComponent, which should never happen in the editor but could happen at runtime with duplicate level loading or PIE
[2017.04.25-19.33.08:458][583]LogUObjectGlobals:Warning: Guid referenced by StaticMeshComponent /Game/StarterContent/Maps/Minimal_Default.Minimal_Default:PersistentLevel.MyLamp_2.BulbUStaticMeshComponent is already used by StaticMeshComponent /Game/StarterContent/Maps/Minimal_Default.Minimal_Default:PersistentLevel.REINST_MyLamp_C_0.BulbUStaticMeshComponent, which should never happen in the editor but could happen at runtime with duplicate level loading or PIE
[2017.04.25-19.33.09:536][653]Cmd: OBJ SAVEPACKAGE PACKAGE="/Game/Blueprints/MyLamp" FILE="F:/TheFarm51/ZadanieRekrutacyjne/Content/Blueprints/MyLamp.uasset" SILENT=true
[2017.04.25-19.33.09:580][653]LogSavePackage: Save=25.84ms
[2017.04.25-19.33.09:580][653]LogSavePackage: Moving 'F:/TheFarm51/ZadanieRekrutacyjne/Saved/MyLamp23A5D64640046A9C1CFD64966E1878CB.tmp' to 'F:/TheFarm51/ZadanieRekrutacyjne/Content/Blueprints/MyLamp.uasset'
[2017.04.25-19.33.09:581][653]LogSavePackage:Display: Finished SavePackage F:/TheFarm51/ZadanieRekrutacyjne/Content/Blueprints/MyLamp.uasset
[2017.04.25-19.33.12:325][956]LogSavePackage: Save=95.52ms
[2017.04.25-19.33.12:325][956]LogSavePackage: Moving 'F:/TheFarm51/ZadanieRekrutacyjne/Saved/Minimal_Default9B4B8EEE45C6D2999380C799C9FEF522.tmp' to 'F:/TheFarm51/ZadanieRekrutacyjne/Content/StarterContent/Maps/Minimal_Default.umap'
[2017.04.25-19.33.12:327][956]LogSavePackage:Display: Finished SavePackage F:/TheFarm51/ZadanieRekrutacyjne/Content/StarterContent/Maps/Minimal_Default.umap
[2017.04.25-19.33.12:382][956]Cmd: OBJ SAVEPACKAGE PACKAGE="/Game/StarterContent/Maps/Minimal_Default_BuiltData" FILE="F:/TheFarm51/ZadanieRekrutacyjne/Content/StarterContent/Maps/Minimal_Default_BuiltData.uasset" SILENT=true
[2017.04.25-19.33.12:461][956]LogSavePackage: Save=70.89ms
[2017.04.25-19.33.12:461][956]LogSavePackage: Moving 'F:/TheFarm51/ZadanieRekrutacyjne/Saved/Minimal_Default_BuiltDataA629251346ECA5294DEDEF85203CC19E.tmp' to 'F:/TheFarm51/ZadanieRekrutacyjne/Content/StarterContent/Maps/Minimal_Default_BuiltData.uasset'
[2017.04.25-19.33.12:462][956]LogSavePackage:Display: Finished SavePackage F:/TheFarm51/ZadanieRekrutacyjne/Content/StarterContent/Maps/Minimal_Default_BuiltData.uasset
[2017.04.25-19.33.13:536][ 81]LogTemp: Repeting last play command: Selected Viewport
[2017.04.25-19.33.13:560][ 81]LogBlueprintUserMessages: Early PlayInEditor Detection: Level '/Game/StarterContent/Maps/Minimal_Default.Minimal_Default:PersistentLevel' has LevelScriptBlueprint '/Game/StarterContent/Maps/Minimal_Default.Minimal_Default:PersistentLevel.Minimal_Default' with GeneratedClass '/Game/StarterContent/Maps/Minimal_Default.Minimal_Default_C' with ClassGeneratedBy '/Game/StarterContent/Maps/Minimal_Default.Minimal_Default:PersistentLevel.Minimal_Default'
[2017.04.25-19.33.13:560][ 81]LogPlayLevel: PlayLevel: No blueprints needed recompiling
[2017.04.25-19.33.13:560][ 81]PIE: New page: PIE session: Minimal_Default (Apr 25, 2017, 11:33:13 PM)
[2017.04.25-19.33.13:560][ 81]LogPlayLevel: Creating play world package: /Game/StarterContent/Maps/UEDPIE_0_Minimal_Default
[2017.04.25-19.33.13:565][ 81]LogPlayLevel: PIE: StaticDuplicateObject took: (0.005093s)
[2017.04.25-19.33.13:566][ 81]LogAIModule: Creating AISystem for world Minimal_Default
[2017.04.25-19.33.13:566][ 81]LogPlayLevel: PIE: World Init took: (0.000824s)
[2017.04.25-19.33.13:566][ 81]LogPlayLevel: PIE: Created PIE world by copying editor world from /Game/StarterContent/Maps/Minimal_Default.Minimal_Default to /Game/StarterContent/Maps/UEDPIE_0_Minimal_Default.Minimal_Default (0.006141s)
[2017.04.25-19.33.13:583][ 81]LogInit: XAudio2 using 'Głośniki (Realtek High Definition Audio)' : 2 channels at 48 kHz using 32 bits per sample (channel mask 0x3)
[2017.04.25-19.33.13:594][ 81]LogInit: FAudioDevice initialized.
[2017.04.25-19.33.13:623][ 81]LogLoad: Game class is 'GameModeBase'
[2017.04.25-19.33.13:625][ 81]LogWorld: Bringing World /Game/StarterContent/Maps/UEDPIE_0_Minimal_Default.Minimal_Default up for play (max tick rate 0) at 2017.04.25-21.33.13
[2017.04.25-19.33.13:625][ 81]LogWorld: Bringing up level for play took: 0.001526
[2017.04.25-19.33.13:626][ 81]PIE: Info Play in editor start time for /Game/StarterContent/Maps/UEDPIE_0_Minimal_Default 0.203
[2017.04.25-19.33.13:626][ 81]LogBlueprintUserMessages: Late PlayInEditor Detection: Level '/Game/StarterContent/Maps/Minimal_Default.Minimal_Default:PersistentLevel' has LevelScriptBlueprint '/Game/StarterContent/Maps/Minimal_Default.Minimal_Default:PersistentLevel.Minimal_Default' with GeneratedClass '/Game/StarterContent/Maps/Minimal_Default.Minimal_Default_C' with ClassGeneratedBy '/Game/StarterContent/Maps/Minimal_Default.Minimal_Default:PersistentLevel.Minimal_Default'
[2017.04.25-19.33.17:441][528]LogBlueprintUserMessages: Early EndPlayMap Detection: Level '/Game/StarterContent/Maps/Minimal_Default.Minimal_Default:PersistentLevel' has LevelScriptBlueprint '/Game/StarterContent/Maps/Minimal_Default.Minimal_Default:PersistentLevel.Minimal_Default' with GeneratedClass '/Game/StarterContent/Maps/Minimal_Default.Minimal_Default_C' with ClassGeneratedBy '/Game/StarterContent/Maps/Minimal_Default.Minimal_Default:PersistentLevel.Minimal_Default'
[2017.04.25-19.33.17:519][528]LogBlueprintUserMessages: Late EndPlayMap Detection: Level '/Game/StarterContent/Maps/Minimal_Default.Minimal_Default:PersistentLevel' has LevelScriptBlueprint '/Game/StarterContent/Maps/Minimal_Default.Minimal_Default:PersistentLevel.Minimal_Default' with GeneratedClass '/Game/StarterContent/Maps/Minimal_Default.Minimal_Default_C' with ClassGeneratedBy '/Game/StarterContent/Maps/Minimal_Default.Minimal_Default:PersistentLevel.Minimal_Default'
[2017.04.25-19.33.18:914][677]LogEditorViewport: Clicking on Actor (LMB): MyLamp_C (MyLamp)
[2017.04.25-19.33.26:261][491]LogTemp: Repeting last play command: Selected Viewport
[2017.04.25-19.33.26:279][491]LogBlueprintUserMessages: Early PlayInEditor Detection: Level '/Game/StarterContent/Maps/Minimal_Default.Minimal_Default:PersistentLevel' has LevelScriptBlueprint '/Game/StarterContent/Maps/Minimal_Default.Minimal_Default:PersistentLevel.Minimal_Default' with GeneratedClass '/Game/StarterContent/Maps/Minimal_Default.Minimal_Default_C' with ClassGeneratedBy '/Game/StarterContent/Maps/Minimal_Default.Minimal_Default:PersistentLevel.Minimal_Default'
[2017.04.25-19.33.26:279][491]LogPlayLevel: PlayLevel: No blueprints needed recompiling
[2017.04.25-19.33.26:279][491]PIE: New page: PIE session: Minimal_Default (Apr 25, 2017, 11:33:26 PM)
[2017.04.25-19.33.26:279][491]LogPlayLevel: Creating play world package: /Game/StarterContent/Maps/UEDPIE_0_Minimal_Default
[2017.04.25-19.33.26:285][491]LogPlayLevel: PIE: StaticDuplicateObject took: (0.005883s)
[2017.04.25-19.33.26:286][491]LogAIModule: Creating AISystem for world Minimal_Default
[2017.04.25-19.33.26:286][491]LogPlayLevel: PIE: World Init took: (0.000961s)
[2017.04.25-19.33.26:286][491]LogPlayLevel: PIE: Created PIE world by copying editor world from /Game/StarterContent/Maps/Minimal_Default.Minimal_Default to /Game/StarterContent/Maps/UEDPIE_0_Minimal_Default.Minimal_Default (0.007094s)
[2017.04.25-19.33.26:303][491]LogInit: XAudio2 using 'Głośniki (Realtek High Definition Audio)' : 2 channels at 48 kHz using 32 bits per sample (channel mask 0x3)
[2017.04.25-19.33.26:314][491]LogInit: FAudioDevice initialized.
[2017.04.25-19.33.26:342][491]LogLoad: Game class is 'GameModeBase'
[2017.04.25-19.33.26:344][491]LogWorld: Bringing World /Game/StarterContent/Maps/UEDPIE_0_Minimal_Default.Minimal_Default up for play (max tick rate 0) at 2017.04.25-21.33.26
[2017.04.25-19.33.26:344][491]LogWorld: Bringing up level for play took: 0.001555
[2017.04.25-19.33.26:346][491]PIE: Info Play in editor start time for /Game/StarterContent/Maps/UEDPIE_0_Minimal_Default 0.922
[2017.04.25-19.33.26:346][491]LogBlueprintUserMessages: Late PlayInEditor Detection: Level '/Game/StarterContent/Maps/Minimal_Default.Minimal_Default:PersistentLevel' has LevelScriptBlueprint '/Game/StarterContent/Maps/Minimal_Default.Minimal_Default:PersistentLevel.Minimal_Default' with GeneratedClass '/Game/StarterContent/Maps/Minimal_Default.Minimal_Default_C' with ClassGeneratedBy '/Game/StarterContent/Maps/Minimal_Default.Minimal_Default:PersistentLevel.Minimal_Default'
[2017.04.25-19.33.30:241][947]LogBlueprintUserMessages: Early EndPlayMap Detection: Level '/Game/StarterContent/Maps/Minimal_Default.Minimal_Default:PersistentLevel' has LevelScriptBlueprint '/Game/StarterContent/Maps/Minimal_Default.Minimal_Default:PersistentLevel.Minimal_Default' with GeneratedClass '/Game/StarterContent/Maps/Minimal_Default.Minimal_Default_C' with ClassGeneratedBy '/Game/StarterContent/Maps/Minimal_Default.Minimal_Default:PersistentLevel.Minimal_Default'
[2017.04.25-19.33.30:333][947]LogBlueprintUserMessages: Late EndPlayMap Detection: Level '/Game/StarterContent/Maps/Minimal_Default.Minimal_Default:PersistentLevel' has LevelScriptBlueprint '/Game/StarterContent/Maps/Minimal_Default.Minimal_Default:PersistentLevel.Minimal_Default' with GeneratedClass '/Game/StarterContent/Maps/Minimal_Default.Minimal_Default_C' with ClassGeneratedBy '/Game/StarterContent/Maps/Minimal_Default.Minimal_Default:PersistentLevel.Minimal_Default'
[2017.04.25-19.34.10:028][394]LogHotReload: New module detected: UE4Editor-ZadanieRekrutacyjne-6881.dll
[2017.04.25-19.34.11:031][398]LogHotReload: Starting Hot-Reload from IDE
[2017.04.25-19.34.11:264][398]LogHotReload: Re-instancing Lamp after hot-reload.
[2017.04.25-19.34.11:353][398]PIE:Warning: Warning AttachTo: '/Engine/Transient.World_6:PersistentLevel.MyLamp_C_1.BulbUStaticMeshComponent' root component cannot be attached to other components in the same actor. Aborting.
[2017.04.25-19.34.11:488][398]PIE:Warning: Warning AttachTo: '/Game/StarterContent/Maps/Minimal_Default.Minimal_Default:PersistentLevel.MyLamp_2.BulbUStaticMeshComponent' root component cannot be attached to other components in the same actor. Aborting.
[2017.04.25-19.34.11:489][398]LogUObjectGlobals:Warning: Guid referenced by PointLightComponent /Game/StarterContent/Maps/Minimal_Default.Minimal_Default:PersistentLevel.MyLamp_2.LightSource is already used by PointLightComponent /Game/StarterContent/Maps/Minimal_Default.Minimal_Default:PersistentLevel.REINST_MyLamp_C_0.LightSource, which should never happen in the editor but could happen at runtime with duplicate level loading or PIE
[2017.04.25-19.34.11:489][398]LogUObjectGlobals:Warning: Guid referenced by DestructibleComponent /Game/StarterContent/Maps/Minimal_Default.Minimal_Default:PersistentLevel.MyLamp_2.BulbDestructibleComponent is already used by DestructibleComponent /Game/StarterContent/Maps/Minimal_Default.Minimal_Default:PersistentLevel.REINST_MyLamp_C_0.BulbDestructibleComponent, which should never happen in the editor but could happen at runtime with duplicate level loading or PIE
[2017.04.25-19.34.11:489][398]LogUObjectGlobals:Warning: Guid referenced by StaticMeshComponent /Game/StarterContent/Maps/Minimal_Default.Minimal_Default:PersistentLevel.MyLamp_2.BulbUStaticMeshComponent is already used by StaticMeshComponent /Game/StarterContent/Maps/Minimal_Default.Minimal_Default:PersistentLevel.REINST_MyLamp_C_0.BulbUStaticMeshComponent, which should never happen in the editor but could happen at runtime with duplicate level loading or PIE
[2017.04.25-19.34.11:545][398]PIE:Warning: Warning AttachTo: '/Engine/Transient.World_5:PersistentLevel.MyLamp_C_1.BulbUStaticMeshComponent' root component cannot be attached to other components in the same actor. Aborting.
[2017.04.25-19.34.11:546][398]PIE:Warning: Warning AttachTo: '/Engine/Transient.World_6:PersistentLevel.MyLamp_C_2.BulbUStaticMeshComponent' root component cannot be attached to other components in the same actor. Aborting.
[2017.04.25-19.34.11:843][398]LogContentBrowser: Native class hierarchy updated for 'ZadanieRekrutacyjne' in 0.0025 seconds. Added 4 classes and 2 folders.
[2017.04.25-19.34.11:845][398]Display: HotReload successful (0 functions remapped  0 scriptstructs remapped)
[2017.04.25-19.34.12:157][398]LogContentBrowser: Native class hierarchy populated in 0.0090 seconds. Added 2251 classes and 459 folders.
[2017.04.25-19.34.12:171][398]Display: HotReload took  1.1s.
[2017.04.25-19.34.13:468][402]LogStats: FPlatformStackWalk::StackWalkAndDump -  0.274 s
[2017.04.25-19.34.13:468][402]LogOutputDevice:Error: === Handled ensure: ===
[2017.04.25-19.34.13:468][402]LogOutputDevice:Error: 
[2017.04.25-19.34.13:468][402]LogOutputDevice:Error: Ensure condition failed: ParentActor != ActorPtr [File:D:\Build\++UE4+Release-4.15+Compile\Sync\Engine\Source\Editor\SceneOutliner\Private\ActorTreeItem.cpp] [Line: 245]
[2017.04.25-19.34.13:468][402]LogOutputDevice:Error: Encountered an Actor attached to itself (MyLamp_2)
[2017.04.25-19.34.13:468][402]LogOutputDevice:Error: Stack: 
[2017.04.25-19.34.13:468][402]LogOutputDevice:Error: UE4Editor-Core.dll!0x0000000028F995E6
[2017.04.25-19.34.13:468][402]LogOutputDevice:Error: UE4Editor-Core.dll!0x0000000028D49B82
[2017.04.25-19.34.13:468][402]LogOutputDevice:Error: UE4Editor-Core.dll!0x0000000028D5B666
[2017.04.25-19.34.13:468][402]LogOutputDevice:Error: UE4Editor-SceneOutliner.dll!0x00000000EEAE4771
[2017.04.25-19.34.13:468][402]LogOutputDevice:Error: UE4Editor-SceneOutliner.dll!0x00000000EEAE8A3E
[2017.04.25-19.34.13:468][402]LogOutputDevice:Error: UE4Editor-SceneOutliner.dll!0x00000000EEACC75C
[2017.04.25-19.34.13:468][402]LogOutputDevice:Error: UE4Editor-SceneOutliner.dll!0x00000000EEACBA41
[2017.04.25-19.34.13:468][402]LogOutputDevice:Error: UE4Editor-SceneOutliner.dll!0x00000000EEB25F5B
[2017.04.25-19.34.13:468][402]LogOutputDevice:Error: UE4Editor-SceneOutliner.dll!0x00000000EEB43C73
[2017.04.25-19.34.13:468][402]LogOutputDevice:Error: UE4Editor-SlateCore.dll!0x000000001EC28C02
[2017.04.25-19.34.13:468][402]LogOutputDevice:Error: UE4Editor-SlateCore.dll!0x000000001EC2778E
[2017.04.25-19.34.13:468][402]LogOutputDevice:Error: UE4Editor-Slate.dll!0x00000000266DCECC
[2017.04.25-19.34.13:468][402]LogOutputDevice:Error: UE4Editor-SlateCore.dll!0x000000001EC28C55
[2017.04.25-19.34.13:468][402]LogOutputDevice:Error: UE4Editor-SlateCore.dll!0x000000001EC2778E
[2017.04.25-19.34.13:468][402]LogOutputDevice:Error: UE4Editor-Slate.dll!0x00000000266DCECC
[2017.04.25-19.34.13:468][402]LogOutputDevice:Error: UE4Editor-SlateCore.dll!0x000000001EC28C55
[2017.04.25-19.34.13:468][402]LogOutputDevice:Error: UE4Editor-SlateCore.dll!0x000000001EC27ABE
[2017.04.25-19.34.13:468][402]LogOutputDevice:Error: UE4Editor-SlateCore.dll!0x000000001EC28C55
[2017.04.25-19.34.13:468][402]LogOutputDevice:Error: UE4Editor-SlateCore.dll!0x000000001EC29060
[2017.04.25-19.34.13:468][402]LogOutputDevice:Error: UE4Editor-SlateCore.dll!0x000000001EC27C08
[2017.04.25-19.34.13:468][402]LogOutputDevice:Error: UE4Editor-SlateCore.dll!0x000000001EC28C55
[2017.04.25-19.34.13:468][402]LogOutputDevice:Error: UE4Editor-SlateCore.dll!0x000000001EC2778E
[2017.04.25-19.34.13:468][402]LogOutputDevice:Error: UE4Editor-SlateCore.dll!0x000000001EC28C55
[2017.04.25-19.34.13:468][402]LogOutputDevice:Error: UE4Editor-SlateCore.dll!0x000000001EC29060
[2017.04.25-19.34.13:468][402]LogOutputDevice:Error: UE4Editor-Slate.dll!0x00000000267591BD
[2017.04.25-19.34.13:468][402]LogOutputDevice:Error: UE4Editor-SlateCore.dll!0x000000001EC28C55
[2017.04.25-19.34.13:468][402]LogOutputDevice:Error: UE4Editor-SlateCore.dll!0x000000001EC2778E
[2017.04.25-19.34.13:468][402]LogOutputDevice:Error: UE4Editor-SlateCore.dll!0x000000001EC28C55
[2017.04.25-19.34.13:468][402]LogOutputDevice:Error: UE4Editor-SlateCore.dll!0x000000001EC29060
[2017.04.25-19.34.13:468][402]LogOutputDevice:Error: UE4Editor-Slate.dll!0x00000000267591BD
[2017.04.25-19.34.13:468][402]LogOutputDevice:Error: UE4Editor-SlateCore.dll!0x000000001EC28C55
[2017.04.25-19.34.13:468][402]LogOutputDevice:Error: UE4Editor-SlateCore.dll!0x000000001EC27ABE
[2017.04.25-19.34.13:468][402]LogOutputDevice:Error: UE4Editor-SlateCore.dll!0x000000001EC28C55
[2017.04.25-19.34.13:468][402]LogOutputDevice:Error: UE4Editor-SlateCore.dll!0x000000001EC2778E
[2017.04.25-19.34.13:468][402]LogOutputDevice:Error: UE4Editor-SlateCore.dll!0x000000001EC28C55
[2017.04.25-19.34.13:468][402]LogOutputDevice:Error: UE4Editor-SlateCore.dll!0x000000001EC29060
[2017.04.25-19.34.13:468][402]LogOutputDevice:Error: UE4Editor-SlateCore.dll!0x000000001EC27C08
[2017.04.25-19.34.13:468][402]LogOutputDevice:Error: UE4Editor-SlateCore.dll!0x000000001EC28C55
[2017.04.25-19.34.13:468][402]LogOutputDevice:Error: UE4Editor-SlateCore.dll!0x000000001EC2778E
[2017.04.25-19.34.13:468][402]LogOutputDevice:Error: UE4Editor-SlateCore.dll!0x000000001EC28C55
[2017.04.25-19.34.13:468][402]LogOutputDevice:Error: UE4Editor-SlateCore.dll!0x000000001EC2778E
[2017.04.25-19.34.13:468][402]LogOutputDevice:Error: UE4Editor-Slate.dll!0x00000000266DCECC
[2017.04.25-19.34.13:468][402]LogOutputDevice:Error: UE4Editor-SlateCore.dll!0x000000001EC28C55
[2017.04.25-19.34.13:468][402]LogOutputDevice:Error: UE4Editor-SlateCore.dll!0x000000001EC27ABE
[2017.04.25-19.34.13:468][402]LogOutputDevice:Error: UE4Editor-SlateCore.dll!0x000000001EC28C55
[2017.04.25-19.34.13:468][402]LogOutputDevice:Error: UE4Editor-SlateCore.dll!0x000000001EC29060
[2017.04.25-19.34.13:468][402]LogOutputDevice:Error: UE4Editor-SlateCore.dll!0x000000001EC27C08
[2017.04.25-19.34.13:468][402]LogOutputDevice:Error: UE4Editor-SlateCore.dll!0x000000001EC28C55
[2017.04.25-19.34.13:468][402]LogOutputDevice:Error: UE4Editor-SlateCore.dll!0x000000001EC2778E
[2017.04.25-19.34.13:468][402]LogOutputDevice:Error: UE4Editor-SlateCore.dll!0x000000001EC28C55
[2017.04.25-19.34.13:468][402]LogOutputDevice:Error: UE4Editor-SlateCore.dll!0x000000001EC29060
[2017.04.25-19.34.13:468][402]LogOutputDevice:Error: UE4Editor-Slate.dll!0x00000000267591BD
[2017.04.25-19.34.13:468][402]LogOutputDevice:Error: UE4Editor-SlateCore.dll!0x000000001EC28C55
[2017.04.25-19.34.13:468][402]LogOutputDevice:Error: UE4Editor-SlateCore.dll!0x000000001EC27ABE
[2017.04.25-19.34.13:468][402]LogOutputDevice:Error: UE4Editor-SlateCore.dll!0x000000001EC28C55
[2017.04.25-19.34.13:468][402]LogOutputDevice:Error: UE4Editor-SlateCore.dll!0x000000001EC2778E
[2017.04.25-19.34.13:468][402]LogOutputDevice:Error: UE4Editor-SlateCore.dll!0x000000001EC28C55
[2017.04.25-19.34.13:468][402]LogOutputDevice:Error: UE4Editor-SlateCore.dll!0x000000001EC29060
[2017.04.25-19.34.13:468][402]LogOutputDevice:Error: UE4Editor-SlateCore.dll!0x000000001EC27C08
[2017.04.25-19.34.13:468][402]LogOutputDevice:Error: UE4Editor-SlateCore.dll!0x000000001EC28C55
[2017.04.25-19.34.13:468][402]LogOutputDevice:Error: UE4Editor-SlateCore.dll!0x000000001EC29060
[2017.04.25-19.34.13:468][402]LogOutputDevice:Error: UE4Editor-SlateCore.dll!0x000000001EC27C08
[2017.04.25-19.34.13:468][402]LogOutputDevice:Error: UE4Editor-SlateCore.dll!0x000000001EC28C55
[2017.04.25-19.34.13:468][402]LogOutputDevice:Error: UE4Editor-SlateCore.dll!0x000000001EC27ABE
[2017.04.25-19.34.13:468][402]LogOutputDevice:Error: UE4Editor-SlateCore.dll!0x000000001EC28C55
[2017.04.25-19.34.13:468][402]LogOutputDevice:Error: UE4Editor-SlateCore.dll!0x000000001EC2778E
[2017.04.25-19.34.13:468][402]LogOutputDevice:Error: UE4Editor-SlateCore.dll!0x000000001EC27CAA
[2017.04.25-19.34.13:468][402]LogOutputDevice:Error: UE4Editor-SlateCore.dll!0x000000001EC28C55
[2017.04.25-19.34.13:468][402]LogOutputDevice:Error: UE4Editor-Slate.dll!0x00000000265230FD
[2017.04.25-19.34.13:468][402]LogOutputDevice:Error: UE4Editor-Slate.dll!0x000000002655CF0F
[2017.04.25-19.34.13:468][402]LogOutputDevice:Error: UE4Editor-Slate.dll!0x00000000265525CB
[2017.04.25-19.34.13:468][402]LogOutputDevice:Error: UE4Editor-Core.dll!0x0000000028F8C94E
[2017.04.25-19.34.13:468][402]LogOutputDevice:Error: UE4Editor-Core.dll!0x0000000028F767C1
[2017.04.25-19.34.13:468][402]LogOutputDevice:Error: UE4Editor-Core.dll!0x0000000028F8DC95
[2017.04.25-19.34.13:468][402]LogOutputDevice:Error: UE4Editor-Core.dll!0x0000000028F726E9
[2017.04.25-19.34.13:468][402]LogOutputDevice:Error: USER32.dll!0x0000000055381C24
[2017.04.25-19.34.13:468][402]LogOutputDevice:Error: USER32.dll!0x000000005538125E
[2017.04.25-19.34.13:468][402]LogOutputDevice:Error: USER32.dll!0x000000005537EF6D
[2017.04.25-19.34.13:468][402]LogOutputDevice:Error: USER32.dll!0x000000005537E982
[2017.04.25-19.34.13:468][402]LogOutputDevice:Error: uxtheme.dll!0x0000000050CD183D
[2017.04.25-19.34.13:468][402]LogOutputDevice:Error: uxtheme.dll!0x0000000050CD06D1
[2017.04.25-19.34.13:468][402]LogOutputDevice:Error: USER32.dll!0x000000005537EB7D
[2017.04.25-19.34.13:468][402]LogOutputDevice:Error: UE4Editor-Core.dll!0x0000000028F8ECC5
[2017.04.25-19.34.13:468][402]LogOutputDevice:Error: UE4Editor-Core.dll!0x0000000028F726E9
[2017.04.25-19.34.13:468][402]LogOutputDevice:Error: USER32.dll!0x0000000055381C24
[2017.04.25-19.34.13:468][402]LogOutputDevice:Error: USER32.dll!0x0000000055381917
[2017.04.25-19.34.13:468][402]LogOutputDevice:Error: USER32.dll!0x0000000055395E80
[2017.04.25-19.34.13:468][402]LogOutputDevice:Error: ntdll.dll!0x0000000056189C54
[2017.04.25-19.34.13:468][402]LogOutputDevice:Error: win32u.dll!0x0000000053601B84
[2017.04.25-19.34.13:468][402]LogOutputDevice:Error: UE4Editor-Core.dll!0x0000000028F8E47B
[2017.04.25-19.34.13:468][402]LogOutputDevice:Error: UE4Editor-Core.dll!0x0000000028F726E9
[2017.04.25-19.34.13:468][402]LogOutputDevice:Error: USER32.dll!0x0000000055381C24
[2017.04.25-19.34.13:468][402]LogOutputDevice:Error: USER32.dll!0x000000005538156C
[2017.04.25-19.34.13:468][402]LogOutputDevice:Error: UE4Editor-Core.dll!0x0000000028F8F326
[2017.04.25-19.34.13:468][402]LogOutputDevice:Error: UE4Editor.exe!0x00000000B946D790
[2017.04.25-19.34.13:468][402]LogOutputDevice:Error: UE4Editor.exe!0x00000000B945EB40
[2017.04.25-19.34.13:468][402]LogOutputDevice:Error: UE4Editor.exe!0x00000000B945EBBA
[2017.04.25-19.34.13:468][402]LogOutputDevice:Error: UE4Editor.exe!0x00000000B9470A29
[2017.04.25-19.34.13:468][402]LogOutputDevice:Error: 
[2017.04.25-19.34.13:474][402]LogStats:                SubmitErrorReport -  0.000 s
