Log file open, 04/26/17 19:55:25
LogInit:Display: Running engine for game: ZadanieRekrutacyjne
LogPlatformFile: Not using cached read wrapper
LogInit:Display: RandInit(-2132858848) SRandInit(-2132858848).
LogTaskGraph: Started task graph with 5 named threads and 8 total threads with 1 sets of task threads.
LogStats: Stats thread started at 0.076940
LogInit: Using libcurl 7.47.1
LogInit:  - built for x86_64-pc-win32
LogInit:  - supports SSL with OpenSSL/1.0.2g
LogInit:  - supports HTTP deflate (compression) using libz 1.2.8
LogInit:  - other features:
LogInit:      CURL_VERSION_SSL
LogInit:      CURL_VERSION_LIBZ
LogInit:      CURL_VERSION_IPV6
LogInit:      CURL_VERSION_ASYNCHDNS
LogInit:      CURL_VERSION_LARGEFILE
LogInit:      CURL_VERSION_IDN
LogInit:  CurlRequestOptions (configurable via config and command line):
LogInit:  - bVerifyPeer = false  - Libcurl will NOT verify peer certificate
LogInit:  - bUseHttpProxy = false  - Libcurl will NOT use HTTP proxy
LogInit:  - bDontReuseConnections = false  - Libcurl will reuse connections
LogInit:  - CertBundlePath = nullptr  - Libcurl will use whatever was configured at build time.
LogInit: Build: ++UE4+Release-4.15-CL-3348071
LogInit: Engine Version: 4.15.1-3348071+++UE4+Release-4.15
LogInit: Compatible Engine Version: 4.15.0-3299760+++UE4+Release-4.15
LogInit: Net CL: 3299760
LogDevObjectVersion: Number of dev versions registered: 14
LogDevObjectVersion:   Dev-Blueprints (B0D832E4-1F89-4F0D-ACCF-7EB736FD4AA2): 8
LogDevObjectVersion:   Dev-Build (E1C64328-A22C-4D53-A36C-8E866417BD8C): 0
LogDevObjectVersion:   Dev-Core (375EC13C-06E4-48FB-B500-84F0262A717E): 2
LogDevObjectVersion:   Dev-Editor (E4B068ED-F494-42E9-A231-DA0B2E46BB41): 14
LogDevObjectVersion:   Dev-Framework (CFFC743F-43B0-4480-9391-14DF171D2073): 22
LogDevObjectVersion:   Dev-Mobile (B02B49B5-BB20-44E9-A304-32B752E40360): 0
LogDevObjectVersion:   Dev-Networking (A4E4105C-59A1-49B5-A7C5-40C4547EDFEE): 0
LogDevObjectVersion:   Dev-Online (39C831C9-5AE6-47DC-9A44-9C173E1C8E7C): 0
LogDevObjectVersion:   Dev-Physics (78F01B33-EBEA-4F98-B9B4-84EACCB95AA2): 0
LogDevObjectVersion:   Dev-Platform (6631380F-2D4D-43E0-8009-CF276956A95A): 0
LogDevObjectVersion:   Dev-Rendering (12F88B9F-8875-4AFC-A67C-D90C383ABD29): 12
LogDevObjectVersion:   Dev-Sequencer (7B5AE74C-D270-4C10-A958-57980B212A5A): 3
LogDevObjectVersion:   Dev-VR (D7296918-1DD6-4BDD-9DE2-64A83CC13884): 0
LogDevObjectVersion:   Dev-LoadTimes (C2A15278-BFE7-4AFE-6C17-90FF531DF755): 1
LogInit: Compiled (64-bit): Mar 15 2017 16:52:47
LogInit: Compiled with Visual C++: 19.00.23026.00
LogInit: Build Configuration: Development
LogInit: Branch Name: ++UE4+Release-4.15
LogInit: Command line:  
LogInit: Base directory: C:/Program Files/Epic Games/UE_4.15/Engine/Binaries/Win64/
LogInit: Installed Engine Build: 1
LogInit: Presizing for max 8388607 objects, including 0 objects not considered by GC, pre-allocating 0 bytes for permanent pool.
LogInit: Object subsystem initialized
[2017.04.26-17.55.26:006][  0]LogInit: Selected Device Profile: [Windows]
[2017.04.26-17.55.26:006][  0]LogInit: Applying CVar settings loaded from the selected device profile: [Windows]
[2017.04.26-17.55.26:048][  0]LogInit: Computer: DESKTOP-DOMINIK
[2017.04.26-17.55.26:048][  0]LogInit: User: Dominik
[2017.04.26-17.55.26:048][  0]LogInit: CPU Page size=65536, Cores=4
[2017.04.26-17.55.26:048][  0]LogInit: High frequency timer resolution =3.117191 MHz
[2017.04.26-17.55.26:049][  0]LogMemory: Memory total: Physical=8.0GB (8GB approx)
[2017.04.26-17.55.26:049][  0]LogMemory: Platform Memory Stats for Windows
[2017.04.26-17.55.26:049][  0]LogMemory: Process Physical Memory: 264.00 MB used, 264.00 MB peak
[2017.04.26-17.55.26:049][  0]LogMemory: Process Virtual Memory: 262.50 MB used, 262.50 MB peak
[2017.04.26-17.55.26:049][  0]LogMemory: Physical Memory: 5369.27 MB used,  2785.82 MB free, 8155.09 MB total
[2017.04.26-17.55.26:049][  0]LogMemory: Virtual Memory: 644.39 MB used,  2785.82 MB free, 134217728.00 MB total
[2017.04.26-17.55.26:254][  0]LogTextLocalizationManager: No translations for ('pl-PL') exist, falling back to 'en' for localization and internationalization data.
[2017.04.26-17.55.28:717][  0]LogD3D11RHI: D3D11 adapters:
[2017.04.26-17.55.28:770][  0]LogD3D11RHI:    0. 'NVIDIA GeForce GTX 1060 6GB' (Feature Level 11_0)
[2017.04.26-17.55.28:770][  0]LogD3D11RHI:       6084/0/4077 MB DedicatedVideo/DedicatedSystem/SharedSystem, Outputs:2, VendorId:0x10de
[2017.04.26-17.55.28:771][  0]LogD3D11RHI:    1. 'Microsoft Basic Render Driver' (Feature Level 11_0)
[2017.04.26-17.55.28:771][  0]LogD3D11RHI:       0/0/4077 MB DedicatedVideo/DedicatedSystem/SharedSystem, Outputs:0, VendorId:0x1414
[2017.04.26-17.55.28:771][  0]LogD3D11RHI: Chosen D3D11 Adapter: 0
[2017.04.26-17.55.28:777][  0]LogD3D11RHI: Creating new Direct3DDevice
[2017.04.26-17.55.28:777][  0]LogD3D11RHI:     GPU DeviceId: 0x1c03 (for the marketing name, search the web for "GPU Device Id")
[2017.04.26-17.55.28:777][  0]LogWindows: EnumDisplayDevices:
[2017.04.26-17.55.28:777][  0]LogWindows:    0. 'NVIDIA GeForce GTX 1060 6GB' (P:0 D:1)
[2017.04.26-17.55.28:777][  0]LogWindows:    1. 'NVIDIA GeForce GTX 1060 6GB' (P:1 D:1)
[2017.04.26-17.55.28:777][  0]LogWindows:    2. 'NVIDIA GeForce GTX 1060 6GB' (P:0 D:0)
[2017.04.26-17.55.28:777][  0]LogWindows:    3. 'NVIDIA GeForce GTX 1060 6GB' (P:0 D:0)
[2017.04.26-17.55.28:778][  0]LogWindows: DebugString: FoundDriverCount:4 
[2017.04.26-17.55.28:778][  0]LogD3D11RHI:     Adapter Name: NVIDIA GeForce GTX 1060 6GB
[2017.04.26-17.55.28:778][  0]LogD3D11RHI:   Driver Version: 381.89 (internal:22.21.13.8189, unified:381.89)
[2017.04.26-17.55.28:778][  0]LogD3D11RHI:      Driver Date: 4-19-2017
[2017.04.26-17.55.28:778][  0]LogRHI: Texture pool is 1361 MB (70% of 1945 MB)
[2017.04.26-17.55.28:797][  0]LogD3D11RHI: Async texture creation enabled
[2017.04.26-17.55.28:812][  0]LogD3D11RHI: GPU Timing Frequency: 1000.000000 (Debug: 2 1)
[2017.04.26-17.55.28:910][  0]LogShaderCompilers: Guid format shader working directory is 18 characters bigger than the processId version (F:/GIT foldery/UnrealExercise/Intermediate/Shaders/WorkingDirectory/15672/).
[2017.04.26-17.55.28:910][  0]LogShaderCompilers: Cleaned the shader compiler working directory 'C:/Users/Dominik/AppData/Local/Temp/UnrealShaderWorkingDir/48B6934C415AF6725AF5E6AB1DF8BB92/'.
[2017.04.26-17.55.28:910][  0]LogShaderCompilers:Display: Using Local Shader Compiler.
[2017.04.26-17.55.30:962][  0]LogTemp:Display: Loaded TP AllDesktopTargetPlatform
[2017.04.26-17.55.31:012][  0]LogTemp:Display: Loaded TP MacClientTargetPlatform
[2017.04.26-17.55.31:059][  0]LogTemp:Display: Loaded TP MacNoEditorTargetPlatform
[2017.04.26-17.55.31:108][  0]LogTemp:Display: Loaded TP MacServerTargetPlatform
[2017.04.26-17.55.31:160][  0]LogTemp:Display: Loaded TP MacTargetPlatform
[2017.04.26-17.55.31:208][  0]LogTemp:Display: Loaded TP WindowsClientTargetPlatform
[2017.04.26-17.55.31:257][  0]LogTemp:Display: Loaded TP WindowsNoEditorTargetPlatform
[2017.04.26-17.55.31:305][  0]LogTemp:Display: Loaded TP WindowsServerTargetPlatform
[2017.04.26-17.55.31:344][  0]LogTemp:Display: Loaded TP WindowsTargetPlatform
[2017.04.26-17.55.31:395][  0]LogTemp:Display: Loaded TP AndroidTargetPlatform
[2017.04.26-17.55.31:442][  0]LogTemp:Display: Loaded TP Android_ASTCTargetPlatform
[2017.04.26-17.55.31:490][  0]LogTemp:Display: Loaded TP Android_ATCTargetPlatform
[2017.04.26-17.55.31:537][  0]LogTemp:Display: Loaded TP Android_DXTTargetPlatform
[2017.04.26-17.55.31:586][  0]LogTemp:Display: Loaded TP Android_ETC1TargetPlatform
[2017.04.26-17.55.31:639][  0]LogTemp:Display: Loaded TP Android_ETC2TargetPlatform
[2017.04.26-17.55.31:736][  0]LogTemp:Display: Loaded TP Android_MultiTargetPlatform
[2017.04.26-17.55.31:736][  0]LogTemp:Display: Loaded TP Android_PVRTCTargetPlatform
[2017.04.26-17.55.31:769][  0]LogTemp:Display: Loaded TP HTML5TargetPlatform
[2017.04.26-17.55.31:860][  0]LogTemp:Display: Loaded TP IOSTargetPlatform
[2017.04.26-17.55.31:891][  0]LogTemp:Display: Loaded TP TVOSTargetPlatform
[2017.04.26-17.55.31:939][  0]LogTemp:Display: Loaded TP LinuxClientTargetPlatform
[2017.04.26-17.55.31:987][  0]LogTemp:Display: Loaded TP LinuxNoEditorTargetPlatform
[2017.04.26-17.55.32:040][  0]LogTemp:Display: Loaded TP LinuxServerTargetPlatform
[2017.04.26-17.55.32:098][  0]LogTemp:Display: Loaded TP LinuxTargetPlatform
[2017.04.26-17.55.32:099][  0]LogTargetPlatformManager:Display: Building Assets For Windows
[2017.04.26-17.55.32:556][  0]LogDerivedDataCache:Display: Max Cache Size: 512 MB
[2017.04.26-17.55.32:804][  0]LogDerivedDataCache: Loaded boot cache 0.25s 51MB C:/Users/Dominik/AppData/Local/UnrealEngine/4.15/DerivedDataCache/Boot.ddc.
[2017.04.26-17.55.32:804][  0]LogDerivedDataCache:Display: Loaded Boot cache: C:/Users/Dominik/AppData/Local/UnrealEngine/4.15/DerivedDataCache/Boot.ddc
[2017.04.26-17.55.32:804][  0]LogDerivedDataCache: FDerivedDataBackendGraph:  Pak pak cache file F:/GIT foldery/UnrealExercise/DerivedDataCache/DDC.ddp not found, will not use a pak cache.
[2017.04.26-17.55.32:804][  0]LogDerivedDataCache: Unable to find inner node Pak for hierarchical cache Hierarchy.
[2017.04.26-17.55.32:804][  0]LogDerivedDataCache: FDerivedDataBackendGraph:  CompressedPak pak cache file F:/GIT foldery/UnrealExercise/DerivedDataCache/Compressed.ddp not found, will not use a pak cache.
[2017.04.26-17.55.32:804][  0]LogDerivedDataCache: Unable to find inner node CompressedPak for hierarchical cache Hierarchy.
[2017.04.26-17.55.32:825][  0]LogDerivedDataCache:Display: Pak cache opened for reading ../../../Engine/DerivedDataCache/Compressed.ddp.
[2017.04.26-17.55.32:837][  0]LogDerivedDataCache: Using Local data cache path C:/Users/Dominik/AppData/Local/UnrealEngine/Common/DerivedDataCache: Writable
[2017.04.26-17.55.32:849][  0]LogSlate: Using Freetype 2.6.0
[2017.04.26-17.55.32:861][  0]LogSlate: SlateFontCache - WITH_FREETYPE: 1, WITH_HARFBUZZ: 1
[2017.04.26-17.55.32:861][  0]LogSlate: SlateFontCache - WITH_FREETYPE: 1, WITH_HARFBUZZ: 1
[2017.04.26-17.55.35:002][  0]LogInit: Selected Device Profile: [Windows]
[2017.04.26-17.55.35:005][  0]LogContentStreaming: Texture pool size is 0.00 MB
[2017.04.26-17.55.35:207][  0]LogMeshUtilities: Using QuadricMeshReduction for automatic static mesh reduction
[2017.04.26-17.55.35:247][  0]LogSimplygon: Simplygon DLL not present - disabling.
[2017.04.26-17.55.35:290][  0]LogMeshUtilities: Using SimplygonSwarm for distributed automatic mesh merging
[2017.04.26-17.55.35:290][  0]LogMeshUtilities: No automatic skeletal mesh reduction module available
[2017.04.26-17.55.35:290][  0]LogMeshUtilities: No automatic mesh merging module available
[2017.04.26-17.55.35:999][  0]LogNetVersion: GetLocalNetworkVersion: CL: 3299760, ProjectName: zadanierekrutacyjne, ProjectVersion: , EngineNetworkVersion: 2, GameNetworkVersion: 0, NetworkChecksum: 2856567825
[2017.04.26-17.55.36:045][  0]LogAssetRegistry: FAssetRegistry took 0.0217 seconds to start up
[2017.04.26-17.55.36:098][  0]LogPackageLocalizationCache: Processed 3 localized package path(s) for 1 prioritized culture(s) in 0.033056 seconds
[2017.04.26-17.55.36:105][  0]LogUObjectArray: 32493 objects as part of root set at end of initial load.
[2017.04.26-17.55.36:105][  0]LogUObjectAllocator: 7077024 out of 0 bytes used by permanent object pool.
[2017.04.26-17.55.36:105][  0]LogUObjectArray: CloseDisregardForGC: 0/0 objects in disregard for GC pool
[2017.04.26-17.55.36:167][  0]LogInit: WinSock: version 1.1 (2.2), MaxSocks=32767, MaxUdp=65467
[2017.04.26-17.55.39:156][  0]LogTcpMessaging: Initializing TcpMessaging bridge
[2017.04.26-17.55.39:193][  0]LogUdpMessaging: Initializing bridge on interface 0.0.0.0:0 to multicast group 230.0.0.1:6666.
[2017.04.26-17.55.39:743][  0]LogMaterial: Uniform references updated for custom material expression Custom.
[2017.04.26-17.55.40:108][  0]SourceControl: Info Source control is disabled
[2017.04.26-17.55.40:192][  0]SourceControl: Info Source control is disabled
[2017.04.26-17.55.40:235][  0]SourceControl: Info Source control is disabled
[2017.04.26-17.55.40:275][  0]SourceControl: Info Source control is disabled
[2017.04.26-17.55.41:551][  0]LogEngine: Initializing Engine...
[2017.04.26-17.55.41:552][  0]LogHMD: Failed to initialize OpenVR with code 110
[2017.04.26-17.55.41:781][  0]LogAIModule: Creating AISystem for world Untitled
[2017.04.26-17.55.41:790][  0]LogInit: XAudio2 using 'Głośniki (Realtek High Definition Audio)' : 2 channels at 48 kHz using 32 bits per sample (channel mask 0x3)
[2017.04.26-17.55.41:806][  0]LogInit: FAudioDevice initialized.
[2017.04.26-17.55.41:837][  0]LogDerivedDataCache: Saved boot cache 0.03s 51MB C:/Users/Dominik/AppData/Local/UnrealEngine/4.15/DerivedDataCache/Boot.ddc.
[2017.04.26-17.55.41:844][  0]LogInit: Texture streaming: Enabled
[2017.04.26-17.55.41:928][  0]LogEngineSessionManager: EngineSessionManager initialized
[2017.04.26-17.55.42:015][  0]LogInit: Transaction tracking system initialized
[2017.04.26-17.55.42:317][  0]BlueprintLog: New page: Editor Load
[2017.04.26-17.55.43:115][  0]LocalizationService: Info Localization service is disabled
[2017.04.26-17.55.43:719][  0]LogConsoleResponse:Display: 
[2017.04.26-17.55.43:880][  0]LogCook:Display: Max memory allowance for cook 16384mb min free memory 0mb
[2017.04.26-17.55.43:880][  0]LogCook:Display: Mobile HDR setting 1
[2017.04.26-17.55.44:854][  0]LogFileCache: Scanning file cache for directory 'F:/GIT foldery/UnrealExercise/Content/' took 0.01s
[2017.04.26-17.55.44:854][  0]SourceControl: Info Source control is disabled
[2017.04.26-17.55.44:854][  0]Cmd: MAP LOAD FILE="F:/GIT foldery/UnrealExercise/Content/StarterContent/Maps/Minimal_Default.umap" TEMPLATE=0 SHOWPROGRESS=1 FEATURELEVEL=3
[2017.04.26-17.55.44:856][  0]LightingResults: New page: Lighting Build
[2017.04.26-17.55.44:894][  0]MapCheck: New page: Map Check
[2017.04.26-17.55.44:894][  0]LightingResults: New page: Lighting Build
[2017.04.26-17.55.45:715][  0]LogAIModule: Creating AISystem for world Minimal_Default
[2017.04.26-17.55.45:744][  0]LogEditorServer: Finished looking for orphan Actors (0.000 secs)
[2017.04.26-17.55.45:746][  0]Cmd: MAP CHECKDEP NOCLEARLOG
[2017.04.26-17.55.45:789][  0]MapCheck: Info Map check complete: 0 Error(s), 0 Warning(s), took 43.071ms to complete.
[2017.04.26-17.55.45:789][  0]LogFileHelpers: Loading map 'Minimal_Default' took 0.935
[2017.04.26-17.55.45:877][  0]LogWindowsTextInputMethodSystem:Display: IME system now deactivated.
[2017.04.26-17.55.46:022][  0]LogCollectionManager: Loaded 0 collections in 0.001421 seconds
[2017.04.26-17.55.46:101][  0]LogFileCache: Scanning file cache for directory 'F:/GIT foldery/UnrealExercise/Saved/Collections/' took 0.01s
[2017.04.26-17.55.46:101][  0]LogFileCache: Scanning file cache for directory 'F:/GIT foldery/UnrealExercise/Content/Developers/Dominik/Collections/' took 0.01s
[2017.04.26-17.55.46:101][  0]LogFileCache: Scanning file cache for directory 'F:/GIT foldery/UnrealExercise/Content/Collections/' took 0.01s
[2017.04.26-17.55.46:101][  0]LogCollectionManager: Rebuilt the GUID cache for 0 collections in 0.000002 seconds
[2017.04.26-17.55.46:109][  0]LogContentBrowser: Native class hierarchy populated in 0.0082 seconds. Added 2248 classes and 455 folders.
[2017.04.26-17.55.46:113][  0]LogStats: UGameplayTagsManager::ConstructGameplayTagTree: Construct from data asset -  0.000 s
[2017.04.26-17.55.46:114][  0]LogStats: UGameplayTagsManager::ConstructGameplayTagTree: GameplayTagTreeChangedEvent.Broadcast -  0.000 s
[2017.04.26-17.55.46:166][  0]LogContentBrowser: Native class hierarchy updated for 'WidgetCarousel' in 0.0009 seconds. Added 0 classes and 0 folders.
[2017.04.26-17.55.46:505][  0]LogContentBrowser: Native class hierarchy updated for 'AddContentDialog' in 0.0010 seconds. Added 0 classes and 0 folders.
[2017.04.26-17.55.46:561][  0]LogContentBrowser: Native class hierarchy updated for 'SceneOutliner' in 0.0010 seconds. Added 1 classes and 2 folders.
[2017.04.26-17.55.46:637][  0]LogCrashTracker: Crashtracker disabled due to settings.
[2017.04.26-17.55.47:750][  0]LogSlate: Only BGRA pngs, bmps or icos are supported in by External Image Picker
[2017.04.26-17.55.47:786][  0]LogUObjectGlobals:Warning: Failed to find object 'Class None.'
[2017.04.26-17.55.47:854][  0]LogTemp:Display: Executing iPhonePackager certificates Engine -bundlename com.YourCompany.ZadanieRekrutacyjne

[2017.04.26-17.55.47:854][  0]LogTemp:Display: CWD: C:\Program Files\Epic Games\UE_4.15\Engine\Binaries\DotNET\IOS

[2017.04.26-17.55.47:854][  0]LogTemp:Display: Initial Dir: C:\Program Files\Epic Games\UE_4.15

[2017.04.26-17.55.47:854][  0]LogTemp:Display: Env CWD: C:\Program Files\Epic Games\UE_4.15\Engine\Binaries\DotNET\IOS

[2017.04.26-17.55.47:854][  0]LogTemp:Display: BranchPath = DESKTOP-DOMINIK/C/Program Files/Epic Games/UE_4.15/Engine/Binaries --- GameBranchPath = DESKTOP-DOMINIK/C/Program Files/Epic Games/UE_4.15/Engine/Binaries

[2017.04.26-17.55.47:854][  0]LogTemp:Display: IPP ERROR: Application exception: System.IO.DirectoryNotFoundException: Nie mo?na odnale?? cz??ci ?cie?ki "C:\Users\Dominik\AppData\Local\Apple Computer\MobileDevice\Provisioning Profiles".

[2017.04.26-17.55.47:854][  0]LogTemp:Display:    w System.IO.__Error.WinIOError(Int32 errorCode, String maybeFullPath)

[2017.04.26-17.55.47:854][  0]LogTemp:Display:    w System.IO.FileSystemEnumerableIterator`1.CommonInit()

[2017.04.26-17.55.47:854][  0]LogTemp:Display:    w System.IO.Directory.EnumerateFiles(String path, String searchPattern)

[2017.04.26-17.55.47:854][  0]LogTemp:Display:    w iPhonePackager.CodeSignatureBuilder.FindProvisions(String CFBundleIdentifier)

[2017.04.26-17.55.47:854][  0]LogTemp:Display:    w iPhonePackager.Program.Main(String[] args)

[2017.04.26-17.55.47:854][  0]LogContentBrowser: Native class hierarchy updated for 'HierarchicalLODOutliner' in 0.0010 seconds. Added 1 classes and 2 folders.
[2017.04.26-17.55.47:854][  0]LogLoad: (Engine Initialization) Total time: 24.66 seconds
[2017.04.26-17.55.47:854][  0]LogLoad: (Engine Initialization) Total Blueprint compile time: 0.12 seconds
[2017.04.26-17.55.47:854][  0]LogExternalProfiler: Found external profiler: VSPerf
[2017.04.26-17.55.47:854][  0]LogExternalProfiler: Using external profiler: VSPerf
[2017.04.26-17.55.47:864][  0]LogOcInput: OculusInput pre-init called
[2017.04.26-17.55.47:886][  0]LogContentStreaming: Texture pool size now 1000 MB
[2017.04.26-17.55.47:892][  0]LogSlate: Took 0.004692 seconds to synchronously load lazily loaded font '../../../Engine/Content/Slate/Fonts/Roboto-Regular.ttf' (155K)
[2017.04.26-17.55.47:900][  0]LogSlate: Took 0.004373 seconds to synchronously load lazily loaded font '../../../Engine/Content/Slate/Fonts/Roboto-Bold.ttf' (160K)
[2017.04.26-17.55.47:909][  0]LogSlate: Took 0.004955 seconds to synchronously load lazily loaded font '../../../Engine/Content/Editor/Slate/Fonts/FontAwesome.ttf' (139K)
[2017.04.26-17.55.48:050][  0]LogSlate: Took 0.004911 seconds to synchronously load lazily loaded font '../../../Engine/Content/Slate/Fonts/Roboto-Light.ttf' (159K)
[2017.04.26-17.55.48:088][  0]LogRenderer: Reallocating scene render targets to support 1208x600 NumSamples 1 (Frame:2).
[2017.04.26-17.55.48:192][  1]LogAssetRegistry: Asset discovery search completed in 12.1683 seconds
[2017.04.26-17.55.48:192][  1]LogCollectionManager: Rebuilt the object cache for 0 collections in 0.000005 seconds (found 0 objects)
[2017.04.26-17.55.48:192][  1]LogCollectionManager: Fixed up redirectors for 0 collections in 0.000019 seconds (updated 0 objects)
[2017.04.26-17.56.35:909][100]LogVSAccessor:Warning: Couldn't access Visual Studio
[2017.04.26-17.56.35:923][100]Recompiling ZadanieRekrutacyjne...
[2017.04.26-17.56.35:923][100]Launching UnrealBuildTool... [C:/Program Files/Epic Games/UE_4.15/Engine/Binaries/DotNET/UnrealBuildTool.exe ZadanieRekrutacyjne -ModuleWithSuffix ZadanieRekrutacyjne 8384 Win64 Development -editorrecompile -canskiplink "F:/GIT foldery/UnrealExercise/ZadanieRekrutacyjne.uproject" ]
[2017.04.26-17.56.35:924][100]Warning: Starting HotReload took  0.0s.
[2017.04.26-17.56.45:893][283]LogSlate: Took 0.000131 seconds to synchronously load lazily loaded font '../../../Engine/Content/Slate/Fonts/Roboto-Light.ttf' (159K)
[2017.04.26-17.56.45:962][283]LogSlate: Took 0.006514 seconds to synchronously load lazily loaded font '../../../Engine/Content/Editor/Slate/Fonts/Roboto-BoldCondensed.ttf' (158K)
[2017.04.26-17.58.23:599][867]CompilerResultsLog: New page: Compilation - Apr 26, 2017, 9:58:23 PM
[2017.04.26-17.58.23:599][867]CompilerResultsLog: Info Performing full C++ include scan (hot reloading a new target)
[2017.04.26-17.58.23:599][867]CompilerResultsLog: Info Compiling game modules for hot reload
[2017.04.26-17.58.23:599][867]CompilerResultsLog: Info Parsing headers for ZadanieRekrutacyjneEditor
[2017.04.26-17.58.23:600][867]CompilerResultsLog: Info   Running UnrealHeaderTool "F:\GIT foldery\UnrealExercise\ZadanieRekrutacyjne.uproject" "F:\GIT foldery\UnrealExercise\Intermediate\Build\Win64\ZadanieRekrutacyjneEditor\Development\ZadanieRekrutacyjneEditor.uhtmanifest" -LogCmds="loginit warning, logexit warning, logdatabase error" -Unattended -WarningsAsErrors -installed
[2017.04.26-17.58.23:600][867]CompilerResultsLog: Info Reflection code generated for ZadanieRekrutacyjneEditor in 4,1302948 seconds
[2017.04.26-17.58.23:600][867]CompilerResultsLog: Info Performing 5 actions (4 in parallel)
[2017.04.26-17.58.23:600][867]CompilerResultsLog: Info ZadanieRekrutacyjne.generated.cpp
[2017.04.26-17.58.23:600][867]CompilerResultsLog: Info DamagableActor.cpp
[2017.04.26-17.58.23:600][867]CompilerResultsLog: Info Damagable.cpp
[2017.04.26-17.58.23:600][867]CompilerResultsLog: Info [4/5] Link UE4Editor-ZadanieRekrutacyjne-8384.dll
[2017.04.26-17.58.23:600][867]CompilerResultsLog: Info [5/5] Link UE4Editor-ZadanieRekrutacyjne-8384.lib
[2017.04.26-17.58.23:600][867]CompilerResultsLog: Info    Creating library F:\GIT foldery\UnrealExercise\Intermediate\Build\Win64\UE4Editor\Development\UE4Editor-ZadanieRekrutacyjne-8384.lib and object F:\GIT foldery\UnrealExercise\Intermediate\Build\Win64\UE4Editor\Development\UE4Editor-ZadanieRekrutacyjne-8384.exp
[2017.04.26-17.58.23:600][867]CompilerResultsLog: Info    Creating library F:\GIT foldery\UnrealExercise\Intermediate\Build\Win64\UE4Editor\Development\UE4Editor-ZadanieRekrutacyjne-8384.suppressed.lib and object F:\GIT foldery\UnrealExercise\Intermediate\Build\Win64\UE4Editor\Development\UE4Editor-ZadanieRekrutacyjne-8384.suppressed.exp
[2017.04.26-17.58.23:600][867]CompilerResultsLog: Info Total build time: 107,14 seconds (Local executor: 91,61 seconds)
[2017.04.26-17.58.23:600][867]LogMainFrame: MainFrame: Module compiling took 107.690 seconds
[2017.04.26-17.58.23:668][867]LogClass: Could not find existing class Damagable in package /Script/ZadanieRekrutacyjne for HotReload, assuming new class
[2017.04.26-17.58.23:668][867]LogClass: Function HandleDamage is new.
[2017.04.26-17.58.23:668][867]LogClass: Could not find existing class DamagableActor in package /Script/ZadanieRekrutacyjne for HotReload, assuming new class
[2017.04.26-17.58.23:668][867]LogClass: Function HandleDamage is new.
[2017.04.26-17.58.23:674][867]LogContentBrowser: Native class hierarchy updated for 'ZadanieRekrutacyjne' in 0.0011 seconds. Added 5 classes and 2 folders.
[2017.04.26-17.58.23:676][867]Display: HotReload successful (0 functions remapped  0 scriptstructs remapped)
[2017.04.26-17.58.23:738][867]LogContentBrowser: Native class hierarchy populated in 0.0095 seconds. Added 2252 classes and 459 folders.
[2017.04.26-17.58.23:739][867]Display: HotReload took 107.9s.
[2017.04.26-18.05.11:361][604]Cmd: QUIT_EDITOR
[2017.04.26-18.05.11:427][604]LogWindowsTextInputMethodSystem:Display: IME system now deactivated.
[2017.04.26-18.05.11:454][604]LogExit: Preparing to exit.
[2017.04.26-18.05.12:596][604]LogExit: Editor shut down
[2017.04.26-18.05.12:597][604]LogExit: Transaction tracking system shut down
[2017.04.26-18.05.12:707][604]LogObj: Freed 0b from 0 cluster array pools.
[2017.04.26-18.05.12:708][604]LogExit: Object subsystem successfully closed.
[2017.04.26-18.05.12:732][604]LogD3D11RHI: Shutdown
[2017.04.26-18.05.12:732][604]LogD3D11RHI: CleanupD3DDevice
[2017.04.26-18.05.12:823][604]LogD3D11RHI: ~FD3D11DynamicRHI
[2017.04.26-18.05.12:858][604]LogModuleManager: Shutting down and abandoning module ZadanieRekrutacyjne (503)
[2017.04.26-18.05.12:858][604]LogModuleManager: Shutting down and abandoning module HierarchicalLODOutliner (502)
[2017.04.26-18.05.12:858][604]LogModuleManager: Shutting down and abandoning module ExternalImagePicker (500)
[2017.04.26-18.05.12:858][604]LogModuleManager: Shutting down and abandoning module CrashTracker (498)
[2017.04.26-18.05.12:858][604]LogModuleManager: Shutting down and abandoning module SceneOutliner (496)
[2017.04.26-18.05.12:858][604]LogModuleManager: Shutting down and abandoning module AddContentDialog (494)
[2017.04.26-18.05.12:859][604]LogDirectoryWatcher: A directory notification for 'C:/Program Files/Epic Games/UE_4.15/FeaturePacks/' was aborted.
[2017.04.26-18.05.12:861][604]LogModuleManager: Shutting down and abandoning module WidgetCarousel (493)
[2017.04.26-18.05.12:861][604]LogModuleManager: Shutting down and abandoning module EditorWidgets (490)
[2017.04.26-18.05.12:861][604]LogModuleManager: Shutting down and abandoning module CollectionManager (488)
[2017.04.26-18.05.12:862][604]LogDirectoryWatcher: A directory notification for 'F:/GIT foldery/UnrealExercise/Content/Collections/' was aborted.
[2017.04.26-18.05.12:862][604]LogDirectoryWatcher: A directory notification for 'F:/GIT foldery/UnrealExercise/Content/Developers/Dominik/Collections/' was aborted.
[2017.04.26-18.05.12:862][604]LogDirectoryWatcher: A directory notification for 'F:/GIT foldery/UnrealExercise/Saved/Collections/' was aborted.
[2017.04.26-18.05.12:862][604]LogModuleManager: Shutting down and abandoning module StatsViewer (486)
[2017.04.26-18.05.12:863][604]LogModuleManager: Shutting down and abandoning module FoliageEdit (484)
[2017.04.26-18.05.12:863][604]LogModuleManager: Shutting down and abandoning module LandscapeEditor (482)
[2017.04.26-18.05.12:863][604]LogModuleManager: Shutting down and abandoning module SceneDepthPickerMode (480)
[2017.04.26-18.05.12:863][604]LogModuleManager: Shutting down and abandoning module ActorPickerMode (478)
[2017.04.26-18.05.12:863][604]LogModuleManager: Shutting down and abandoning module GeometryMode (476)
[2017.04.26-18.05.12:863][604]LogModuleManager: Shutting down and abandoning module TextureAlignMode (474)
[2017.04.26-18.05.12:863][604]LogModuleManager: Shutting down and abandoning module BspMode (472)
[2017.04.26-18.05.12:864][604]LogModuleManager: Shutting down and abandoning module HardwareSurvey (470)
[2017.04.26-18.05.12:864][604]LogModuleManager: Shutting down and abandoning module SequenceRecorderSections (468)
[2017.04.26-18.05.12:864][604]LogModuleManager: Shutting down and abandoning module AutomationWorker (466)
[2017.04.26-18.05.12:865][604]LogModuleManager: Shutting down and abandoning module MatineeToLevelSequence (464)
[2017.04.26-18.05.12:865][604]LogModuleManager: Shutting down and abandoning module LevelSequenceEditor (462)
[2017.04.26-18.05.12:867][604]LogModuleManager: Shutting down and abandoning module PlacementMode (461)
[2017.04.26-18.05.12:867][604]LogModuleManager: Shutting down and abandoning module WmfMediaFactory (458)
[2017.04.26-18.05.12:867][604]LogModuleManager: Shutting down and abandoning module WmfMediaEditor (456)
[2017.04.26-18.05.12:867][604]LogModuleManager: Shutting down and abandoning module MfMediaFactory (454)
[2017.04.26-18.05.12:867][604]LogModuleManager: Shutting down and abandoning module MfMediaEditor (452)
[2017.04.26-18.05.12:867][604]LogModuleManager: Shutting down and abandoning module AvfMediaFactory (450)
[2017.04.26-18.05.12:867][604]LogModuleManager: Shutting down and abandoning module AvfMediaEditor (448)
[2017.04.26-18.05.12:867][604]LogModuleManager: Shutting down and abandoning module AndroidMediaFactory (446)
[2017.04.26-18.05.12:867][604]LogModuleManager: Shutting down and abandoning module Media (445)
[2017.04.26-18.05.12:867][604]LogModuleManager: Shutting down and abandoning module AndroidMediaEditor (442)
[2017.04.26-18.05.12:867][604]LogModuleManager: Shutting down and abandoning module CharacterAI (440)
[2017.04.26-18.05.12:867][604]LogModuleManager: Shutting down and abandoning module AudioCapture (438)
[2017.04.26-18.05.12:867][604]LogModuleManager: Shutting down and abandoning module SequenceRecorder (437)
[2017.04.26-18.05.12:869][604]LogModuleManager: Shutting down and abandoning module SmartSnapping (434)
[2017.04.26-18.05.12:869][604]LogModuleManager: Shutting down and abandoning module SessionServices (432)
[2017.04.26-18.05.12:869][604]LogModuleManager: Shutting down and abandoning module ViewportSnapping (430)
[2017.04.26-18.05.12:869][604]LogModuleManager: Shutting down and abandoning module ViewportInteraction (428)
[2017.04.26-18.05.12:869][604]LogModuleManager: Shutting down and abandoning module LogVisualizer (426)
[2017.04.26-18.05.12:870][604]LogModuleManager: Shutting down and abandoning module IntroTutorials (424)
[2017.04.26-18.05.12:870][604]LogModuleManager: Shutting down and abandoning module GameProjectGeneration (423)
[2017.04.26-18.05.12:870][604]LogModuleManager: Shutting down and abandoning module EditorLiveStreaming (420)
[2017.04.26-18.05.12:870][604]LogModuleManager: Shutting down and abandoning module IOSPlatformEditor (418)
[2017.04.26-18.05.12:870][604]LogModuleManager: Shutting down and abandoning module HTML5PlatformEditor (416)
[2017.04.26-18.05.12:870][604]LogModuleManager: Shutting down and abandoning module AndroidPlatformEditor (414)
[2017.04.26-18.05.12:870][604]LogModuleManager: Shutting down and abandoning module AndroidDeviceDetection (413)
[2017.04.26-18.05.13:624][604]LogModuleManager: Shutting down and abandoning module IOSRuntimeSettings (410)
[2017.04.26-18.05.13:624][604]LogModuleManager: Shutting down and abandoning module AndroidRuntimeSettings (408)
[2017.04.26-18.05.13:624][604]LogModuleManager: Shutting down and abandoning module InputBindingEditor (406)
[2017.04.26-18.05.13:624][604]LogModuleManager: Shutting down and abandoning module NiagaraEditor (404)
[2017.04.26-18.05.13:628][604]LogModuleManager: Shutting down and abandoning module MergeActors (402)
[2017.04.26-18.05.13:629][604]LogModuleManager: Shutting down and abandoning module SizeMap (400)
[2017.04.26-18.05.13:629][604]LogModuleManager: Shutting down and abandoning module TreeMap (398)
[2017.04.26-18.05.13:630][604]LogModuleManager: Shutting down and abandoning module ReferenceViewer (396)
[2017.04.26-18.05.13:630][604]LogModuleManager: Shutting down and abandoning module LocalizationDashboard (394)
[2017.04.26-18.05.13:631][604]LogModuleManager: Shutting down and abandoning module LocalizationService (393)
[2017.04.26-18.05.13:632][604]LogModuleManager: Shutting down and abandoning module HardwareTargeting (390)
[2017.04.26-18.05.13:632][604]LogModuleManager: Shutting down and abandoning module DeviceProfileEditor (388)
[2017.04.26-18.05.13:632][604]LogModuleManager: Shutting down and abandoning module UndoHistory (386)
[2017.04.26-18.05.13:632][604]LogModuleManager: Shutting down and abandoning module UserFeedback (384)
[2017.04.26-18.05.13:632][604]LogModuleManager: Shutting down and abandoning module XmlParser (382)
[2017.04.26-18.05.13:633][604]LogModuleManager: Shutting down and abandoning module Blutility (380)
[2017.04.26-18.05.13:633][604]LogModuleManager: Shutting down and abandoning module ProjectSettingsViewer (378)
[2017.04.26-18.05.13:633][604]LogModuleManager: Shutting down and abandoning module ProjectTargetPlatformEditor (377)
[2017.04.26-18.05.13:633][604]LogModuleManager: Shutting down and abandoning module EditorSettingsViewer (374)
[2017.04.26-18.05.13:633][604]LogModuleManager: Shutting down and abandoning module SettingsEditor (372)
[2017.04.26-18.05.13:634][604]LogModuleManager: Shutting down and abandoning module ProjectLauncher (370)
[2017.04.26-18.05.13:635][604]LogModuleManager: Shutting down and abandoning module SessionFrontend (368)
[2017.04.26-18.05.13:636][604]LogModuleManager: Shutting down and abandoning module ProfilerClient (366)
[2017.04.26-18.05.13:637][604]LogModuleManager: Shutting down and abandoning module DeviceManager (364)
[2017.04.26-18.05.13:638][604]LogModuleManager: Shutting down and abandoning module TargetDeviceServices (363)
[2017.04.26-18.05.13:679][604]LogModuleManager: Shutting down and abandoning module AutomationController (360)
[2017.04.26-18.05.13:680][604]LogModuleManager: Shutting down and abandoning module AutomationWindow (358)
[2017.04.26-18.05.13:681][604]LogModuleManager: Shutting down and abandoning module Layers (356)
[2017.04.26-18.05.13:683][604]LogModuleManager: Shutting down and abandoning module ComponentVisualizers (354)
[2017.04.26-18.05.13:683][604]LogModuleManager: Shutting down and abandoning module DetailCustomizations (352)
[2017.04.26-18.05.13:684][604]LogModuleManager: Shutting down and abandoning module PackagesDialog (350)
[2017.04.26-18.05.13:684][604]LogModuleManager: Shutting down and abandoning module Persona (348)
[2017.04.26-18.05.13:686][604]LogModuleManager: Shutting down and abandoning module AnimGraph (347)
[2017.04.26-18.05.13:686][604]LogModuleManager: Shutting down and abandoning module Kismet (344)
[2017.04.26-18.05.13:687][604]LogModuleManager: Shutting down and abandoning module GraphEditor (342)
[2017.04.26-18.05.13:687][604]LogModuleManager: Shutting down and abandoning module ClassViewer (340)
[2017.04.26-18.05.13:689][604]LogModuleManager: Shutting down and abandoning module Toolbox (338)
[2017.04.26-18.05.13:689][604]LogModuleManager: Shutting down and abandoning module ModuleUI (336)
[2017.04.26-18.05.13:690][604]LogModuleManager: Shutting down and abandoning module MovieSceneTools (334)
[2017.04.26-18.05.13:690][604]LogModuleManager: Shutting down and abandoning module OutputLog (332)
[2017.04.26-18.05.13:690][604]LogModuleManager: Shutting down and abandoning module GammaUI (330)
[2017.04.26-18.05.13:691][604]LogModuleManager: Shutting down and abandoning module Documentation (328)
[2017.04.26-18.05.13:691][604]LogModuleManager: Shutting down and abandoning module Niagara (326)
[2017.04.26-18.05.13:691][604]LogModuleManager: Shutting down and abandoning module StreamingPauseRendering (324)
[2017.04.26-18.05.13:691][604]LogModuleManager: Shutting down and abandoning module AnalyticsET (322)
[2017.04.26-18.05.13:691][604]LogModuleManager: Shutting down and abandoning module PortalServices (320)
[2017.04.26-18.05.13:691][604]LogModuleManager: Shutting down and abandoning module PortalRpc (318)
[2017.04.26-18.05.13:691][604]LogModuleManager: Shutting down and abandoning module MessagingRpc (316)
[2017.04.26-18.05.13:691][604]LogModuleManager: Shutting down and abandoning module AIModule (314)
[2017.04.26-18.05.13:691][604]LogModuleManager: Shutting down and abandoning module GameplayDebugger (313)
[2017.04.26-18.05.13:691][604]LogModuleManager: Shutting down and abandoning module AITestSuite (311)
[2017.04.26-18.05.13:691][604]LogModuleManager: Shutting down and abandoning module ProfilerService (308)
[2017.04.26-18.05.13:838][604]LogModuleManager: Shutting down and abandoning module TaskGraph (306)
[2017.04.26-18.05.13:840][604]LogModuleManager: Shutting down and abandoning module SteamVRController (304)
[2017.04.26-18.05.13:840][604]LogModuleManager: Shutting down and abandoning module SteamVR (302)
[2017.04.26-18.05.13:841][604]LogModuleManager: Shutting down and abandoning module ProceduralMeshComponentEditor (300)
[2017.04.26-18.05.13:841][604]LogModuleManager: Shutting down and abandoning module ProceduralMeshComponent (298)
[2017.04.26-18.05.13:841][604]LogModuleManager: Shutting down and abandoning module OculusLibrary (296)
[2017.04.26-18.05.13:841][604]LogModuleManager: Shutting down and abandoning module OculusInput (294)
[2017.04.26-18.05.13:841][604]LogModuleManager: Shutting down and abandoning module MobilePatchingUtils (292)
[2017.04.26-18.05.13:841][604]LogModuleManager: Shutting down and abandoning module CustomMeshComponent (290)
[2017.04.26-18.05.13:841][604]LogModuleManager: Shutting down and abandoning module CableComponent (288)
[2017.04.26-18.05.13:841][604]LogModuleManager: Shutting down and abandoning module ArchVisCharacter (286)
[2017.04.26-18.05.13:841][604]LogModuleManager: Shutting down and abandoning module MediaPlayerEditor (282)
[2017.04.26-18.05.13:844][604]LogModuleManager: Shutting down and abandoning module HTML5Networking (280)
[2017.04.26-18.05.13:844][604]LogModuleManager: Shutting down and abandoning module AlembicImporter (278)
[2017.04.26-18.05.13:845][604]LogModuleManager: Shutting down and abandoning module AlembicLibrary (277)
[2017.04.26-18.05.13:845][604]LogModuleManager: Shutting down and abandoning module GeometryCache (276)
[2017.04.26-18.05.13:845][604]LogModuleManager: Shutting down and abandoning module GeometryCacheEd (275)
[2017.04.26-18.05.13:845][604]LogModuleManager: Shutting down and abandoning module SuperSearchEditor (270)
[2017.04.26-18.05.13:845][604]LogModuleManager: Shutting down and abandoning module SuperSearch (269)
[2017.04.26-18.05.13:845][604]LogModuleManager: Shutting down and abandoning module SpeedTreeImporter (266)
[2017.04.26-18.05.13:845][604]LogModuleManager: Shutting down and abandoning module PluginBrowser (264)
[2017.04.26-18.05.13:848][604]LogModuleManager: Shutting down and abandoning module MobileLauncherProfileWizard (262)
[2017.04.26-18.05.13:849][604]LogModuleManager: Shutting down and abandoning module EpicSurvey (260)
[2017.04.26-18.05.13:849][604]LogModuleManager: Shutting down and abandoning module VisualStudioSourceCodeAccess (258)
[2017.04.26-18.05.13:849][604]LogModuleManager: Shutting down and abandoning module DesktopPlatform (257)
[2017.04.26-18.05.13:850][604]LogModuleManager: Shutting down and abandoning module UObjectPlugin (254)
[2017.04.26-18.05.13:850][604]LogModuleManager: Shutting down and abandoning module SubversionSourceControl (252)
[2017.04.26-18.05.13:850][604]LogModuleManager: Shutting down and abandoning module PerforceSourceControl (250)
[2017.04.26-18.05.13:852][604]LogModuleManager: Shutting down and abandoning module GitSourceControl (248)
[2017.04.26-18.05.13:852][604]LogModuleManager: Shutting down and abandoning module SourceControl (247)
[2017.04.26-18.05.13:852][604]LogModuleManager: Shutting down and abandoning module LightPropagationVolumeEditor (244)
[2017.04.26-18.05.13:852][604]LogModuleManager: Shutting down and abandoning module PaperTiledImporter (242)
[2017.04.26-18.05.13:852][604]LogModuleManager: Shutting down and abandoning module PaperSpriteSheetImporter (240)
[2017.04.26-18.05.13:852][604]LogModuleManager: Shutting down and abandoning module Paper2DEditor (238)
[2017.04.26-18.05.13:853][604]LogModuleManager: Shutting down and abandoning module MeshPaint (237)
[2017.04.26-18.05.13:853][604]LogModuleManager: Shutting down and abandoning module LevelEditor (235)
[2017.04.26-18.05.13:855][604]LogModuleManager: Shutting down and abandoning module PixelInspectorModule (234)
[2017.04.26-18.05.13:856][604]LogModuleManager: Shutting down and abandoning module MainFrame (232)
[2017.04.26-18.05.13:856][604]LogModuleManager: Shutting down and abandoning module HotReload (231)
[2017.04.26-18.05.13:856][604]LogDirectoryWatcher: A directory notification for 'F:/GIT foldery/UnrealExercise/Binaries/Win64' was aborted.
[2017.04.26-18.05.13:857][604]LogModuleManager: Shutting down and abandoning module ContentBrowser (227)
[2017.04.26-18.05.13:858][604]LogModuleManager: Shutting down and abandoning module PhysXVehiclesEditor (222)
[2017.04.26-18.05.13:858][604]LogModuleManager: Shutting down and abandoning module PhysXVehicles (220)
[2017.04.26-18.05.13:858][604]LogModuleManager: Shutting down and abandoning module LocationServicesBPLibrary (218)
[2017.04.26-18.05.13:858][604]LogModuleManager: Shutting down and abandoning module UdpMessaging (216)
[2017.04.26-18.05.13:959][604]LogModuleManager: Shutting down and abandoning module TcpMessaging (214)
[2017.04.26-18.05.14:060][604]LogModuleManager: Shutting down and abandoning module GameplayTagsEditor (212)
[2017.04.26-18.05.14:060][604]LogModuleManager: Shutting down and abandoning module FacialAnimationEditor (210)
[2017.04.26-18.05.14:061][604]LogModuleManager: Shutting down and abandoning module FacialAnimation (208)
[2017.04.26-18.05.14:061][604]LogModuleManager: Shutting down and abandoning module LightPropagationVolumeRuntime (206)
[2017.04.26-18.05.14:061][604]LogModuleManager: Shutting down and abandoning module Paper2D (204)
[2017.04.26-18.05.14:061][604]LogModuleManager: Shutting down and abandoning module WindowsMoviePlayer (202)
[2017.04.26-18.05.14:062][604]LogModuleManager: Shutting down and abandoning module WmfMedia (200)
[2017.04.26-18.05.14:062][604]LogModuleManager: Shutting down and abandoning module MfMedia (198)
[2017.04.26-18.05.14:062][604]LogModuleManager: Shutting down and abandoning module MediaAssets (196)
[2017.04.26-18.05.14:062][604]LogModuleManager: Shutting down and abandoning module GameLiveStreaming (194)
[2017.04.26-18.05.14:063][604]LogModuleManager: Shutting down and abandoning module VREditor (192)
[2017.04.26-18.05.14:063][604]LogModuleManager: Shutting down and abandoning module GameplayTasksEditor (190)
[2017.04.26-18.05.14:063][604]LogModuleManager: Shutting down and abandoning module BehaviorTreeEditor (188)
[2017.04.26-18.05.14:066][604]LogModuleManager: Shutting down and abandoning module FunctionalTesting (186)
[2017.04.26-18.05.14:066][604]LogModuleManager: Shutting down and abandoning module CollisionAnalyzer (184)
[2017.04.26-18.05.14:067][604]LogModuleManager: Shutting down and abandoning module UMG (182)
[2017.04.26-18.05.14:068][604]LogModuleManager: Shutting down and abandoning module UMGEditor (181)
[2017.04.26-18.05.14:070][604]LogModuleManager: Shutting down and abandoning module Sequencer (180)
[2017.04.26-18.05.14:072][604]LogModuleManager: Shutting down and abandoning module AssetTools (178)
[2017.04.26-18.05.14:075][604]LogModuleManager: Shutting down and abandoning module MessageLog (177)
[2017.04.26-18.05.14:075][604]LogModuleManager: Shutting down and abandoning module WorkspaceMenuStructure (176)
[2017.04.26-18.05.14:075][604]LogModuleManager: Shutting down and abandoning module SlateReflector (170)
[2017.04.26-18.05.14:078][604]LogModuleManager: Shutting down and abandoning module Slate (168)
[2017.04.26-18.05.14:078][604]LogModuleManager: Shutting down and abandoning module EditorStyle (166)
[2017.04.26-18.05.14:080][604]LogModuleManager: Shutting down and abandoning module SourceCodeAccess (164)
[2017.04.26-18.05.14:081][604]LogModuleManager: Shutting down and abandoning module HeadMountedDisplay (162)
[2017.04.26-18.05.14:081][604]LogModuleManager: Shutting down and abandoning module XAudio2 (160)
[2017.04.26-18.05.14:081][604]LogModuleManager: Shutting down and abandoning module Networking (158)
[2017.04.26-18.05.14:081][604]LogModuleManager: Shutting down and abandoning module Core (154)
[2017.04.26-18.05.14:081][604]LogModuleManager: Shutting down and abandoning module AssetRegistry (152)
[2017.04.26-18.05.14:236][604]LogDirectoryWatcher: A directory notification for '../../../Engine/Content/' was aborted.
[2017.04.26-18.05.14:236][604]LogDirectoryWatcher: A directory notification for 'F:/GIT foldery/UnrealExercise/Content/' was aborted.
[2017.04.26-18.05.14:236][604]LogDirectoryWatcher: A directory notification for '../../../Engine/Plugins/2D/Paper2D/Content/' was aborted.
[2017.04.26-18.05.14:237][604]LogModuleManager: Shutting down and abandoning module DirectoryWatcher (151)
[2017.04.26-18.05.14:238][604]LogModuleManager: Shutting down and abandoning module KismetCompiler (148)
[2017.04.26-18.05.14:238][604]LogModuleManager: Shutting down and abandoning module PhysXFormats (146)
[2017.04.26-18.05.14:238][604]LogModuleManager: Shutting down and abandoning module MeshUtilities (144)
[2017.04.26-18.05.14:239][604]LogModuleManager: Shutting down and abandoning module SimplygonSwarm (143)
[2017.04.26-18.05.14:239][604]LogModuleManager: Shutting down and abandoning module SimplygonMeshReduction (141)
[2017.04.26-18.05.14:239][604]LogModuleManager: Shutting down and abandoning module QuadricMeshReduction (139)
[2017.04.26-18.05.14:240][604]LogModuleManager: Shutting down and abandoning module PropertyEditor (137)
[2017.04.26-18.05.14:240][604]LogModuleManager: Shutting down and abandoning module DerivedDataCache (134)
[2017.04.26-18.05.14:250][604]LogDerivedDataCache: Shutdown
[2017.04.26-18.05.14:250][604]LogModuleManager: Shutting down and abandoning module TargetPlatform (132)
[2017.04.26-18.05.14:250][604]LogModuleManager: Shutting down and abandoning module VulkanShaderFormat (131)
[2017.04.26-18.05.14:250][604]LogModuleManager: Shutting down and abandoning module ShaderFormatOpenGL (129)
[2017.04.26-18.05.14:252][604]LogModuleManager: Shutting down and abandoning module ShaderFormatD3D (127)
[2017.04.26-18.05.14:252][604]LogModuleManager: Shutting down and abandoning module MetalShaderFormat (125)
[2017.04.26-18.05.14:252][604]LogModuleManager: Shutting down and abandoning module TextureFormatUncompressed (123)
[2017.04.26-18.05.14:252][604]LogModuleManager: Shutting down and abandoning module TextureFormatPVR (121)
[2017.04.26-18.05.14:253][604]LogModuleManager: Shutting down and abandoning module TextureFormatDXT (119)
[2017.04.26-18.05.14:253][604]LogModuleManager: Shutting down and abandoning module TextureFormatIntelISPCTexComp (117)
[2017.04.26-18.05.14:254][604]LogModuleManager: Shutting down and abandoning module TextureFormatASTC (115)
[2017.04.26-18.05.14:254][604]LogModuleManager: Shutting down and abandoning module ImageWrapper (114)
[2017.04.26-18.05.14:254][604]LogModuleManager: Shutting down and abandoning module TextureFormatAndroid (111)
[2017.04.26-18.05.14:254][604]LogModuleManager: Shutting down and abandoning module AudioFormatOpus (109)
[2017.04.26-18.05.14:254][604]LogModuleManager: Shutting down and abandoning module AudioFormatOgg (107)
[2017.04.26-18.05.14:254][604]LogModuleManager: Shutting down and abandoning module AudioFormatADPCM (105)
[2017.04.26-18.05.14:254][604]LogModuleManager: Shutting down and abandoning module LinuxTargetPlatform (103)
[2017.04.26-18.05.14:255][604]LogModuleManager: Shutting down and abandoning module LinuxServerTargetPlatform (101)
[2017.04.26-18.05.14:255][604]LogModuleManager: Shutting down and abandoning module LinuxNoEditorTargetPlatform (99)
[2017.04.26-18.05.14:255][604]LogModuleManager: Shutting down and abandoning module LinuxClientTargetPlatform (97)
[2017.04.26-18.05.14:255][604]LogModuleManager: Shutting down and abandoning module TVOSTargetPlatform (95)
[2017.04.26-18.05.14:255][604]LogModuleManager: Shutting down and abandoning module Messaging (93)
[2017.04.26-18.05.14:255][604]LogModuleManager: Shutting down and abandoning module IOSTargetPlatform (91)
[2017.04.26-18.05.14:255][604]LogModuleManager: Shutting down and abandoning module HTML5TargetPlatform (89)
[2017.04.26-18.05.14:255][604]LogModuleManager: Shutting down and abandoning module Android_PVRTCTargetPlatform (87)
[2017.04.26-18.05.14:255][604]LogModuleManager: Shutting down and abandoning module Android_MultiTargetPlatform (85)
[2017.04.26-18.05.14:255][604]LogModuleManager: Shutting down and abandoning module Android_ETC2TargetPlatform (83)
[2017.04.26-18.05.14:255][604]LogModuleManager: Shutting down and abandoning module Android_ETC1TargetPlatform (81)
[2017.04.26-18.05.14:255][604]LogModuleManager: Shutting down and abandoning module Android_DXTTargetPlatform (79)
[2017.04.26-18.05.14:255][604]LogModuleManager: Shutting down and abandoning module Android_ATCTargetPlatform (77)
[2017.04.26-18.05.14:255][604]LogModuleManager: Shutting down and abandoning module Android_ASTCTargetPlatform (75)
[2017.04.26-18.05.14:255][604]LogModuleManager: Shutting down and abandoning module AndroidTargetPlatform (73)
[2017.04.26-18.05.14:255][604]LogModuleManager: Shutting down and abandoning module WindowsTargetPlatform (71)
[2017.04.26-18.05.14:255][604]LogModuleManager: Shutting down and abandoning module WindowsServerTargetPlatform (69)
[2017.04.26-18.05.14:255][604]LogModuleManager: Shutting down and abandoning module WindowsNoEditorTargetPlatform (67)
[2017.04.26-18.05.14:255][604]LogModuleManager: Shutting down and abandoning module WindowsClientTargetPlatform (65)
[2017.04.26-18.05.14:255][604]LogModuleManager: Shutting down and abandoning module MacTargetPlatform (63)
[2017.04.26-18.05.14:255][604]LogModuleManager: Shutting down and abandoning module MacServerTargetPlatform (61)
[2017.04.26-18.05.14:255][604]LogModuleManager: Shutting down and abandoning module MacNoEditorTargetPlatform (59)
[2017.04.26-18.05.14:255][604]LogModuleManager: Shutting down and abandoning module MacClientTargetPlatform (57)
[2017.04.26-18.05.14:255][604]LogModuleManager: Shutting down and abandoning module AllDesktopTargetPlatform (55)
[2017.04.26-18.05.14:255][604]LogModuleManager: Shutting down and abandoning module InputCore (52)
[2017.04.26-18.05.14:255][604]LogModuleManager: Shutting down and abandoning module Settings (50)
[2017.04.26-18.05.14:255][604]LogModuleManager: Shutting down and abandoning module OculusRift (48)
[2017.04.26-18.05.14:255][604]LogModuleManager: Shutting down and abandoning module GearVR (46)
[2017.04.26-18.05.14:255][604]LogModuleManager: Shutting down and abandoning module ExampleDeviceProfileSelector (44)
[2017.04.26-18.05.14:255][604]LogModuleManager: Shutting down and abandoning module OnlineBlueprintSupport (42)
[2017.04.26-18.05.14:255][604]LogModuleManager: Shutting down and abandoning module OnlineSubsystem (38)
[2017.04.26-18.05.14:255][604]LogOnline:Display: Unloading online subsystem: NULL
[2017.04.26-18.05.14:256][604]LogModuleManager: Shutting down and abandoning module XMPP (37)
[2017.04.26-18.05.14:258][604]LogModuleManager: Shutting down and abandoning module HTTP (35)
[2017.04.26-18.05.14:258][604]LogHttp:Display: Http module shutting down, but needs to wait on 1 outstanding Http requests:
[2017.04.26-18.05.14:258][604]LogHttp:Display: 	verb=[POST] url=[https://datarouter.ol.epicgames.com/datarouter/api/v1/public/data?SessionID=%7B6AA43211-4B32-C7C9-7664-0ABD4FBA0154%7D&AppID=UEEditor.Rocket.Release&AppVersion=4.15.1-3348071%2B%2B%2BUE4%2BRelease-4.15&UserID=88cf5ebc438552fd6bdcfcb334410219%7C11b38cc02fec44cca9e45dfbd313f00c%7Cffca9d06-1779-4303-9b82-e60315684eac&AppEnvironment=datacollector-binary&UploadType=eteventstream] status=Processing
[2017.04.26-18.05.14:278][604]LogModuleManager: Shutting down and abandoning module SSL (34)
[2017.04.26-18.05.14:280][604]LogModuleManager: Shutting down and abandoning module AudioEditor (30)
[2017.04.26-18.05.14:280][604]LogModuleManager: Shutting down and abandoning module TextureCompressor (28)
[2017.04.26-18.05.14:281][604]LogModuleManager: Shutting down and abandoning module ShaderCore (26)
[2017.04.26-18.05.14:281][604]LogModuleManager: Shutting down and abandoning module Landscape (24)
[2017.04.26-18.05.14:281][604]LogModuleManager: Shutting down and abandoning module SlateRHIRenderer (22)
[2017.04.26-18.05.14:284][604]LogModuleManager: Shutting down and abandoning module OpenGLDrv (20)
[2017.04.26-18.05.14:284][604]LogModuleManager: Shutting down and abandoning module D3D11RHI (18)
[2017.04.26-18.05.14:284][604]LogModuleManager: Shutting down and abandoning module AnimGraphRuntime (16)
[2017.04.26-18.05.14:285][604]LogModuleManager: Shutting down and abandoning module Renderer (14)
[2017.04.26-18.05.14:285][604]LogModuleManager: Shutting down and abandoning module Engine (12)
[2017.04.26-18.05.14:285][604]LogModuleManager: Shutting down and abandoning module CoreUObject (10)
[2017.04.26-18.05.14:285][604]LogModuleManager: Shutting down and abandoning module NetworkFile (8)
[2017.04.26-18.05.14:286][604]LogModuleManager: Shutting down and abandoning module StreamingFile (6)
[2017.04.26-18.05.14:286][604]LogModuleManager: Shutting down and abandoning module SandboxFile (4)
[2017.04.26-18.05.14:286][604]LogModuleManager: Shutting down and abandoning module PakFile (2)
[2017.04.26-18.05.14:289][604]LogExit: Exiting.
[2017.04.26-18.05.14:292][604]Log file closed, 04/26/17 20:05:14
