Log file open, 04/24/17 19:34:24
LogInit:Display: Running engine for game: ZadanieRekrutacyjne
LogPlatformFile: Not using cached read wrapper
LogInit:Display: RandInit(739036471) SRandInit(739036471).
LogTaskGraph: Started task graph with 5 named threads and 8 total threads with 1 sets of task threads.
LogStats: Stats thread started at 0.079568
LogInit: Using libcurl 7.47.1
LogInit:  - built for x86_64-pc-win32
LogInit:  - supports SSL with OpenSSL/1.0.2g
LogInit:  - supports HTTP deflate (compression) using libz 1.2.8
LogInit:  - other features:
LogInit:      CURL_VERSION_SSL
LogInit:      CURL_VERSION_LIBZ
LogInit:      CURL_VERSION_IPV6
LogInit:      CURL_VERSION_ASYNCHDNS
LogInit:      CURL_VERSION_LARGEFILE
LogInit:      CURL_VERSION_IDN
LogInit:  CurlRequestOptions (configurable via config and command line):
LogInit:  - bVerifyPeer = false  - Libcurl will NOT verify peer certificate
LogInit:  - bUseHttpProxy = false  - Libcurl will NOT use HTTP proxy
LogInit:  - bDontReuseConnections = false  - Libcurl will reuse connections
LogInit:  - CertBundlePath = nullptr  - Libcurl will use whatever was configured at build time.
LogInit: Build: ++UE4+Release-4.15-CL-3348071
LogInit: Engine Version: 4.15.1-3348071+++UE4+Release-4.15
LogInit: Compatible Engine Version: 4.15.0-3299760+++UE4+Release-4.15
LogInit: Net CL: 3299760
LogDevObjectVersion: Number of dev versions registered: 14
LogDevObjectVersion:   Dev-Blueprints (B0D832E4-1F89-4F0D-ACCF-7EB736FD4AA2): 8
LogDevObjectVersion:   Dev-Build (E1C64328-A22C-4D53-A36C-8E866417BD8C): 0
LogDevObjectVersion:   Dev-Core (375EC13C-06E4-48FB-B500-84F0262A717E): 2
LogDevObjectVersion:   Dev-Editor (E4B068ED-F494-42E9-A231-DA0B2E46BB41): 14
LogDevObjectVersion:   Dev-Framework (CFFC743F-43B0-4480-9391-14DF171D2073): 22
LogDevObjectVersion:   Dev-Mobile (B02B49B5-BB20-44E9-A304-32B752E40360): 0
LogDevObjectVersion:   Dev-Networking (A4E4105C-59A1-49B5-A7C5-40C4547EDFEE): 0
LogDevObjectVersion:   Dev-Online (39C831C9-5AE6-47DC-9A44-9C173E1C8E7C): 0
LogDevObjectVersion:   Dev-Physics (78F01B33-EBEA-4F98-B9B4-84EACCB95AA2): 0
LogDevObjectVersion:   Dev-Platform (6631380F-2D4D-43E0-8009-CF276956A95A): 0
LogDevObjectVersion:   Dev-Rendering (12F88B9F-8875-4AFC-A67C-D90C383ABD29): 12
LogDevObjectVersion:   Dev-Sequencer (7B5AE74C-D270-4C10-A958-57980B212A5A): 3
LogDevObjectVersion:   Dev-VR (D7296918-1DD6-4BDD-9DE2-64A83CC13884): 0
LogDevObjectVersion:   Dev-LoadTimes (C2A15278-BFE7-4AFE-6C17-90FF531DF755): 1
LogInit: Compiled (64-bit): Mar 15 2017 16:52:47
LogInit: Compiled with Visual C++: 19.00.23026.00
LogInit: Build Configuration: Development
LogInit: Branch Name: ++UE4+Release-4.15
LogInit: Command line:  
LogInit: Base directory: C:/Program Files/Epic Games/UE_4.15/Engine/Binaries/Win64/
LogInit: Installed Engine Build: 1
LogInit: Presizing for max 8388607 objects, including 0 objects not considered by GC, pre-allocating 0 bytes for permanent pool.
LogInit: Object subsystem initialized
[2017.04.24-17.34.25:469][  0]LogInit: Selected Device Profile: [Windows]
[2017.04.24-17.34.25:469][  0]LogInit: Applying CVar settings loaded from the selected device profile: [Windows]
[2017.04.24-17.34.25:505][  0]LogInit: Computer: DESKTOP-DOMINIK
[2017.04.24-17.34.25:505][  0]LogInit: User: Dominik
[2017.04.24-17.34.25:505][  0]LogInit: CPU Page size=65536, Cores=4
[2017.04.24-17.34.25:505][  0]LogInit: High frequency timer resolution =3.117191 MHz
[2017.04.24-17.34.25:506][  0]LogMemory: Memory total: Physical=8.0GB (8GB approx)
[2017.04.24-17.34.25:506][  0]LogMemory: Platform Memory Stats for Windows
[2017.04.24-17.34.25:506][  0]LogMemory: Process Physical Memory: 263.48 MB used, 263.48 MB peak
[2017.04.24-17.34.25:506][  0]LogMemory: Process Virtual Memory: 262.45 MB used, 262.45 MB peak
[2017.04.24-17.34.25:506][  0]LogMemory: Physical Memory: 6627.94 MB used,  1527.15 MB free, 8155.09 MB total
[2017.04.24-17.34.25:506][  0]LogMemory: Virtual Memory: 644.39 MB used,  1527.15 MB free, 134217728.00 MB total
[2017.04.24-17.34.25:722][  0]LogTextLocalizationManager: No translations for ('pl-PL') exist, falling back to 'en' for localization and internationalization data.
[2017.04.24-17.34.28:179][  0]LogD3D11RHI: D3D11 adapters:
[2017.04.24-17.34.28:214][  0]LogD3D11RHI:    0. 'NVIDIA GeForce GTX 1060 6GB' (Feature Level 11_0)
[2017.04.24-17.34.28:214][  0]LogD3D11RHI:       6084/0/4077 MB DedicatedVideo/DedicatedSystem/SharedSystem, Outputs:2, VendorId:0x10de
[2017.04.24-17.34.28:215][  0]LogD3D11RHI:    1. 'Microsoft Basic Render Driver' (Feature Level 11_0)
[2017.04.24-17.34.28:215][  0]LogD3D11RHI:       0/0/4077 MB DedicatedVideo/DedicatedSystem/SharedSystem, Outputs:0, VendorId:0x1414
[2017.04.24-17.34.28:215][  0]LogD3D11RHI: Chosen D3D11 Adapter: 0
[2017.04.24-17.34.28:221][  0]LogD3D11RHI: Creating new Direct3DDevice
[2017.04.24-17.34.28:221][  0]LogD3D11RHI:     GPU DeviceId: 0x1c03 (for the marketing name, search the web for "GPU Device Id")
[2017.04.24-17.34.28:221][  0]LogWindows: EnumDisplayDevices:
[2017.04.24-17.34.28:221][  0]LogWindows:    0. 'NVIDIA GeForce GTX 1060 6GB' (P:0 D:1)
[2017.04.24-17.34.28:221][  0]LogWindows:    1. 'NVIDIA GeForce GTX 1060 6GB' (P:1 D:1)
[2017.04.24-17.34.28:221][  0]LogWindows:    2. 'NVIDIA GeForce GTX 1060 6GB' (P:0 D:0)
[2017.04.24-17.34.28:221][  0]LogWindows:    3. 'NVIDIA GeForce GTX 1060 6GB' (P:0 D:0)
[2017.04.24-17.34.28:221][  0]LogWindows: DebugString: FoundDriverCount:4 
[2017.04.24-17.34.28:221][  0]LogD3D11RHI:     Adapter Name: NVIDIA GeForce GTX 1060 6GB
[2017.04.24-17.34.28:222][  0]LogD3D11RHI:   Driver Version: 381.65 (internal:22.21.13.8165, unified:381.65)
[2017.04.24-17.34.28:222][  0]LogD3D11RHI:      Driver Date: 3-31-2017
[2017.04.24-17.34.28:222][  0]LogRHI: Texture pool is 1361 MB (70% of 1945 MB)
[2017.04.24-17.34.28:245][  0]LogD3D11RHI: Async texture creation enabled
[2017.04.24-17.34.28:261][  0]LogD3D11RHI: GPU Timing Frequency: 1000.000000 (Debug: 2 1)
[2017.04.24-17.34.28:360][  0]LogShaderCompilers: Guid format shader working directory is 16 characters bigger than the processId version (F:/TheFarm51/ZadanieRekrutacyjne/Intermediate/Shaders/WorkingDirectory/9756/).
[2017.04.24-17.34.28:361][  0]LogShaderCompilers: Cleaned the shader compiler working directory 'C:/Users/Dominik/AppData/Local/Temp/UnrealShaderWorkingDir/7CFE32CE459EFFF51F7F53A762ED5CB5/'.
[2017.04.24-17.34.28:361][  0]LogShaderCompilers:Display: Using Local Shader Compiler.
[2017.04.24-17.34.30:175][  0]LogTemp:Display: Loaded TP AllDesktopTargetPlatform
[2017.04.24-17.34.30:226][  0]LogTemp:Display: Loaded TP MacClientTargetPlatform
[2017.04.24-17.34.30:276][  0]LogTemp:Display: Loaded TP MacNoEditorTargetPlatform
[2017.04.24-17.34.30:324][  0]LogTemp:Display: Loaded TP MacServerTargetPlatform
[2017.04.24-17.34.30:375][  0]LogTemp:Display: Loaded TP MacTargetPlatform
[2017.04.24-17.34.30:424][  0]LogTemp:Display: Loaded TP WindowsClientTargetPlatform
[2017.04.24-17.34.30:472][  0]LogTemp:Display: Loaded TP WindowsNoEditorTargetPlatform
[2017.04.24-17.34.30:521][  0]LogTemp:Display: Loaded TP WindowsServerTargetPlatform
[2017.04.24-17.34.30:561][  0]LogTemp:Display: Loaded TP WindowsTargetPlatform
[2017.04.24-17.34.30:612][  0]LogTemp:Display: Loaded TP AndroidTargetPlatform
[2017.04.24-17.34.30:660][  0]LogTemp:Display: Loaded TP Android_ASTCTargetPlatform
[2017.04.24-17.34.30:707][  0]LogTemp:Display: Loaded TP Android_ATCTargetPlatform
[2017.04.24-17.34.30:755][  0]LogTemp:Display: Loaded TP Android_DXTTargetPlatform
[2017.04.24-17.34.30:804][  0]LogTemp:Display: Loaded TP Android_ETC1TargetPlatform
[2017.04.24-17.34.30:853][  0]LogTemp:Display: Loaded TP Android_ETC2TargetPlatform
[2017.04.24-17.34.30:951][  0]LogTemp:Display: Loaded TP Android_MultiTargetPlatform
[2017.04.24-17.34.30:951][  0]LogTemp:Display: Loaded TP Android_PVRTCTargetPlatform
[2017.04.24-17.34.30:986][  0]LogTemp:Display: Loaded TP HTML5TargetPlatform
[2017.04.24-17.34.31:080][  0]LogTemp:Display: Loaded TP IOSTargetPlatform
[2017.04.24-17.34.31:112][  0]LogTemp:Display: Loaded TP TVOSTargetPlatform
[2017.04.24-17.34.31:159][  0]LogTemp:Display: Loaded TP LinuxClientTargetPlatform
[2017.04.24-17.34.31:207][  0]LogTemp:Display: Loaded TP LinuxNoEditorTargetPlatform
[2017.04.24-17.34.31:255][  0]LogTemp:Display: Loaded TP LinuxServerTargetPlatform
[2017.04.24-17.34.31:307][  0]LogTemp:Display: Loaded TP LinuxTargetPlatform
[2017.04.24-17.34.31:307][  0]LogTargetPlatformManager:Display: Building Assets For Windows
[2017.04.24-17.34.31:720][  0]LogDerivedDataCache:Display: Max Cache Size: 512 MB
[2017.04.24-17.34.31:943][  0]LogDerivedDataCache: Loaded boot cache 0.22s 50MB C:/Users/Dominik/AppData/Local/UnrealEngine/4.15/DerivedDataCache/Boot.ddc.
[2017.04.24-17.34.31:943][  0]LogDerivedDataCache:Display: Loaded Boot cache: C:/Users/Dominik/AppData/Local/UnrealEngine/4.15/DerivedDataCache/Boot.ddc
[2017.04.24-17.34.31:943][  0]LogDerivedDataCache: FDerivedDataBackendGraph:  Pak pak cache file F:/TheFarm51/ZadanieRekrutacyjne/DerivedDataCache/DDC.ddp not found, will not use a pak cache.
[2017.04.24-17.34.31:943][  0]LogDerivedDataCache: Unable to find inner node Pak for hierarchical cache Hierarchy.
[2017.04.24-17.34.31:943][  0]LogDerivedDataCache: FDerivedDataBackendGraph:  CompressedPak pak cache file F:/TheFarm51/ZadanieRekrutacyjne/DerivedDataCache/Compressed.ddp not found, will not use a pak cache.
[2017.04.24-17.34.31:943][  0]LogDerivedDataCache: Unable to find inner node CompressedPak for hierarchical cache Hierarchy.
[2017.04.24-17.34.31:963][  0]LogDerivedDataCache:Display: Pak cache opened for reading ../../../Engine/DerivedDataCache/Compressed.ddp.
[2017.04.24-17.34.31:975][  0]LogDerivedDataCache: Using Local data cache path C:/Users/Dominik/AppData/Local/UnrealEngine/Common/DerivedDataCache: Writable
[2017.04.24-17.34.31:990][  0]LogSlate: Using Freetype 2.6.0
[2017.04.24-17.34.32:002][  0]LogSlate: SlateFontCache - WITH_FREETYPE: 1, WITH_HARFBUZZ: 1
[2017.04.24-17.34.32:002][  0]LogSlate: SlateFontCache - WITH_FREETYPE: 1, WITH_HARFBUZZ: 1
[2017.04.24-17.34.33:978][  0]LogInit: Selected Device Profile: [Windows]
[2017.04.24-17.34.33:983][  0]LogContentStreaming: Texture pool size is 0.00 MB
[2017.04.24-17.34.34:214][  0]LogMeshUtilities: Using QuadricMeshReduction for automatic static mesh reduction
[2017.04.24-17.34.34:258][  0]LogSimplygon: Simplygon DLL not present - disabling.
[2017.04.24-17.34.34:306][  0]LogMeshUtilities: Using SimplygonSwarm for distributed automatic mesh merging
[2017.04.24-17.34.34:306][  0]LogMeshUtilities: No automatic skeletal mesh reduction module available
[2017.04.24-17.34.34:306][  0]LogMeshUtilities: No automatic mesh merging module available
[2017.04.24-17.34.34:980][  0]LogNetVersion: GetLocalNetworkVersion: CL: 3299760, ProjectName: zadanierekrutacyjne, ProjectVersion: , EngineNetworkVersion: 2, GameNetworkVersion: 0, NetworkChecksum: 2856567825
[2017.04.24-17.34.35:028][  0]LogAssetRegistry: FAssetRegistry took 0.0211 seconds to start up
[2017.04.24-17.34.35:070][  0]LogPackageLocalizationCache: Processed 3 localized package path(s) for 1 prioritized culture(s) in 0.018519 seconds
[2017.04.24-17.34.35:076][  0]LogUObjectArray: 32493 objects as part of root set at end of initial load.
[2017.04.24-17.34.35:076][  0]LogUObjectAllocator: 7077024 out of 0 bytes used by permanent object pool.
[2017.04.24-17.34.35:076][  0]LogUObjectArray: CloseDisregardForGC: 0/0 objects in disregard for GC pool
[2017.04.24-17.34.35:143][  0]LogInit: WinSock: version 1.1 (2.2), MaxSocks=32767, MaxUdp=65467
[2017.04.24-17.34.38:379][  0]LogTcpMessaging: Initializing TcpMessaging bridge
[2017.04.24-17.34.38:416][  0]LogUdpMessaging: Initializing bridge on interface 0.0.0.0:0 to multicast group 230.0.0.1:6666.
[2017.04.24-17.34.39:060][  0]LogWindows:Error: === Critical error: ===
[2017.04.24-17.34.39:060][  0]LogWindows:Error: 
[2017.04.24-17.34.39:060][  0]LogWindows:Error: Fatal error!
[2017.04.24-17.34.39:060][  0]LogWindows:Error: 
[2017.04.24-17.34.39:060][  0]LogWindows:Error: Unhandled Exception: EXCEPTION_ACCESS_VIOLATION reading address 0x00000794
[2017.04.24-17.34.39:060][  0]LogWindows:Error: 
[2017.04.24-17.34.39:060][  0]LogWindows:Error: UE4Editor-Engine.dll!0x000000001A8E9374
[2017.04.24-17.34.39:060][  0]LogWindows:Error: UE4Editor-ZadanieRekrutacyjne-4001.dll!ALamp::ALamp() [f:\thefarm51\zadanierekrutacyjne\source\zadanierekrutacyjne\lamp.cpp:28]
[2017.04.24-17.34.39:060][  0]LogWindows:Error: UE4Editor-ZadanieRekrutacyjne-4001.dll!InternalConstructor<ALamp>()
[2017.04.24-17.34.39:060][  0]LogWindows:Error: UE4Editor-CoreUObject.dll!0x00000000286C200F
[2017.04.24-17.34.39:060][  0]LogWindows:Error: UE4Editor-CoreUObject.dll!0x0000000028859F60
[2017.04.24-17.34.39:060][  0]LogWindows:Error: UE4Editor-CoreUObject.dll!0x000000002883C160
[2017.04.24-17.34.39:060][  0]LogWindows:Error: UE4Editor-CoreUObject.dll!0x00000000286C5637
[2017.04.24-17.34.39:060][  0]LogWindows:Error: UE4Editor-Core.dll!0x000000001F3C7173
[2017.04.24-17.34.39:060][  0]LogWindows:Error: UE4Editor-Core.dll!0x000000001F58C70A
[2017.04.24-17.34.39:060][  0]LogWindows:Error: UE4Editor-Projects.dll!0x000000003FBEB4F2
[2017.04.24-17.34.39:060][  0]LogWindows:Error: UE4Editor-Projects.dll!0x000000003FBEB838
[2017.04.24-17.34.39:060][  0]LogWindows:Error: UE4Editor.exe!0x00000000FC5A2951
[2017.04.24-17.34.39:060][  0]LogWindows:Error: UE4Editor.exe!0x00000000FC5A6A02
[2017.04.24-17.34.39:060][  0]LogWindows:Error: UE4Editor.exe!0x00000000FC59E96A
[2017.04.24-17.34.39:060][  0]LogWindows:Error: UE4Editor.exe!0x00000000FC59EBBA
[2017.04.24-17.34.39:060][  0]LogWindows:Error: UE4Editor.exe!0x00000000FC5B0A29
[2017.04.24-17.34.39:060][  0]LogWindows:Error: UE4Editor.exe!0x00000000FC5B22B6
[2017.04.24-17.34.39:060][  0]LogWindows:Error: KERNEL32.DLL!0x00000000554E8364
[2017.04.24-17.34.39:060][  0]LogWindows:Error: ntdll.dll!0x00000000561470D1
[2017.04.24-17.34.39:060][  0]LogWindows:Error: ntdll.dll!0x00000000561470D1
[2017.04.24-17.34.39:060][  0]LogWindows:Error: 
[2017.04.24-17.34.39:082][  0]LogExit: Executing StaticShutdownAfterError
[2017.04.24-17.34.39:085][  0]LogWindows: FPlatformMisc::RequestExit(1)
[2017.04.24-17.34.39:086][  0]Log file closed, 04/24/17 19:34:39
